No.0 training in progress 
Train loss: 1.2918, acc: 0.5010 | Valid loss: 0.6969, acc: 0.4697, auc:0.4988 | Test loss: 0.6939, acc: 0.5055, auc:0.4768 
Train loss: 0.9546, acc: 0.5036 | Valid loss: 0.6928, acc: 0.5303, auc:0.5124 | Test loss: 0.7010, acc: 0.4945, auc:0.5098 
Train loss: 0.8923, acc: 0.5041 | Valid loss: 0.6936, acc: 0.4697, auc:0.4944 | Test loss: 0.6932, acc: 0.5062, auc:0.4879 
Train loss: 0.8557, acc: 0.5049 | Valid loss: 0.6913, acc: 0.5303, auc:0.5025 | Test loss: 0.6962, acc: 0.4945, auc:0.4997 
Train loss: 0.8301, acc: 0.5031 | Valid loss: 0.6925, acc: 0.5303, auc:0.5019 | Test loss: 0.6933, acc: 0.4945, auc:0.5008 
Train loss: 0.8137, acc: 0.5010 | Valid loss: 0.6920, acc: 0.5303, auc:0.4982 | Test loss: 0.6937, acc: 0.4945, auc:0.4792 
Train loss: 0.8014, acc: 0.5084 | Valid loss: 0.6914, acc: 0.5303, auc:0.4984 | Test loss: 0.6945, acc: 0.4945, auc:0.5050 
Train loss: 0.7909, acc: 0.4959 | Valid loss: 0.6942, acc: 0.4726, auc:0.5056 | Test loss: 0.6933, acc: 0.5077, auc:0.4868 
Train loss: 0.7819, acc: 0.5026 | Valid loss: 0.6927, acc: 0.5303, auc:0.5057 | Test loss: 0.7008, acc: 0.4945, auc:0.5186 
Train loss: 0.7740, acc: 0.5000 | Valid loss: 0.6915, acc: 0.5303, auc:0.5167 | Test loss: 0.6942, acc: 0.4945, auc:0.4931 
Train loss: 0.7667, acc: 0.4978 | Valid loss: 0.6914, acc: 0.5303, auc:0.5015 | Test loss: 0.6945, acc: 0.4945, auc:0.5177 
Train loss: 0.7612, acc: 0.5062 | Valid loss: 0.6916, acc: 0.5303, auc:0.5029 | Test loss: 0.6941, acc: 0.4945, auc:0.5003 
Train loss: 0.7564, acc: 0.5030 | Valid loss: 0.6924, acc: 0.5303, auc:0.4975 | Test loss: 0.6935, acc: 0.4945, auc:0.4942 
Train loss: 0.7520, acc: 0.5067 | Valid loss: 0.6928, acc: 0.5303, auc:0.5000 | Test loss: 0.6933, acc: 0.4945, auc:0.5000 
Train loss: 0.7488, acc: 0.5017 | Valid loss: 0.6939, acc: 0.4697, auc:0.5008 | Test loss: 0.6931, acc: 0.5055, auc:0.5000 
Train loss: 0.7449, acc: 0.5057 | Valid loss: 0.6920, acc: 0.5303, auc:0.4943 | Test loss: 0.6936, acc: 0.4945, auc:0.5156 
Train loss: 0.7408, acc: 0.5077 | Valid loss: 0.6913, acc: 0.5303, auc:0.5026 | Test loss: 0.6955, acc: 0.4945, auc:0.5025 
Train loss: 0.7379, acc: 0.5102 | Valid loss: 0.6923, acc: 0.5303, auc:0.4993 | Test loss: 0.6935, acc: 0.4945, auc:0.5000 
Train loss: 0.7356, acc: 0.5067 | Valid loss: 0.6926, acc: 0.5303, auc:0.5000 | Test loss: 0.6933, acc: 0.4945, auc:0.5000 
Train loss: 0.7335, acc: 0.5052 | Valid loss: 0.6928, acc: 0.5303, auc:0.5001 | Test loss: 0.6933, acc: 0.4945, auc:0.5023 
Train loss: 0.7312, acc: 0.5109 | Valid loss: 0.6925, acc: 0.5303, auc:0.5000 | Test loss: 0.6934, acc: 0.4945, auc:0.5000 
Train loss: 0.7292, acc: 0.5083 | Valid loss: 0.6928, acc: 0.5303, auc:0.5000 | Test loss: 0.6932, acc: 0.4945, auc:0.5000 
Train loss: 0.7276, acc: 0.5102 | Valid loss: 0.6923, acc: 0.5303, auc:0.5000 | Test loss: 0.6935, acc: 0.4945, auc:0.5000 
Train loss: 0.7260, acc: 0.5102 | Valid loss: 0.6922, acc: 0.5303, auc:0.5000 | Test loss: 0.6935, acc: 0.4945, auc:0.5000 
Train loss: 0.7244, acc: 0.5102 | Valid loss: 0.6920, acc: 0.5303, auc:0.5000 | Test loss: 0.6937, acc: 0.4945, auc:0.5000 
Train loss: 0.7231, acc: 0.5102 | Valid loss: 0.6920, acc: 0.5303, auc:0.5000 | Test loss: 0.6936, acc: 0.4945, auc:0.5000 
Train loss: 0.7219, acc: 0.5102 | Valid loss: 0.6921, acc: 0.5303, auc:0.5000 | Test loss: 0.6936, acc: 0.4945, auc:0.5000 
Train loss: 0.7208, acc: 0.5102 | Valid loss: 0.6921, acc: 0.5303, auc:0.5000 | Test loss: 0.6936, acc: 0.4945, auc:0.5000 
Train loss: 0.7197, acc: 0.5102 | Valid loss: 0.6921, acc: 0.5303, auc:0.5000 | Test loss: 0.6936, acc: 0.4945, auc:0.5000 
Train loss: 0.7188, acc: 0.5102 | Valid loss: 0.6919, acc: 0.5303, auc:0.5000 | Test loss: 0.6938, acc: 0.4945, auc:0.5007 
Train loss: 0.7181, acc: 0.5062 | Valid loss: 0.6921, acc: 0.5303, auc:0.5000 | Test loss: 0.6936, acc: 0.4945, auc:0.5000 
Train loss: 0.7170, acc: 0.5102 | Valid loss: 0.6920, acc: 0.5303, auc:0.5000 | Test loss: 0.6936, acc: 0.4945, auc:0.5000 
Train loss: 0.7161, acc: 0.5102 | Valid loss: 0.6921, acc: 0.5303, auc:0.5000 | Test loss: 0.6936, acc: 0.4945, auc:0.5000 
Train loss: 0.7153, acc: 0.5102 | Valid loss: 0.6920, acc: 0.5303, auc:0.5000 | Test loss: 0.6937, acc: 0.4945, auc:0.5000 
Train loss: 0.7145, acc: 0.5102 | Valid loss: 0.6921, acc: 0.5303, auc:0.5000 | Test loss: 0.6936, acc: 0.4945, auc:0.5000 
Train loss: 0.7138, acc: 0.5102 | Valid loss: 0.6921, acc: 0.5303, auc:0.5000 | Test loss: 0.6936, acc: 0.4945, auc:0.5000 
Train loss: 0.7131, acc: 0.5102 | Valid loss: 0.6922, acc: 0.5303, auc:0.5000 | Test loss: 0.6935, acc: 0.4945, auc:0.5000 
Train loss: 0.7125, acc: 0.5102 | Valid loss: 0.6923, acc: 0.5303, auc:0.5000 | Test loss: 0.6935, acc: 0.4945, auc:0.5000 
Train loss: 0.7119, acc: 0.5102 | Valid loss: 0.6922, acc: 0.5303, auc:0.5000 | Test loss: 0.6935, acc: 0.4945, auc:0.5000 
Train loss: 0.7113, acc: 0.5102 | Valid loss: 0.6921, acc: 0.5303, auc:0.5000 | Test loss: 0.6936, acc: 0.4945, auc:0.5000 
Train loss: 0.7107, acc: 0.5102 | Valid loss: 0.6921, acc: 0.5303, auc:0.5000 | Test loss: 0.6936, acc: 0.4945, auc:0.5000 
Train loss: 0.7101, acc: 0.5102 | Valid loss: 0.6921, acc: 0.5303, auc:0.5000 | Test loss: 0.6936, acc: 0.4945, auc:0.5000 
Train loss: 0.7096, acc: 0.5102 | Valid loss: 0.6921, acc: 0.5303, auc:0.5000 | Test loss: 0.6936, acc: 0.4945, auc:0.5000 
Train loss: 0.7091, acc: 0.5102 | Valid loss: 0.6923, acc: 0.5303, auc:0.5000 | Test loss: 0.6935, acc: 0.4945, auc:0.5000 
Train loss: 0.7086, acc: 0.5102 | Valid loss: 0.6922, acc: 0.5303, auc:0.5000 | Test loss: 0.6935, acc: 0.4945, auc:0.5000 
Train loss: 0.7081, acc: 0.5102 | Valid loss: 0.6921, acc: 0.5303, auc:0.5000 | Test loss: 0.6936, acc: 0.4945, auc:0.5000 
Early stopping
GNN training complete
ADJ produced
No.1 training in progress 
Train loss: 1.8705, acc: 0.4990 | Valid loss: 0.6985, acc: 0.4865, auc:0.4908 | Test loss: 0.6990, acc: 0.4843, auc:0.4944 
Train loss: 1.1503, acc: 0.4957 | Valid loss: 0.6938, acc: 0.4865, auc:0.5215 | Test loss: 0.6944, acc: 0.4821, auc:0.4934 
Train loss: 0.9640, acc: 0.5069 | Valid loss: 0.6943, acc: 0.4865, auc:0.4962 | Test loss: 0.6944, acc: 0.4843, auc:0.5073 
Train loss: 0.8805, acc: 0.5067 | Valid loss: 0.6931, acc: 0.5237, auc:0.5164 | Test loss: 0.6933, acc: 0.4887, auc:0.4922 
Train loss: 0.8351, acc: 0.5058 | Valid loss: 0.6924, acc: 0.5135, auc:0.5154 | Test loss: 0.6927, acc: 0.5164, auc:0.5014 
Train loss: 0.8085, acc: 0.5049 | Valid loss: 0.6929, acc: 0.5135, auc:0.5036 | Test loss: 0.6930, acc: 0.5164, auc:0.4986 
Train loss: 0.7905, acc: 0.5040 | Valid loss: 0.6931, acc: 0.5142, auc:0.4953 | Test loss: 0.6931, acc: 0.5164, auc:0.4982 
Train loss: 0.7769, acc: 0.5039 | Valid loss: 0.6926, acc: 0.5135, auc:0.5092 | Test loss: 0.6926, acc: 0.5157, auc:0.5152 
Train loss: 0.7679, acc: 0.5064 | Valid loss: 0.6928, acc: 0.5135, auc:0.5002 | Test loss: 0.6928, acc: 0.5157, auc:0.5000 
Train loss: 0.7596, acc: 0.5097 | Valid loss: 0.6928, acc: 0.5135, auc:0.4953 | Test loss: 0.6928, acc: 0.5157, auc:0.4950 
Train loss: 0.7539, acc: 0.5078 | Valid loss: 0.6926, acc: 0.5135, auc:0.5028 | Test loss: 0.6926, acc: 0.5157, auc:0.5042 
Train loss: 0.7489, acc: 0.5109 | Valid loss: 0.6928, acc: 0.5135, auc:0.5157 | Test loss: 0.6928, acc: 0.5157, auc:0.5198 
Train loss: 0.7448, acc: 0.5108 | Valid loss: 0.6929, acc: 0.5193, auc:0.5266 | Test loss: 0.6930, acc: 0.5062, auc:0.5086 
Train loss: 0.7418, acc: 0.5081 | Valid loss: 0.6927, acc: 0.5135, auc:0.5139 | Test loss: 0.6927, acc: 0.5157, auc:0.5130 
Train loss: 0.7386, acc: 0.5123 | Valid loss: 0.6928, acc: 0.5135, auc:0.5175 | Test loss: 0.6927, acc: 0.5157, auc:0.5118 
Train loss: 0.7369, acc: 0.5082 | Valid loss: 0.6928, acc: 0.5135, auc:0.5217 | Test loss: 0.6928, acc: 0.5157, auc:0.5007 
Train loss: 0.7345, acc: 0.5076 | Valid loss: 0.6929, acc: 0.5135, auc:0.5174 | Test loss: 0.6930, acc: 0.5157, auc:0.5084 
Train loss: 0.7327, acc: 0.5009 | Valid loss: 0.6927, acc: 0.5135, auc:0.5030 | Test loss: 0.6926, acc: 0.5157, auc:0.5059 
Train loss: 0.7308, acc: 0.5102 | Valid loss: 0.6928, acc: 0.5142, auc:0.5097 | Test loss: 0.6929, acc: 0.5164, auc:0.5147 
Train loss: 0.7295, acc: 0.5098 | Valid loss: 0.6927, acc: 0.5135, auc:0.5060 | Test loss: 0.6926, acc: 0.5157, auc:0.5233 
Train loss: 0.7281, acc: 0.5073 | Valid loss: 0.6929, acc: 0.5135, auc:0.5159 | Test loss: 0.6929, acc: 0.5164, auc:0.5082 
Train loss: 0.7269, acc: 0.5037 | Valid loss: 0.6928, acc: 0.5135, auc:0.5022 | Test loss: 0.6928, acc: 0.5157, auc:0.5004 
Train loss: 0.7256, acc: 0.5063 | Valid loss: 0.6927, acc: 0.5135, auc:0.5267 | Test loss: 0.6928, acc: 0.5157, auc:0.5064 
Train loss: 0.7247, acc: 0.5072 | Valid loss: 0.6929, acc: 0.5135, auc:0.5129 | Test loss: 0.6929, acc: 0.5157, auc:0.5152 
Train loss: 0.7238, acc: 0.4928 | Valid loss: 0.6930, acc: 0.5135, auc:0.5145 | Test loss: 0.6930, acc: 0.5157, auc:0.5064 
Train loss: 0.7227, acc: 0.5093 | Valid loss: 0.6927, acc: 0.5135, auc:0.5136 | Test loss: 0.6927, acc: 0.5157, auc:0.5049 
Train loss: 0.7222, acc: 0.5069 | Valid loss: 0.6930, acc: 0.5135, auc:0.4959 | Test loss: 0.6931, acc: 0.5157, auc:0.4958 
Train loss: 0.7214, acc: 0.5086 | Valid loss: 0.6929, acc: 0.5135, auc:0.5187 | Test loss: 0.6930, acc: 0.5157, auc:0.4977 
Train loss: 0.7205, acc: 0.5122 | Valid loss: 0.6930, acc: 0.5135, auc:0.5106 | Test loss: 0.6930, acc: 0.5157, auc:0.5177 
Train loss: 0.7198, acc: 0.5096 | Valid loss: 0.6929, acc: 0.5135, auc:0.5000 | Test loss: 0.6928, acc: 0.5157, auc:0.5000 
Train loss: 0.7191, acc: 0.5096 | Valid loss: 0.6929, acc: 0.5135, auc:0.5000 | Test loss: 0.6928, acc: 0.5157, auc:0.5000 
Train loss: 0.7184, acc: 0.5096 | Valid loss: 0.6928, acc: 0.5135, auc:0.5000 | Test loss: 0.6928, acc: 0.5157, auc:0.4984 
Train loss: 0.7177, acc: 0.5096 | Valid loss: 0.6928, acc: 0.5135, auc:0.5000 | Test loss: 0.6927, acc: 0.5157, auc:0.5000 
Train loss: 0.7171, acc: 0.5096 | Valid loss: 0.6927, acc: 0.5135, auc:0.4952 | Test loss: 0.6927, acc: 0.5157, auc:0.4993 
Early stopping
GNN training complete
ADJ produced
No.2 training in progress 
Train loss: 1.8160, acc: 0.4969 | Valid loss: 0.7019, acc: 0.4894, auc:0.4751 | Test loss: 0.6963, acc: 0.4748, auc:0.4580 
Train loss: 1.1247, acc: 0.5055 | Valid loss: 0.6930, acc: 0.5069, auc:0.5170 | Test loss: 0.6936, acc: 0.4902, auc:0.4993 
Train loss: 0.9306, acc: 0.5052 | Valid loss: 0.6932, acc: 0.5069, auc:0.4931 | Test loss: 0.6935, acc: 0.4902, auc:0.4999 
Train loss: 0.8518, acc: 0.5034 | Valid loss: 0.6934, acc: 0.4931, auc:0.5209 | Test loss: 0.6928, acc: 0.5098, auc:0.4991 
Train loss: 0.8118, acc: 0.5056 | Valid loss: 0.6932, acc: 0.4931, auc:0.4988 | Test loss: 0.6930, acc: 0.5098, auc:0.5066 
Train loss: 0.7884, acc: 0.5119 | Valid loss: 0.6937, acc: 0.4931, auc:0.5007 | Test loss: 0.6929, acc: 0.5098, auc:0.5000 
Train loss: 0.7734, acc: 0.5160 | Valid loss: 0.6935, acc: 0.4931, auc:0.5043 | Test loss: 0.6929, acc: 0.5098, auc:0.4995 
Train loss: 0.7630, acc: 0.5123 | Valid loss: 0.6933, acc: 0.4931, auc:0.5000 | Test loss: 0.6930, acc: 0.5098, auc:0.5000 
Train loss: 0.7550, acc: 0.5126 | Valid loss: 0.6932, acc: 0.4931, auc:0.5112 | Test loss: 0.6930, acc: 0.5098, auc:0.5060 
Train loss: 0.7500, acc: 0.5096 | Valid loss: 0.6935, acc: 0.4931, auc:0.5007 | Test loss: 0.6929, acc: 0.5098, auc:0.5008 
Train loss: 0.7448, acc: 0.5102 | Valid loss: 0.6937, acc: 0.4931, auc:0.5023 | Test loss: 0.6929, acc: 0.5098, auc:0.5063 
Train loss: 0.7412, acc: 0.5107 | Valid loss: 0.6936, acc: 0.4931, auc:0.5000 | Test loss: 0.6929, acc: 0.5098, auc:0.5000 
Train loss: 0.7383, acc: 0.5053 | Valid loss: 0.6935, acc: 0.4931, auc:0.4953 | Test loss: 0.6929, acc: 0.5098, auc:0.5058 
Train loss: 0.7352, acc: 0.5088 | Valid loss: 0.6936, acc: 0.4931, auc:0.5053 | Test loss: 0.6929, acc: 0.5098, auc:0.5004 
Train loss: 0.7333, acc: 0.5109 | Valid loss: 0.6935, acc: 0.4931, auc:0.5000 | Test loss: 0.6929, acc: 0.5098, auc:0.5000 
Train loss: 0.7313, acc: 0.5112 | Valid loss: 0.6933, acc: 0.4931, auc:0.5000 | Test loss: 0.6930, acc: 0.5098, auc:0.5000 
Train loss: 0.7298, acc: 0.5125 | Valid loss: 0.6933, acc: 0.4931, auc:0.5000 | Test loss: 0.6930, acc: 0.5098, auc:0.5000 
Train loss: 0.7282, acc: 0.5111 | Valid loss: 0.6934, acc: 0.4931, auc:0.5224 | Test loss: 0.6929, acc: 0.5098, auc:0.5113 
Train loss: 0.7266, acc: 0.5130 | Valid loss: 0.6939, acc: 0.4931, auc:0.5027 | Test loss: 0.6929, acc: 0.5098, auc:0.5004 
Train loss: 0.7258, acc: 0.5129 | Valid loss: 0.6935, acc: 0.4931, auc:0.5031 | Test loss: 0.6929, acc: 0.5098, auc:0.5098 
Train loss: 0.7245, acc: 0.5129 | Valid loss: 0.6934, acc: 0.4931, auc:0.5000 | Test loss: 0.6930, acc: 0.5098, auc:0.5000 
Train loss: 0.7233, acc: 0.5118 | Valid loss: 0.6936, acc: 0.4931, auc:0.5000 | Test loss: 0.6929, acc: 0.5098, auc:0.5000 
Train loss: 0.7223, acc: 0.5129 | Valid loss: 0.6936, acc: 0.4931, auc:0.5000 | Test loss: 0.6929, acc: 0.5098, auc:0.5000 
Train loss: 0.7215, acc: 0.5129 | Valid loss: 0.6934, acc: 0.4931, auc:0.5000 | Test loss: 0.6930, acc: 0.5098, auc:0.5000 
Train loss: 0.7206, acc: 0.5129 | Valid loss: 0.6935, acc: 0.4931, auc:0.5000 | Test loss: 0.6930, acc: 0.5098, auc:0.5000 
Train loss: 0.7197, acc: 0.5129 | Valid loss: 0.6936, acc: 0.4931, auc:0.5000 | Test loss: 0.6929, acc: 0.5098, auc:0.5000 
Train loss: 0.7189, acc: 0.5129 | Valid loss: 0.6936, acc: 0.4931, auc:0.5000 | Test loss: 0.6930, acc: 0.5098, auc:0.5000 
Train loss: 0.7182, acc: 0.5129 | Valid loss: 0.6936, acc: 0.4931, auc:0.5000 | Test loss: 0.6930, acc: 0.5098, auc:0.5000 
Train loss: 0.7175, acc: 0.5129 | Valid loss: 0.6937, acc: 0.4931, auc:0.5000 | Test loss: 0.6930, acc: 0.5098, auc:0.5000 
Train loss: 0.7168, acc: 0.5129 | Valid loss: 0.6937, acc: 0.4931, auc:0.5000 | Test loss: 0.6930, acc: 0.5098, auc:0.5000 
Train loss: 0.7162, acc: 0.5129 | Valid loss: 0.6937, acc: 0.4931, auc:0.5000 | Test loss: 0.6930, acc: 0.5098, auc:0.5000 
Early stopping
GNN training complete
ADJ produced
No.3 training in progress 
Train loss: 1.9606, acc: 0.5057 | Valid loss: 0.6937, acc: 0.5106, auc:0.5140 | Test loss: 0.6963, acc: 0.4938, auc:0.4857 
Train loss: 1.2184, acc: 0.5052 | Valid loss: 0.6928, acc: 0.5106, auc:0.5032 | Test loss: 0.6938, acc: 0.4938, auc:0.5067 
Train loss: 0.9870, acc: 0.5033 | Valid loss: 0.6930, acc: 0.5106, auc:0.5000 | Test loss: 0.6933, acc: 0.4938, auc:0.5000 
Train loss: 0.8834, acc: 0.5031 | Valid loss: 0.6935, acc: 0.4894, auc:0.5000 | Test loss: 0.6931, acc: 0.5062, auc:0.5000 
Train loss: 0.8318, acc: 0.5091 | Valid loss: 0.6930, acc: 0.5106, auc:0.4983 | Test loss: 0.6946, acc: 0.4938, auc:0.4985 
Train loss: 0.8020, acc: 0.5058 | Valid loss: 0.6931, acc: 0.5106, auc:0.4997 | Test loss: 0.6932, acc: 0.4938, auc:0.5100 
Train loss: 0.7834, acc: 0.5122 | Valid loss: 0.6929, acc: 0.5106, auc:0.5000 | Test loss: 0.6934, acc: 0.4938, auc:0.5000 
Train loss: 0.7712, acc: 0.5100 | Valid loss: 0.6931, acc: 0.5252, auc:0.5000 | Test loss: 0.6932, acc: 0.4872, auc:0.5000 
Train loss: 0.7623, acc: 0.5026 | Valid loss: 0.6929, acc: 0.5106, auc:0.5000 | Test loss: 0.6936, acc: 0.4938, auc:0.5000 
Train loss: 0.7553, acc: 0.5090 | Valid loss: 0.6930, acc: 0.5106, auc:0.5000 | Test loss: 0.6933, acc: 0.4938, auc:0.5000 
Train loss: 0.7499, acc: 0.5076 | Valid loss: 0.6929, acc: 0.5106, auc:0.5000 | Test loss: 0.6936, acc: 0.4938, auc:0.5000 
Train loss: 0.7456, acc: 0.5105 | Valid loss: 0.6929, acc: 0.5106, auc:0.5000 | Test loss: 0.6939, acc: 0.4938, auc:0.5000 
Train loss: 0.7426, acc: 0.5130 | Valid loss: 0.6929, acc: 0.5106, auc:0.5000 | Test loss: 0.6935, acc: 0.4938, auc:0.5000 
Train loss: 0.7395, acc: 0.5088 | Valid loss: 0.6929, acc: 0.5106, auc:0.5013 | Test loss: 0.6934, acc: 0.4938, auc:0.5023 
Train loss: 0.7372, acc: 0.5125 | Valid loss: 0.6929, acc: 0.5106, auc:0.5000 | Test loss: 0.6936, acc: 0.4938, auc:0.5000 
Train loss: 0.7351, acc: 0.5099 | Valid loss: 0.6929, acc: 0.5106, auc:0.5061 | Test loss: 0.6937, acc: 0.4938, auc:0.5084 
Train loss: 0.7339, acc: 0.5108 | Valid loss: 0.6929, acc: 0.5106, auc:0.5030 | Test loss: 0.6934, acc: 0.4938, auc:0.5010 
Train loss: 0.7318, acc: 0.5121 | Valid loss: 0.6929, acc: 0.5106, auc:0.5142 | Test loss: 0.6935, acc: 0.4938, auc:0.4809 
Train loss: 0.7304, acc: 0.5124 | Valid loss: 0.6929, acc: 0.5106, auc:0.5000 | Test loss: 0.6934, acc: 0.4938, auc:0.5000 
Train loss: 0.7289, acc: 0.5108 | Valid loss: 0.6929, acc: 0.5106, auc:0.5000 | Test loss: 0.6936, acc: 0.4938, auc:0.5000 
Train loss: 0.7274, acc: 0.5127 | Valid loss: 0.6929, acc: 0.5106, auc:0.5054 | Test loss: 0.6938, acc: 0.4938, auc:0.5129 
Train loss: 0.7267, acc: 0.5127 | Valid loss: 0.6929, acc: 0.5106, auc:0.5000 | Test loss: 0.6935, acc: 0.4938, auc:0.5000 
Train loss: 0.7252, acc: 0.5127 | Valid loss: 0.6929, acc: 0.5106, auc:0.5011 | Test loss: 0.6934, acc: 0.4938, auc:0.4981 
Train loss: 0.7244, acc: 0.5127 | Valid loss: 0.6929, acc: 0.5106, auc:0.4999 | Test loss: 0.6937, acc: 0.4938, auc:0.5083 
Train loss: 0.7235, acc: 0.5129 | Valid loss: 0.6929, acc: 0.5106, auc:0.5000 | Test loss: 0.6936, acc: 0.4938, auc:0.4970 
Train loss: 0.7226, acc: 0.5155 | Valid loss: 0.6931, acc: 0.4938, auc:0.5000 | Test loss: 0.6932, acc: 0.5150, auc:0.5000 
Train loss: 0.7220, acc: 0.5151 | Valid loss: 0.6929, acc: 0.5106, auc:0.5000 | Test loss: 0.6936, acc: 0.4938, auc:0.5000 
Train loss: 0.7209, acc: 0.5127 | Valid loss: 0.6929, acc: 0.5106, auc:0.5000 | Test loss: 0.6935, acc: 0.4938, auc:0.5000 
Train loss: 0.7203, acc: 0.5127 | Valid loss: 0.6929, acc: 0.5106, auc:0.5000 | Test loss: 0.6935, acc: 0.4938, auc:0.5136 
Train loss: 0.7195, acc: 0.5127 | Valid loss: 0.6929, acc: 0.5106, auc:0.5000 | Test loss: 0.6936, acc: 0.4938, auc:0.5000 
Train loss: 0.7187, acc: 0.5127 | Valid loss: 0.6929, acc: 0.5106, auc:0.5014 | Test loss: 0.6937, acc: 0.4938, auc:0.5008 
Early stopping
GNN training complete
ADJ produced
No.4 training in progress 
Train loss: 2.1368, acc: 0.4960 | Valid loss: 0.6959, acc: 0.5274, auc:0.5237 | Test loss: 0.6977, acc: 0.5164, auc:0.5185 
Train loss: 1.2795, acc: 0.4911 | Valid loss: 0.6925, acc: 0.5215, auc:0.5180 | Test loss: 0.6929, acc: 0.5040, auc:0.5165 
Train loss: 1.0095, acc: 0.5039 | Valid loss: 0.6929, acc: 0.5157, auc:0.5027 | Test loss: 0.6931, acc: 0.5040, auc:0.5031 
Train loss: 0.8938, acc: 0.4998 | Valid loss: 0.6932, acc: 0.4661, auc:0.5007 | Test loss: 0.6932, acc: 0.4953, auc:0.4993 
Train loss: 0.8385, acc: 0.5040 | Valid loss: 0.6926, acc: 0.5157, auc:0.5070 | Test loss: 0.6931, acc: 0.5040, auc:0.5093 
Train loss: 0.8059, acc: 0.5068 | Valid loss: 0.6925, acc: 0.5157, auc:0.5155 | Test loss: 0.6931, acc: 0.5040, auc:0.5049 
Train loss: 0.7862, acc: 0.5082 | Valid loss: 0.6926, acc: 0.5157, auc:0.5134 | Test loss: 0.6931, acc: 0.5040, auc:0.5144 
Train loss: 0.7727, acc: 0.5094 | Valid loss: 0.6925, acc: 0.5157, auc:0.5127 | Test loss: 0.6932, acc: 0.5040, auc:0.5271 
Train loss: 0.7640, acc: 0.5031 | Valid loss: 0.6926, acc: 0.5157, auc:0.5130 | Test loss: 0.6932, acc: 0.5040, auc:0.4916 
Train loss: 0.7561, acc: 0.5126 | Valid loss: 0.6927, acc: 0.5157, auc:0.5130 | Test loss: 0.6931, acc: 0.5040, auc:0.4980 
Train loss: 0.7506, acc: 0.5052 | Valid loss: 0.6925, acc: 0.5157, auc:0.5238 | Test loss: 0.6932, acc: 0.5040, auc:0.5247 
Train loss: 0.7468, acc: 0.5081 | Valid loss: 0.6929, acc: 0.5157, auc:0.5000 | Test loss: 0.6931, acc: 0.5040, auc:0.5000 
Train loss: 0.7435, acc: 0.5070 | Valid loss: 0.6927, acc: 0.5157, auc:0.5197 | Test loss: 0.6931, acc: 0.5040, auc:0.5218 
Train loss: 0.7405, acc: 0.5065 | Valid loss: 0.6927, acc: 0.5157, auc:0.5016 | Test loss: 0.6931, acc: 0.5040, auc:0.4993 
Train loss: 0.7382, acc: 0.5084 | Valid loss: 0.6926, acc: 0.5157, auc:0.5047 | Test loss: 0.6931, acc: 0.5040, auc:0.5085 
Train loss: 0.7360, acc: 0.5030 | Valid loss: 0.6926, acc: 0.5157, auc:0.5314 | Test loss: 0.6933, acc: 0.5040, auc:0.5110 
Train loss: 0.7344, acc: 0.5106 | Valid loss: 0.6929, acc: 0.5157, auc:0.5034 | Test loss: 0.6931, acc: 0.5040, auc:0.4986 
Train loss: 0.7328, acc: 0.5090 | Valid loss: 0.6927, acc: 0.5157, auc:0.5000 | Test loss: 0.6932, acc: 0.5040, auc:0.5000 
Train loss: 0.7317, acc: 0.5085 | Valid loss: 0.6927, acc: 0.5157, auc:0.5016 | Test loss: 0.6931, acc: 0.5040, auc:0.4986 
Train loss: 0.7300, acc: 0.5114 | Valid loss: 0.6926, acc: 0.5157, auc:0.5091 | Test loss: 0.6932, acc: 0.5040, auc:0.5076 
Train loss: 0.7294, acc: 0.5076 | Valid loss: 0.6929, acc: 0.5157, auc:0.5000 | Test loss: 0.6931, acc: 0.5040, auc:0.5000 
Train loss: 0.7282, acc: 0.5073 | Valid loss: 0.6928, acc: 0.5157, auc:0.5154 | Test loss: 0.6931, acc: 0.5040, auc:0.5095 
Train loss: 0.7270, acc: 0.5089 | Valid loss: 0.6928, acc: 0.5157, auc:0.5047 | Test loss: 0.6931, acc: 0.5040, auc:0.5084 
Train loss: 0.7261, acc: 0.5108 | Valid loss: 0.6929, acc: 0.5157, auc:0.5000 | Test loss: 0.6931, acc: 0.5040, auc:0.5000 
Train loss: 0.7252, acc: 0.5108 | Valid loss: 0.6927, acc: 0.5157, auc:0.5000 | Test loss: 0.6932, acc: 0.5040, auc:0.5000 
Train loss: 0.7245, acc: 0.5108 | Valid loss: 0.6928, acc: 0.5157, auc:0.5047 | Test loss: 0.6931, acc: 0.5040, auc:0.5070 
Train loss: 0.7237, acc: 0.5108 | Valid loss: 0.6927, acc: 0.5157, auc:0.5000 | Test loss: 0.6931, acc: 0.5040, auc:0.5000 
Train loss: 0.7228, acc: 0.5108 | Valid loss: 0.6927, acc: 0.5157, auc:0.5000 | Test loss: 0.6931, acc: 0.5040, auc:0.5000 
Train loss: 0.7223, acc: 0.5108 | Valid loss: 0.6927, acc: 0.5157, auc:0.5000 | Test loss: 0.6932, acc: 0.5040, auc:0.5000 
Train loss: 0.7215, acc: 0.5108 | Valid loss: 0.6927, acc: 0.5157, auc:0.5000 | Test loss: 0.6932, acc: 0.5040, auc:0.5000 
Train loss: 0.7209, acc: 0.5108 | Valid loss: 0.6927, acc: 0.5157, auc:0.5000 | Test loss: 0.6932, acc: 0.5040, auc:0.5000 
Train loss: 0.7203, acc: 0.5108 | Valid loss: 0.6927, acc: 0.5157, auc:0.5000 | Test loss: 0.6932, acc: 0.5040, auc:0.5000 
Train loss: 0.7197, acc: 0.5108 | Valid loss: 0.6927, acc: 0.5157, auc:0.5000 | Test loss: 0.6932, acc: 0.5040, auc:0.5000 
Train loss: 0.7191, acc: 0.5108 | Valid loss: 0.6927, acc: 0.5157, auc:0.5000 | Test loss: 0.6932, acc: 0.5040, auc:0.5000 
Train loss: 0.7187, acc: 0.5108 | Valid loss: 0.6928, acc: 0.5157, auc:0.4950 | Test loss: 0.6931, acc: 0.5040, auc:0.4976 
Train loss: 0.7181, acc: 0.5108 | Valid loss: 0.6927, acc: 0.5157, auc:0.5000 | Test loss: 0.6932, acc: 0.5040, auc:0.5000 
Train loss: 0.7175, acc: 0.5108 | Valid loss: 0.6927, acc: 0.5157, auc:0.5000 | Test loss: 0.6932, acc: 0.5040, auc:0.5000 
Early stopping
GNN training complete
ADJ produced
No.5 training in progress 
Train loss: 2.1779, acc: 0.5000 | Valid loss: 0.6941, acc: 0.4763, auc:0.5005 | Test loss: 0.6935, acc: 0.4945, auc:0.4884 
Train loss: 1.2931, acc: 0.4872 | Valid loss: 0.6921, acc: 0.5244, auc:0.5198 | Test loss: 0.6950, acc: 0.5047, auc:0.5081 
Train loss: 1.0275, acc: 0.5029 | Valid loss: 0.6919, acc: 0.5244, auc:0.5148 | Test loss: 0.6939, acc: 0.5047, auc:0.5067 
Train loss: 0.9083, acc: 0.5013 | Valid loss: 0.6926, acc: 0.5244, auc:0.4945 | Test loss: 0.6931, acc: 0.5047, auc:0.5025 
Train loss: 0.8486, acc: 0.5119 | Valid loss: 0.6940, acc: 0.4756, auc:0.4986 | Test loss: 0.6934, acc: 0.4953, auc:0.5087 
Train loss: 0.8150, acc: 0.5065 | Valid loss: 0.6924, acc: 0.5244, auc:0.4993 | Test loss: 0.6931, acc: 0.5047, auc:0.5001 
Train loss: 0.7923, acc: 0.5090 | Valid loss: 0.6925, acc: 0.5244, auc:0.5124 | Test loss: 0.6931, acc: 0.5047, auc:0.5047 
Train loss: 0.7773, acc: 0.5054 | Valid loss: 0.6927, acc: 0.5244, auc:0.5000 | Test loss: 0.6931, acc: 0.5047, auc:0.5000 
Train loss: 0.7671, acc: 0.5009 | Valid loss: 0.6925, acc: 0.5244, auc:0.5113 | Test loss: 0.6931, acc: 0.5047, auc:0.5063 
Train loss: 0.7588, acc: 0.5093 | Valid loss: 0.6924, acc: 0.5244, auc:0.5057 | Test loss: 0.6931, acc: 0.5047, auc:0.5058 
Train loss: 0.7529, acc: 0.5048 | Valid loss: 0.6927, acc: 0.5244, auc:0.5000 | Test loss: 0.6931, acc: 0.5047, auc:0.5000 
Train loss: 0.7477, acc: 0.5076 | Valid loss: 0.6927, acc: 0.5244, auc:0.5000 | Test loss: 0.6931, acc: 0.5047, auc:0.5000 
Train loss: 0.7442, acc: 0.4998 | Valid loss: 0.6924, acc: 0.5244, auc:0.5000 | Test loss: 0.6932, acc: 0.5047, auc:0.5000 
Train loss: 0.7410, acc: 0.5065 | Valid loss: 0.6923, acc: 0.5244, auc:0.4980 | Test loss: 0.6932, acc: 0.5047, auc:0.4970 
Train loss: 0.7382, acc: 0.5052 | Valid loss: 0.6924, acc: 0.5244, auc:0.5000 | Test loss: 0.6931, acc: 0.5047, auc:0.5000 
Train loss: 0.7358, acc: 0.5086 | Valid loss: 0.6926, acc: 0.5244, auc:0.5000 | Test loss: 0.6931, acc: 0.5047, auc:0.5000 
Train loss: 0.7337, acc: 0.5096 | Valid loss: 0.6924, acc: 0.5244, auc:0.5000 | Test loss: 0.6931, acc: 0.5047, auc:0.5000 
Train loss: 0.7322, acc: 0.5085 | Valid loss: 0.6926, acc: 0.5244, auc:0.5000 | Test loss: 0.6931, acc: 0.5047, auc:0.5000 
Train loss: 0.7306, acc: 0.5096 | Valid loss: 0.6927, acc: 0.5244, auc:0.5000 | Test loss: 0.6931, acc: 0.5047, auc:0.5000 
Train loss: 0.7295, acc: 0.5060 | Valid loss: 0.6925, acc: 0.5244, auc:0.5000 | Test loss: 0.6931, acc: 0.5047, auc:0.5000 
Train loss: 0.7281, acc: 0.5096 | Valid loss: 0.6923, acc: 0.5244, auc:0.5010 | Test loss: 0.6932, acc: 0.5047, auc:0.4947 
Train loss: 0.7268, acc: 0.5096 | Valid loss: 0.6924, acc: 0.5244, auc:0.5000 | Test loss: 0.6931, acc: 0.5047, auc:0.5000 
Train loss: 0.7261, acc: 0.5082 | Valid loss: 0.6925, acc: 0.5244, auc:0.5000 | Test loss: 0.6931, acc: 0.5047, auc:0.5000 
Train loss: 0.7250, acc: 0.5096 | Valid loss: 0.6925, acc: 0.5244, auc:0.5000 | Test loss: 0.6931, acc: 0.5047, auc:0.5000 
Train loss: 0.7240, acc: 0.5096 | Valid loss: 0.6922, acc: 0.5244, auc:0.5000 | Test loss: 0.6933, acc: 0.5047, auc:0.5000 
Train loss: 0.7232, acc: 0.5096 | Valid loss: 0.6923, acc: 0.5244, auc:0.5000 | Test loss: 0.6932, acc: 0.5047, auc:0.5000 
Train loss: 0.7225, acc: 0.5096 | Valid loss: 0.6925, acc: 0.5244, auc:0.5000 | Test loss: 0.6931, acc: 0.5047, auc:0.5000 
Train loss: 0.7217, acc: 0.5096 | Valid loss: 0.6925, acc: 0.5244, auc:0.5000 | Test loss: 0.6931, acc: 0.5047, auc:0.5000 
Train loss: 0.7210, acc: 0.5096 | Valid loss: 0.6925, acc: 0.5244, auc:0.5000 | Test loss: 0.6931, acc: 0.5047, auc:0.5000 
Train loss: 0.7203, acc: 0.5096 | Valid loss: 0.6924, acc: 0.5244, auc:0.5000 | Test loss: 0.6931, acc: 0.5047, auc:0.5000 
Train loss: 0.7197, acc: 0.5096 | Valid loss: 0.6925, acc: 0.5244, auc:0.5000 | Test loss: 0.6931, acc: 0.5047, auc:0.5000 
Train loss: 0.7191, acc: 0.5096 | Valid loss: 0.6924, acc: 0.5244, auc:0.5000 | Test loss: 0.6931, acc: 0.5047, auc:0.5000 
Early stopping
GNN training complete
ADJ produced
No.6 training in progress 
Train loss: 2.5888, acc: 0.4960 | Valid loss: 0.6991, acc: 0.4821, auc:0.4900 | Test loss: 0.7007, acc: 0.5150, auc:0.5041 
Train loss: 1.3928, acc: 0.5010 | Valid loss: 0.6935, acc: 0.4792, auc:0.5000 | Test loss: 0.6929, acc: 0.5179, auc:0.5000 
Train loss: 1.1341, acc: 0.5119 | Valid loss: 0.6934, acc: 0.4792, auc:0.5037 | Test loss: 0.6928, acc: 0.5179, auc:0.5182 
Train loss: 0.9965, acc: 0.5114 | Valid loss: 0.6935, acc: 0.4792, auc:0.5007 | Test loss: 0.6928, acc: 0.5179, auc:0.5001 
Train loss: 0.9191, acc: 0.5093 | Valid loss: 0.6945, acc: 0.4792, auc:0.5141 | Test loss: 0.6924, acc: 0.5179, auc:0.5096 
Train loss: 0.8718, acc: 0.5072 | Valid loss: 0.6942, acc: 0.4792, auc:0.4968 | Test loss: 0.6925, acc: 0.5179, auc:0.5019 
Train loss: 0.8385, acc: 0.5100 | Valid loss: 0.6940, acc: 0.4792, auc:0.5081 | Test loss: 0.6926, acc: 0.5179, auc:0.5118 
Train loss: 0.8159, acc: 0.5083 | Valid loss: 0.6979, acc: 0.4792, auc:0.5189 | Test loss: 0.6928, acc: 0.5179, auc:0.5202 
Train loss: 0.7996, acc: 0.5097 | Valid loss: 0.6942, acc: 0.4792, auc:0.5000 | Test loss: 0.6926, acc: 0.5179, auc:0.5000 
Train loss: 0.7872, acc: 0.5029 | Valid loss: 0.6941, acc: 0.4792, auc:0.5018 | Test loss: 0.6926, acc: 0.5179, auc:0.4975 
Train loss: 0.7772, acc: 0.5087 | Valid loss: 0.6937, acc: 0.4792, auc:0.5000 | Test loss: 0.6928, acc: 0.5179, auc:0.5000 
Train loss: 0.7698, acc: 0.5044 | Valid loss: 0.6941, acc: 0.4792, auc:0.5024 | Test loss: 0.6926, acc: 0.5179, auc:0.4983 
Train loss: 0.7637, acc: 0.5155 | Valid loss: 0.6939, acc: 0.4792, auc:0.5077 | Test loss: 0.6926, acc: 0.5179, auc:0.5109 
Train loss: 0.7587, acc: 0.5056 | Valid loss: 0.6944, acc: 0.4792, auc:0.5057 | Test loss: 0.6925, acc: 0.5179, auc:0.5152 
Train loss: 0.7543, acc: 0.5100 | Valid loss: 0.6943, acc: 0.4792, auc:0.5000 | Test loss: 0.6926, acc: 0.5179, auc:0.5000 
Train loss: 0.7506, acc: 0.5117 | Valid loss: 0.6928, acc: 0.5252, auc:0.5174 | Test loss: 0.6931, acc: 0.5004, auc:0.5158 
Train loss: 0.7496, acc: 0.5113 | Valid loss: 0.6943, acc: 0.4792, auc:0.4986 | Test loss: 0.6926, acc: 0.5179, auc:0.5006 
Train loss: 0.7458, acc: 0.5040 | Valid loss: 0.6943, acc: 0.4792, auc:0.5145 | Test loss: 0.6925, acc: 0.5179, auc:0.5153 
Train loss: 0.7434, acc: 0.5120 | Valid loss: 0.6942, acc: 0.4792, auc:0.4960 | Test loss: 0.6925, acc: 0.5179, auc:0.4983 
Train loss: 0.7409, acc: 0.5130 | Valid loss: 0.6941, acc: 0.4792, auc:0.4971 | Test loss: 0.6925, acc: 0.5179, auc:0.4957 
Train loss: 0.7395, acc: 0.5134 | Valid loss: 0.6935, acc: 0.4792, auc:0.5000 | Test loss: 0.6928, acc: 0.5179, auc:0.5000 
Train loss: 0.7381, acc: 0.5108 | Valid loss: 0.6946, acc: 0.4792, auc:0.5038 | Test loss: 0.6925, acc: 0.5179, auc:0.4986 
Train loss: 0.7367, acc: 0.5041 | Valid loss: 0.6943, acc: 0.4792, auc:0.4966 | Test loss: 0.6925, acc: 0.5179, auc:0.4980 
Train loss: 0.7361, acc: 0.5125 | Valid loss: 0.6946, acc: 0.4792, auc:0.5051 | Test loss: 0.6925, acc: 0.5179, auc:0.4948 
Train loss: 0.7347, acc: 0.5100 | Valid loss: 0.6939, acc: 0.4792, auc:0.5180 | Test loss: 0.6927, acc: 0.5179, auc:0.5012 
Train loss: 0.7331, acc: 0.5089 | Valid loss: 0.6939, acc: 0.4792, auc:0.5040 | Test loss: 0.6927, acc: 0.5179, auc:0.4983 
Train loss: 0.7316, acc: 0.5126 | Valid loss: 0.6942, acc: 0.4792, auc:0.5000 | Test loss: 0.6926, acc: 0.5179, auc:0.5000 
Train loss: 0.7307, acc: 0.5149 | Valid loss: 0.6942, acc: 0.4792, auc:0.5000 | Test loss: 0.6926, acc: 0.5179, auc:0.5000 
Train loss: 0.7301, acc: 0.5136 | Valid loss: 0.6939, acc: 0.4792, auc:0.5109 | Test loss: 0.6927, acc: 0.5179, auc:0.5078 
Train loss: 0.7289, acc: 0.5145 | Valid loss: 0.6955, acc: 0.4792, auc:0.5000 | Test loss: 0.6925, acc: 0.5179, auc:0.5000 
Train loss: 0.7284, acc: 0.5120 | Valid loss: 0.6942, acc: 0.4792, auc:0.5000 | Test loss: 0.6926, acc: 0.5179, auc:0.5000 
Train loss: 0.7273, acc: 0.5136 | Valid loss: 0.6939, acc: 0.4792, auc:0.5068 | Test loss: 0.6927, acc: 0.5179, auc:0.5037 
Train loss: 0.7265, acc: 0.5136 | Valid loss: 0.6937, acc: 0.4792, auc:0.5000 | Test loss: 0.6928, acc: 0.5179, auc:0.5000 
Train loss: 0.7257, acc: 0.5127 | Valid loss: 0.6941, acc: 0.4792, auc:0.5000 | Test loss: 0.6926, acc: 0.5179, auc:0.5000 
Train loss: 0.7252, acc: 0.5139 | Valid loss: 0.6940, acc: 0.4792, auc:0.5000 | Test loss: 0.6927, acc: 0.5179, auc:0.5000 
Train loss: 0.7248, acc: 0.5138 | Valid loss: 0.6945, acc: 0.4792, auc:0.5053 | Test loss: 0.6925, acc: 0.5179, auc:0.5107 
Train loss: 0.7241, acc: 0.5136 | Valid loss: 0.6941, acc: 0.4792, auc:0.5000 | Test loss: 0.6927, acc: 0.5179, auc:0.5000 
Train loss: 0.7231, acc: 0.5136 | Valid loss: 0.6945, acc: 0.4792, auc:0.5059 | Test loss: 0.6925, acc: 0.5179, auc:0.5115 
Train loss: 0.7226, acc: 0.5136 | Valid loss: 0.6946, acc: 0.4792, auc:0.5132 | Test loss: 0.6925, acc: 0.5179, auc:0.4978 
Train loss: 0.7219, acc: 0.5136 | Valid loss: 0.6943, acc: 0.4792, auc:0.5001 | Test loss: 0.6926, acc: 0.5179, auc:0.4999 
Train loss: 0.7214, acc: 0.5136 | Valid loss: 0.6941, acc: 0.4792, auc:0.5000 | Test loss: 0.6926, acc: 0.5179, auc:0.5000 
Train loss: 0.7207, acc: 0.5136 | Valid loss: 0.6943, acc: 0.4792, auc:0.5000 | Test loss: 0.6926, acc: 0.5179, auc:0.5000 
Train loss: 0.7204, acc: 0.5136 | Valid loss: 0.6944, acc: 0.4792, auc:0.5000 | Test loss: 0.6926, acc: 0.5179, auc:0.5000 
Train loss: 0.7199, acc: 0.5113 | Valid loss: 0.6942, acc: 0.4792, auc:0.5000 | Test loss: 0.6926, acc: 0.5179, auc:0.5000 
Train loss: 0.7193, acc: 0.5136 | Valid loss: 0.6945, acc: 0.4792, auc:0.5117 | Test loss: 0.6925, acc: 0.5179, auc:0.5072 
Early stopping
GNN training complete
ADJ produced
No.7 training in progress 
Train loss: 2.2973, acc: 0.4911 | Valid loss: 0.6942, acc: 0.4938, auc:0.4894 | Test loss: 0.6955, acc: 0.4778, auc:0.4896 
Train loss: 1.2576, acc: 0.4974 | Valid loss: 0.6935, acc: 0.4938, auc:0.5022 | Test loss: 0.6940, acc: 0.4778, auc:0.5045 
Train loss: 1.0139, acc: 0.5030 | Valid loss: 0.6931, acc: 0.5062, auc:0.4896 | Test loss: 0.6929, acc: 0.5222, auc:0.4891 
Train loss: 0.9061, acc: 0.5028 | Valid loss: 0.6931, acc: 0.5062, auc:0.4983 | Test loss: 0.6931, acc: 0.5222, auc:0.4927 
Train loss: 0.8499, acc: 0.5076 | Valid loss: 0.6931, acc: 0.5062, auc:0.4931 | Test loss: 0.6930, acc: 0.5222, auc:0.5008 
Train loss: 0.8177, acc: 0.5052 | Valid loss: 0.6931, acc: 0.5062, auc:0.5000 | Test loss: 0.6928, acc: 0.5222, auc:0.5000 
Train loss: 0.7966, acc: 0.4984 | Valid loss: 0.6931, acc: 0.5062, auc:0.4953 | Test loss: 0.6930, acc: 0.5222, auc:0.4765 
Train loss: 0.7822, acc: 0.5054 | Valid loss: 0.6930, acc: 0.5062, auc:0.5164 | Test loss: 0.6924, acc: 0.5222, auc:0.5186 
Train loss: 0.7721, acc: 0.5075 | Valid loss: 0.6931, acc: 0.5062, auc:0.5084 | Test loss: 0.6926, acc: 0.5222, auc:0.5064 
Train loss: 0.7635, acc: 0.5031 | Valid loss: 0.6931, acc: 0.5062, auc:0.5000 | Test loss: 0.6928, acc: 0.5222, auc:0.5000 
Train loss: 0.7575, acc: 0.5030 | Valid loss: 0.6931, acc: 0.5062, auc:0.5000 | Test loss: 0.6927, acc: 0.5222, auc:0.5000 
Train loss: 0.7524, acc: 0.5074 | Valid loss: 0.6931, acc: 0.5062, auc:0.5000 | Test loss: 0.6927, acc: 0.5222, auc:0.5000 
Train loss: 0.7488, acc: 0.5062 | Valid loss: 0.6931, acc: 0.5062, auc:0.5000 | Test loss: 0.6929, acc: 0.5222, auc:0.5000 
Train loss: 0.7457, acc: 0.5034 | Valid loss: 0.6932, acc: 0.5062, auc:0.5062 | Test loss: 0.6924, acc: 0.5222, auc:0.4912 
Train loss: 0.7436, acc: 0.5020 | Valid loss: 0.6931, acc: 0.5062, auc:0.5000 | Test loss: 0.6928, acc: 0.5222, auc:0.5000 
Train loss: 0.7411, acc: 0.4988 | Valid loss: 0.6931, acc: 0.5062, auc:0.5000 | Test loss: 0.6925, acc: 0.5222, auc:0.5000 
Train loss: 0.7391, acc: 0.5072 | Valid loss: 0.6931, acc: 0.5062, auc:0.5000 | Test loss: 0.6927, acc: 0.5222, auc:0.5000 
Train loss: 0.7375, acc: 0.5087 | Valid loss: 0.6931, acc: 0.5062, auc:0.5000 | Test loss: 0.6924, acc: 0.5222, auc:0.4986 
Train loss: 0.7354, acc: 0.5093 | Valid loss: 0.6931, acc: 0.5062, auc:0.5027 | Test loss: 0.6926, acc: 0.5222, auc:0.5063 
Train loss: 0.7339, acc: 0.5045 | Valid loss: 0.6931, acc: 0.5062, auc:0.5092 | Test loss: 0.6926, acc: 0.5222, auc:0.4979 
Train loss: 0.7322, acc: 0.5093 | Valid loss: 0.6933, acc: 0.5062, auc:0.5102 | Test loss: 0.6922, acc: 0.5222, auc:0.4994 
Train loss: 0.7312, acc: 0.5088 | Valid loss: 0.6931, acc: 0.5062, auc:0.5103 | Test loss: 0.6923, acc: 0.5222, auc:0.5022 
Train loss: 0.7299, acc: 0.5065 | Valid loss: 0.6931, acc: 0.5062, auc:0.5000 | Test loss: 0.6927, acc: 0.5222, auc:0.5000 
Train loss: 0.7287, acc: 0.5102 | Valid loss: 0.6931, acc: 0.5062, auc:0.5000 | Test loss: 0.6926, acc: 0.5222, auc:0.5000 
Train loss: 0.7278, acc: 0.5098 | Valid loss: 0.6931, acc: 0.5062, auc:0.5000 | Test loss: 0.6927, acc: 0.5222, auc:0.5000 
Train loss: 0.7268, acc: 0.5077 | Valid loss: 0.6931, acc: 0.5062, auc:0.5000 | Test loss: 0.6927, acc: 0.5222, auc:0.5000 
Train loss: 0.7259, acc: 0.5097 | Valid loss: 0.6931, acc: 0.5062, auc:0.5000 | Test loss: 0.6925, acc: 0.5222, auc:0.5000 
Train loss: 0.7251, acc: 0.5097 | Valid loss: 0.6931, acc: 0.5062, auc:0.5000 | Test loss: 0.6925, acc: 0.5222, auc:0.5000 
Train loss: 0.7243, acc: 0.5097 | Valid loss: 0.6931, acc: 0.5062, auc:0.5000 | Test loss: 0.6925, acc: 0.5222, auc:0.5000 
Train loss: 0.7234, acc: 0.5097 | Valid loss: 0.6931, acc: 0.5062, auc:0.5000 | Test loss: 0.6925, acc: 0.5222, auc:0.5000 
Train loss: 0.7229, acc: 0.5097 | Valid loss: 0.6931, acc: 0.5062, auc:0.5000 | Test loss: 0.6925, acc: 0.5222, auc:0.5000 
Train loss: 0.7221, acc: 0.5097 | Valid loss: 0.6931, acc: 0.5062, auc:0.5000 | Test loss: 0.6925, acc: 0.5222, auc:0.5000 
Train loss: 0.7214, acc: 0.5097 | Valid loss: 0.6931, acc: 0.5062, auc:0.5000 | Test loss: 0.6925, acc: 0.5222, auc:0.5000 
Train loss: 0.7208, acc: 0.5097 | Valid loss: 0.6931, acc: 0.5062, auc:0.5000 | Test loss: 0.6925, acc: 0.5222, auc:0.5000 
Train loss: 0.7202, acc: 0.5097 | Valid loss: 0.6931, acc: 0.5062, auc:0.5000 | Test loss: 0.6927, acc: 0.5222, auc:0.5000 
Train loss: 0.7197, acc: 0.5096 | Valid loss: 0.6931, acc: 0.5062, auc:0.5000 | Test loss: 0.6925, acc: 0.5222, auc:0.5000 
Train loss: 0.7192, acc: 0.5097 | Valid loss: 0.6931, acc: 0.5062, auc:0.4988 | Test loss: 0.6926, acc: 0.5222, auc:0.5115 
Early stopping
GNN training complete
ADJ produced
No.8 training in progress 
Train loss: 2.0941, acc: 0.5001 | Valid loss: 0.6946, acc: 0.5106, auc:0.4973 | Test loss: 0.6940, acc: 0.5142, auc:0.4819 
Train loss: 1.2024, acc: 0.5078 | Valid loss: 0.6933, acc: 0.4894, auc:0.4992 | Test loss: 0.6934, acc: 0.4858, auc:0.4960 
Train loss: 0.9939, acc: 0.4947 | Valid loss: 0.6933, acc: 0.4894, auc:0.5044 | Test loss: 0.6933, acc: 0.4858, auc:0.5032 
Train loss: 0.8998, acc: 0.5072 | Valid loss: 0.6929, acc: 0.5106, auc:0.5087 | Test loss: 0.6927, acc: 0.5142, auc:0.5224 
Train loss: 0.8503, acc: 0.5044 | Valid loss: 0.6929, acc: 0.5106, auc:0.5107 | Test loss: 0.6927, acc: 0.5142, auc:0.5324 
Train loss: 0.8195, acc: 0.5098 | Valid loss: 0.6930, acc: 0.5106, auc:0.4900 | Test loss: 0.6930, acc: 0.5142, auc:0.5128 
Train loss: 0.8003, acc: 0.4999 | Valid loss: 0.6931, acc: 0.5106, auc:0.4997 | Test loss: 0.6930, acc: 0.5142, auc:0.5002 
Train loss: 0.7851, acc: 0.5047 | Valid loss: 0.6930, acc: 0.5106, auc:0.5000 | Test loss: 0.6929, acc: 0.5142, auc:0.5000 
Train loss: 0.7739, acc: 0.5101 | Valid loss: 0.6932, acc: 0.4894, auc:0.5121 | Test loss: 0.6933, acc: 0.4858, auc:0.5274 
Train loss: 0.7658, acc: 0.5010 | Valid loss: 0.6931, acc: 0.5106, auc:0.5004 | Test loss: 0.6930, acc: 0.5142, auc:0.5002 
Train loss: 0.7598, acc: 0.5014 | Valid loss: 0.6929, acc: 0.5106, auc:0.5021 | Test loss: 0.6927, acc: 0.5142, auc:0.5011 
Train loss: 0.7546, acc: 0.5053 | Valid loss: 0.6931, acc: 0.5106, auc:0.5000 | Test loss: 0.6931, acc: 0.5142, auc:0.5000 
Train loss: 0.7498, acc: 0.5030 | Valid loss: 0.6929, acc: 0.5106, auc:0.5012 | Test loss: 0.6928, acc: 0.5142, auc:0.5010 
Train loss: 0.7462, acc: 0.5103 | Valid loss: 0.6930, acc: 0.5106, auc:0.5000 | Test loss: 0.6930, acc: 0.5142, auc:0.5000 
Train loss: 0.7436, acc: 0.4997 | Valid loss: 0.6930, acc: 0.5106, auc:0.5000 | Test loss: 0.6929, acc: 0.5142, auc:0.5000 
Train loss: 0.7412, acc: 0.5041 | Valid loss: 0.6930, acc: 0.5106, auc:0.5000 | Test loss: 0.6929, acc: 0.5142, auc:0.5000 
Train loss: 0.7383, acc: 0.5078 | Valid loss: 0.6929, acc: 0.5106, auc:0.5000 | Test loss: 0.6928, acc: 0.5142, auc:0.5000 
Train loss: 0.7366, acc: 0.5035 | Valid loss: 0.6929, acc: 0.5106, auc:0.5000 | Test loss: 0.6928, acc: 0.5142, auc:0.5000 
Train loss: 0.7346, acc: 0.5022 | Valid loss: 0.6929, acc: 0.5106, auc:0.5015 | Test loss: 0.6927, acc: 0.5142, auc:0.5000 
Train loss: 0.7332, acc: 0.5079 | Valid loss: 0.6930, acc: 0.5106, auc:0.5038 | Test loss: 0.6927, acc: 0.5142, auc:0.4991 
Train loss: 0.7321, acc: 0.5092 | Valid loss: 0.6930, acc: 0.5106, auc:0.5000 | Test loss: 0.6929, acc: 0.5142, auc:0.5000 
Train loss: 0.7308, acc: 0.5077 | Valid loss: 0.6930, acc: 0.5106, auc:0.5000 | Test loss: 0.6929, acc: 0.5142, auc:0.5000 
Train loss: 0.7294, acc: 0.5055 | Valid loss: 0.6930, acc: 0.5106, auc:0.5000 | Test loss: 0.6929, acc: 0.5142, auc:0.5000 
Train loss: 0.7280, acc: 0.5067 | Valid loss: 0.6929, acc: 0.5106, auc:0.4999 | Test loss: 0.6927, acc: 0.5142, auc:0.4991 
Train loss: 0.7271, acc: 0.5072 | Valid loss: 0.6929, acc: 0.5106, auc:0.5192 | Test loss: 0.6928, acc: 0.5142, auc:0.5126 
Train loss: 0.7263, acc: 0.5091 | Valid loss: 0.6930, acc: 0.5106, auc:0.5000 | Test loss: 0.6929, acc: 0.5142, auc:0.5000 
Train loss: 0.7248, acc: 0.5093 | Valid loss: 0.6938, acc: 0.5106, auc:0.5023 | Test loss: 0.6933, acc: 0.5142, auc:0.5052 
Train loss: 0.7255, acc: 0.5127 | Valid loss: 0.6930, acc: 0.5106, auc:0.5000 | Test loss: 0.6929, acc: 0.5142, auc:0.5000 
Train loss: 0.7240, acc: 0.5028 | Valid loss: 0.6942, acc: 0.4894, auc:0.4960 | Test loss: 0.6944, acc: 0.4858, auc:0.4912 
Train loss: 0.7236, acc: 0.4971 | Valid loss: 0.6929, acc: 0.5106, auc:0.5000 | Test loss: 0.6928, acc: 0.5142, auc:0.5000 
Train loss: 0.7221, acc: 0.5107 | Valid loss: 0.6929, acc: 0.5106, auc:0.5124 | Test loss: 0.6927, acc: 0.5142, auc:0.5247 
Train loss: 0.7216, acc: 0.5096 | Valid loss: 0.6929, acc: 0.5106, auc:0.5000 | Test loss: 0.6927, acc: 0.5142, auc:0.5000 
Train loss: 0.7210, acc: 0.5051 | Valid loss: 0.6930, acc: 0.5106, auc:0.5000 | Test loss: 0.6929, acc: 0.5142, auc:0.5000 
Train loss: 0.7200, acc: 0.5097 | Valid loss: 0.6930, acc: 0.5106, auc:0.5000 | Test loss: 0.6929, acc: 0.5142, auc:0.5000 
Train loss: 0.7193, acc: 0.5079 | Valid loss: 0.6929, acc: 0.5106, auc:0.5014 | Test loss: 0.6928, acc: 0.5142, auc:0.5007 
Train loss: 0.7187, acc: 0.5102 | Valid loss: 0.6930, acc: 0.5106, auc:0.5000 | Test loss: 0.6929, acc: 0.5142, auc:0.5000 
Train loss: 0.7179, acc: 0.5102 | Valid loss: 0.6929, acc: 0.5106, auc:0.5221 | Test loss: 0.6928, acc: 0.5142, auc:0.5267 
Train loss: 0.7174, acc: 0.5102 | Valid loss: 0.6929, acc: 0.5106, auc:0.5000 | Test loss: 0.6928, acc: 0.5142, auc:0.5000 
Train loss: 0.7168, acc: 0.5102 | Valid loss: 0.6929, acc: 0.5106, auc:0.5209 | Test loss: 0.6928, acc: 0.5142, auc:0.5112 
Train loss: 0.7164, acc: 0.5089 | Valid loss: 0.6930, acc: 0.5106, auc:0.5000 | Test loss: 0.6929, acc: 0.5142, auc:0.5000 
Early stopping
GNN training complete
ADJ produced
No.9 training in progress 
Train loss: 2.2482, acc: 0.4951 | Valid loss: 0.6926, acc: 0.5193, auc:0.5023 | Test loss: 0.6940, acc: 0.5164, auc:0.5063 
Train loss: 1.2248, acc: 0.5065 | Valid loss: 0.6927, acc: 0.5171, auc:0.4864 | Test loss: 0.6920, acc: 0.5237, auc:0.5076 
Train loss: 0.9941, acc: 0.5054 | Valid loss: 0.6928, acc: 0.5171, auc:0.5077 | Test loss: 0.6927, acc: 0.5215, auc:0.5003 
Train loss: 0.8941, acc: 0.5028 | Valid loss: 0.6929, acc: 0.5171, auc:0.4945 | Test loss: 0.6926, acc: 0.5237, auc:0.5039 
Train loss: 0.8437, acc: 0.5010 | Valid loss: 0.6928, acc: 0.5171, auc:0.4923 | Test loss: 0.6925, acc: 0.5237, auc:0.5199 
Train loss: 0.8134, acc: 0.5103 | Valid loss: 0.6930, acc: 0.5186, auc:0.4834 | Test loss: 0.6929, acc: 0.5215, auc:0.4989 
Train loss: 0.7947, acc: 0.5022 | Valid loss: 0.6929, acc: 0.5171, auc:0.5082 | Test loss: 0.6928, acc: 0.5237, auc:0.5043 
Train loss: 0.7811, acc: 0.5052 | Valid loss: 0.6932, acc: 0.4887, auc:0.5001 | Test loss: 0.6932, acc: 0.4996, auc:0.4990 
Train loss: 0.7711, acc: 0.4979 | Valid loss: 0.6928, acc: 0.5171, auc:0.5037 | Test loss: 0.6926, acc: 0.5237, auc:0.5020 
Train loss: 0.7631, acc: 0.5010 | Valid loss: 0.6930, acc: 0.5171, auc:0.4938 | Test loss: 0.6929, acc: 0.5244, auc:0.5234 
Train loss: 0.7574, acc: 0.5056 | Valid loss: 0.6928, acc: 0.5171, auc:0.4978 | Test loss: 0.6926, acc: 0.5237, auc:0.5135 
Train loss: 0.7533, acc: 0.5058 | Valid loss: 0.6928, acc: 0.5171, auc:0.5000 | Test loss: 0.6926, acc: 0.5237, auc:0.5000 
Train loss: 0.7488, acc: 0.5027 | Valid loss: 0.6929, acc: 0.5171, auc:0.5000 | Test loss: 0.6927, acc: 0.5237, auc:0.5000 
Train loss: 0.7452, acc: 0.5133 | Valid loss: 0.6927, acc: 0.5171, auc:0.4941 | Test loss: 0.6925, acc: 0.5237, auc:0.4972 
Train loss: 0.7432, acc: 0.5070 | Valid loss: 0.6930, acc: 0.5252, auc:0.4982 | Test loss: 0.6930, acc: 0.5230, auc:0.5032 
Train loss: 0.7405, acc: 0.5098 | Valid loss: 0.6927, acc: 0.5171, auc:0.5093 | Test loss: 0.6925, acc: 0.5237, auc:0.5069 
Train loss: 0.7390, acc: 0.5068 | Valid loss: 0.6930, acc: 0.5171, auc:0.4997 | Test loss: 0.6929, acc: 0.5244, auc:0.5009 
Train loss: 0.7366, acc: 0.5100 | Valid loss: 0.6930, acc: 0.5171, auc:0.4874 | Test loss: 0.6929, acc: 0.5237, auc:0.5084 
Train loss: 0.7349, acc: 0.5019 | Valid loss: 0.6928, acc: 0.5171, auc:0.5000 | Test loss: 0.6927, acc: 0.5237, auc:0.5000 
Train loss: 0.7333, acc: 0.5067 | Valid loss: 0.6928, acc: 0.5171, auc:0.5051 | Test loss: 0.6926, acc: 0.5237, auc:0.5017 
Train loss: 0.7318, acc: 0.5119 | Valid loss: 0.6927, acc: 0.5171, auc:0.5113 | Test loss: 0.6924, acc: 0.5237, auc:0.4994 
Train loss: 0.7309, acc: 0.5033 | Valid loss: 0.6926, acc: 0.5171, auc:0.4999 | Test loss: 0.6923, acc: 0.5237, auc:0.5045 
Train loss: 0.7298, acc: 0.5083 | Valid loss: 0.6932, acc: 0.4858, auc:0.5000 | Test loss: 0.6932, acc: 0.4960, auc:0.5000 
Train loss: 0.7282, acc: 0.5047 | Valid loss: 0.6928, acc: 0.5171, auc:0.5000 | Test loss: 0.6927, acc: 0.5237, auc:0.5000 
Train loss: 0.7269, acc: 0.5077 | Valid loss: 0.6928, acc: 0.5171, auc:0.5000 | Test loss: 0.6926, acc: 0.5237, auc:0.5000 
Train loss: 0.7258, acc: 0.5071 | Valid loss: 0.6929, acc: 0.5171, auc:0.5000 | Test loss: 0.6928, acc: 0.5237, auc:0.5000 
Train loss: 0.7249, acc: 0.5062 | Valid loss: 0.6928, acc: 0.5171, auc:0.5051 | Test loss: 0.6926, acc: 0.5237, auc:0.5016 
Train loss: 0.7240, acc: 0.5070 | Valid loss: 0.6927, acc: 0.5171, auc:0.5051 | Test loss: 0.6925, acc: 0.5237, auc:0.5034 
Train loss: 0.7234, acc: 0.5063 | Valid loss: 0.6928, acc: 0.5171, auc:0.5000 | Test loss: 0.6927, acc: 0.5237, auc:0.5000 
Train loss: 0.7224, acc: 0.5088 | Valid loss: 0.6929, acc: 0.5171, auc:0.5000 | Test loss: 0.6927, acc: 0.5237, auc:0.5000 
Train loss: 0.7218, acc: 0.5076 | Valid loss: 0.6928, acc: 0.5171, auc:0.5000 | Test loss: 0.6927, acc: 0.5237, auc:0.5000 
Train loss: 0.7210, acc: 0.5084 | Valid loss: 0.6927, acc: 0.5171, auc:0.5000 | Test loss: 0.6925, acc: 0.5237, auc:0.5000 
Train loss: 0.7206, acc: 0.5052 | Valid loss: 0.6926, acc: 0.5171, auc:0.4987 | Test loss: 0.6923, acc: 0.5237, auc:0.5014 
Train loss: 0.7200, acc: 0.5101 | Valid loss: 0.6928, acc: 0.5171, auc:0.5000 | Test loss: 0.6926, acc: 0.5237, auc:0.5000 
Train loss: 0.7194, acc: 0.5029 | Valid loss: 0.6928, acc: 0.5171, auc:0.5000 | Test loss: 0.6926, acc: 0.5237, auc:0.5000 
Train loss: 0.7187, acc: 0.5082 | Valid loss: 0.6929, acc: 0.5171, auc:0.5000 | Test loss: 0.6927, acc: 0.5237, auc:0.5000 
Train loss: 0.7181, acc: 0.5058 | Valid loss: 0.6928, acc: 0.5171, auc:0.5000 | Test loss: 0.6926, acc: 0.5237, auc:0.5000 
Train loss: 0.7175, acc: 0.5082 | Valid loss: 0.6927, acc: 0.5171, auc:0.4977 | Test loss: 0.6925, acc: 0.5237, auc:0.4958 
Train loss: 0.7170, acc: 0.5109 | Valid loss: 0.6926, acc: 0.5171, auc:0.5000 | Test loss: 0.6921, acc: 0.5237, auc:0.5000 
Train loss: 0.7170, acc: 0.5074 | Valid loss: 0.6927, acc: 0.5171, auc:0.5000 | Test loss: 0.6925, acc: 0.5237, auc:0.5000 
Train loss: 0.7159, acc: 0.5082 | Valid loss: 0.6927, acc: 0.5171, auc:0.5000 | Test loss: 0.6924, acc: 0.5237, auc:0.5000 
Train loss: 0.7154, acc: 0.5082 | Valid loss: 0.6926, acc: 0.5171, auc:0.5000 | Test loss: 0.6922, acc: 0.5237, auc:0.5000 
Train loss: 0.7150, acc: 0.5082 | Valid loss: 0.6927, acc: 0.5171, auc:0.5006 | Test loss: 0.6926, acc: 0.5237, auc:0.5006 
Train loss: 0.7144, acc: 0.5082 | Valid loss: 0.6928, acc: 0.5171, auc:0.5000 | Test loss: 0.6926, acc: 0.5237, auc:0.5000 
Train loss: 0.7139, acc: 0.5082 | Valid loss: 0.6928, acc: 0.5171, auc:0.5000 | Test loss: 0.6926, acc: 0.5237, auc:0.5000 
Train loss: 0.7136, acc: 0.5082 | Valid loss: 0.6928, acc: 0.5171, auc:0.5000 | Test loss: 0.6926, acc: 0.5237, auc:0.5000 
Train loss: 0.7131, acc: 0.5082 | Valid loss: 0.6928, acc: 0.5171, auc:0.5000 | Test loss: 0.6926, acc: 0.5237, auc:0.5000 
Train loss: 0.7127, acc: 0.5082 | Valid loss: 0.6927, acc: 0.5171, auc:0.5000 | Test loss: 0.6925, acc: 0.5237, auc:0.5000 
Train loss: 0.7122, acc: 0.5082 | Valid loss: 0.6927, acc: 0.5171, auc:0.5000 | Test loss: 0.6925, acc: 0.5237, auc:0.5000 
GNN training complete
ADJ produced
