No.0 training in progress 
Train loss: 9.5925, acc: 0.5053 | Valid loss: 0.6922, acc: 0.5186, auc:0.5289 | Test loss: 0.6908, acc: 0.5310, auc:0.5281 
Train loss: 7.9313, acc: 0.5195 | Valid loss: 0.6911, acc: 0.5259, auc:0.5430 | Test loss: 0.6898, acc: 0.5317, auc:0.5377 
Train loss: 6.5403, acc: 0.5304 | Valid loss: 0.6907, acc: 0.5288, auc:0.5450 | Test loss: 0.6887, acc: 0.5398, auc:0.5424 
Train loss: 5.4027, acc: 0.5408 | Valid loss: 0.6914, acc: 0.5215, auc:0.5650 | Test loss: 0.6890, acc: 0.5317, auc:0.5436 
Train loss: 4.4861, acc: 0.5325 | Valid loss: 0.6892, acc: 0.5325, auc:0.5706 | Test loss: 0.6928, acc: 0.5077, auc:0.5523 
Train loss: 3.7392, acc: 0.5531 | Valid loss: 0.6870, acc: 0.5434, auc:0.5722 | Test loss: 0.6906, acc: 0.5237, auc:0.5524 
Train loss: 3.1352, acc: 0.5685 | Valid loss: 0.6840, acc: 0.5616, auc:0.5812 | Test loss: 0.6879, acc: 0.5405, auc:0.5515 
Train loss: 2.6550, acc: 0.5666 | Valid loss: 0.6837, acc: 0.5551, auc:0.5824 | Test loss: 0.6868, acc: 0.5383, auc:0.5553 
Train loss: 2.2653, acc: 0.5827 | Valid loss: 0.6881, acc: 0.5500, auc:0.5867 | Test loss: 0.6880, acc: 0.5522, auc:0.5608 
Train loss: 1.9622, acc: 0.5741 | Valid loss: 0.6820, acc: 0.5631, auc:0.5884 | Test loss: 0.6883, acc: 0.5507, auc:0.5590 
Train loss: 1.7178, acc: 0.5838 | Valid loss: 0.6830, acc: 0.5558, auc:0.5867 | Test loss: 0.6901, acc: 0.5361, auc:0.5605 
Train loss: 1.5290, acc: 0.5811 | Valid loss: 0.6994, acc: 0.5215, auc:0.5907 | Test loss: 0.7132, acc: 0.5033, auc:0.5583 
Train loss: 1.3836, acc: 0.5662 | Valid loss: 0.6863, acc: 0.5478, auc:0.5904 | Test loss: 0.6964, acc: 0.5157, auc:0.5604 
Train loss: 1.2591, acc: 0.5905 | Valid loss: 0.6839, acc: 0.5646, auc:0.5883 | Test loss: 0.6922, acc: 0.5317, auc:0.5631 
Train loss: 1.1606, acc: 0.5976 | Valid loss: 0.6823, acc: 0.5682, auc:0.5932 | Test loss: 0.6871, acc: 0.5522, auc:0.5656 
Train loss: 1.0886, acc: 0.5931 | Valid loss: 0.6885, acc: 0.5543, auc:0.5928 | Test loss: 0.6899, acc: 0.5558, auc:0.5665 
Train loss: 1.0294, acc: 0.5937 | Valid loss: 0.6939, acc: 0.5485, auc:0.5923 | Test loss: 0.6937, acc: 0.5565, auc:0.5674 
Train loss: 0.9906, acc: 0.5824 | Valid loss: 0.6815, acc: 0.5711, auc:0.5912 | Test loss: 0.6886, acc: 0.5434, auc:0.5625 
Train loss: 0.9507, acc: 0.5885 | Valid loss: 0.6866, acc: 0.5514, auc:0.5930 | Test loss: 0.6997, acc: 0.5164, auc:0.5596 
Train loss: 0.9173, acc: 0.5982 | Valid loss: 0.6837, acc: 0.5697, auc:0.5965 | Test loss: 0.6959, acc: 0.5354, auc:0.5666 
Train loss: 0.8924, acc: 0.6020 | Valid loss: 0.6824, acc: 0.5748, auc:0.5941 | Test loss: 0.6916, acc: 0.5514, auc:0.5667 
Train loss: 0.8765, acc: 0.5987 | Valid loss: 0.6889, acc: 0.5500, auc:0.5946 | Test loss: 0.7025, acc: 0.5157, auc:0.5625 
Train loss: 0.8594, acc: 0.6005 | Valid loss: 0.6876, acc: 0.5587, auc:0.5961 | Test loss: 0.7014, acc: 0.5244, auc:0.5660 
Train loss: 0.8437, acc: 0.6063 | Valid loss: 0.6841, acc: 0.5711, auc:0.5938 | Test loss: 0.6892, acc: 0.5587, auc:0.5677 
Train loss: 0.8333, acc: 0.6072 | Valid loss: 0.6886, acc: 0.5646, auc:0.5901 | Test loss: 0.6987, acc: 0.5383, auc:0.5684 
Train loss: 0.8266, acc: 0.6010 | Valid loss: 0.6852, acc: 0.5616, auc:0.5935 | Test loss: 0.6874, acc: 0.5660, auc:0.5701 
Train loss: 0.8150, acc: 0.6101 | Valid loss: 0.6837, acc: 0.5682, auc:0.5960 | Test loss: 0.6918, acc: 0.5646, auc:0.5690 
Train loss: 0.8081, acc: 0.6120 | Valid loss: 0.6940, acc: 0.5558, auc:0.5924 | Test loss: 0.7059, acc: 0.5215, auc:0.5718 
Train loss: 0.8007, acc: 0.6147 | Valid loss: 0.6842, acc: 0.5573, auc:0.5926 | Test loss: 0.6920, acc: 0.5609, auc:0.5689 
Train loss: 0.7930, acc: 0.6177 | Valid loss: 0.6842, acc: 0.5675, auc:0.5931 | Test loss: 0.6906, acc: 0.5565, auc:0.5707 
Train loss: 0.7879, acc: 0.6148 | Valid loss: 0.6827, acc: 0.5631, auc:0.5968 | Test loss: 0.6899, acc: 0.5689, auc:0.5710 
Train loss: 0.7814, acc: 0.6205 | Valid loss: 0.6864, acc: 0.5609, auc:0.5945 | Test loss: 0.6919, acc: 0.5565, auc:0.5706 
Train loss: 0.7767, acc: 0.6191 | Valid loss: 0.6843, acc: 0.5711, auc:0.5967 | Test loss: 0.6952, acc: 0.5398, auc:0.5691 
Train loss: 0.7707, acc: 0.6251 | Valid loss: 0.6920, acc: 0.5602, auc:0.5899 | Test loss: 0.6990, acc: 0.5551, auc:0.5675 
Train loss: 0.7704, acc: 0.6180 | Valid loss: 0.6900, acc: 0.5646, auc:0.5956 | Test loss: 0.7015, acc: 0.5573, auc:0.5647 
Train loss: 0.7616, acc: 0.6263 | Valid loss: 0.6883, acc: 0.5660, auc:0.5942 | Test loss: 0.7008, acc: 0.5310, auc:0.5662 
Train loss: 0.7529, acc: 0.6386 | Valid loss: 0.6905, acc: 0.5573, auc:0.5946 | Test loss: 0.7002, acc: 0.5609, auc:0.5678 
Train loss: 0.7508, acc: 0.6406 | Valid loss: 0.7060, acc: 0.5529, auc:0.5880 | Test loss: 0.7043, acc: 0.5587, auc:0.5700 
Train loss: 0.7498, acc: 0.6338 | Valid loss: 0.6931, acc: 0.5624, auc:0.5897 | Test loss: 0.6993, acc: 0.5624, auc:0.5698 
Train loss: 0.7420, acc: 0.6441 | Valid loss: 0.6948, acc: 0.5551, auc:0.5820 | Test loss: 0.6980, acc: 0.5536, auc:0.5748 
Train loss: 0.7323, acc: 0.6522 | Valid loss: 0.7002, acc: 0.5667, auc:0.5823 | Test loss: 0.7004, acc: 0.5536, auc:0.5729 
Train loss: 0.7273, acc: 0.6631 | Valid loss: 0.7050, acc: 0.5638, auc:0.5848 | Test loss: 0.7133, acc: 0.5346, auc:0.5698 
Train loss: 0.7206, acc: 0.6662 | Valid loss: 0.7028, acc: 0.5638, auc:0.5873 | Test loss: 0.7094, acc: 0.5522, auc:0.5691 
Train loss: 0.7076, acc: 0.6861 | Valid loss: 0.7074, acc: 0.5624, auc:0.5813 | Test loss: 0.7088, acc: 0.5667, auc:0.5717 
Train loss: 0.6989, acc: 0.6932 | Valid loss: 0.7205, acc: 0.5478, auc:0.5847 | Test loss: 0.7216, acc: 0.5638, auc:0.5674 
Train loss: 0.6917, acc: 0.6975 | Valid loss: 0.7182, acc: 0.5470, auc:0.5637 | Test loss: 0.7129, acc: 0.5558, auc:0.5704 
Train loss: 0.6746, acc: 0.7185 | Valid loss: 0.7401, acc: 0.5514, auc:0.5747 | Test loss: 0.7518, acc: 0.5215, auc:0.5637 
Early stopping
GNN training complete
ADJ produced
No.1 training in progress 
Train loss: 7.1408, acc: 0.5068 | Valid loss: 0.6936, acc: 0.4974, auc:0.5109 | Test loss: 0.6924, acc: 0.5011, auc:0.5496 
Train loss: 2.5936, acc: 0.5156 | Valid loss: 0.6905, acc: 0.5215, auc:0.5554 | Test loss: 0.6918, acc: 0.5120, auc:0.5466 
Train loss: 1.3380, acc: 0.5277 | Valid loss: 0.6912, acc: 0.5142, auc:0.5594 | Test loss: 0.6930, acc: 0.5193, auc:0.5511 
Train loss: 1.0006, acc: 0.5313 | Valid loss: 0.6873, acc: 0.5419, auc:0.5711 | Test loss: 0.6887, acc: 0.5310, auc:0.5654 
Train loss: 0.8871, acc: 0.5499 | Valid loss: 0.6895, acc: 0.5441, auc:0.5737 | Test loss: 0.6903, acc: 0.5259, auc:0.5625 
Train loss: 0.8409, acc: 0.5648 | Valid loss: 0.6854, acc: 0.5551, auc:0.5743 | Test loss: 0.6867, acc: 0.5412, auc:0.5659 
Train loss: 0.8191, acc: 0.5633 | Valid loss: 0.6848, acc: 0.5492, auc:0.5743 | Test loss: 0.6868, acc: 0.5507, auc:0.5614 
Train loss: 0.8009, acc: 0.5818 | Valid loss: 0.6968, acc: 0.5244, auc:0.5768 | Test loss: 0.6986, acc: 0.5091, auc:0.5655 
Train loss: 0.7930, acc: 0.5765 | Valid loss: 0.6897, acc: 0.5470, auc:0.5710 | Test loss: 0.6901, acc: 0.5543, auc:0.5710 
Train loss: 0.7812, acc: 0.5886 | Valid loss: 0.6859, acc: 0.5653, auc:0.5773 | Test loss: 0.6891, acc: 0.5638, auc:0.5676 
Train loss: 0.7719, acc: 0.5957 | Valid loss: 0.6854, acc: 0.5667, auc:0.5796 | Test loss: 0.6888, acc: 0.5580, auc:0.5693 
Train loss: 0.7657, acc: 0.5931 | Valid loss: 0.6987, acc: 0.5412, auc:0.5836 | Test loss: 0.7024, acc: 0.5463, auc:0.5705 
Train loss: 0.7616, acc: 0.5972 | Valid loss: 0.6904, acc: 0.5631, auc:0.5802 | Test loss: 0.6931, acc: 0.5390, auc:0.5724 
Train loss: 0.7567, acc: 0.5939 | Valid loss: 0.6919, acc: 0.5492, auc:0.5771 | Test loss: 0.6934, acc: 0.5565, auc:0.5717 
Train loss: 0.7554, acc: 0.5905 | Valid loss: 0.6935, acc: 0.5449, auc:0.5764 | Test loss: 0.6951, acc: 0.5441, auc:0.5719 
Train loss: 0.7518, acc: 0.5920 | Valid loss: 0.6883, acc: 0.5565, auc:0.5758 | Test loss: 0.6880, acc: 0.5609, auc:0.5748 
Train loss: 0.7457, acc: 0.5967 | Valid loss: 0.6880, acc: 0.5638, auc:0.5780 | Test loss: 0.6897, acc: 0.5565, auc:0.5729 
Train loss: 0.7383, acc: 0.6059 | Valid loss: 0.6873, acc: 0.5631, auc:0.5790 | Test loss: 0.6881, acc: 0.5646, auc:0.5752 
Train loss: 0.7344, acc: 0.6095 | Valid loss: 0.6924, acc: 0.5565, auc:0.5812 | Test loss: 0.6935, acc: 0.5456, auc:0.5786 
Train loss: 0.7352, acc: 0.6025 | Valid loss: 0.6906, acc: 0.5551, auc:0.5822 | Test loss: 0.6926, acc: 0.5419, auc:0.5775 
Train loss: 0.7303, acc: 0.6066 | Valid loss: 0.6898, acc: 0.5580, auc:0.5784 | Test loss: 0.6911, acc: 0.5587, auc:0.5740 
Train loss: 0.7263, acc: 0.6118 | Valid loss: 0.6885, acc: 0.5653, auc:0.5787 | Test loss: 0.6896, acc: 0.5565, auc:0.5759 
Train loss: 0.7250, acc: 0.6081 | Valid loss: 0.6878, acc: 0.5573, auc:0.5793 | Test loss: 0.6882, acc: 0.5609, auc:0.5767 
Train loss: 0.7240, acc: 0.6075 | Valid loss: 0.6892, acc: 0.5631, auc:0.5770 | Test loss: 0.6866, acc: 0.5704, auc:0.5805 
Train loss: 0.7213, acc: 0.6032 | Valid loss: 0.6900, acc: 0.5594, auc:0.5778 | Test loss: 0.6881, acc: 0.5609, auc:0.5796 
Train loss: 0.7155, acc: 0.6136 | Valid loss: 0.6893, acc: 0.5653, auc:0.5824 | Test loss: 0.6900, acc: 0.5631, auc:0.5793 
Train loss: 0.7140, acc: 0.6124 | Valid loss: 0.6895, acc: 0.5718, auc:0.5801 | Test loss: 0.6886, acc: 0.5609, auc:0.5799 
Train loss: 0.7116, acc: 0.6149 | Valid loss: 0.6900, acc: 0.5616, auc:0.5803 | Test loss: 0.6888, acc: 0.5573, auc:0.5809 
Train loss: 0.7101, acc: 0.6178 | Valid loss: 0.6904, acc: 0.5682, auc:0.5807 | Test loss: 0.6882, acc: 0.5660, auc:0.5837 
Train loss: 0.7068, acc: 0.6220 | Valid loss: 0.6905, acc: 0.5580, auc:0.5808 | Test loss: 0.6883, acc: 0.5565, auc:0.5841 
Train loss: 0.7072, acc: 0.6169 | Valid loss: 0.6956, acc: 0.5587, auc:0.5762 | Test loss: 0.6913, acc: 0.5594, auc:0.5848 
Train loss: 0.7036, acc: 0.6231 | Valid loss: 0.6963, acc: 0.5580, auc:0.5747 | Test loss: 0.6898, acc: 0.5646, auc:0.5852 
Train loss: 0.6986, acc: 0.6341 | Valid loss: 0.6957, acc: 0.5485, auc:0.5748 | Test loss: 0.6890, acc: 0.5573, auc:0.5839 
Train loss: 0.6957, acc: 0.6314 | Valid loss: 0.6949, acc: 0.5565, auc:0.5789 | Test loss: 0.6913, acc: 0.5609, auc:0.5818 
Train loss: 0.6944, acc: 0.6344 | Valid loss: 0.6953, acc: 0.5580, auc:0.5742 | Test loss: 0.6879, acc: 0.5631, auc:0.5866 
Train loss: 0.6898, acc: 0.6389 | Valid loss: 0.7034, acc: 0.5573, auc:0.5737 | Test loss: 0.6946, acc: 0.5492, auc:0.5850 
Early stopping
GNN training complete
ADJ produced
No.2 training in progress 
Train loss: 6.7553, acc: 0.5029 | Valid loss: 0.6928, acc: 0.5237, auc:0.5366 | Test loss: 0.6977, acc: 0.5004, auc:0.5537 
Train loss: 2.1289, acc: 0.5172 | Valid loss: 0.7020, acc: 0.4763, auc:0.5689 | Test loss: 0.6966, acc: 0.4996, auc:0.5701 
Train loss: 1.1129, acc: 0.5238 | Valid loss: 0.6891, acc: 0.5376, auc:0.5658 | Test loss: 0.6903, acc: 0.5252, auc:0.5762 
Train loss: 0.8946, acc: 0.5453 | Valid loss: 0.6938, acc: 0.5113, auc:0.5707 | Test loss: 0.6886, acc: 0.5288, auc:0.5879 
Train loss: 0.8412, acc: 0.5348 | Valid loss: 0.6879, acc: 0.5317, auc:0.5710 | Test loss: 0.6877, acc: 0.5478, auc:0.5850 
Train loss: 0.8123, acc: 0.5673 | Valid loss: 0.6845, acc: 0.5368, auc:0.5685 | Test loss: 0.6844, acc: 0.5412, auc:0.5860 
Train loss: 0.7957, acc: 0.5730 | Valid loss: 0.6900, acc: 0.5346, auc:0.5661 | Test loss: 0.6833, acc: 0.5602, auc:0.5878 
Train loss: 0.7868, acc: 0.5756 | Valid loss: 0.6859, acc: 0.5332, auc:0.5688 | Test loss: 0.6880, acc: 0.5310, auc:0.5876 
Train loss: 0.7761, acc: 0.5825 | Valid loss: 0.6907, acc: 0.5456, auc:0.5659 | Test loss: 0.6824, acc: 0.5609, auc:0.5868 
Train loss: 0.7684, acc: 0.5889 | Valid loss: 0.6869, acc: 0.5478, auc:0.5721 | Test loss: 0.6815, acc: 0.5580, auc:0.5876 
Train loss: 0.7606, acc: 0.5931 | Valid loss: 0.6869, acc: 0.5492, auc:0.5725 | Test loss: 0.6849, acc: 0.5500, auc:0.5836 
Train loss: 0.7535, acc: 0.5947 | Valid loss: 0.6879, acc: 0.5573, auc:0.5705 | Test loss: 0.6839, acc: 0.5638, auc:0.5836 
Train loss: 0.7483, acc: 0.5978 | Valid loss: 0.6872, acc: 0.5536, auc:0.5712 | Test loss: 0.6877, acc: 0.5536, auc:0.5851 
Train loss: 0.7453, acc: 0.5975 | Valid loss: 0.6944, acc: 0.5463, auc:0.5704 | Test loss: 0.6992, acc: 0.5310, auc:0.5833 
Train loss: 0.7439, acc: 0.5941 | Valid loss: 0.6858, acc: 0.5609, auc:0.5746 | Test loss: 0.6825, acc: 0.5660, auc:0.5902 
Train loss: 0.7352, acc: 0.6066 | Valid loss: 0.6918, acc: 0.5514, auc:0.5733 | Test loss: 0.6852, acc: 0.5660, auc:0.5863 
Train loss: 0.7317, acc: 0.6023 | Valid loss: 0.6910, acc: 0.5441, auc:0.5764 | Test loss: 0.6864, acc: 0.5748, auc:0.5839 
Train loss: 0.7304, acc: 0.6020 | Valid loss: 0.6891, acc: 0.5500, auc:0.5764 | Test loss: 0.6862, acc: 0.5667, auc:0.5837 
Train loss: 0.7267, acc: 0.6024 | Valid loss: 0.6885, acc: 0.5507, auc:0.5724 | Test loss: 0.6886, acc: 0.5543, auc:0.5860 
Train loss: 0.7234, acc: 0.6050 | Valid loss: 0.6931, acc: 0.5441, auc:0.5751 | Test loss: 0.6870, acc: 0.5594, auc:0.5850 
Train loss: 0.7215, acc: 0.6053 | Valid loss: 0.6861, acc: 0.5478, auc:0.5726 | Test loss: 0.6836, acc: 0.5609, auc:0.5857 
Train loss: 0.7188, acc: 0.6096 | Valid loss: 0.6891, acc: 0.5419, auc:0.5753 | Test loss: 0.6847, acc: 0.5697, auc:0.5866 
Train loss: 0.7167, acc: 0.6056 | Valid loss: 0.6871, acc: 0.5551, auc:0.5750 | Test loss: 0.6873, acc: 0.5631, auc:0.5838 
Train loss: 0.7119, acc: 0.6128 | Valid loss: 0.6919, acc: 0.5602, auc:0.5736 | Test loss: 0.6888, acc: 0.5616, auc:0.5865 
Train loss: 0.7114, acc: 0.6145 | Valid loss: 0.6921, acc: 0.5558, auc:0.5750 | Test loss: 0.6872, acc: 0.5602, auc:0.5867 
Train loss: 0.7092, acc: 0.6148 | Valid loss: 0.6935, acc: 0.5543, auc:0.5722 | Test loss: 0.6956, acc: 0.5522, auc:0.5863 
Train loss: 0.7129, acc: 0.5988 | Valid loss: 0.6893, acc: 0.5507, auc:0.5725 | Test loss: 0.6934, acc: 0.5427, auc:0.5817 
Train loss: 0.7064, acc: 0.6109 | Valid loss: 0.6909, acc: 0.5507, auc:0.5731 | Test loss: 0.6859, acc: 0.5646, auc:0.5856 
Train loss: 0.7024, acc: 0.6178 | Valid loss: 0.6973, acc: 0.5536, auc:0.5755 | Test loss: 0.7056, acc: 0.5405, auc:0.5790 
Train loss: 0.7038, acc: 0.6092 | Valid loss: 0.6872, acc: 0.5500, auc:0.5786 | Test loss: 0.6860, acc: 0.5704, auc:0.5849 
Train loss: 0.6977, acc: 0.6216 | Valid loss: 0.6876, acc: 0.5573, auc:0.5765 | Test loss: 0.6889, acc: 0.5616, auc:0.5816 
Train loss: 0.6967, acc: 0.6213 | Valid loss: 0.6900, acc: 0.5507, auc:0.5759 | Test loss: 0.6899, acc: 0.5660, auc:0.5799 
Train loss: 0.6936, acc: 0.6244 | Valid loss: 0.6898, acc: 0.5558, auc:0.5772 | Test loss: 0.6929, acc: 0.5609, auc:0.5810 
Train loss: 0.6937, acc: 0.6219 | Valid loss: 0.6927, acc: 0.5456, auc:0.5802 | Test loss: 0.6913, acc: 0.5711, auc:0.5829 
Train loss: 0.6904, acc: 0.6286 | Valid loss: 0.6928, acc: 0.5522, auc:0.5745 | Test loss: 0.6965, acc: 0.5580, auc:0.5789 
Early stopping
GNN training complete
ADJ produced
No.3 training in progress 
Train loss: 6.7395, acc: 0.5137 | Valid loss: 0.6957, acc: 0.4865, auc:0.5304 | Test loss: 0.6914, acc: 0.5142, auc:0.5622 
Train loss: 2.0817, acc: 0.5091 | Valid loss: 0.6932, acc: 0.5135, auc:0.5284 | Test loss: 0.6956, acc: 0.4858, auc:0.5821 
Train loss: 1.0968, acc: 0.5175 | Valid loss: 0.6917, acc: 0.5303, auc:0.5395 | Test loss: 0.6882, acc: 0.5711, auc:0.5981 
Train loss: 0.8970, acc: 0.5331 | Valid loss: 0.6920, acc: 0.5193, auc:0.5402 | Test loss: 0.6924, acc: 0.5069, auc:0.5889 
Train loss: 0.8396, acc: 0.5498 | Valid loss: 0.6886, acc: 0.5427, auc:0.5533 | Test loss: 0.6835, acc: 0.5638, auc:0.5912 
Train loss: 0.8126, acc: 0.5620 | Valid loss: 0.6886, acc: 0.5383, auc:0.5588 | Test loss: 0.6793, acc: 0.5609, auc:0.5972 
Train loss: 0.7967, acc: 0.5768 | Valid loss: 0.6916, acc: 0.5492, auc:0.5506 | Test loss: 0.6779, acc: 0.5573, auc:0.6041 
Train loss: 0.7850, acc: 0.5728 | Valid loss: 0.6899, acc: 0.5456, auc:0.5562 | Test loss: 0.6787, acc: 0.5660, auc:0.6067 
Train loss: 0.7859, acc: 0.5578 | Valid loss: 0.6902, acc: 0.5281, auc:0.5546 | Test loss: 0.6888, acc: 0.5230, auc:0.5996 
Train loss: 0.7755, acc: 0.5801 | Valid loss: 0.6902, acc: 0.5500, auc:0.5571 | Test loss: 0.6819, acc: 0.5536, auc:0.6005 
Train loss: 0.7628, acc: 0.5888 | Valid loss: 0.7043, acc: 0.5186, auc:0.5631 | Test loss: 0.6836, acc: 0.5536, auc:0.5982 
Train loss: 0.7580, acc: 0.5889 | Valid loss: 0.6917, acc: 0.5470, auc:0.5598 | Test loss: 0.6820, acc: 0.5558, auc:0.6009 
Train loss: 0.7559, acc: 0.5861 | Valid loss: 0.6901, acc: 0.5376, auc:0.5647 | Test loss: 0.6761, acc: 0.5711, auc:0.6033 
Train loss: 0.7508, acc: 0.5862 | Valid loss: 0.6931, acc: 0.5449, auc:0.5648 | Test loss: 0.6751, acc: 0.5718, auc:0.6054 
Train loss: 0.7416, acc: 0.6016 | Valid loss: 0.6905, acc: 0.5602, auc:0.5695 | Test loss: 0.6852, acc: 0.5573, auc:0.5966 
Train loss: 0.7377, acc: 0.6005 | Valid loss: 0.6977, acc: 0.5383, auc:0.5585 | Test loss: 0.6745, acc: 0.5660, auc:0.6087 
Train loss: 0.7336, acc: 0.6068 | Valid loss: 0.6990, acc: 0.5317, auc:0.5632 | Test loss: 0.6789, acc: 0.5682, auc:0.5997 
Train loss: 0.7321, acc: 0.5974 | Valid loss: 0.6922, acc: 0.5551, auc:0.5676 | Test loss: 0.6844, acc: 0.5536, auc:0.6020 
Train loss: 0.7285, acc: 0.6041 | Valid loss: 0.6956, acc: 0.5412, auc:0.5637 | Test loss: 0.6744, acc: 0.5704, auc:0.6093 
Train loss: 0.7243, acc: 0.6100 | Valid loss: 0.6955, acc: 0.5463, auc:0.5673 | Test loss: 0.6753, acc: 0.5733, auc:0.6075 
Train loss: 0.7235, acc: 0.6010 | Valid loss: 0.6942, acc: 0.5441, auc:0.5652 | Test loss: 0.6799, acc: 0.5558, auc:0.6060 
Train loss: 0.7197, acc: 0.6063 | Valid loss: 0.6950, acc: 0.5412, auc:0.5627 | Test loss: 0.6764, acc: 0.5536, auc:0.6064 
Train loss: 0.7184, acc: 0.6057 | Valid loss: 0.7000, acc: 0.5514, auc:0.5640 | Test loss: 0.6957, acc: 0.5507, auc:0.6035 
Train loss: 0.7219, acc: 0.5955 | Valid loss: 0.6991, acc: 0.5376, auc:0.5633 | Test loss: 0.6772, acc: 0.5689, auc:0.6056 
Train loss: 0.7157, acc: 0.6065 | Valid loss: 0.6956, acc: 0.5456, auc:0.5642 | Test loss: 0.6789, acc: 0.5646, auc:0.6060 
Train loss: 0.7132, acc: 0.6099 | Valid loss: 0.6950, acc: 0.5376, auc:0.5658 | Test loss: 0.6779, acc: 0.5653, auc:0.6075 
Train loss: 0.7104, acc: 0.6152 | Valid loss: 0.6919, acc: 0.5558, auc:0.5717 | Test loss: 0.6809, acc: 0.5653, auc:0.6067 
Train loss: 0.7079, acc: 0.6136 | Valid loss: 0.6958, acc: 0.5456, auc:0.5625 | Test loss: 0.6801, acc: 0.5594, auc:0.6058 
Train loss: 0.7049, acc: 0.6163 | Valid loss: 0.6945, acc: 0.5463, auc:0.5698 | Test loss: 0.6791, acc: 0.5587, auc:0.6064 
Train loss: 0.7034, acc: 0.6210 | Valid loss: 0.6949, acc: 0.5558, auc:0.5682 | Test loss: 0.6852, acc: 0.5624, auc:0.6021 
Train loss: 0.7016, acc: 0.6200 | Valid loss: 0.6963, acc: 0.5434, auc:0.5665 | Test loss: 0.6846, acc: 0.5675, auc:0.6052 
Train loss: 0.6984, acc: 0.6235 | Valid loss: 0.6991, acc: 0.5419, auc:0.5676 | Test loss: 0.6784, acc: 0.5682, auc:0.6095 
Train loss: 0.6952, acc: 0.6270 | Valid loss: 0.7024, acc: 0.5368, auc:0.5673 | Test loss: 0.6801, acc: 0.5682, auc:0.6031 
Train loss: 0.6936, acc: 0.6251 | Valid loss: 0.6972, acc: 0.5478, auc:0.5694 | Test loss: 0.6807, acc: 0.5646, auc:0.6056 
Early stopping
GNN training complete
ADJ produced
No.4 training in progress 
Train loss: 6.7244, acc: 0.5060 | Valid loss: 0.6916, acc: 0.5179, auc:0.5540 | Test loss: 0.6973, acc: 0.4865, auc:0.5129 
Train loss: 2.0448, acc: 0.5176 | Valid loss: 0.6917, acc: 0.5179, auc:0.5673 | Test loss: 0.6984, acc: 0.4865, auc:0.5401 
Train loss: 1.0764, acc: 0.5285 | Valid loss: 0.6874, acc: 0.5580, auc:0.5794 | Test loss: 0.6906, acc: 0.5281, auc:0.5431 
Train loss: 0.8895, acc: 0.5370 | Valid loss: 0.6868, acc: 0.5697, auc:0.5821 | Test loss: 0.6920, acc: 0.5157, auc:0.5395 
Train loss: 0.8363, acc: 0.5525 | Valid loss: 0.6856, acc: 0.5398, auc:0.5909 | Test loss: 0.6979, acc: 0.5062, auc:0.5518 
Train loss: 0.8130, acc: 0.5592 | Valid loss: 0.6817, acc: 0.5733, auc:0.5901 | Test loss: 0.6926, acc: 0.5303, auc:0.5540 
Train loss: 0.7967, acc: 0.5742 | Valid loss: 0.6822, acc: 0.5660, auc:0.5995 | Test loss: 0.6977, acc: 0.5208, auc:0.5578 
Train loss: 0.7916, acc: 0.5648 | Valid loss: 0.6804, acc: 0.5704, auc:0.6021 | Test loss: 0.6927, acc: 0.5244, auc:0.5562 
Train loss: 0.7786, acc: 0.5771 | Valid loss: 0.6786, acc: 0.5864, auc:0.6061 | Test loss: 0.6883, acc: 0.5441, auc:0.5610 
Train loss: 0.7718, acc: 0.5791 | Valid loss: 0.6771, acc: 0.5806, auc:0.6049 | Test loss: 0.6940, acc: 0.5346, auc:0.5587 
Train loss: 0.7641, acc: 0.5919 | Valid loss: 0.6757, acc: 0.5828, auc:0.6093 | Test loss: 0.6923, acc: 0.5405, auc:0.5631 
Train loss: 0.7572, acc: 0.5942 | Valid loss: 0.6787, acc: 0.5894, auc:0.6038 | Test loss: 0.6918, acc: 0.5339, auc:0.5586 
Train loss: 0.7545, acc: 0.5847 | Valid loss: 0.6764, acc: 0.5762, auc:0.6074 | Test loss: 0.6945, acc: 0.5274, auc:0.5601 
Train loss: 0.7541, acc: 0.5812 | Valid loss: 0.6764, acc: 0.5864, auc:0.6097 | Test loss: 0.6893, acc: 0.5346, auc:0.5593 
Train loss: 0.7425, acc: 0.5981 | Valid loss: 0.6779, acc: 0.5748, auc:0.6073 | Test loss: 0.6939, acc: 0.5346, auc:0.5598 
Train loss: 0.7422, acc: 0.5945 | Valid loss: 0.6817, acc: 0.5667, auc:0.6100 | Test loss: 0.7053, acc: 0.5222, auc:0.5616 
Train loss: 0.7403, acc: 0.5937 | Valid loss: 0.6780, acc: 0.5733, auc:0.6069 | Test loss: 0.7005, acc: 0.5288, auc:0.5623 
Train loss: 0.7337, acc: 0.6027 | Valid loss: 0.6753, acc: 0.5850, auc:0.6117 | Test loss: 0.6986, acc: 0.5354, auc:0.5622 
Train loss: 0.7292, acc: 0.6069 | Valid loss: 0.6748, acc: 0.5813, auc:0.6125 | Test loss: 0.6970, acc: 0.5361, auc:0.5644 
Train loss: 0.7278, acc: 0.5987 | Valid loss: 0.6790, acc: 0.5842, auc:0.6091 | Test loss: 0.6907, acc: 0.5434, auc:0.5650 
Train loss: 0.7256, acc: 0.6072 | Valid loss: 0.6800, acc: 0.5857, auc:0.6085 | Test loss: 0.6957, acc: 0.5412, auc:0.5610 
Train loss: 0.7245, acc: 0.6019 | Valid loss: 0.6756, acc: 0.5770, auc:0.6076 | Test loss: 0.6964, acc: 0.5346, auc:0.5639 
Train loss: 0.7216, acc: 0.6052 | Valid loss: 0.6807, acc: 0.5726, auc:0.6051 | Test loss: 0.6938, acc: 0.5325, auc:0.5618 
Train loss: 0.7186, acc: 0.6101 | Valid loss: 0.6750, acc: 0.5879, auc:0.6166 | Test loss: 0.6944, acc: 0.5449, auc:0.5629 
Train loss: 0.7181, acc: 0.6031 | Valid loss: 0.6734, acc: 0.5959, auc:0.6153 | Test loss: 0.6940, acc: 0.5500, auc:0.5627 
Train loss: 0.7150, acc: 0.6105 | Valid loss: 0.6833, acc: 0.5813, auc:0.6110 | Test loss: 0.6989, acc: 0.5441, auc:0.5613 
Train loss: 0.7164, acc: 0.6016 | Valid loss: 0.6782, acc: 0.5821, auc:0.6022 | Test loss: 0.6941, acc: 0.5303, auc:0.5602 
Train loss: 0.7106, acc: 0.6129 | Valid loss: 0.6801, acc: 0.5813, auc:0.6109 | Test loss: 0.6963, acc: 0.5441, auc:0.5635 
Train loss: 0.7078, acc: 0.6153 | Valid loss: 0.6783, acc: 0.5850, auc:0.6134 | Test loss: 0.7071, acc: 0.5295, auc:0.5629 
Train loss: 0.7068, acc: 0.6118 | Valid loss: 0.6762, acc: 0.5857, auc:0.6114 | Test loss: 0.6976, acc: 0.5463, auc:0.5621 
Train loss: 0.7047, acc: 0.6156 | Valid loss: 0.6758, acc: 0.5886, auc:0.6125 | Test loss: 0.7023, acc: 0.5346, auc:0.5623 
Train loss: 0.7061, acc: 0.6111 | Valid loss: 0.6766, acc: 0.5894, auc:0.6121 | Test loss: 0.6933, acc: 0.5368, auc:0.5626 
Train loss: 0.7011, acc: 0.6186 | Valid loss: 0.6763, acc: 0.5886, auc:0.6102 | Test loss: 0.6990, acc: 0.5376, auc:0.5625 
Train loss: 0.7007, acc: 0.6198 | Valid loss: 0.6726, acc: 0.5908, auc:0.6176 | Test loss: 0.6974, acc: 0.5339, auc:0.5605 
Train loss: 0.6984, acc: 0.6179 | Valid loss: 0.6789, acc: 0.5835, auc:0.6103 | Test loss: 0.6987, acc: 0.5412, auc:0.5607 
Train loss: 0.6955, acc: 0.6234 | Valid loss: 0.6799, acc: 0.5770, auc:0.6119 | Test loss: 0.7081, acc: 0.5208, auc:0.5626 
Train loss: 0.6950, acc: 0.6202 | Valid loss: 0.6816, acc: 0.5799, auc:0.6110 | Test loss: 0.6974, acc: 0.5390, auc:0.5611 
Train loss: 0.6961, acc: 0.6220 | Valid loss: 0.6775, acc: 0.5762, auc:0.6066 | Test loss: 0.6989, acc: 0.5361, auc:0.5620 
Train loss: 0.6931, acc: 0.6252 | Valid loss: 0.6787, acc: 0.5886, auc:0.6102 | Test loss: 0.6952, acc: 0.5441, auc:0.5632 
Train loss: 0.6904, acc: 0.6264 | Valid loss: 0.6774, acc: 0.5872, auc:0.6118 | Test loss: 0.6999, acc: 0.5412, auc:0.5606 
Train loss: 0.6833, acc: 0.6353 | Valid loss: 0.6789, acc: 0.5864, auc:0.6133 | Test loss: 0.7081, acc: 0.5383, auc:0.5608 
Train loss: 0.6802, acc: 0.6451 | Valid loss: 0.6828, acc: 0.5828, auc:0.6153 | Test loss: 0.7046, acc: 0.5346, auc:0.5560 
Train loss: 0.6772, acc: 0.6555 | Valid loss: 0.6787, acc: 0.5872, auc:0.6172 | Test loss: 0.7106, acc: 0.5368, auc:0.5603 
Train loss: 0.6720, acc: 0.6584 | Valid loss: 0.6860, acc: 0.5864, auc:0.6157 | Test loss: 0.7128, acc: 0.5390, auc:0.5553 
Train loss: 0.6717, acc: 0.6578 | Valid loss: 0.6849, acc: 0.5821, auc:0.6107 | Test loss: 0.7115, acc: 0.5332, auc:0.5576 
Train loss: 0.6618, acc: 0.6745 | Valid loss: 0.6853, acc: 0.5835, auc:0.6127 | Test loss: 0.7199, acc: 0.5266, auc:0.5552 
Train loss: 0.6561, acc: 0.6837 | Valid loss: 0.6875, acc: 0.5806, auc:0.6152 | Test loss: 0.7222, acc: 0.5434, auc:0.5546 
Train loss: 0.6514, acc: 0.6865 | Valid loss: 0.6893, acc: 0.5799, auc:0.6124 | Test loss: 0.7286, acc: 0.5317, auc:0.5538 
Train loss: 0.6434, acc: 0.6986 | Valid loss: 0.7041, acc: 0.5667, auc:0.6066 | Test loss: 0.7342, acc: 0.5317, auc:0.5511 
GNN training complete
ADJ produced
No.5 training in progress 
Train loss: 6.5770, acc: 0.5041 | Valid loss: 0.6965, acc: 0.4974, auc:0.5376 | Test loss: 0.6946, acc: 0.5069, auc:0.5524 
Train loss: 1.9325, acc: 0.5129 | Valid loss: 0.6915, acc: 0.5106, auc:0.5656 | Test loss: 0.6911, acc: 0.5208, auc:0.5526 
Train loss: 1.0342, acc: 0.5222 | Valid loss: 0.7017, acc: 0.4974, auc:0.5845 | Test loss: 0.6994, acc: 0.5069, auc:0.5660 
Train loss: 0.8720, acc: 0.5283 | Valid loss: 0.6888, acc: 0.5478, auc:0.5848 | Test loss: 0.6898, acc: 0.5361, auc:0.5660 
Train loss: 0.8277, acc: 0.5331 | Valid loss: 0.6927, acc: 0.5055, auc:0.5878 | Test loss: 0.6915, acc: 0.5106, auc:0.5771 
Train loss: 0.8068, acc: 0.5527 | Valid loss: 0.6877, acc: 0.5310, auc:0.5906 | Test loss: 0.6874, acc: 0.5354, auc:0.5759 
Train loss: 0.7948, acc: 0.5544 | Valid loss: 0.6848, acc: 0.5500, auc:0.5894 | Test loss: 0.6864, acc: 0.5507, auc:0.5781 
Train loss: 0.7847, acc: 0.5615 | Valid loss: 0.6847, acc: 0.5631, auc:0.5892 | Test loss: 0.6847, acc: 0.5573, auc:0.5810 
Train loss: 0.7760, acc: 0.5670 | Valid loss: 0.6885, acc: 0.5361, auc:0.5920 | Test loss: 0.6878, acc: 0.5405, auc:0.5808 
Train loss: 0.7666, acc: 0.5762 | Valid loss: 0.6960, acc: 0.5215, auc:0.5887 | Test loss: 0.6938, acc: 0.5354, auc:0.5824 
Train loss: 0.7576, acc: 0.5856 | Valid loss: 0.6824, acc: 0.5675, auc:0.5875 | Test loss: 0.6817, acc: 0.5711, auc:0.5880 
Train loss: 0.7522, acc: 0.5829 | Valid loss: 0.6820, acc: 0.5726, auc:0.5893 | Test loss: 0.6839, acc: 0.5697, auc:0.5822 
Train loss: 0.7454, acc: 0.5945 | Valid loss: 0.6815, acc: 0.5646, auc:0.5919 | Test loss: 0.6817, acc: 0.5631, auc:0.5899 
Train loss: 0.7477, acc: 0.5795 | Valid loss: 0.6841, acc: 0.5594, auc:0.5858 | Test loss: 0.6812, acc: 0.5653, auc:0.5907 
Train loss: 0.7422, acc: 0.5860 | Valid loss: 0.6961, acc: 0.5346, auc:0.5795 | Test loss: 0.6974, acc: 0.5295, auc:0.5882 
Train loss: 0.7371, acc: 0.5901 | Valid loss: 0.6821, acc: 0.5711, auc:0.5948 | Test loss: 0.6831, acc: 0.5631, auc:0.5882 
Train loss: 0.7318, acc: 0.5942 | Valid loss: 0.6924, acc: 0.5522, auc:0.5945 | Test loss: 0.6905, acc: 0.5514, auc:0.5900 
Train loss: 0.7281, acc: 0.5982 | Valid loss: 0.6842, acc: 0.5631, auc:0.5923 | Test loss: 0.6833, acc: 0.5704, auc:0.5910 
Train loss: 0.7236, acc: 0.5999 | Valid loss: 0.6842, acc: 0.5631, auc:0.5932 | Test loss: 0.6842, acc: 0.5755, auc:0.5904 
Train loss: 0.7227, acc: 0.6023 | Valid loss: 0.6836, acc: 0.5653, auc:0.5899 | Test loss: 0.6825, acc: 0.5770, auc:0.5921 
Train loss: 0.7189, acc: 0.6028 | Valid loss: 0.6876, acc: 0.5682, auc:0.5963 | Test loss: 0.6869, acc: 0.5740, auc:0.5907 
Train loss: 0.7160, acc: 0.6061 | Valid loss: 0.6855, acc: 0.5667, auc:0.5956 | Test loss: 0.6863, acc: 0.5711, auc:0.5907 
Train loss: 0.7148, acc: 0.6036 | Valid loss: 0.6892, acc: 0.5543, auc:0.5957 | Test loss: 0.6916, acc: 0.5441, auc:0.5940 
Train loss: 0.7156, acc: 0.5964 | Valid loss: 0.6842, acc: 0.5689, auc:0.5949 | Test loss: 0.6853, acc: 0.5682, auc:0.5886 
Train loss: 0.7092, acc: 0.6093 | Valid loss: 0.6849, acc: 0.5631, auc:0.5929 | Test loss: 0.6848, acc: 0.5624, auc:0.5927 
Train loss: 0.7095, acc: 0.6078 | Valid loss: 0.6839, acc: 0.5726, auc:0.5912 | Test loss: 0.6829, acc: 0.5675, auc:0.5930 
Train loss: 0.7077, acc: 0.6043 | Valid loss: 0.6842, acc: 0.5748, auc:0.5939 | Test loss: 0.6846, acc: 0.5689, auc:0.5940 
Train loss: 0.7065, acc: 0.6065 | Valid loss: 0.6847, acc: 0.5638, auc:0.5925 | Test loss: 0.6838, acc: 0.5711, auc:0.5927 
Train loss: 0.7048, acc: 0.6059 | Valid loss: 0.6818, acc: 0.5762, auc:0.5946 | Test loss: 0.6828, acc: 0.5726, auc:0.5935 
Train loss: 0.7023, acc: 0.6104 | Valid loss: 0.6846, acc: 0.5653, auc:0.5939 | Test loss: 0.6833, acc: 0.5799, auc:0.5930 
Train loss: 0.6992, acc: 0.6097 | Valid loss: 0.6902, acc: 0.5682, auc:0.5924 | Test loss: 0.6868, acc: 0.5762, auc:0.5933 
Train loss: 0.6978, acc: 0.6127 | Valid loss: 0.6841, acc: 0.5675, auc:0.5942 | Test loss: 0.6823, acc: 0.5777, auc:0.5963 
Train loss: 0.6949, acc: 0.6178 | Valid loss: 0.6856, acc: 0.5697, auc:0.5949 | Test loss: 0.6849, acc: 0.5813, auc:0.5932 
Train loss: 0.6952, acc: 0.6173 | Valid loss: 0.6855, acc: 0.5624, auc:0.5912 | Test loss: 0.6845, acc: 0.5791, auc:0.5923 
Train loss: 0.6927, acc: 0.6188 | Valid loss: 0.6861, acc: 0.5711, auc:0.5890 | Test loss: 0.6829, acc: 0.5799, auc:0.5956 
Train loss: 0.6912, acc: 0.6203 | Valid loss: 0.6924, acc: 0.5573, auc:0.5875 | Test loss: 0.6860, acc: 0.5675, auc:0.5938 
Train loss: 0.6917, acc: 0.6208 | Valid loss: 0.7001, acc: 0.5514, auc:0.5831 | Test loss: 0.6926, acc: 0.5704, auc:0.5923 
Train loss: 0.6878, acc: 0.6252 | Valid loss: 0.6884, acc: 0.5638, auc:0.5874 | Test loss: 0.6856, acc: 0.5791, auc:0.5917 
Train loss: 0.6856, acc: 0.6247 | Valid loss: 0.6913, acc: 0.5704, auc:0.5885 | Test loss: 0.6890, acc: 0.5689, auc:0.5937 
Train loss: 0.6851, acc: 0.6313 | Valid loss: 0.6930, acc: 0.5660, auc:0.5888 | Test loss: 0.6884, acc: 0.5857, auc:0.5950 
Train loss: 0.6800, acc: 0.6333 | Valid loss: 0.6992, acc: 0.5624, auc:0.5873 | Test loss: 0.6924, acc: 0.5857, auc:0.5943 
Train loss: 0.6778, acc: 0.6411 | Valid loss: 0.6942, acc: 0.5653, auc:0.5869 | Test loss: 0.6890, acc: 0.5821, auc:0.5940 
Early stopping
GNN training complete
ADJ produced
No.6 training in progress 
Train loss: 6.6251, acc: 0.5071 | Valid loss: 0.7005, acc: 0.4974, auc:0.5012 | Test loss: 0.7038, acc: 0.4770, auc:0.5352 
Train loss: 1.9760, acc: 0.5078 | Valid loss: 0.6920, acc: 0.5215, auc:0.5494 | Test loss: 0.6911, acc: 0.5609, auc:0.5828 
Train loss: 1.0489, acc: 0.5121 | Valid loss: 0.6915, acc: 0.5434, auc:0.5470 | Test loss: 0.6897, acc: 0.5470, auc:0.5811 
Train loss: 0.8750, acc: 0.5326 | Valid loss: 0.6912, acc: 0.5157, auc:0.5592 | Test loss: 0.6908, acc: 0.5485, auc:0.5831 
Train loss: 0.8280, acc: 0.5416 | Valid loss: 0.6895, acc: 0.5332, auc:0.5721 | Test loss: 0.6853, acc: 0.5405, auc:0.5870 
Train loss: 0.8066, acc: 0.5642 | Valid loss: 0.6857, acc: 0.5478, auc:0.5739 | Test loss: 0.6819, acc: 0.5485, auc:0.5874 
Train loss: 0.7990, acc: 0.5427 | Valid loss: 0.6883, acc: 0.5514, auc:0.5775 | Test loss: 0.6855, acc: 0.5434, auc:0.5841 
Train loss: 0.7840, acc: 0.5745 | Valid loss: 0.6885, acc: 0.5485, auc:0.5793 | Test loss: 0.6886, acc: 0.5456, auc:0.5853 
Train loss: 0.7760, acc: 0.5762 | Valid loss: 0.6847, acc: 0.5492, auc:0.5851 | Test loss: 0.6834, acc: 0.5594, auc:0.5933 
Train loss: 0.7701, acc: 0.5763 | Valid loss: 0.6846, acc: 0.5514, auc:0.5759 | Test loss: 0.6809, acc: 0.5573, auc:0.5901 
Train loss: 0.7625, acc: 0.5827 | Valid loss: 0.6846, acc: 0.5529, auc:0.5803 | Test loss: 0.6813, acc: 0.5507, auc:0.5924 
Train loss: 0.7553, acc: 0.5837 | Valid loss: 0.6870, acc: 0.5485, auc:0.5816 | Test loss: 0.6806, acc: 0.5638, auc:0.5941 
Train loss: 0.7492, acc: 0.5967 | Valid loss: 0.6865, acc: 0.5529, auc:0.5813 | Test loss: 0.6819, acc: 0.5573, auc:0.5867 
Train loss: 0.7444, acc: 0.5915 | Valid loss: 0.6827, acc: 0.5638, auc:0.5890 | Test loss: 0.6799, acc: 0.5551, auc:0.5924 
Train loss: 0.7401, acc: 0.5948 | Valid loss: 0.6849, acc: 0.5682, auc:0.5854 | Test loss: 0.6830, acc: 0.5522, auc:0.5890 
Train loss: 0.7370, acc: 0.5953 | Valid loss: 0.6859, acc: 0.5616, auc:0.5841 | Test loss: 0.6815, acc: 0.5616, auc:0.5914 
Train loss: 0.7327, acc: 0.6000 | Valid loss: 0.6834, acc: 0.5675, auc:0.5885 | Test loss: 0.6806, acc: 0.5653, auc:0.5950 
Train loss: 0.7342, acc: 0.5945 | Valid loss: 0.6911, acc: 0.5536, auc:0.5874 | Test loss: 0.6850, acc: 0.5602, auc:0.5896 
Train loss: 0.7303, acc: 0.5955 | Valid loss: 0.6855, acc: 0.5573, auc:0.5852 | Test loss: 0.6827, acc: 0.5631, auc:0.5930 
Train loss: 0.7249, acc: 0.6043 | Valid loss: 0.6839, acc: 0.5704, auc:0.5884 | Test loss: 0.6819, acc: 0.5704, auc:0.5932 
Train loss: 0.7224, acc: 0.6013 | Valid loss: 0.6870, acc: 0.5580, auc:0.5894 | Test loss: 0.6885, acc: 0.5492, auc:0.5857 
Train loss: 0.7201, acc: 0.6098 | Valid loss: 0.6838, acc: 0.5660, auc:0.5877 | Test loss: 0.6808, acc: 0.5573, auc:0.5928 
Train loss: 0.7177, acc: 0.6075 | Valid loss: 0.6849, acc: 0.5624, auc:0.5871 | Test loss: 0.6816, acc: 0.5565, auc:0.5926 
Train loss: 0.7156, acc: 0.6107 | Valid loss: 0.6855, acc: 0.5624, auc:0.5911 | Test loss: 0.6838, acc: 0.5536, auc:0.5898 
Train loss: 0.7141, acc: 0.6120 | Valid loss: 0.6893, acc: 0.5631, auc:0.5915 | Test loss: 0.6867, acc: 0.5507, auc:0.5909 
Train loss: 0.7120, acc: 0.6130 | Valid loss: 0.6815, acc: 0.5667, auc:0.5918 | Test loss: 0.6821, acc: 0.5638, auc:0.5888 
Train loss: 0.7149, acc: 0.5986 | Valid loss: 0.6844, acc: 0.5609, auc:0.5907 | Test loss: 0.6826, acc: 0.5565, auc:0.5903 
Train loss: 0.7051, acc: 0.6148 | Valid loss: 0.7011, acc: 0.5470, auc:0.5841 | Test loss: 0.6974, acc: 0.5463, auc:0.5907 
Train loss: 0.7082, acc: 0.6097 | Valid loss: 0.6855, acc: 0.5587, auc:0.5911 | Test loss: 0.6872, acc: 0.5587, auc:0.5864 
Train loss: 0.7040, acc: 0.6187 | Valid loss: 0.6867, acc: 0.5594, auc:0.5898 | Test loss: 0.6876, acc: 0.5558, auc:0.5890 
Train loss: 0.7016, acc: 0.6188 | Valid loss: 0.6835, acc: 0.5653, auc:0.5941 | Test loss: 0.6849, acc: 0.5631, auc:0.5872 
Train loss: 0.6992, acc: 0.6229 | Valid loss: 0.6919, acc: 0.5551, auc:0.5919 | Test loss: 0.6954, acc: 0.5441, auc:0.5865 
Train loss: 0.6997, acc: 0.6186 | Valid loss: 0.6829, acc: 0.5558, auc:0.5950 | Test loss: 0.6845, acc: 0.5565, auc:0.5848 
Train loss: 0.6946, acc: 0.6270 | Valid loss: 0.6877, acc: 0.5646, auc:0.5914 | Test loss: 0.6899, acc: 0.5558, auc:0.5864 
Train loss: 0.6937, acc: 0.6222 | Valid loss: 0.6834, acc: 0.5718, auc:0.5994 | Test loss: 0.6868, acc: 0.5587, auc:0.5857 
Train loss: 0.6899, acc: 0.6298 | Valid loss: 0.6849, acc: 0.5762, auc:0.5919 | Test loss: 0.6854, acc: 0.5624, auc:0.5876 
Train loss: 0.6864, acc: 0.6349 | Valid loss: 0.6880, acc: 0.5638, auc:0.5900 | Test loss: 0.6885, acc: 0.5631, auc:0.5882 
Train loss: 0.6869, acc: 0.6322 | Valid loss: 0.6882, acc: 0.5529, auc:0.5926 | Test loss: 0.6949, acc: 0.5543, auc:0.5774 
Train loss: 0.6851, acc: 0.6338 | Valid loss: 0.6953, acc: 0.5470, auc:0.5968 | Test loss: 0.6968, acc: 0.5536, auc:0.5826 
Train loss: 0.6828, acc: 0.6368 | Valid loss: 0.6882, acc: 0.5718, auc:0.5941 | Test loss: 0.6918, acc: 0.5624, auc:0.5845 
Train loss: 0.6735, acc: 0.6537 | Valid loss: 0.6878, acc: 0.5682, auc:0.5954 | Test loss: 0.6945, acc: 0.5514, auc:0.5798 
Train loss: 0.6691, acc: 0.6578 | Valid loss: 0.6939, acc: 0.5791, auc:0.5922 | Test loss: 0.6989, acc: 0.5456, auc:0.5803 
Train loss: 0.6608, acc: 0.6713 | Valid loss: 0.6952, acc: 0.5733, auc:0.5937 | Test loss: 0.6975, acc: 0.5543, auc:0.5852 
Train loss: 0.6565, acc: 0.6774 | Valid loss: 0.6958, acc: 0.5777, auc:0.5947 | Test loss: 0.7008, acc: 0.5580, auc:0.5827 
Train loss: 0.6458, acc: 0.6925 | Valid loss: 0.7054, acc: 0.5653, auc:0.5945 | Test loss: 0.7155, acc: 0.5573, auc:0.5723 
Train loss: 0.6427, acc: 0.6958 | Valid loss: 0.7063, acc: 0.5711, auc:0.5928 | Test loss: 0.7139, acc: 0.5456, auc:0.5754 
Train loss: 0.6282, acc: 0.7114 | Valid loss: 0.7128, acc: 0.5740, auc:0.5864 | Test loss: 0.7180, acc: 0.5507, auc:0.5742 
Train loss: 0.6190, acc: 0.7239 | Valid loss: 0.7143, acc: 0.5704, auc:0.5903 | Test loss: 0.7272, acc: 0.5281, auc:0.5670 
Train loss: 0.6061, acc: 0.7375 | Valid loss: 0.7276, acc: 0.5653, auc:0.5858 | Test loss: 0.7327, acc: 0.5456, auc:0.5731 
GNN training complete
ADJ produced
No.7 training in progress 
Train loss: 6.5397, acc: 0.5043 | Valid loss: 0.6947, acc: 0.4785, auc:0.5170 | Test loss: 0.6942, acc: 0.4850, auc:0.5318 
Train loss: 1.8923, acc: 0.5086 | Valid loss: 0.6996, acc: 0.4792, auc:0.5564 | Test loss: 0.6993, acc: 0.4836, auc:0.5217 
Train loss: 1.0190, acc: 0.5074 | Valid loss: 0.6914, acc: 0.5419, auc:0.5642 | Test loss: 0.6916, acc: 0.5310, auc:0.5663 
Train loss: 0.8626, acc: 0.5304 | Valid loss: 0.6920, acc: 0.5033, auc:0.5835 | Test loss: 0.6924, acc: 0.4989, auc:0.5609 
Train loss: 0.8215, acc: 0.5406 | Valid loss: 0.6869, acc: 0.5405, auc:0.5758 | Test loss: 0.6886, acc: 0.5325, auc:0.5715 
Train loss: 0.8022, acc: 0.5599 | Valid loss: 0.6874, acc: 0.5449, auc:0.5624 | Test loss: 0.6888, acc: 0.5288, auc:0.5662 
Train loss: 0.7902, acc: 0.5627 | Valid loss: 0.6802, acc: 0.5704, auc:0.5933 | Test loss: 0.6823, acc: 0.5653, auc:0.5881 
Train loss: 0.7774, acc: 0.5786 | Valid loss: 0.6977, acc: 0.5193, auc:0.5854 | Test loss: 0.6978, acc: 0.5237, auc:0.5788 
Train loss: 0.7719, acc: 0.5760 | Valid loss: 0.6773, acc: 0.5806, auc:0.6010 | Test loss: 0.6830, acc: 0.5609, auc:0.5833 
Train loss: 0.7623, acc: 0.5779 | Valid loss: 0.6799, acc: 0.5675, auc:0.6066 | Test loss: 0.6865, acc: 0.5536, auc:0.5818 
Train loss: 0.7545, acc: 0.5866 | Valid loss: 0.6836, acc: 0.5660, auc:0.5981 | Test loss: 0.6887, acc: 0.5551, auc:0.5827 
Train loss: 0.7479, acc: 0.5915 | Valid loss: 0.6788, acc: 0.5653, auc:0.5966 | Test loss: 0.6828, acc: 0.5602, auc:0.5867 
Train loss: 0.7441, acc: 0.5895 | Valid loss: 0.6784, acc: 0.5689, auc:0.5964 | Test loss: 0.6814, acc: 0.5682, auc:0.5885 
Train loss: 0.7396, acc: 0.5951 | Valid loss: 0.6808, acc: 0.5689, auc:0.5974 | Test loss: 0.6846, acc: 0.5667, auc:0.5862 
Train loss: 0.7338, acc: 0.5987 | Valid loss: 0.6790, acc: 0.5689, auc:0.6020 | Test loss: 0.6849, acc: 0.5660, auc:0.5842 
Train loss: 0.7309, acc: 0.5957 | Valid loss: 0.6868, acc: 0.5638, auc:0.5998 | Test loss: 0.6906, acc: 0.5616, auc:0.5874 
Train loss: 0.7305, acc: 0.5962 | Valid loss: 0.6806, acc: 0.5682, auc:0.5942 | Test loss: 0.6849, acc: 0.5667, auc:0.5866 
Train loss: 0.7240, acc: 0.6000 | Valid loss: 0.6991, acc: 0.5419, auc:0.5788 | Test loss: 0.6964, acc: 0.5354, auc:0.5829 
Train loss: 0.7250, acc: 0.5931 | Valid loss: 0.6821, acc: 0.5558, auc:0.5885 | Test loss: 0.6847, acc: 0.5609, auc:0.5871 
Train loss: 0.7179, acc: 0.6052 | Valid loss: 0.6789, acc: 0.5733, auc:0.5988 | Test loss: 0.6833, acc: 0.5682, auc:0.5898 
Train loss: 0.7172, acc: 0.6018 | Valid loss: 0.6801, acc: 0.5740, auc:0.5949 | Test loss: 0.6837, acc: 0.5726, auc:0.5886 
Train loss: 0.7134, acc: 0.6050 | Valid loss: 0.6822, acc: 0.5631, auc:0.5955 | Test loss: 0.6849, acc: 0.5667, auc:0.5871 
Train loss: 0.7117, acc: 0.6026 | Valid loss: 0.6868, acc: 0.5522, auc:0.5860 | Test loss: 0.6877, acc: 0.5587, auc:0.5830 
Train loss: 0.7106, acc: 0.6037 | Valid loss: 0.6818, acc: 0.5675, auc:0.5907 | Test loss: 0.6838, acc: 0.5718, auc:0.5878 
Train loss: 0.7067, acc: 0.6107 | Valid loss: 0.6842, acc: 0.5660, auc:0.5892 | Test loss: 0.6849, acc: 0.5624, auc:0.5867 
Train loss: 0.7049, acc: 0.6099 | Valid loss: 0.6847, acc: 0.5624, auc:0.5883 | Test loss: 0.6856, acc: 0.5711, auc:0.5849 
Train loss: 0.7034, acc: 0.6126 | Valid loss: 0.6934, acc: 0.5551, auc:0.5885 | Test loss: 0.6933, acc: 0.5485, auc:0.5843 
Train loss: 0.7027, acc: 0.6122 | Valid loss: 0.6860, acc: 0.5726, auc:0.5919 | Test loss: 0.6873, acc: 0.5755, auc:0.5877 
Train loss: 0.6981, acc: 0.6145 | Valid loss: 0.6821, acc: 0.5675, auc:0.5958 | Test loss: 0.6850, acc: 0.5718, auc:0.5904 
Train loss: 0.6968, acc: 0.6184 | Valid loss: 0.6907, acc: 0.5492, auc:0.5851 | Test loss: 0.6911, acc: 0.5594, auc:0.5824 
Train loss: 0.6931, acc: 0.6252 | Valid loss: 0.6840, acc: 0.5718, auc:0.5937 | Test loss: 0.6894, acc: 0.5638, auc:0.5816 
Train loss: 0.6915, acc: 0.6243 | Valid loss: 0.6870, acc: 0.5609, auc:0.5838 | Test loss: 0.6890, acc: 0.5675, auc:0.5826 
Train loss: 0.6897, acc: 0.6249 | Valid loss: 0.6900, acc: 0.5580, auc:0.5905 | Test loss: 0.6908, acc: 0.5667, auc:0.5861 
Train loss: 0.6842, acc: 0.6359 | Valid loss: 0.7069, acc: 0.5514, auc:0.5819 | Test loss: 0.7041, acc: 0.5522, auc:0.5809 
Train loss: 0.6814, acc: 0.6396 | Valid loss: 0.6922, acc: 0.5551, auc:0.5825 | Test loss: 0.6939, acc: 0.5667, auc:0.5829 
Train loss: 0.6767, acc: 0.6465 | Valid loss: 0.6930, acc: 0.5565, auc:0.5814 | Test loss: 0.6938, acc: 0.5587, auc:0.5807 
Train loss: 0.6709, acc: 0.6531 | Valid loss: 0.6891, acc: 0.5638, auc:0.5915 | Test loss: 0.6925, acc: 0.5565, auc:0.5852 
Train loss: 0.6710, acc: 0.6584 | Valid loss: 0.7092, acc: 0.5558, auc:0.5785 | Test loss: 0.7149, acc: 0.5492, auc:0.5796 
Early stopping
GNN training complete
ADJ produced
No.8 training in progress 
Train loss: 6.6571, acc: 0.5083 | Valid loss: 0.6995, acc: 0.4778, auc:0.5401 | Test loss: 0.6931, acc: 0.5142, auc:0.5406 
Train loss: 2.0152, acc: 0.4992 | Valid loss: 0.6906, acc: 0.5222, auc:0.5710 | Test loss: 0.6943, acc: 0.4865, auc:0.5649 
Train loss: 1.0800, acc: 0.5171 | Valid loss: 0.6918, acc: 0.5106, auc:0.5665 | Test loss: 0.6894, acc: 0.5463, auc:0.5865 
Train loss: 0.8997, acc: 0.5182 | Valid loss: 0.6899, acc: 0.5522, auc:0.5713 | Test loss: 0.6906, acc: 0.5383, auc:0.5841 
Train loss: 0.8462, acc: 0.5309 | Valid loss: 0.6880, acc: 0.5492, auc:0.5834 | Test loss: 0.6862, acc: 0.5609, auc:0.5993 
Train loss: 0.8222, acc: 0.5503 | Valid loss: 0.6827, acc: 0.5573, auc:0.5876 | Test loss: 0.6861, acc: 0.5543, auc:0.5991 
Train loss: 0.8077, acc: 0.5562 | Valid loss: 0.6914, acc: 0.5230, auc:0.5893 | Test loss: 0.6847, acc: 0.5478, auc:0.5993 
Train loss: 0.7945, acc: 0.5677 | Valid loss: 0.6794, acc: 0.5594, auc:0.5897 | Test loss: 0.6802, acc: 0.5733, auc:0.6000 
Train loss: 0.7838, acc: 0.5745 | Valid loss: 0.6881, acc: 0.5419, auc:0.5910 | Test loss: 0.6801, acc: 0.5646, auc:0.6059 
Train loss: 0.7866, acc: 0.5507 | Valid loss: 0.6849, acc: 0.5522, auc:0.5924 | Test loss: 0.6939, acc: 0.5171, auc:0.6048 
Train loss: 0.7728, acc: 0.5721 | Valid loss: 0.6776, acc: 0.5580, auc:0.5957 | Test loss: 0.6810, acc: 0.5667, auc:0.6085 
Train loss: 0.7679, acc: 0.5771 | Valid loss: 0.6783, acc: 0.5580, auc:0.5922 | Test loss: 0.6797, acc: 0.5748, auc:0.6051 
Train loss: 0.7618, acc: 0.5838 | Valid loss: 0.6781, acc: 0.5740, auc:0.5981 | Test loss: 0.6764, acc: 0.5799, auc:0.6095 
Train loss: 0.7550, acc: 0.5908 | Valid loss: 0.6777, acc: 0.5660, auc:0.5962 | Test loss: 0.6790, acc: 0.5653, auc:0.6005 
Train loss: 0.7486, acc: 0.5948 | Valid loss: 0.6789, acc: 0.5609, auc:0.5920 | Test loss: 0.6771, acc: 0.5799, auc:0.6057 
Train loss: 0.7452, acc: 0.5891 | Valid loss: 0.7090, acc: 0.5164, auc:0.5961 | Test loss: 0.6914, acc: 0.5354, auc:0.6116 
Train loss: 0.7477, acc: 0.5797 | Valid loss: 0.6777, acc: 0.5675, auc:0.5999 | Test loss: 0.6749, acc: 0.5806, auc:0.6106 
Train loss: 0.7388, acc: 0.5962 | Valid loss: 0.6831, acc: 0.5624, auc:0.5989 | Test loss: 0.6757, acc: 0.5821, auc:0.6120 
Train loss: 0.7347, acc: 0.6008 | Valid loss: 0.6785, acc: 0.5718, auc:0.5993 | Test loss: 0.6755, acc: 0.5842, auc:0.6102 
Train loss: 0.7365, acc: 0.5867 | Valid loss: 0.6785, acc: 0.5565, auc:0.5954 | Test loss: 0.6806, acc: 0.5646, auc:0.6088 
Train loss: 0.7281, acc: 0.6067 | Valid loss: 0.6859, acc: 0.5573, auc:0.5965 | Test loss: 0.6804, acc: 0.5638, auc:0.6046 
Train loss: 0.7268, acc: 0.6033 | Valid loss: 0.6802, acc: 0.5638, auc:0.5959 | Test loss: 0.6758, acc: 0.5799, auc:0.6095 
Train loss: 0.7245, acc: 0.6042 | Valid loss: 0.6798, acc: 0.5631, auc:0.5972 | Test loss: 0.6763, acc: 0.5894, auc:0.6126 
Train loss: 0.7223, acc: 0.6082 | Valid loss: 0.6799, acc: 0.5653, auc:0.5960 | Test loss: 0.6764, acc: 0.5864, auc:0.6124 
Train loss: 0.7197, acc: 0.6122 | Valid loss: 0.6804, acc: 0.5660, auc:0.5965 | Test loss: 0.6847, acc: 0.5675, auc:0.5995 
Train loss: 0.7220, acc: 0.5940 | Valid loss: 0.6772, acc: 0.5646, auc:0.5981 | Test loss: 0.6769, acc: 0.5872, auc:0.6095 
Train loss: 0.7158, acc: 0.6087 | Valid loss: 0.6824, acc: 0.5624, auc:0.5945 | Test loss: 0.6820, acc: 0.5748, auc:0.5984 
Train loss: 0.7128, acc: 0.6115 | Valid loss: 0.6803, acc: 0.5536, auc:0.5965 | Test loss: 0.6810, acc: 0.5711, auc:0.6083 
Train loss: 0.7132, acc: 0.6089 | Valid loss: 0.6796, acc: 0.5646, auc:0.5984 | Test loss: 0.6803, acc: 0.5806, auc:0.6051 
Train loss: 0.7082, acc: 0.6149 | Valid loss: 0.6819, acc: 0.5616, auc:0.5962 | Test loss: 0.6836, acc: 0.5704, auc:0.6068 
Train loss: 0.7062, acc: 0.6189 | Valid loss: 0.6809, acc: 0.5653, auc:0.5947 | Test loss: 0.6859, acc: 0.5609, auc:0.5916 
Train loss: 0.7063, acc: 0.6148 | Valid loss: 0.6817, acc: 0.5646, auc:0.5965 | Test loss: 0.6874, acc: 0.5594, auc:0.5984 
Train loss: 0.7047, acc: 0.6148 | Valid loss: 0.6807, acc: 0.5587, auc:0.5941 | Test loss: 0.6834, acc: 0.5762, auc:0.5985 
Train loss: 0.7048, acc: 0.6107 | Valid loss: 0.6874, acc: 0.5616, auc:0.5923 | Test loss: 0.6801, acc: 0.5638, auc:0.6021 
Train loss: 0.7034, acc: 0.6120 | Valid loss: 0.6834, acc: 0.5609, auc:0.5943 | Test loss: 0.6792, acc: 0.5748, auc:0.6023 
Train loss: 0.6995, acc: 0.6210 | Valid loss: 0.6824, acc: 0.5602, auc:0.5924 | Test loss: 0.6845, acc: 0.5718, auc:0.5995 
Train loss: 0.6940, acc: 0.6313 | Valid loss: 0.6846, acc: 0.5580, auc:0.5924 | Test loss: 0.6888, acc: 0.5646, auc:0.5915 
Train loss: 0.6922, acc: 0.6301 | Valid loss: 0.6859, acc: 0.5529, auc:0.5931 | Test loss: 0.6880, acc: 0.5697, auc:0.6009 
Train loss: 0.6917, acc: 0.6294 | Valid loss: 0.6892, acc: 0.5646, auc:0.5925 | Test loss: 0.6833, acc: 0.5631, auc:0.5963 
Train loss: 0.6895, acc: 0.6328 | Valid loss: 0.6863, acc: 0.5624, auc:0.5914 | Test loss: 0.6873, acc: 0.5711, auc:0.5885 
Train loss: 0.6852, acc: 0.6413 | Valid loss: 0.6874, acc: 0.5522, auc:0.5911 | Test loss: 0.6900, acc: 0.5748, auc:0.5982 
Train loss: 0.6811, acc: 0.6452 | Valid loss: 0.6861, acc: 0.5638, auc:0.5911 | Test loss: 0.6845, acc: 0.5646, auc:0.5949 
Train loss: 0.6760, acc: 0.6543 | Valid loss: 0.6977, acc: 0.5558, auc:0.5862 | Test loss: 0.6889, acc: 0.5704, auc:0.5944 
Train loss: 0.6718, acc: 0.6596 | Valid loss: 0.6934, acc: 0.5609, auc:0.5886 | Test loss: 0.6891, acc: 0.5587, auc:0.5930 
Train loss: 0.6697, acc: 0.6589 | Valid loss: 0.7021, acc: 0.5653, auc:0.5878 | Test loss: 0.6936, acc: 0.5580, auc:0.5917 
Train loss: 0.6618, acc: 0.6761 | Valid loss: 0.7043, acc: 0.5536, auc:0.5872 | Test loss: 0.6970, acc: 0.5543, auc:0.5896 
Train loss: 0.6572, acc: 0.6789 | Valid loss: 0.7041, acc: 0.5594, auc:0.5848 | Test loss: 0.7027, acc: 0.5419, auc:0.5822 
Train loss: 0.6486, acc: 0.6928 | Valid loss: 0.6999, acc: 0.5529, auc:0.5843 | Test loss: 0.7024, acc: 0.5587, auc:0.5829 
Train loss: 0.6437, acc: 0.6993 | Valid loss: 0.7108, acc: 0.5500, auc:0.5767 | Test loss: 0.7204, acc: 0.5485, auc:0.5699 
GNN training complete
ADJ produced
No.9 training in progress 
Train loss: 6.4985, acc: 0.5110 | Valid loss: 0.6908, acc: 0.5346, auc:0.5557 | Test loss: 0.7012, acc: 0.5018, auc:0.5329 
Train loss: 1.8599, acc: 0.5152 | Valid loss: 0.6907, acc: 0.5325, auc:0.5355 | Test loss: 0.6912, acc: 0.5193, auc:0.5461 
Train loss: 1.0060, acc: 0.5240 | Valid loss: 0.7040, acc: 0.4668, auc:0.5498 | Test loss: 0.6970, acc: 0.4996, auc:0.5459 
Train loss: 0.8590, acc: 0.5292 | Valid loss: 0.6892, acc: 0.5368, auc:0.5457 | Test loss: 0.6915, acc: 0.5077, auc:0.5436 
Train loss: 0.8187, acc: 0.5468 | Valid loss: 0.6900, acc: 0.5317, auc:0.5639 | Test loss: 0.6902, acc: 0.5470, auc:0.5468 
Train loss: 0.7961, acc: 0.5717 | Valid loss: 0.6826, acc: 0.5660, auc:0.5726 | Test loss: 0.6927, acc: 0.5288, auc:0.5426 
Train loss: 0.7831, acc: 0.5807 | Valid loss: 0.6857, acc: 0.5500, auc:0.5713 | Test loss: 0.6928, acc: 0.5237, auc:0.5459 
Train loss: 0.7711, acc: 0.5914 | Valid loss: 0.6908, acc: 0.5514, auc:0.5770 | Test loss: 0.6966, acc: 0.5405, auc:0.5501 
Train loss: 0.7650, acc: 0.5902 | Valid loss: 0.6872, acc: 0.5522, auc:0.5732 | Test loss: 0.7044, acc: 0.5120, auc:0.5525 
Train loss: 0.7582, acc: 0.5841 | Valid loss: 0.6828, acc: 0.5551, auc:0.5792 | Test loss: 0.6971, acc: 0.5346, auc:0.5481 
Train loss: 0.7490, acc: 0.6015 | Valid loss: 0.6836, acc: 0.5565, auc:0.5795 | Test loss: 0.7003, acc: 0.5325, auc:0.5449 
Train loss: 0.7461, acc: 0.5946 | Valid loss: 0.6854, acc: 0.5492, auc:0.5704 | Test loss: 0.6971, acc: 0.5274, auc:0.5561 
Train loss: 0.7416, acc: 0.5976 | Valid loss: 0.6858, acc: 0.5485, auc:0.5782 | Test loss: 0.6954, acc: 0.5441, auc:0.5523 
Train loss: 0.7344, acc: 0.6068 | Valid loss: 0.6893, acc: 0.5543, auc:0.5755 | Test loss: 0.6986, acc: 0.5419, auc:0.5528 
Train loss: 0.7291, acc: 0.6091 | Valid loss: 0.6839, acc: 0.5638, auc:0.5796 | Test loss: 0.7029, acc: 0.5288, auc:0.5506 
Train loss: 0.7293, acc: 0.6029 | Valid loss: 0.6883, acc: 0.5507, auc:0.5782 | Test loss: 0.6988, acc: 0.5354, auc:0.5523 
Train loss: 0.7233, acc: 0.6072 | Valid loss: 0.6991, acc: 0.5427, auc:0.5772 | Test loss: 0.7016, acc: 0.5470, auc:0.5574 
Train loss: 0.7202, acc: 0.6076 | Valid loss: 0.7014, acc: 0.5383, auc:0.5814 | Test loss: 0.7058, acc: 0.5361, auc:0.5517 
Train loss: 0.7182, acc: 0.6034 | Valid loss: 0.6886, acc: 0.5580, auc:0.5711 | Test loss: 0.7024, acc: 0.5376, auc:0.5526 
Train loss: 0.7140, acc: 0.6125 | Valid loss: 0.6896, acc: 0.5405, auc:0.5734 | Test loss: 0.6998, acc: 0.5427, auc:0.5551 
Train loss: 0.7108, acc: 0.6177 | Valid loss: 0.6850, acc: 0.5587, auc:0.5804 | Test loss: 0.7010, acc: 0.5376, auc:0.5519 
Train loss: 0.7106, acc: 0.6140 | Valid loss: 0.6931, acc: 0.5594, auc:0.5803 | Test loss: 0.7010, acc: 0.5427, auc:0.5543 
Train loss: 0.7072, acc: 0.6125 | Valid loss: 0.6893, acc: 0.5573, auc:0.5800 | Test loss: 0.7036, acc: 0.5412, auc:0.5557 
Train loss: 0.7038, acc: 0.6186 | Valid loss: 0.6893, acc: 0.5522, auc:0.5751 | Test loss: 0.7057, acc: 0.5383, auc:0.5575 
Train loss: 0.7011, acc: 0.6217 | Valid loss: 0.6902, acc: 0.5653, auc:0.5771 | Test loss: 0.7067, acc: 0.5441, auc:0.5563 
Train loss: 0.6998, acc: 0.6231 | Valid loss: 0.6944, acc: 0.5507, auc:0.5744 | Test loss: 0.7016, acc: 0.5383, auc:0.5550 
Train loss: 0.6980, acc: 0.6254 | Valid loss: 0.6974, acc: 0.5456, auc:0.5711 | Test loss: 0.7011, acc: 0.5427, auc:0.5565 
Train loss: 0.6949, acc: 0.6303 | Valid loss: 0.6963, acc: 0.5507, auc:0.5687 | Test loss: 0.7013, acc: 0.5470, auc:0.5618 
Train loss: 0.6928, acc: 0.6238 | Valid loss: 0.6927, acc: 0.5463, auc:0.5719 | Test loss: 0.7051, acc: 0.5398, auc:0.5576 
Train loss: 0.6883, acc: 0.6348 | Valid loss: 0.6978, acc: 0.5543, auc:0.5794 | Test loss: 0.7079, acc: 0.5492, auc:0.5586 
Train loss: 0.6865, acc: 0.6367 | Valid loss: 0.6917, acc: 0.5565, auc:0.5763 | Test loss: 0.7050, acc: 0.5398, auc:0.5631 
Train loss: 0.6855, acc: 0.6405 | Valid loss: 0.7001, acc: 0.5507, auc:0.5792 | Test loss: 0.7072, acc: 0.5405, auc:0.5579 
Train loss: 0.6800, acc: 0.6480 | Valid loss: 0.6964, acc: 0.5631, auc:0.5808 | Test loss: 0.7082, acc: 0.5529, auc:0.5607 
Train loss: 0.6742, acc: 0.6608 | Valid loss: 0.7024, acc: 0.5587, auc:0.5801 | Test loss: 0.7133, acc: 0.5419, auc:0.5595 
Train loss: 0.6675, acc: 0.6672 | Valid loss: 0.6989, acc: 0.5609, auc:0.5764 | Test loss: 0.7111, acc: 0.5463, auc:0.5596 
Early stopping
GNN training complete
ADJ produced
