No.0 training in progress 
Train loss: 1.2359, acc: 0.5046 | Valid loss: 0.6937, acc: 0.4945, auc:0.4961 | Test loss: 0.6932, acc: 0.5062, auc:0.4996 
Train loss: 0.9360, acc: 0.5024 | Valid loss: 0.6933, acc: 0.4945, auc:0.4985 | Test loss: 0.6931, acc: 0.5062, auc:0.4993 
Train loss: 0.8684, acc: 0.4948 | Valid loss: 0.7137, acc: 0.4945, auc:0.4902 | Test loss: 0.7091, acc: 0.5062, auc:0.5072 
Train loss: 0.8303, acc: 0.4973 | Valid loss: 0.6935, acc: 0.4945, auc:0.5007 | Test loss: 0.6931, acc: 0.5062, auc:0.5000 
Train loss: 0.8056, acc: 0.5140 | Valid loss: 0.6933, acc: 0.4945, auc:0.5000 | Test loss: 0.6931, acc: 0.5062, auc:0.5000 
Train loss: 0.7903, acc: 0.5099 | Valid loss: 0.6938, acc: 0.5055, auc:0.4983 | Test loss: 0.6950, acc: 0.4938, auc:0.4974 
Train loss: 0.7806, acc: 0.5061 | Valid loss: 0.6939, acc: 0.5055, auc:0.4936 | Test loss: 0.6951, acc: 0.4938, auc:0.4973 
Train loss: 0.7703, acc: 0.5013 | Valid loss: 0.6938, acc: 0.4945, auc:0.4960 | Test loss: 0.6932, acc: 0.5062, auc:0.4982 
Train loss: 0.7643, acc: 0.5028 | Valid loss: 0.6948, acc: 0.4945, auc:0.5001 | Test loss: 0.6937, acc: 0.5062, auc:0.5011 
Train loss: 0.7573, acc: 0.5006 | Valid loss: 0.6989, acc: 0.4945, auc:0.4986 | Test loss: 0.6965, acc: 0.5062, auc:0.4983 
Train loss: 0.7518, acc: 0.5017 | Valid loss: 0.6933, acc: 0.4945, auc:0.5000 | Test loss: 0.6931, acc: 0.5062, auc:0.5000 
Train loss: 0.7458, acc: 0.5110 | Valid loss: 0.6956, acc: 0.4945, auc:0.4958 | Test loss: 0.6942, acc: 0.5062, auc:0.5041 
Train loss: 0.7415, acc: 0.5064 | Valid loss: 0.6931, acc: 0.5055, auc:0.5000 | Test loss: 0.6932, acc: 0.4938, auc:0.5000 
Train loss: 0.7383, acc: 0.5054 | Valid loss: 0.6938, acc: 0.4945, auc:0.4911 | Test loss: 0.6932, acc: 0.5062, auc:0.5009 
Train loss: 0.7351, acc: 0.5124 | Valid loss: 0.6932, acc: 0.4945, auc:0.5000 | Test loss: 0.6931, acc: 0.5062, auc:0.5000 
Train loss: 0.7322, acc: 0.5114 | Valid loss: 0.6935, acc: 0.4945, auc:0.5000 | Test loss: 0.6931, acc: 0.5062, auc:0.5000 
Train loss: 0.7294, acc: 0.5132 | Valid loss: 0.6933, acc: 0.4945, auc:0.5000 | Test loss: 0.6931, acc: 0.5062, auc:0.5000 
Train loss: 0.7271, acc: 0.5132 | Valid loss: 0.6935, acc: 0.4945, auc:0.5000 | Test loss: 0.6931, acc: 0.5062, auc:0.5000 
Train loss: 0.7250, acc: 0.5132 | Valid loss: 0.6935, acc: 0.4945, auc:0.5000 | Test loss: 0.6931, acc: 0.5062, auc:0.5000 
Train loss: 0.7234, acc: 0.5132 | Valid loss: 0.6936, acc: 0.4945, auc:0.5000 | Test loss: 0.6931, acc: 0.5062, auc:0.5000 
Train loss: 0.7218, acc: 0.5132 | Valid loss: 0.6942, acc: 0.4945, auc:0.4938 | Test loss: 0.6933, acc: 0.5062, auc:0.5025 
Train loss: 0.7204, acc: 0.5132 | Valid loss: 0.6936, acc: 0.4945, auc:0.5000 | Test loss: 0.6931, acc: 0.5062, auc:0.5000 
Train loss: 0.7191, acc: 0.5132 | Valid loss: 0.6937, acc: 0.4945, auc:0.5000 | Test loss: 0.6931, acc: 0.5062, auc:0.5000 
Train loss: 0.7178, acc: 0.5138 | Valid loss: 0.6931, acc: 0.5062, auc:0.5000 | Test loss: 0.6932, acc: 0.5055, auc:0.5000 
Train loss: 0.7170, acc: 0.5075 | Valid loss: 0.6935, acc: 0.4945, auc:0.5000 | Test loss: 0.6931, acc: 0.5062, auc:0.5000 
Train loss: 0.7157, acc: 0.5132 | Valid loss: 0.6936, acc: 0.4945, auc:0.5000 | Test loss: 0.6931, acc: 0.5062, auc:0.5000 
Train loss: 0.7147, acc: 0.5132 | Valid loss: 0.6935, acc: 0.4945, auc:0.5000 | Test loss: 0.6931, acc: 0.5062, auc:0.5000 
Train loss: 0.7139, acc: 0.5132 | Valid loss: 0.6937, acc: 0.4945, auc:0.5000 | Test loss: 0.6932, acc: 0.5062, auc:0.5000 
Train loss: 0.7130, acc: 0.5132 | Valid loss: 0.6939, acc: 0.4945, auc:0.5000 | Test loss: 0.6932, acc: 0.5062, auc:0.5000 
Train loss: 0.7122, acc: 0.5132 | Valid loss: 0.6938, acc: 0.4945, auc:0.5000 | Test loss: 0.6932, acc: 0.5062, auc:0.5000 
Train loss: 0.7114, acc: 0.5132 | Valid loss: 0.6939, acc: 0.4945, auc:0.5000 | Test loss: 0.6932, acc: 0.5062, auc:0.5000 
Train loss: 0.7107, acc: 0.5132 | Valid loss: 0.6937, acc: 0.4945, auc:0.5000 | Test loss: 0.6931, acc: 0.5062, auc:0.5000 
Train loss: 0.7100, acc: 0.5132 | Valid loss: 0.6938, acc: 0.4945, auc:0.5000 | Test loss: 0.6932, acc: 0.5062, auc:0.5000 
Train loss: 0.7094, acc: 0.5132 | Valid loss: 0.6937, acc: 0.4945, auc:0.5000 | Test loss: 0.6931, acc: 0.5062, auc:0.5000 
Train loss: 0.7088, acc: 0.5132 | Valid loss: 0.6938, acc: 0.4945, auc:0.5000 | Test loss: 0.6932, acc: 0.5062, auc:0.5000 
Train loss: 0.7082, acc: 0.5132 | Valid loss: 0.6938, acc: 0.4945, auc:0.5000 | Test loss: 0.6932, acc: 0.5062, auc:0.5000 
Train loss: 0.7076, acc: 0.5132 | Valid loss: 0.6937, acc: 0.4945, auc:0.5000 | Test loss: 0.6931, acc: 0.5062, auc:0.5000 
Train loss: 0.7071, acc: 0.5132 | Valid loss: 0.6938, acc: 0.4945, auc:0.5000 | Test loss: 0.6932, acc: 0.5062, auc:0.5000 
Train loss: 0.7066, acc: 0.5132 | Valid loss: 0.6937, acc: 0.4945, auc:0.5000 | Test loss: 0.6932, acc: 0.5062, auc:0.5000 
Train loss: 0.7061, acc: 0.5132 | Valid loss: 0.6937, acc: 0.4945, auc:0.5000 | Test loss: 0.6932, acc: 0.5062, auc:0.5000 
Train loss: 0.7056, acc: 0.5132 | Valid loss: 0.6937, acc: 0.4945, auc:0.5000 | Test loss: 0.6931, acc: 0.5062, auc:0.5000 
Train loss: 0.7052, acc: 0.5132 | Valid loss: 0.6938, acc: 0.4945, auc:0.5000 | Test loss: 0.6932, acc: 0.5062, auc:0.5000 
Early stopping
GNN training complete
ADJ produced
No.1 training in progress 
Train loss: 2.3448, acc: 0.5002 | Valid loss: 0.6930, acc: 0.5106, auc:0.5163 | Test loss: 0.6935, acc: 0.4909, auc:0.4932 
Train loss: 1.3152, acc: 0.5025 | Valid loss: 0.7028, acc: 0.4982, auc:0.5204 | Test loss: 0.7028, acc: 0.4938, auc:0.5373 
Train loss: 1.1335, acc: 0.5243 | Valid loss: 0.6976, acc: 0.4989, auc:0.5273 | Test loss: 0.6976, acc: 0.4953, auc:0.5451 
Train loss: 1.0222, acc: 0.5269 | Valid loss: 0.6911, acc: 0.5266, auc:0.5495 | Test loss: 0.6904, acc: 0.5274, auc:0.5545 
Train loss: 0.9476, acc: 0.5360 | Valid loss: 0.6891, acc: 0.5346, auc:0.5594 | Test loss: 0.6899, acc: 0.5368, auc:0.5535 
Train loss: 0.9011, acc: 0.5392 | Valid loss: 0.6903, acc: 0.5281, auc:0.5612 | Test loss: 0.6899, acc: 0.5215, auc:0.5679 
Train loss: 0.8643, acc: 0.5506 | Valid loss: 0.6877, acc: 0.5441, auc:0.5634 | Test loss: 0.6874, acc: 0.5573, auc:0.5653 
Train loss: 0.8363, acc: 0.5615 | Valid loss: 0.6873, acc: 0.5376, auc:0.5621 | Test loss: 0.6855, acc: 0.5551, auc:0.5757 
Train loss: 0.8178, acc: 0.5641 | Valid loss: 0.6888, acc: 0.5383, auc:0.5590 | Test loss: 0.6863, acc: 0.5551, auc:0.5717 
Train loss: 0.8039, acc: 0.5613 | Valid loss: 0.6851, acc: 0.5449, auc:0.5744 | Test loss: 0.6872, acc: 0.5317, auc:0.5672 
Train loss: 0.7876, acc: 0.5709 | Valid loss: 0.6870, acc: 0.5398, auc:0.5614 | Test loss: 0.6847, acc: 0.5573, auc:0.5778 
Train loss: 0.7784, acc: 0.5666 | Valid loss: 0.6856, acc: 0.5354, auc:0.5658 | Test loss: 0.6861, acc: 0.5303, auc:0.5719 
Train loss: 0.7703, acc: 0.5672 | Valid loss: 0.6866, acc: 0.5500, auc:0.5648 | Test loss: 0.6853, acc: 0.5419, auc:0.5685 
Train loss: 0.7648, acc: 0.5638 | Valid loss: 0.6903, acc: 0.5368, auc:0.5603 | Test loss: 0.6874, acc: 0.5398, auc:0.5710 
Train loss: 0.7574, acc: 0.5709 | Valid loss: 0.6895, acc: 0.5434, auc:0.5633 | Test loss: 0.6866, acc: 0.5376, auc:0.5708 
Train loss: 0.7477, acc: 0.5803 | Valid loss: 0.6877, acc: 0.5441, auc:0.5667 | Test loss: 0.6840, acc: 0.5522, auc:0.5860 
Train loss: 0.7433, acc: 0.5841 | Valid loss: 0.6889, acc: 0.5390, auc:0.5648 | Test loss: 0.6824, acc: 0.5609, auc:0.5838 
Train loss: 0.7359, acc: 0.5869 | Valid loss: 0.6882, acc: 0.5405, auc:0.5630 | Test loss: 0.6820, acc: 0.5529, auc:0.5820 
Train loss: 0.7311, acc: 0.5965 | Valid loss: 0.6915, acc: 0.5325, auc:0.5580 | Test loss: 0.6818, acc: 0.5500, auc:0.5837 
Train loss: 0.7286, acc: 0.5945 | Valid loss: 0.6926, acc: 0.5339, auc:0.5540 | Test loss: 0.6862, acc: 0.5441, auc:0.5721 
Train loss: 0.7295, acc: 0.5890 | Valid loss: 0.6914, acc: 0.5368, auc:0.5593 | Test loss: 0.6861, acc: 0.5485, auc:0.5761 
Train loss: 0.7235, acc: 0.5938 | Valid loss: 0.6881, acc: 0.5390, auc:0.5633 | Test loss: 0.6828, acc: 0.5580, auc:0.5845 
Train loss: 0.7211, acc: 0.5987 | Valid loss: 0.6905, acc: 0.5398, auc:0.5628 | Test loss: 0.6831, acc: 0.5631, auc:0.5851 
Train loss: 0.7208, acc: 0.5986 | Valid loss: 0.6947, acc: 0.5449, auc:0.5625 | Test loss: 0.6831, acc: 0.5631, auc:0.5889 
Train loss: 0.7168, acc: 0.5962 | Valid loss: 0.6861, acc: 0.5551, auc:0.5738 | Test loss: 0.6806, acc: 0.5470, auc:0.5867 
Train loss: 0.7142, acc: 0.5948 | Valid loss: 0.6886, acc: 0.5332, auc:0.5611 | Test loss: 0.6838, acc: 0.5507, auc:0.5808 
Train loss: 0.7114, acc: 0.5980 | Valid loss: 0.6961, acc: 0.5244, auc:0.5537 | Test loss: 0.6889, acc: 0.5500, auc:0.5747 
Train loss: 0.7068, acc: 0.6026 | Valid loss: 0.6997, acc: 0.5376, auc:0.5686 | Test loss: 0.6920, acc: 0.5543, auc:0.5817 
Train loss: 0.7069, acc: 0.6076 | Valid loss: 0.6944, acc: 0.5346, auc:0.5607 | Test loss: 0.6858, acc: 0.5449, auc:0.5742 
Train loss: 0.7032, acc: 0.6050 | Valid loss: 0.6933, acc: 0.5441, auc:0.5662 | Test loss: 0.6885, acc: 0.5412, auc:0.5717 
Train loss: 0.6997, acc: 0.6039 | Valid loss: 0.6986, acc: 0.5339, auc:0.5549 | Test loss: 0.6880, acc: 0.5631, auc:0.5740 
Train loss: 0.6966, acc: 0.6096 | Valid loss: 0.6981, acc: 0.5441, auc:0.5685 | Test loss: 0.6911, acc: 0.5565, auc:0.5795 
Train loss: 0.6995, acc: 0.6034 | Valid loss: 0.6957, acc: 0.5332, auc:0.5531 | Test loss: 0.6859, acc: 0.5500, auc:0.5745 
Train loss: 0.6976, acc: 0.6063 | Valid loss: 0.7051, acc: 0.5317, auc:0.5557 | Test loss: 0.6912, acc: 0.5485, auc:0.5771 
Train loss: 0.6940, acc: 0.6052 | Valid loss: 0.7053, acc: 0.5354, auc:0.5519 | Test loss: 0.6933, acc: 0.5514, auc:0.5742 
Train loss: 0.6897, acc: 0.6143 | Valid loss: 0.6983, acc: 0.5434, auc:0.5586 | Test loss: 0.6914, acc: 0.5368, auc:0.5656 
Train loss: 0.6843, acc: 0.6160 | Valid loss: 0.6987, acc: 0.5456, auc:0.5710 | Test loss: 0.6934, acc: 0.5405, auc:0.5689 
Train loss: 0.6846, acc: 0.6189 | Valid loss: 0.6997, acc: 0.5332, auc:0.5533 | Test loss: 0.6974, acc: 0.5434, auc:0.5585 
Train loss: 0.6853, acc: 0.6082 | Valid loss: 0.6980, acc: 0.5412, auc:0.5560 | Test loss: 0.6931, acc: 0.5419, auc:0.5671 
Early stopping
GNN training complete
ADJ produced
No.2 training in progress 
Train loss: 2.1866, acc: 0.5030 | Valid loss: 0.7054, acc: 0.4778, auc:0.4964 | Test loss: 0.7063, acc: 0.4953, auc:0.5139 
Train loss: 1.3419, acc: 0.5114 | Valid loss: 0.6985, acc: 0.4843, auc:0.5219 | Test loss: 0.6956, acc: 0.4996, auc:0.5318 
Train loss: 1.1065, acc: 0.5159 | Valid loss: 0.6919, acc: 0.5368, auc:0.5395 | Test loss: 0.6923, acc: 0.5230, auc:0.5320 
Train loss: 0.9784, acc: 0.5341 | Valid loss: 0.6920, acc: 0.5193, auc:0.5594 | Test loss: 0.6913, acc: 0.5274, auc:0.5572 
Train loss: 0.9025, acc: 0.5425 | Valid loss: 0.6904, acc: 0.5281, auc:0.5581 | Test loss: 0.6901, acc: 0.5441, auc:0.5581 
Train loss: 0.8566, acc: 0.5558 | Valid loss: 0.6857, acc: 0.5500, auc:0.5760 | Test loss: 0.6895, acc: 0.5346, auc:0.5582 
Train loss: 0.8278, acc: 0.5559 | Valid loss: 0.6868, acc: 0.5485, auc:0.5697 | Test loss: 0.6859, acc: 0.5602, auc:0.5773 
Train loss: 0.8061, acc: 0.5481 | Valid loss: 0.6860, acc: 0.5573, auc:0.5795 | Test loss: 0.6868, acc: 0.5631, auc:0.5788 
Train loss: 0.7899, acc: 0.5626 | Valid loss: 0.6875, acc: 0.5398, auc:0.5633 | Test loss: 0.6873, acc: 0.5492, auc:0.5720 
Train loss: 0.7774, acc: 0.5618 | Valid loss: 0.6898, acc: 0.5573, auc:0.5672 | Test loss: 0.6857, acc: 0.5529, auc:0.5796 
Train loss: 0.7679, acc: 0.5642 | Valid loss: 0.6877, acc: 0.5492, auc:0.5654 | Test loss: 0.6882, acc: 0.5507, auc:0.5683 
Train loss: 0.7609, acc: 0.5661 | Valid loss: 0.6845, acc: 0.5376, auc:0.5789 | Test loss: 0.6877, acc: 0.5412, auc:0.5728 
Train loss: 0.7494, acc: 0.5791 | Valid loss: 0.6857, acc: 0.5485, auc:0.5726 | Test loss: 0.6875, acc: 0.5434, auc:0.5712 
Train loss: 0.7440, acc: 0.5785 | Valid loss: 0.6840, acc: 0.5470, auc:0.5786 | Test loss: 0.6843, acc: 0.5616, auc:0.5773 
Train loss: 0.7431, acc: 0.5758 | Valid loss: 0.6834, acc: 0.5529, auc:0.5834 | Test loss: 0.6863, acc: 0.5449, auc:0.5721 
Train loss: 0.7370, acc: 0.5800 | Valid loss: 0.6857, acc: 0.5660, auc:0.5775 | Test loss: 0.6841, acc: 0.5529, auc:0.5760 
Train loss: 0.7355, acc: 0.5830 | Valid loss: 0.6867, acc: 0.5653, auc:0.5785 | Test loss: 0.6833, acc: 0.5718, auc:0.5872 
Train loss: 0.7322, acc: 0.5857 | Valid loss: 0.6836, acc: 0.5682, auc:0.5798 | Test loss: 0.6837, acc: 0.5580, auc:0.5796 
Train loss: 0.7278, acc: 0.5838 | Valid loss: 0.6842, acc: 0.5660, auc:0.5800 | Test loss: 0.6858, acc: 0.5624, auc:0.5794 
Train loss: 0.7246, acc: 0.5880 | Valid loss: 0.6837, acc: 0.5660, auc:0.5885 | Test loss: 0.6842, acc: 0.5616, auc:0.5832 
Train loss: 0.7219, acc: 0.5970 | Valid loss: 0.6875, acc: 0.5514, auc:0.5740 | Test loss: 0.6882, acc: 0.5565, auc:0.5750 
Train loss: 0.7209, acc: 0.5910 | Valid loss: 0.6866, acc: 0.5463, auc:0.5738 | Test loss: 0.6845, acc: 0.5507, auc:0.5830 
Train loss: 0.7187, acc: 0.5993 | Valid loss: 0.6865, acc: 0.5580, auc:0.5797 | Test loss: 0.6883, acc: 0.5492, auc:0.5785 
Train loss: 0.7144, acc: 0.5973 | Valid loss: 0.6856, acc: 0.5514, auc:0.5762 | Test loss: 0.6897, acc: 0.5485, auc:0.5688 
Train loss: 0.7112, acc: 0.6081 | Valid loss: 0.6844, acc: 0.5565, auc:0.5745 | Test loss: 0.6856, acc: 0.5616, auc:0.5820 
Train loss: 0.7078, acc: 0.6086 | Valid loss: 0.6914, acc: 0.5405, auc:0.5628 | Test loss: 0.6906, acc: 0.5529, auc:0.5814 
Train loss: 0.7085, acc: 0.6115 | Valid loss: 0.6868, acc: 0.5594, auc:0.5762 | Test loss: 0.6862, acc: 0.5573, auc:0.5766 
Train loss: 0.7047, acc: 0.6131 | Valid loss: 0.6921, acc: 0.5449, auc:0.5575 | Test loss: 0.6885, acc: 0.5470, auc:0.5693 
Train loss: 0.7009, acc: 0.6164 | Valid loss: 0.6904, acc: 0.5492, auc:0.5683 | Test loss: 0.6912, acc: 0.5427, auc:0.5671 
Train loss: 0.7022, acc: 0.6145 | Valid loss: 0.6947, acc: 0.5368, auc:0.5532 | Test loss: 0.6901, acc: 0.5514, auc:0.5681 
Train loss: 0.7004, acc: 0.6195 | Valid loss: 0.6954, acc: 0.5514, auc:0.5691 | Test loss: 0.6993, acc: 0.5339, auc:0.5549 
Train loss: 0.6935, acc: 0.6218 | Valid loss: 0.6891, acc: 0.5573, auc:0.5719 | Test loss: 0.6989, acc: 0.5230, auc:0.5564 
Train loss: 0.6985, acc: 0.6217 | Valid loss: 0.6913, acc: 0.5682, auc:0.5809 | Test loss: 0.6977, acc: 0.5470, auc:0.5669 
Train loss: 0.6931, acc: 0.6268 | Valid loss: 0.6822, acc: 0.5638, auc:0.5878 | Test loss: 0.6975, acc: 0.5310, auc:0.5534 
Train loss: 0.6901, acc: 0.6312 | Valid loss: 0.6842, acc: 0.5573, auc:0.5880 | Test loss: 0.6934, acc: 0.5514, auc:0.5695 
Train loss: 0.6884, acc: 0.6277 | Valid loss: 0.6934, acc: 0.5492, auc:0.5747 | Test loss: 0.7012, acc: 0.5376, auc:0.5630 
Train loss: 0.6844, acc: 0.6320 | Valid loss: 0.6997, acc: 0.5646, auc:0.5829 | Test loss: 0.7080, acc: 0.5390, auc:0.5580 
Train loss: 0.6837, acc: 0.6294 | Valid loss: 0.6942, acc: 0.5507, auc:0.5761 | Test loss: 0.7069, acc: 0.5456, auc:0.5570 
Train loss: 0.6739, acc: 0.6440 | Valid loss: 0.7033, acc: 0.5551, auc:0.5703 | Test loss: 0.7124, acc: 0.5419, auc:0.5571 
Train loss: 0.6728, acc: 0.6446 | Valid loss: 0.7033, acc: 0.5325, auc:0.5622 | Test loss: 0.7223, acc: 0.5303, auc:0.5451 
Train loss: 0.6651, acc: 0.6589 | Valid loss: 0.7054, acc: 0.5390, auc:0.5551 | Test loss: 0.7114, acc: 0.5398, auc:0.5499 
Train loss: 0.6683, acc: 0.6490 | Valid loss: 0.7057, acc: 0.5310, auc:0.5624 | Test loss: 0.7190, acc: 0.5398, auc:0.5532 
Train loss: 0.6656, acc: 0.6555 | Valid loss: 0.7042, acc: 0.5383, auc:0.5701 | Test loss: 0.7125, acc: 0.5456, auc:0.5561 
Train loss: 0.6587, acc: 0.6538 | Valid loss: 0.7090, acc: 0.5543, auc:0.5690 | Test loss: 0.7190, acc: 0.5383, auc:0.5523 
Train loss: 0.6587, acc: 0.6555 | Valid loss: 0.7015, acc: 0.5478, auc:0.5709 | Test loss: 0.7230, acc: 0.5252, auc:0.5398 
Train loss: 0.6628, acc: 0.6522 | Valid loss: 0.7045, acc: 0.5376, auc:0.5710 | Test loss: 0.7123, acc: 0.5310, auc:0.5616 
Train loss: 0.6553, acc: 0.6611 | Valid loss: 0.7154, acc: 0.5485, auc:0.5618 | Test loss: 0.7175, acc: 0.5602, auc:0.5677 
Train loss: 0.6515, acc: 0.6584 | Valid loss: 0.7145, acc: 0.5522, auc:0.5671 | Test loss: 0.7219, acc: 0.5303, auc:0.5568 
Train loss: 0.6427, acc: 0.6727 | Valid loss: 0.7201, acc: 0.5500, auc:0.5619 | Test loss: 0.7379, acc: 0.5266, auc:0.5411 
GNN training complete
ADJ produced
No.3 training in progress 
Train loss: 2.2154, acc: 0.5072 | Valid loss: 0.6949, acc: 0.5084, auc:0.5254 | Test loss: 0.6929, acc: 0.5062, auc:0.5149 
Train loss: 1.3036, acc: 0.5191 | Valid loss: 0.6934, acc: 0.4909, auc:0.5491 | Test loss: 0.6923, acc: 0.5142, auc:0.5514 
Train loss: 1.0738, acc: 0.5164 | Valid loss: 0.6929, acc: 0.4967, auc:0.5309 | Test loss: 0.6930, acc: 0.4967, auc:0.5142 
Train loss: 0.9539, acc: 0.5195 | Valid loss: 0.6939, acc: 0.4807, auc:0.5320 | Test loss: 0.6929, acc: 0.4967, auc:0.5424 
Train loss: 0.8906, acc: 0.5217 | Valid loss: 0.6902, acc: 0.5252, auc:0.5417 | Test loss: 0.6914, acc: 0.5215, auc:0.5407 
Train loss: 0.8534, acc: 0.5207 | Valid loss: 0.6923, acc: 0.5113, auc:0.5671 | Test loss: 0.6920, acc: 0.5310, auc:0.5556 
Train loss: 0.8246, acc: 0.5212 | Valid loss: 0.6935, acc: 0.5040, auc:0.5497 | Test loss: 0.6929, acc: 0.5157, auc:0.5327 
Train loss: 0.8068, acc: 0.5353 | Valid loss: 0.6898, acc: 0.5295, auc:0.5602 | Test loss: 0.6904, acc: 0.5332, auc:0.5500 
Train loss: 0.7934, acc: 0.5421 | Valid loss: 0.6894, acc: 0.5419, auc:0.5673 | Test loss: 0.6901, acc: 0.5412, auc:0.5580 
Train loss: 0.7816, acc: 0.5520 | Valid loss: 0.6884, acc: 0.5332, auc:0.5629 | Test loss: 0.6883, acc: 0.5492, auc:0.5632 
Train loss: 0.7740, acc: 0.5486 | Valid loss: 0.6871, acc: 0.5368, auc:0.5628 | Test loss: 0.6878, acc: 0.5485, auc:0.5643 
Train loss: 0.7676, acc: 0.5503 | Valid loss: 0.6871, acc: 0.5485, auc:0.5690 | Test loss: 0.6886, acc: 0.5514, auc:0.5585 
Train loss: 0.7606, acc: 0.5543 | Valid loss: 0.6852, acc: 0.5470, auc:0.5721 | Test loss: 0.6892, acc: 0.5405, auc:0.5664 
Train loss: 0.7560, acc: 0.5620 | Valid loss: 0.6876, acc: 0.5390, auc:0.5666 | Test loss: 0.6883, acc: 0.5281, auc:0.5602 
Train loss: 0.7477, acc: 0.5714 | Valid loss: 0.6874, acc: 0.5463, auc:0.5684 | Test loss: 0.6883, acc: 0.5449, auc:0.5624 
Train loss: 0.7431, acc: 0.5777 | Valid loss: 0.6848, acc: 0.5500, auc:0.5674 | Test loss: 0.6882, acc: 0.5441, auc:0.5629 
Train loss: 0.7431, acc: 0.5659 | Valid loss: 0.6840, acc: 0.5507, auc:0.5692 | Test loss: 0.6865, acc: 0.5405, auc:0.5667 
Train loss: 0.7369, acc: 0.5866 | Valid loss: 0.6837, acc: 0.5514, auc:0.5724 | Test loss: 0.6879, acc: 0.5295, auc:0.5637 
Train loss: 0.7347, acc: 0.5737 | Valid loss: 0.6835, acc: 0.5507, auc:0.5710 | Test loss: 0.6860, acc: 0.5390, auc:0.5680 
Train loss: 0.7286, acc: 0.5836 | Valid loss: 0.6825, acc: 0.5602, auc:0.5781 | Test loss: 0.6869, acc: 0.5259, auc:0.5686 
Train loss: 0.7291, acc: 0.5858 | Valid loss: 0.6846, acc: 0.5587, auc:0.5708 | Test loss: 0.6889, acc: 0.5390, auc:0.5587 
Train loss: 0.7269, acc: 0.5828 | Valid loss: 0.6849, acc: 0.5485, auc:0.5641 | Test loss: 0.6871, acc: 0.5492, auc:0.5670 
Train loss: 0.7256, acc: 0.5900 | Valid loss: 0.6856, acc: 0.5470, auc:0.5642 | Test loss: 0.6866, acc: 0.5507, auc:0.5669 
Train loss: 0.7183, acc: 0.5980 | Valid loss: 0.6855, acc: 0.5536, auc:0.5726 | Test loss: 0.6882, acc: 0.5594, auc:0.5756 
Train loss: 0.7171, acc: 0.5966 | Valid loss: 0.6872, acc: 0.5390, auc:0.5541 | Test loss: 0.6871, acc: 0.5514, auc:0.5691 
Train loss: 0.7194, acc: 0.5969 | Valid loss: 0.6890, acc: 0.5470, auc:0.5640 | Test loss: 0.6859, acc: 0.5514, auc:0.5735 
Train loss: 0.7142, acc: 0.6043 | Valid loss: 0.6885, acc: 0.5522, auc:0.5633 | Test loss: 0.6872, acc: 0.5398, auc:0.5692 
Train loss: 0.7105, acc: 0.6078 | Valid loss: 0.6892, acc: 0.5507, auc:0.5618 | Test loss: 0.6863, acc: 0.5427, auc:0.5708 
Train loss: 0.7131, acc: 0.6032 | Valid loss: 0.6901, acc: 0.5558, auc:0.5664 | Test loss: 0.6876, acc: 0.5485, auc:0.5691 
Train loss: 0.7062, acc: 0.6111 | Valid loss: 0.6903, acc: 0.5587, auc:0.5720 | Test loss: 0.6853, acc: 0.5558, auc:0.5833 
Train loss: 0.7054, acc: 0.6163 | Valid loss: 0.6904, acc: 0.5434, auc:0.5554 | Test loss: 0.6920, acc: 0.5390, auc:0.5608 
Train loss: 0.7069, acc: 0.6052 | Valid loss: 0.6897, acc: 0.5427, auc:0.5643 | Test loss: 0.6940, acc: 0.5405, auc:0.5615 
Train loss: 0.7009, acc: 0.6179 | Valid loss: 0.6924, acc: 0.5594, auc:0.5616 | Test loss: 0.6908, acc: 0.5514, auc:0.5725 
Train loss: 0.6931, acc: 0.6279 | Valid loss: 0.6979, acc: 0.5587, auc:0.5630 | Test loss: 0.6977, acc: 0.5529, auc:0.5652 
Train loss: 0.6935, acc: 0.6302 | Valid loss: 0.6900, acc: 0.5565, auc:0.5673 | Test loss: 0.6902, acc: 0.5514, auc:0.5709 
Train loss: 0.6904, acc: 0.6293 | Valid loss: 0.6933, acc: 0.5507, auc:0.5642 | Test loss: 0.6984, acc: 0.5573, auc:0.5624 
Train loss: 0.6941, acc: 0.6303 | Valid loss: 0.6958, acc: 0.5522, auc:0.5613 | Test loss: 0.7032, acc: 0.5354, auc:0.5501 
Train loss: 0.6961, acc: 0.6276 | Valid loss: 0.7044, acc: 0.5485, auc:0.5526 | Test loss: 0.6998, acc: 0.5332, auc:0.5683 
Train loss: 0.6866, acc: 0.6370 | Valid loss: 0.6999, acc: 0.5507, auc:0.5617 | Test loss: 0.7007, acc: 0.5500, auc:0.5672 
Train loss: 0.6791, acc: 0.6434 | Valid loss: 0.7035, acc: 0.5332, auc:0.5563 | Test loss: 0.7105, acc: 0.5449, auc:0.5500 
Train loss: 0.6798, acc: 0.6405 | Valid loss: 0.6953, acc: 0.5587, auc:0.5688 | Test loss: 0.7072, acc: 0.5274, auc:0.5428 
Train loss: 0.6761, acc: 0.6478 | Valid loss: 0.7052, acc: 0.5405, auc:0.5542 | Test loss: 0.7189, acc: 0.5252, auc:0.5371 
Train loss: 0.6789, acc: 0.6440 | Valid loss: 0.7075, acc: 0.5441, auc:0.5584 | Test loss: 0.7053, acc: 0.5522, auc:0.5614 
Train loss: 0.6709, acc: 0.6446 | Valid loss: 0.7072, acc: 0.5573, auc:0.5648 | Test loss: 0.7152, acc: 0.5405, auc:0.5548 
Train loss: 0.6737, acc: 0.6550 | Valid loss: 0.7045, acc: 0.5667, auc:0.5736 | Test loss: 0.7072, acc: 0.5558, auc:0.5733 
Train loss: 0.6693, acc: 0.6514 | Valid loss: 0.7085, acc: 0.5689, auc:0.5725 | Test loss: 0.7157, acc: 0.5500, auc:0.5668 
Train loss: 0.6621, acc: 0.6625 | Valid loss: 0.7185, acc: 0.5456, auc:0.5559 | Test loss: 0.7169, acc: 0.5565, auc:0.5652 
Train loss: 0.6604, acc: 0.6647 | Valid loss: 0.7360, acc: 0.5492, auc:0.5515 | Test loss: 0.7298, acc: 0.5638, auc:0.5671 
Train loss: 0.6546, acc: 0.6604 | Valid loss: 0.7246, acc: 0.5507, auc:0.5622 | Test loss: 0.7297, acc: 0.5317, auc:0.5570 
GNN training complete
ADJ produced
No.4 training in progress 
Train loss: 2.8262, acc: 0.5009 | Valid loss: 0.6931, acc: 0.4960, auc:0.5136 | Test loss: 0.6923, acc: 0.5346, auc:0.5275 
Train loss: 1.5159, acc: 0.4931 | Valid loss: 0.6945, acc: 0.4902, auc:0.5275 | Test loss: 0.6923, acc: 0.5026, auc:0.5558 
Train loss: 1.2480, acc: 0.5169 | Valid loss: 0.6924, acc: 0.5069, auc:0.5336 | Test loss: 0.6907, acc: 0.5419, auc:0.5582 
Train loss: 1.0823, acc: 0.5342 | Valid loss: 0.6903, acc: 0.5259, auc:0.5498 | Test loss: 0.6889, acc: 0.5463, auc:0.5691 
Train loss: 0.9885, acc: 0.5279 | Valid loss: 0.6897, acc: 0.5434, auc:0.5574 | Test loss: 0.6891, acc: 0.5492, auc:0.5714 
Train loss: 0.9262, acc: 0.5351 | Valid loss: 0.6918, acc: 0.5150, auc:0.5416 | Test loss: 0.6932, acc: 0.5018, auc:0.5655 
Train loss: 0.8838, acc: 0.5383 | Valid loss: 0.6935, acc: 0.5150, auc:0.5501 | Test loss: 0.6959, acc: 0.5004, auc:0.5726 
Train loss: 0.8584, acc: 0.5309 | Valid loss: 0.6908, acc: 0.5310, auc:0.5565 | Test loss: 0.6873, acc: 0.5332, auc:0.5771 
Train loss: 0.8348, acc: 0.5405 | Valid loss: 0.6901, acc: 0.5339, auc:0.5525 | Test loss: 0.6881, acc: 0.5398, auc:0.5753 
Train loss: 0.8185, acc: 0.5366 | Valid loss: 0.6901, acc: 0.5266, auc:0.5491 | Test loss: 0.6895, acc: 0.5274, auc:0.5813 
Train loss: 0.8018, acc: 0.5528 | Valid loss: 0.6901, acc: 0.5274, auc:0.5480 | Test loss: 0.6884, acc: 0.5456, auc:0.5689 
Train loss: 0.7901, acc: 0.5507 | Valid loss: 0.6879, acc: 0.5310, auc:0.5540 | Test loss: 0.6855, acc: 0.5507, auc:0.5798 
Train loss: 0.7821, acc: 0.5494 | Valid loss: 0.6900, acc: 0.5266, auc:0.5503 | Test loss: 0.6850, acc: 0.5463, auc:0.5904 
Train loss: 0.7765, acc: 0.5492 | Valid loss: 0.6886, acc: 0.5193, auc:0.5515 | Test loss: 0.6871, acc: 0.5536, auc:0.5755 
Train loss: 0.7644, acc: 0.5573 | Valid loss: 0.6883, acc: 0.5339, auc:0.5617 | Test loss: 0.6882, acc: 0.5361, auc:0.5789 
Train loss: 0.7593, acc: 0.5525 | Valid loss: 0.6867, acc: 0.5376, auc:0.5624 | Test loss: 0.6854, acc: 0.5587, auc:0.5856 
Train loss: 0.7519, acc: 0.5631 | Valid loss: 0.6881, acc: 0.5303, auc:0.5574 | Test loss: 0.6833, acc: 0.5565, auc:0.5889 
Train loss: 0.7484, acc: 0.5651 | Valid loss: 0.6883, acc: 0.5441, auc:0.5597 | Test loss: 0.6877, acc: 0.5485, auc:0.5824 
Train loss: 0.7423, acc: 0.5676 | Valid loss: 0.6881, acc: 0.5325, auc:0.5533 | Test loss: 0.6852, acc: 0.5587, auc:0.5789 
Train loss: 0.7434, acc: 0.5647 | Valid loss: 0.6898, acc: 0.5339, auc:0.5536 | Test loss: 0.6843, acc: 0.5507, auc:0.5809 
Train loss: 0.7394, acc: 0.5708 | Valid loss: 0.6905, acc: 0.5230, auc:0.5530 | Test loss: 0.6836, acc: 0.5594, auc:0.5808 
Train loss: 0.7366, acc: 0.5689 | Valid loss: 0.6880, acc: 0.5346, auc:0.5555 | Test loss: 0.6867, acc: 0.5470, auc:0.5775 
Train loss: 0.7330, acc: 0.5733 | Valid loss: 0.6893, acc: 0.5383, auc:0.5532 | Test loss: 0.6856, acc: 0.5551, auc:0.5777 
Train loss: 0.7313, acc: 0.5694 | Valid loss: 0.6878, acc: 0.5558, auc:0.5602 | Test loss: 0.6822, acc: 0.5806, auc:0.5910 
Train loss: 0.7301, acc: 0.5673 | Valid loss: 0.6879, acc: 0.5419, auc:0.5610 | Test loss: 0.6820, acc: 0.5543, auc:0.5861 
Train loss: 0.7264, acc: 0.5769 | Valid loss: 0.6860, acc: 0.5543, auc:0.5670 | Test loss: 0.6841, acc: 0.5565, auc:0.5756 
Train loss: 0.7241, acc: 0.5790 | Valid loss: 0.6869, acc: 0.5441, auc:0.5634 | Test loss: 0.6820, acc: 0.5689, auc:0.5903 
Train loss: 0.7216, acc: 0.5838 | Valid loss: 0.6887, acc: 0.5478, auc:0.5600 | Test loss: 0.6828, acc: 0.5689, auc:0.5882 
Train loss: 0.7202, acc: 0.5817 | Valid loss: 0.6888, acc: 0.5449, auc:0.5598 | Test loss: 0.6836, acc: 0.5697, auc:0.5875 
Train loss: 0.7172, acc: 0.5762 | Valid loss: 0.6909, acc: 0.5456, auc:0.5545 | Test loss: 0.6860, acc: 0.5558, auc:0.5788 
Train loss: 0.7136, acc: 0.5864 | Valid loss: 0.6894, acc: 0.5266, auc:0.5487 | Test loss: 0.6802, acc: 0.5733, auc:0.5949 
Train loss: 0.7116, acc: 0.5924 | Valid loss: 0.6932, acc: 0.5346, auc:0.5541 | Test loss: 0.6857, acc: 0.5602, auc:0.5814 
Train loss: 0.7136, acc: 0.5852 | Valid loss: 0.6925, acc: 0.5558, auc:0.5610 | Test loss: 0.6863, acc: 0.5529, auc:0.5909 
Train loss: 0.7138, acc: 0.5869 | Valid loss: 0.6910, acc: 0.5288, auc:0.5461 | Test loss: 0.6841, acc: 0.5631, auc:0.5870 
Train loss: 0.7126, acc: 0.5910 | Valid loss: 0.6928, acc: 0.5536, auc:0.5601 | Test loss: 0.6877, acc: 0.5675, auc:0.5805 
Train loss: 0.7126, acc: 0.5913 | Valid loss: 0.6936, acc: 0.5325, auc:0.5560 | Test loss: 0.6866, acc: 0.5616, auc:0.5810 
Train loss: 0.7061, acc: 0.5972 | Valid loss: 0.6909, acc: 0.5390, auc:0.5606 | Test loss: 0.6816, acc: 0.5594, auc:0.5929 
Train loss: 0.7070, acc: 0.5962 | Valid loss: 0.6921, acc: 0.5383, auc:0.5526 | Test loss: 0.6812, acc: 0.5646, auc:0.5929 
Train loss: 0.7037, acc: 0.5996 | Valid loss: 0.6922, acc: 0.5354, auc:0.5593 | Test loss: 0.6803, acc: 0.5616, auc:0.5997 
Train loss: 0.7010, acc: 0.5998 | Valid loss: 0.7005, acc: 0.5485, auc:0.5582 | Test loss: 0.6873, acc: 0.5667, auc:0.5896 
Train loss: 0.6982, acc: 0.5988 | Valid loss: 0.6953, acc: 0.5244, auc:0.5489 | Test loss: 0.6867, acc: 0.5558, auc:0.5752 
Train loss: 0.6981, acc: 0.6026 | Valid loss: 0.7023, acc: 0.5150, auc:0.5389 | Test loss: 0.6862, acc: 0.5638, auc:0.5930 
Train loss: 0.6956, acc: 0.6108 | Valid loss: 0.6999, acc: 0.5274, auc:0.5472 | Test loss: 0.6867, acc: 0.5602, auc:0.5909 
Train loss: 0.6989, acc: 0.6086 | Valid loss: 0.7017, acc: 0.5419, auc:0.5489 | Test loss: 0.6906, acc: 0.5500, auc:0.5746 
Train loss: 0.6969, acc: 0.6034 | Valid loss: 0.7050, acc: 0.5274, auc:0.5432 | Test loss: 0.6947, acc: 0.5536, auc:0.5741 
Train loss: 0.6893, acc: 0.6155 | Valid loss: 0.7072, acc: 0.5419, auc:0.5450 | Test loss: 0.6910, acc: 0.5594, auc:0.5844 
Train loss: 0.6889, acc: 0.6151 | Valid loss: 0.7042, acc: 0.5237, auc:0.5430 | Test loss: 0.6887, acc: 0.5653, auc:0.5810 
Train loss: 0.6947, acc: 0.6057 | Valid loss: 0.7051, acc: 0.5171, auc:0.5391 | Test loss: 0.6905, acc: 0.5529, auc:0.5789 
Train loss: 0.6859, acc: 0.6227 | Valid loss: 0.7067, acc: 0.5398, auc:0.5483 | Test loss: 0.6930, acc: 0.5573, auc:0.5843 
GNN training complete
ADJ produced
No.5 training in progress 
Train loss: 2.6411, acc: 0.5037 | Valid loss: 0.6982, acc: 0.4734, auc:0.4679 | Test loss: 0.7017, acc: 0.4756, auc:0.4698 
Train loss: 1.4637, acc: 0.5045 | Valid loss: 0.7000, acc: 0.4675, auc:0.5245 | Test loss: 0.6953, acc: 0.5011, auc:0.5197 
Train loss: 1.2052, acc: 0.5083 | Valid loss: 0.6913, acc: 0.5332, auc:0.5560 | Test loss: 0.6926, acc: 0.5011, auc:0.5404 
Train loss: 1.0521, acc: 0.5129 | Valid loss: 0.6907, acc: 0.5580, auc:0.5719 | Test loss: 0.6920, acc: 0.5281, auc:0.5489 
Train loss: 0.9659, acc: 0.5145 | Valid loss: 0.6913, acc: 0.5339, auc:0.5670 | Test loss: 0.6924, acc: 0.5026, auc:0.5633 
Train loss: 0.9113, acc: 0.5178 | Valid loss: 0.6924, acc: 0.5047, auc:0.5459 | Test loss: 0.6921, acc: 0.5303, auc:0.5370 
Train loss: 0.8765, acc: 0.5061 | Valid loss: 0.6904, acc: 0.5332, auc:0.5752 | Test loss: 0.6931, acc: 0.5011, auc:0.5420 
Train loss: 0.8463, acc: 0.5122 | Valid loss: 0.6926, acc: 0.5222, auc:0.5600 | Test loss: 0.6925, acc: 0.5317, auc:0.5441 
Train loss: 0.8259, acc: 0.5207 | Valid loss: 0.6914, acc: 0.5500, auc:0.5680 | Test loss: 0.6917, acc: 0.5259, auc:0.5541 
Train loss: 0.8114, acc: 0.5228 | Valid loss: 0.6887, acc: 0.5332, auc:0.5730 | Test loss: 0.6939, acc: 0.5011, auc:0.5524 
Train loss: 0.8008, acc: 0.5133 | Valid loss: 0.6900, acc: 0.5383, auc:0.5815 | Test loss: 0.6921, acc: 0.5091, auc:0.5543 
Train loss: 0.7897, acc: 0.5240 | Valid loss: 0.6888, acc: 0.5332, auc:0.5855 | Test loss: 0.6943, acc: 0.5011, auc:0.5649 
Train loss: 0.7832, acc: 0.5182 | Valid loss: 0.6902, acc: 0.5434, auc:0.5836 | Test loss: 0.6920, acc: 0.5150, auc:0.5598 
Train loss: 0.7736, acc: 0.5371 | Valid loss: 0.6887, acc: 0.5500, auc:0.5720 | Test loss: 0.6910, acc: 0.5157, auc:0.5558 
Train loss: 0.7675, acc: 0.5398 | Valid loss: 0.6877, acc: 0.5675, auc:0.5836 | Test loss: 0.6902, acc: 0.5376, auc:0.5684 
Train loss: 0.7624, acc: 0.5342 | Valid loss: 0.6877, acc: 0.5500, auc:0.5813 | Test loss: 0.6889, acc: 0.5470, auc:0.5660 
Train loss: 0.7576, acc: 0.5463 | Valid loss: 0.6845, acc: 0.5755, auc:0.5855 | Test loss: 0.6874, acc: 0.5507, auc:0.5691 
Train loss: 0.7537, acc: 0.5499 | Valid loss: 0.6874, acc: 0.5543, auc:0.5841 | Test loss: 0.6884, acc: 0.5522, auc:0.5679 
Train loss: 0.7526, acc: 0.5455 | Valid loss: 0.6854, acc: 0.5551, auc:0.5861 | Test loss: 0.6876, acc: 0.5529, auc:0.5670 
Train loss: 0.7461, acc: 0.5582 | Valid loss: 0.6861, acc: 0.5456, auc:0.5828 | Test loss: 0.6879, acc: 0.5419, auc:0.5621 
Train loss: 0.7420, acc: 0.5606 | Valid loss: 0.6816, acc: 0.5638, auc:0.5849 | Test loss: 0.6881, acc: 0.5368, auc:0.5659 
Train loss: 0.7401, acc: 0.5658 | Valid loss: 0.6821, acc: 0.5624, auc:0.5865 | Test loss: 0.6868, acc: 0.5449, auc:0.5660 
Train loss: 0.7366, acc: 0.5671 | Valid loss: 0.6840, acc: 0.5573, auc:0.5871 | Test loss: 0.6867, acc: 0.5522, auc:0.5677 
Train loss: 0.7366, acc: 0.5608 | Valid loss: 0.6826, acc: 0.5580, auc:0.5829 | Test loss: 0.6865, acc: 0.5507, auc:0.5639 
Train loss: 0.7340, acc: 0.5598 | Valid loss: 0.6870, acc: 0.5478, auc:0.5826 | Test loss: 0.6894, acc: 0.5383, auc:0.5562 
Train loss: 0.7324, acc: 0.5678 | Valid loss: 0.6869, acc: 0.5587, auc:0.5882 | Test loss: 0.6891, acc: 0.5434, auc:0.5602 
Train loss: 0.7297, acc: 0.5648 | Valid loss: 0.6806, acc: 0.5609, auc:0.5835 | Test loss: 0.6848, acc: 0.5492, auc:0.5722 
Train loss: 0.7281, acc: 0.5744 | Valid loss: 0.6828, acc: 0.5580, auc:0.5891 | Test loss: 0.6873, acc: 0.5500, auc:0.5645 
Train loss: 0.7258, acc: 0.5704 | Valid loss: 0.6812, acc: 0.5587, auc:0.5912 | Test loss: 0.6855, acc: 0.5390, auc:0.5666 
Train loss: 0.7235, acc: 0.5763 | Valid loss: 0.6842, acc: 0.5558, auc:0.5890 | Test loss: 0.6872, acc: 0.5507, auc:0.5660 
Train loss: 0.7251, acc: 0.5732 | Valid loss: 0.6808, acc: 0.5551, auc:0.5916 | Test loss: 0.6858, acc: 0.5390, auc:0.5707 
Train loss: 0.7195, acc: 0.5794 | Valid loss: 0.6812, acc: 0.5580, auc:0.5862 | Test loss: 0.6872, acc: 0.5449, auc:0.5678 
Train loss: 0.7186, acc: 0.5863 | Valid loss: 0.6870, acc: 0.5427, auc:0.5857 | Test loss: 0.6927, acc: 0.5317, auc:0.5616 
Train loss: 0.7169, acc: 0.5799 | Valid loss: 0.6761, acc: 0.5631, auc:0.5951 | Test loss: 0.6858, acc: 0.5558, auc:0.5767 
Train loss: 0.7155, acc: 0.5814 | Valid loss: 0.6774, acc: 0.5616, auc:0.5916 | Test loss: 0.6832, acc: 0.5485, auc:0.5776 
Train loss: 0.7137, acc: 0.5879 | Valid loss: 0.6757, acc: 0.5733, auc:0.5953 | Test loss: 0.6873, acc: 0.5449, auc:0.5690 
Train loss: 0.7103, acc: 0.5911 | Valid loss: 0.6760, acc: 0.5762, auc:0.5952 | Test loss: 0.6863, acc: 0.5361, auc:0.5687 
Train loss: 0.7082, acc: 0.5962 | Valid loss: 0.6771, acc: 0.5616, auc:0.5879 | Test loss: 0.6882, acc: 0.5354, auc:0.5638 
Train loss: 0.7112, acc: 0.5897 | Valid loss: 0.6786, acc: 0.5478, auc:0.5888 | Test loss: 0.6878, acc: 0.5325, auc:0.5665 
Train loss: 0.7087, acc: 0.5875 | Valid loss: 0.6800, acc: 0.5565, auc:0.5907 | Test loss: 0.6904, acc: 0.5310, auc:0.5639 
Train loss: 0.7026, acc: 0.5993 | Valid loss: 0.6793, acc: 0.5638, auc:0.5869 | Test loss: 0.6882, acc: 0.5500, auc:0.5675 
Train loss: 0.7041, acc: 0.5942 | Valid loss: 0.6810, acc: 0.5514, auc:0.5896 | Test loss: 0.6879, acc: 0.5434, auc:0.5677 
Train loss: 0.7071, acc: 0.5912 | Valid loss: 0.6780, acc: 0.5711, auc:0.5937 | Test loss: 0.6915, acc: 0.5310, auc:0.5737 
Train loss: 0.7058, acc: 0.5951 | Valid loss: 0.6787, acc: 0.5609, auc:0.5829 | Test loss: 0.6884, acc: 0.5470, auc:0.5697 
Train loss: 0.7067, acc: 0.5850 | Valid loss: 0.6797, acc: 0.5660, auc:0.5844 | Test loss: 0.6897, acc: 0.5522, auc:0.5667 
Train loss: 0.7030, acc: 0.5926 | Valid loss: 0.6816, acc: 0.5748, auc:0.5943 | Test loss: 0.6922, acc: 0.5332, auc:0.5630 
Train loss: 0.6976, acc: 0.5972 | Valid loss: 0.6792, acc: 0.5726, auc:0.5967 | Test loss: 0.6892, acc: 0.5500, auc:0.5656 
Train loss: 0.6969, acc: 0.6013 | Valid loss: 0.6804, acc: 0.5711, auc:0.5883 | Test loss: 0.6899, acc: 0.5470, auc:0.5651 
Train loss: 0.6930, acc: 0.6050 | Valid loss: 0.6783, acc: 0.5711, auc:0.5923 | Test loss: 0.6888, acc: 0.5412, auc:0.5705 
GNN training complete
ADJ produced
No.6 training in progress 
Train loss: 3.0233, acc: 0.5071 | Valid loss: 0.6946, acc: 0.5033, auc:0.5148 | Test loss: 0.6973, acc: 0.4894, auc:0.4842 
Train loss: 1.5250, acc: 0.5114 | Valid loss: 0.6929, acc: 0.5208, auc:0.5090 | Test loss: 0.6931, acc: 0.5040, auc:0.5094 
Train loss: 1.2586, acc: 0.5010 | Valid loss: 0.6932, acc: 0.4967, auc:0.5139 | Test loss: 0.6927, acc: 0.5106, auc:0.5303 
Train loss: 1.0939, acc: 0.5086 | Valid loss: 0.6931, acc: 0.5004, auc:0.5157 | Test loss: 0.6932, acc: 0.4814, auc:0.4897 
Train loss: 0.9997, acc: 0.5136 | Valid loss: 0.6939, acc: 0.4960, auc:0.5378 | Test loss: 0.6926, acc: 0.5106, auc:0.5372 
Train loss: 0.9421, acc: 0.5172 | Valid loss: 0.6929, acc: 0.4967, auc:0.5479 | Test loss: 0.6926, acc: 0.5106, auc:0.5268 
Train loss: 0.8992, acc: 0.5200 | Valid loss: 0.6923, acc: 0.5434, auc:0.5455 | Test loss: 0.6929, acc: 0.5062, auc:0.5179 
Train loss: 0.8691, acc: 0.5149 | Valid loss: 0.6936, acc: 0.4982, auc:0.5366 | Test loss: 0.6919, acc: 0.5106, auc:0.5481 
Train loss: 0.8433, acc: 0.5220 | Valid loss: 0.6921, acc: 0.5026, auc:0.5647 | Test loss: 0.6916, acc: 0.5201, auc:0.5388 
Train loss: 0.8286, acc: 0.5248 | Valid loss: 0.6928, acc: 0.5398, auc:0.5314 | Test loss: 0.6928, acc: 0.5266, auc:0.5284 
Train loss: 0.8115, acc: 0.5320 | Valid loss: 0.6916, acc: 0.5164, auc:0.5528 | Test loss: 0.6903, acc: 0.5354, auc:0.5461 
Train loss: 0.8012, acc: 0.5245 | Valid loss: 0.6922, acc: 0.5106, auc:0.5349 | Test loss: 0.6913, acc: 0.5383, auc:0.5388 
Train loss: 0.7915, acc: 0.5315 | Valid loss: 0.6916, acc: 0.5026, auc:0.5672 | Test loss: 0.6915, acc: 0.5193, auc:0.5386 
Train loss: 0.7811, acc: 0.5390 | Valid loss: 0.6897, acc: 0.5463, auc:0.5722 | Test loss: 0.6899, acc: 0.5434, auc:0.5533 
Train loss: 0.7749, acc: 0.5321 | Valid loss: 0.6904, acc: 0.5346, auc:0.5610 | Test loss: 0.6918, acc: 0.5288, auc:0.5251 
Train loss: 0.7670, acc: 0.5475 | Valid loss: 0.6882, acc: 0.5485, auc:0.5695 | Test loss: 0.6900, acc: 0.5274, auc:0.5493 
Train loss: 0.7606, acc: 0.5479 | Valid loss: 0.6896, acc: 0.5346, auc:0.5576 | Test loss: 0.6949, acc: 0.5106, auc:0.5250 
Train loss: 0.7552, acc: 0.5533 | Valid loss: 0.6891, acc: 0.5237, auc:0.5665 | Test loss: 0.6908, acc: 0.5485, auc:0.5421 
Train loss: 0.7532, acc: 0.5517 | Valid loss: 0.6893, acc: 0.5295, auc:0.5618 | Test loss: 0.6909, acc: 0.5412, auc:0.5413 
Train loss: 0.7464, acc: 0.5540 | Valid loss: 0.6863, acc: 0.5682, auc:0.5678 | Test loss: 0.6893, acc: 0.5332, auc:0.5489 
Train loss: 0.7445, acc: 0.5497 | Valid loss: 0.6884, acc: 0.5427, auc:0.5646 | Test loss: 0.6896, acc: 0.5449, auc:0.5467 
Train loss: 0.7393, acc: 0.5617 | Valid loss: 0.6876, acc: 0.5609, auc:0.5698 | Test loss: 0.6886, acc: 0.5303, auc:0.5532 
Train loss: 0.7373, acc: 0.5642 | Valid loss: 0.6890, acc: 0.5390, auc:0.5705 | Test loss: 0.6906, acc: 0.5332, auc:0.5638 
Train loss: 0.7371, acc: 0.5656 | Valid loss: 0.6875, acc: 0.5551, auc:0.5662 | Test loss: 0.6888, acc: 0.5310, auc:0.5493 
Train loss: 0.7312, acc: 0.5671 | Valid loss: 0.6886, acc: 0.5507, auc:0.5639 | Test loss: 0.6892, acc: 0.5339, auc:0.5480 
Train loss: 0.7303, acc: 0.5671 | Valid loss: 0.6863, acc: 0.5551, auc:0.5649 | Test loss: 0.6913, acc: 0.5164, auc:0.5409 
Train loss: 0.7300, acc: 0.5538 | Valid loss: 0.6852, acc: 0.5492, auc:0.5724 | Test loss: 0.6920, acc: 0.5171, auc:0.5435 
Train loss: 0.7291, acc: 0.5477 | Valid loss: 0.6871, acc: 0.5339, auc:0.5620 | Test loss: 0.6907, acc: 0.5237, auc:0.5338 
Train loss: 0.7308, acc: 0.5497 | Valid loss: 0.6975, acc: 0.5128, auc:0.5532 | Test loss: 0.6953, acc: 0.5252, auc:0.5459 
Train loss: 0.7250, acc: 0.5542 | Valid loss: 0.6883, acc: 0.5412, auc:0.5571 | Test loss: 0.6874, acc: 0.5339, auc:0.5547 
Train loss: 0.7189, acc: 0.5653 | Valid loss: 0.6871, acc: 0.5390, auc:0.5647 | Test loss: 0.6872, acc: 0.5383, auc:0.5583 
Train loss: 0.7164, acc: 0.5709 | Valid loss: 0.6891, acc: 0.5463, auc:0.5568 | Test loss: 0.6914, acc: 0.5317, auc:0.5459 
Train loss: 0.7140, acc: 0.5709 | Valid loss: 0.6897, acc: 0.5346, auc:0.5611 | Test loss: 0.6922, acc: 0.5361, auc:0.5530 
Train loss: 0.7133, acc: 0.5835 | Valid loss: 0.6937, acc: 0.5368, auc:0.5572 | Test loss: 0.6951, acc: 0.5376, auc:0.5485 
Train loss: 0.7181, acc: 0.5711 | Valid loss: 0.6880, acc: 0.5689, auc:0.5721 | Test loss: 0.6918, acc: 0.5288, auc:0.5496 
Train loss: 0.7134, acc: 0.5707 | Valid loss: 0.6876, acc: 0.5507, auc:0.5665 | Test loss: 0.6890, acc: 0.5470, auc:0.5602 
Train loss: 0.7122, acc: 0.5650 | Valid loss: 0.6849, acc: 0.5551, auc:0.5762 | Test loss: 0.6884, acc: 0.5390, auc:0.5588 
Train loss: 0.7099, acc: 0.5694 | Valid loss: 0.6829, acc: 0.5646, auc:0.5872 | Test loss: 0.6888, acc: 0.5288, auc:0.5528 
Train loss: 0.7055, acc: 0.5702 | Valid loss: 0.6898, acc: 0.5551, auc:0.5690 | Test loss: 0.6946, acc: 0.5281, auc:0.5441 
Train loss: 0.7095, acc: 0.5712 | Valid loss: 0.6846, acc: 0.5492, auc:0.5752 | Test loss: 0.6852, acc: 0.5427, auc:0.5627 
Train loss: 0.7058, acc: 0.5726 | Valid loss: 0.6831, acc: 0.5594, auc:0.5831 | Test loss: 0.6884, acc: 0.5303, auc:0.5606 
Train loss: 0.7040, acc: 0.5749 | Valid loss: 0.6821, acc: 0.5616, auc:0.5870 | Test loss: 0.6898, acc: 0.5419, auc:0.5585 
Train loss: 0.7033, acc: 0.5714 | Valid loss: 0.6842, acc: 0.5646, auc:0.5809 | Test loss: 0.6927, acc: 0.5346, auc:0.5529 
Train loss: 0.7026, acc: 0.5792 | Valid loss: 0.6860, acc: 0.5383, auc:0.5663 | Test loss: 0.6905, acc: 0.5303, auc:0.5461 
Train loss: 0.7005, acc: 0.5746 | Valid loss: 0.6849, acc: 0.5434, auc:0.5716 | Test loss: 0.6897, acc: 0.5339, auc:0.5539 
Train loss: 0.7019, acc: 0.5638 | Valid loss: 0.6910, acc: 0.5456, auc:0.5637 | Test loss: 0.6935, acc: 0.5339, auc:0.5525 
Train loss: 0.6996, acc: 0.5766 | Valid loss: 0.6897, acc: 0.5536, auc:0.5683 | Test loss: 0.6908, acc: 0.5368, auc:0.5563 
Train loss: 0.6976, acc: 0.5734 | Valid loss: 0.6922, acc: 0.5558, auc:0.5686 | Test loss: 0.6941, acc: 0.5434, auc:0.5571 
Train loss: 0.6948, acc: 0.5803 | Valid loss: 0.6863, acc: 0.5580, auc:0.5767 | Test loss: 0.6912, acc: 0.5470, auc:0.5600 
GNN training complete
ADJ produced
No.7 training in progress 
Train loss: 2.6802, acc: 0.5120 | Valid loss: 0.6965, acc: 0.4654, auc:0.4659 | Test loss: 0.6936, acc: 0.5128, auc:0.4653 
Train loss: 1.4617, acc: 0.5041 | Valid loss: 0.6919, acc: 0.5449, auc:0.5401 | Test loss: 0.6925, acc: 0.4931, auc:0.5661 
Train loss: 1.1840, acc: 0.5047 | Valid loss: 0.6929, acc: 0.4996, auc:0.5110 | Test loss: 0.6932, acc: 0.4916, auc:0.5045 
Train loss: 1.0298, acc: 0.5097 | Valid loss: 0.6907, acc: 0.5354, auc:0.5024 | Test loss: 0.6957, acc: 0.4894, auc:0.4979 
Train loss: 0.9447, acc: 0.5060 | Valid loss: 0.6927, acc: 0.5354, auc:0.4971 | Test loss: 0.6932, acc: 0.4894, auc:0.5008 
Train loss: 0.8892, acc: 0.5072 | Valid loss: 0.6930, acc: 0.5398, auc:0.4984 | Test loss: 0.6931, acc: 0.4960, auc:0.4993 
Train loss: 0.8545, acc: 0.5129 | Valid loss: 0.6910, acc: 0.5339, auc:0.5450 | Test loss: 0.6932, acc: 0.4887, auc:0.5553 
Train loss: 0.8313, acc: 0.5114 | Valid loss: 0.6913, acc: 0.5346, auc:0.5335 | Test loss: 0.6930, acc: 0.4894, auc:0.5458 
Train loss: 0.8131, acc: 0.5171 | Valid loss: 0.6900, acc: 0.5405, auc:0.5527 | Test loss: 0.6926, acc: 0.5004, auc:0.5567 
Train loss: 0.7993, acc: 0.5217 | Valid loss: 0.6919, acc: 0.5376, auc:0.5569 | Test loss: 0.6924, acc: 0.5215, auc:0.5606 
Train loss: 0.7883, acc: 0.5255 | Valid loss: 0.6920, acc: 0.5222, auc:0.5627 | Test loss: 0.6902, acc: 0.5536, auc:0.5662 
Train loss: 0.7806, acc: 0.5189 | Valid loss: 0.6905, acc: 0.5463, auc:0.5616 | Test loss: 0.6904, acc: 0.5376, auc:0.5551 
Train loss: 0.7727, acc: 0.5352 | Valid loss: 0.6884, acc: 0.5310, auc:0.5511 | Test loss: 0.6922, acc: 0.5084, auc:0.5639 
Train loss: 0.7668, acc: 0.5380 | Valid loss: 0.6885, acc: 0.5346, auc:0.5551 | Test loss: 0.6912, acc: 0.5186, auc:0.5662 
Train loss: 0.7615, acc: 0.5439 | Valid loss: 0.6899, acc: 0.5441, auc:0.5721 | Test loss: 0.6894, acc: 0.5449, auc:0.5646 
Train loss: 0.7570, acc: 0.5462 | Valid loss: 0.6908, acc: 0.5398, auc:0.5569 | Test loss: 0.6904, acc: 0.5558, auc:0.5619 
Train loss: 0.7533, acc: 0.5417 | Valid loss: 0.6867, acc: 0.5543, auc:0.5574 | Test loss: 0.6902, acc: 0.5317, auc:0.5668 
Train loss: 0.7493, acc: 0.5458 | Valid loss: 0.6886, acc: 0.5478, auc:0.5705 | Test loss: 0.6870, acc: 0.5405, auc:0.5737 
Train loss: 0.7459, acc: 0.5550 | Valid loss: 0.6854, acc: 0.5500, auc:0.5671 | Test loss: 0.6871, acc: 0.5390, auc:0.5694 
Train loss: 0.7399, acc: 0.5576 | Valid loss: 0.6869, acc: 0.5478, auc:0.5719 | Test loss: 0.6864, acc: 0.5507, auc:0.5815 
Train loss: 0.7398, acc: 0.5600 | Valid loss: 0.6865, acc: 0.5376, auc:0.5677 | Test loss: 0.6832, acc: 0.5667, auc:0.5889 
Train loss: 0.7361, acc: 0.5649 | Valid loss: 0.6848, acc: 0.5529, auc:0.5693 | Test loss: 0.6867, acc: 0.5470, auc:0.5688 
Train loss: 0.7333, acc: 0.5672 | Valid loss: 0.6865, acc: 0.5500, auc:0.5673 | Test loss: 0.6831, acc: 0.5667, auc:0.5866 
Train loss: 0.7339, acc: 0.5652 | Valid loss: 0.6847, acc: 0.5573, auc:0.5714 | Test loss: 0.6887, acc: 0.5485, auc:0.5637 
Train loss: 0.7296, acc: 0.5718 | Valid loss: 0.6843, acc: 0.5624, auc:0.5686 | Test loss: 0.6867, acc: 0.5492, auc:0.5837 
Train loss: 0.7292, acc: 0.5685 | Valid loss: 0.6896, acc: 0.5274, auc:0.5648 | Test loss: 0.6842, acc: 0.5573, auc:0.5771 
Train loss: 0.7285, acc: 0.5711 | Valid loss: 0.6863, acc: 0.5485, auc:0.5758 | Test loss: 0.6836, acc: 0.5594, auc:0.5821 
Train loss: 0.7272, acc: 0.5641 | Valid loss: 0.6849, acc: 0.5653, auc:0.5697 | Test loss: 0.6910, acc: 0.5398, auc:0.5734 
Train loss: 0.7238, acc: 0.5658 | Valid loss: 0.6881, acc: 0.5354, auc:0.5637 | Test loss: 0.6842, acc: 0.5631, auc:0.5803 
Train loss: 0.7203, acc: 0.5781 | Valid loss: 0.6846, acc: 0.5580, auc:0.5704 | Test loss: 0.6844, acc: 0.5602, auc:0.5812 
Train loss: 0.7204, acc: 0.5688 | Valid loss: 0.6869, acc: 0.5441, auc:0.5718 | Test loss: 0.6806, acc: 0.5587, auc:0.5859 
Train loss: 0.7193, acc: 0.5797 | Valid loss: 0.6851, acc: 0.5573, auc:0.5681 | Test loss: 0.6876, acc: 0.5631, auc:0.5764 
Train loss: 0.7147, acc: 0.5829 | Valid loss: 0.6871, acc: 0.5478, auc:0.5628 | Test loss: 0.6827, acc: 0.5667, auc:0.5872 
Train loss: 0.7130, acc: 0.5879 | Valid loss: 0.6881, acc: 0.5383, auc:0.5661 | Test loss: 0.6824, acc: 0.5529, auc:0.5855 
Train loss: 0.7112, acc: 0.5923 | Valid loss: 0.6884, acc: 0.5390, auc:0.5666 | Test loss: 0.6844, acc: 0.5441, auc:0.5733 
Train loss: 0.7144, acc: 0.5774 | Valid loss: 0.6861, acc: 0.5507, auc:0.5665 | Test loss: 0.6833, acc: 0.5733, auc:0.5926 
Train loss: 0.7109, acc: 0.5862 | Valid loss: 0.6826, acc: 0.5660, auc:0.5853 | Test loss: 0.6837, acc: 0.5594, auc:0.5851 
Train loss: 0.7085, acc: 0.5889 | Valid loss: 0.6891, acc: 0.5449, auc:0.5738 | Test loss: 0.6827, acc: 0.5558, auc:0.5874 
Train loss: 0.7023, acc: 0.6032 | Valid loss: 0.6896, acc: 0.5551, auc:0.5682 | Test loss: 0.6888, acc: 0.5646, auc:0.5873 
Train loss: 0.7000, acc: 0.6006 | Valid loss: 0.6867, acc: 0.5580, auc:0.5728 | Test loss: 0.6868, acc: 0.5667, auc:0.5909 
Train loss: 0.7038, acc: 0.5949 | Valid loss: 0.6861, acc: 0.5522, auc:0.5700 | Test loss: 0.6826, acc: 0.5733, auc:0.5993 
Train loss: 0.7019, acc: 0.6029 | Valid loss: 0.6910, acc: 0.5529, auc:0.5698 | Test loss: 0.6853, acc: 0.5631, auc:0.5874 
Train loss: 0.7009, acc: 0.5963 | Valid loss: 0.6867, acc: 0.5463, auc:0.5731 | Test loss: 0.6842, acc: 0.5711, auc:0.5962 
Train loss: 0.6981, acc: 0.6020 | Valid loss: 0.6885, acc: 0.5580, auc:0.5764 | Test loss: 0.6846, acc: 0.5711, auc:0.5918 
Train loss: 0.6964, acc: 0.6046 | Valid loss: 0.6959, acc: 0.5405, auc:0.5630 | Test loss: 0.6822, acc: 0.5770, auc:0.6001 
Train loss: 0.6903, acc: 0.6046 | Valid loss: 0.6937, acc: 0.5427, auc:0.5711 | Test loss: 0.6830, acc: 0.5646, auc:0.5981 
Train loss: 0.6849, acc: 0.6136 | Valid loss: 0.6990, acc: 0.5376, auc:0.5571 | Test loss: 0.6877, acc: 0.5543, auc:0.5917 
Train loss: 0.6910, acc: 0.6091 | Valid loss: 0.6936, acc: 0.5522, auc:0.5665 | Test loss: 0.6880, acc: 0.5594, auc:0.5935 
Train loss: 0.6879, acc: 0.6088 | Valid loss: 0.6969, acc: 0.5281, auc:0.5595 | Test loss: 0.6820, acc: 0.5813, auc:0.5979 
GNN training complete
ADJ produced
No.8 training in progress 
Train loss: 3.0825, acc: 0.5052 | Valid loss: 0.6917, acc: 0.5288, auc:0.4930 | Test loss: 0.6987, acc: 0.4778, auc:0.4968 
Train loss: 1.5203, acc: 0.5052 | Valid loss: 0.6928, acc: 0.5011, auc:0.5538 | Test loss: 0.6919, acc: 0.5259, auc:0.5308 
Train loss: 1.2413, acc: 0.5052 | Valid loss: 0.6905, acc: 0.5529, auc:0.5570 | Test loss: 0.6930, acc: 0.4923, auc:0.5570 
Train loss: 1.0756, acc: 0.5097 | Valid loss: 0.6905, acc: 0.5288, auc:0.5487 | Test loss: 0.6994, acc: 0.4778, auc:0.5626 
Train loss: 0.9779, acc: 0.5166 | Valid loss: 0.6901, acc: 0.5551, auc:0.5747 | Test loss: 0.6925, acc: 0.5047, auc:0.5673 
Train loss: 0.9191, acc: 0.5295 | Valid loss: 0.6884, acc: 0.5339, auc:0.5697 | Test loss: 0.6974, acc: 0.4799, auc:0.5613 
Train loss: 0.8835, acc: 0.5198 | Valid loss: 0.6896, acc: 0.5573, auc:0.5662 | Test loss: 0.6919, acc: 0.5171, auc:0.5667 
Train loss: 0.8534, acc: 0.5308 | Valid loss: 0.6880, acc: 0.5485, auc:0.5641 | Test loss: 0.6926, acc: 0.4931, auc:0.5636 
Train loss: 0.8339, acc: 0.5311 | Valid loss: 0.6874, acc: 0.5558, auc:0.5703 | Test loss: 0.6910, acc: 0.5237, auc:0.5769 
Train loss: 0.8138, acc: 0.5434 | Valid loss: 0.6868, acc: 0.5536, auc:0.5833 | Test loss: 0.6901, acc: 0.5274, auc:0.5820 
Train loss: 0.8036, acc: 0.5483 | Valid loss: 0.6875, acc: 0.5310, auc:0.5741 | Test loss: 0.6984, acc: 0.4756, auc:0.5869 
Train loss: 0.7913, acc: 0.5470 | Valid loss: 0.6839, acc: 0.5565, auc:0.5851 | Test loss: 0.6914, acc: 0.5201, auc:0.5764 
Train loss: 0.7807, acc: 0.5499 | Valid loss: 0.6848, acc: 0.5514, auc:0.5818 | Test loss: 0.6934, acc: 0.4931, auc:0.5812 
Train loss: 0.7748, acc: 0.5599 | Valid loss: 0.6820, acc: 0.5507, auc:0.5908 | Test loss: 0.6893, acc: 0.5310, auc:0.5884 
Train loss: 0.7684, acc: 0.5600 | Valid loss: 0.6865, acc: 0.5507, auc:0.5826 | Test loss: 0.6833, acc: 0.5806, auc:0.5954 
Train loss: 0.7643, acc: 0.5693 | Valid loss: 0.6815, acc: 0.5638, auc:0.5879 | Test loss: 0.6863, acc: 0.5376, auc:0.6020 
Train loss: 0.7584, acc: 0.5648 | Valid loss: 0.6839, acc: 0.5580, auc:0.5805 | Test loss: 0.6826, acc: 0.5624, auc:0.5893 
Train loss: 0.7555, acc: 0.5561 | Valid loss: 0.6831, acc: 0.5514, auc:0.5850 | Test loss: 0.6833, acc: 0.5697, auc:0.5888 
Train loss: 0.7512, acc: 0.5639 | Valid loss: 0.6817, acc: 0.5646, auc:0.5855 | Test loss: 0.6835, acc: 0.5507, auc:0.6044 
Train loss: 0.7482, acc: 0.5621 | Valid loss: 0.6811, acc: 0.5558, auc:0.5972 | Test loss: 0.6806, acc: 0.5770, auc:0.6042 
Train loss: 0.7456, acc: 0.5692 | Valid loss: 0.6776, acc: 0.5762, auc:0.5960 | Test loss: 0.6826, acc: 0.5624, auc:0.6010 
Train loss: 0.7423, acc: 0.5688 | Valid loss: 0.6807, acc: 0.5594, auc:0.5833 | Test loss: 0.6842, acc: 0.5558, auc:0.5944 
Train loss: 0.7404, acc: 0.5698 | Valid loss: 0.6791, acc: 0.5616, auc:0.5920 | Test loss: 0.6810, acc: 0.5609, auc:0.5985 
Train loss: 0.7372, acc: 0.5777 | Valid loss: 0.6819, acc: 0.5434, auc:0.5850 | Test loss: 0.6800, acc: 0.5638, auc:0.5935 
Train loss: 0.7353, acc: 0.5792 | Valid loss: 0.6788, acc: 0.5682, auc:0.5966 | Test loss: 0.6792, acc: 0.5726, auc:0.6090 
Train loss: 0.7339, acc: 0.5765 | Valid loss: 0.6759, acc: 0.5799, auc:0.6043 | Test loss: 0.6787, acc: 0.5616, auc:0.6077 
Train loss: 0.7308, acc: 0.5760 | Valid loss: 0.6805, acc: 0.5573, auc:0.5852 | Test loss: 0.6892, acc: 0.5361, auc:0.5971 
Train loss: 0.7309, acc: 0.5786 | Valid loss: 0.6796, acc: 0.5660, auc:0.5905 | Test loss: 0.6768, acc: 0.5733, auc:0.6048 
Train loss: 0.7298, acc: 0.5795 | Valid loss: 0.6819, acc: 0.5609, auc:0.5871 | Test loss: 0.6807, acc: 0.5675, auc:0.5965 
Train loss: 0.7255, acc: 0.5838 | Valid loss: 0.6776, acc: 0.5755, auc:0.5926 | Test loss: 0.6816, acc: 0.5806, auc:0.6011 
Train loss: 0.7224, acc: 0.5865 | Valid loss: 0.6794, acc: 0.5660, auc:0.5896 | Test loss: 0.6886, acc: 0.5478, auc:0.5885 
Train loss: 0.7219, acc: 0.5878 | Valid loss: 0.6781, acc: 0.5718, auc:0.5917 | Test loss: 0.6843, acc: 0.5507, auc:0.5911 
Train loss: 0.7245, acc: 0.5765 | Valid loss: 0.6778, acc: 0.5631, auc:0.5928 | Test loss: 0.6785, acc: 0.5828, auc:0.6022 
Train loss: 0.7195, acc: 0.5819 | Valid loss: 0.6793, acc: 0.5624, auc:0.5943 | Test loss: 0.6778, acc: 0.5726, auc:0.5967 
Train loss: 0.7154, acc: 0.5931 | Valid loss: 0.6777, acc: 0.5704, auc:0.5918 | Test loss: 0.6841, acc: 0.5638, auc:0.5893 
Train loss: 0.7130, acc: 0.5976 | Valid loss: 0.6828, acc: 0.5449, auc:0.5746 | Test loss: 0.6842, acc: 0.5514, auc:0.5773 
Train loss: 0.7091, acc: 0.6032 | Valid loss: 0.6825, acc: 0.5536, auc:0.5818 | Test loss: 0.6856, acc: 0.5602, auc:0.5828 
Train loss: 0.7089, acc: 0.5993 | Valid loss: 0.6789, acc: 0.5748, auc:0.5912 | Test loss: 0.6887, acc: 0.5558, auc:0.5860 
Train loss: 0.7101, acc: 0.6030 | Valid loss: 0.6840, acc: 0.5565, auc:0.5721 | Test loss: 0.6878, acc: 0.5675, auc:0.5895 
Train loss: 0.7091, acc: 0.5991 | Valid loss: 0.6801, acc: 0.5536, auc:0.5884 | Test loss: 0.6843, acc: 0.5682, auc:0.5792 
Train loss: 0.7050, acc: 0.6075 | Valid loss: 0.6790, acc: 0.5587, auc:0.5951 | Test loss: 0.6904, acc: 0.5529, auc:0.5797 
Train loss: 0.7091, acc: 0.5976 | Valid loss: 0.6798, acc: 0.5507, auc:0.5909 | Test loss: 0.6859, acc: 0.5405, auc:0.5724 
Train loss: 0.7033, acc: 0.6086 | Valid loss: 0.6821, acc: 0.5602, auc:0.5856 | Test loss: 0.6872, acc: 0.5726, auc:0.5931 
Train loss: 0.6989, acc: 0.6111 | Valid loss: 0.6828, acc: 0.5485, auc:0.5934 | Test loss: 0.6834, acc: 0.5646, auc:0.5895 
Train loss: 0.6964, acc: 0.6171 | Valid loss: 0.6800, acc: 0.5631, auc:0.5873 | Test loss: 0.6924, acc: 0.5587, auc:0.5881 
Train loss: 0.6974, acc: 0.6185 | Valid loss: 0.6819, acc: 0.5478, auc:0.5846 | Test loss: 0.6827, acc: 0.5675, auc:0.5845 
Train loss: 0.6927, acc: 0.6221 | Valid loss: 0.6864, acc: 0.5580, auc:0.5814 | Test loss: 0.6840, acc: 0.5740, auc:0.5978 
Train loss: 0.6933, acc: 0.6266 | Valid loss: 0.6859, acc: 0.5551, auc:0.5844 | Test loss: 0.6825, acc: 0.5660, auc:0.5913 
Train loss: 0.6941, acc: 0.6179 | Valid loss: 0.6880, acc: 0.5529, auc:0.5770 | Test loss: 0.6981, acc: 0.5470, auc:0.5728 
GNN training complete
ADJ produced
No.9 training in progress 
Train loss: 2.8147, acc: 0.5008 | Valid loss: 0.6960, acc: 0.4792, auc:0.5280 | Test loss: 0.6948, acc: 0.4902, auc:0.5316 
Train loss: 1.4460, acc: 0.5145 | Valid loss: 0.6920, acc: 0.5208, auc:0.5271 | Test loss: 0.6936, acc: 0.5091, auc:0.5307 
Train loss: 1.1812, acc: 0.5124 | Valid loss: 0.6929, acc: 0.5252, auc:0.5163 | Test loss: 0.6928, acc: 0.5193, auc:0.5287 
Train loss: 1.0269, acc: 0.5194 | Valid loss: 0.6914, acc: 0.5492, auc:0.5475 | Test loss: 0.6918, acc: 0.5274, auc:0.5453 
Train loss: 0.9439, acc: 0.5319 | Valid loss: 0.6902, acc: 0.5274, auc:0.5632 | Test loss: 0.6918, acc: 0.5135, auc:0.5538 
Train loss: 0.8966, acc: 0.5262 | Valid loss: 0.6930, acc: 0.4967, auc:0.5368 | Test loss: 0.6923, acc: 0.5113, auc:0.5496 
Train loss: 0.8626, acc: 0.5248 | Valid loss: 0.6909, acc: 0.5215, auc:0.5562 | Test loss: 0.6930, acc: 0.5091, auc:0.5469 
Train loss: 0.8362, acc: 0.5322 | Valid loss: 0.6931, acc: 0.5069, auc:0.5426 | Test loss: 0.6911, acc: 0.5332, auc:0.5574 
Train loss: 0.8184, acc: 0.5423 | Valid loss: 0.6973, acc: 0.4858, auc:0.5446 | Test loss: 0.6940, acc: 0.5069, auc:0.5595 
Train loss: 0.8031, acc: 0.5455 | Valid loss: 0.6934, acc: 0.4945, auc:0.5369 | Test loss: 0.6908, acc: 0.5405, auc:0.5576 
Train loss: 0.7939, acc: 0.5465 | Valid loss: 0.6902, acc: 0.5551, auc:0.5438 | Test loss: 0.6894, acc: 0.5354, auc:0.5640 
Train loss: 0.7835, acc: 0.5527 | Valid loss: 0.6889, acc: 0.5565, auc:0.5502 | Test loss: 0.6876, acc: 0.5456, auc:0.5673 
Train loss: 0.7766, acc: 0.5524 | Valid loss: 0.6892, acc: 0.5522, auc:0.5555 | Test loss: 0.6887, acc: 0.5368, auc:0.5698 
Train loss: 0.7676, acc: 0.5479 | Valid loss: 0.6896, acc: 0.5456, auc:0.5463 | Test loss: 0.6872, acc: 0.5485, auc:0.5690 
Train loss: 0.7582, acc: 0.5669 | Valid loss: 0.6867, acc: 0.5514, auc:0.5597 | Test loss: 0.6865, acc: 0.5500, auc:0.5695 
Train loss: 0.7565, acc: 0.5606 | Valid loss: 0.6895, acc: 0.5456, auc:0.5427 | Test loss: 0.6863, acc: 0.5317, auc:0.5673 
Train loss: 0.7539, acc: 0.5604 | Valid loss: 0.6885, acc: 0.5427, auc:0.5602 | Test loss: 0.6884, acc: 0.5288, auc:0.5717 
Train loss: 0.7462, acc: 0.5677 | Valid loss: 0.6885, acc: 0.5463, auc:0.5522 | Test loss: 0.6844, acc: 0.5573, auc:0.5757 
Train loss: 0.7446, acc: 0.5697 | Valid loss: 0.6890, acc: 0.5390, auc:0.5513 | Test loss: 0.6831, acc: 0.5536, auc:0.5805 
Train loss: 0.7427, acc: 0.5596 | Valid loss: 0.6901, acc: 0.5295, auc:0.5481 | Test loss: 0.6850, acc: 0.5470, auc:0.5704 
Train loss: 0.7399, acc: 0.5658 | Valid loss: 0.6891, acc: 0.5405, auc:0.5511 | Test loss: 0.6862, acc: 0.5492, auc:0.5724 
Train loss: 0.7368, acc: 0.5658 | Valid loss: 0.6906, acc: 0.5492, auc:0.5531 | Test loss: 0.6856, acc: 0.5419, auc:0.5721 
Train loss: 0.7346, acc: 0.5669 | Valid loss: 0.6967, acc: 0.5055, auc:0.5396 | Test loss: 0.6878, acc: 0.5390, auc:0.5778 
Train loss: 0.7313, acc: 0.5742 | Valid loss: 0.6916, acc: 0.5274, auc:0.5467 | Test loss: 0.6851, acc: 0.5470, auc:0.5702 
Train loss: 0.7322, acc: 0.5598 | Valid loss: 0.6905, acc: 0.5543, auc:0.5574 | Test loss: 0.6842, acc: 0.5697, auc:0.5837 
Train loss: 0.7293, acc: 0.5684 | Valid loss: 0.6905, acc: 0.5346, auc:0.5545 | Test loss: 0.6821, acc: 0.5602, auc:0.5810 
Train loss: 0.7231, acc: 0.5772 | Valid loss: 0.6935, acc: 0.5208, auc:0.5454 | Test loss: 0.6840, acc: 0.5551, auc:0.5760 
Train loss: 0.7204, acc: 0.5803 | Valid loss: 0.6908, acc: 0.5164, auc:0.5458 | Test loss: 0.6838, acc: 0.5368, auc:0.5683 
Train loss: 0.7194, acc: 0.5824 | Valid loss: 0.6898, acc: 0.5295, auc:0.5570 | Test loss: 0.6861, acc: 0.5288, auc:0.5626 
Train loss: 0.7157, acc: 0.5782 | Valid loss: 0.6955, acc: 0.5208, auc:0.5579 | Test loss: 0.6891, acc: 0.5346, auc:0.5667 
Train loss: 0.7171, acc: 0.5801 | Valid loss: 0.6870, acc: 0.5558, auc:0.5699 | Test loss: 0.6857, acc: 0.5492, auc:0.5708 
Train loss: 0.7190, acc: 0.5742 | Valid loss: 0.6901, acc: 0.5565, auc:0.5667 | Test loss: 0.6916, acc: 0.5434, auc:0.5653 
Train loss: 0.7171, acc: 0.5756 | Valid loss: 0.6891, acc: 0.5470, auc:0.5637 | Test loss: 0.6855, acc: 0.5536, auc:0.5687 
Train loss: 0.7137, acc: 0.5799 | Valid loss: 0.6900, acc: 0.5478, auc:0.5568 | Test loss: 0.6859, acc: 0.5325, auc:0.5669 
Train loss: 0.7132, acc: 0.5770 | Valid loss: 0.6880, acc: 0.5485, auc:0.5644 | Test loss: 0.6868, acc: 0.5376, auc:0.5634 
Train loss: 0.7101, acc: 0.5860 | Valid loss: 0.6905, acc: 0.5485, auc:0.5590 | Test loss: 0.6872, acc: 0.5449, auc:0.5697 
Train loss: 0.7080, acc: 0.5821 | Valid loss: 0.6929, acc: 0.5631, auc:0.5641 | Test loss: 0.6866, acc: 0.5463, auc:0.5659 
Train loss: 0.7088, acc: 0.5720 | Valid loss: 0.6908, acc: 0.5346, auc:0.5561 | Test loss: 0.6889, acc: 0.5383, auc:0.5653 
Train loss: 0.7023, acc: 0.5868 | Valid loss: 0.6916, acc: 0.5463, auc:0.5644 | Test loss: 0.6875, acc: 0.5376, auc:0.5699 
Train loss: 0.7016, acc: 0.5842 | Valid loss: 0.6914, acc: 0.5288, auc:0.5612 | Test loss: 0.6856, acc: 0.5427, auc:0.5715 
Train loss: 0.7000, acc: 0.5911 | Valid loss: 0.6957, acc: 0.5281, auc:0.5546 | Test loss: 0.6897, acc: 0.5346, auc:0.5628 
Train loss: 0.7009, acc: 0.5880 | Valid loss: 0.6949, acc: 0.5376, auc:0.5581 | Test loss: 0.6918, acc: 0.5427, auc:0.5566 
Train loss: 0.6997, acc: 0.5828 | Valid loss: 0.6973, acc: 0.5558, auc:0.5541 | Test loss: 0.6956, acc: 0.5346, auc:0.5556 
Train loss: 0.6981, acc: 0.5988 | Valid loss: 0.7011, acc: 0.5354, auc:0.5485 | Test loss: 0.6929, acc: 0.5201, auc:0.5532 
Early stopping
GNN training complete
ADJ produced
