No.0 training in progress 
Train loss: 1.3328, acc: 0.4955 | Valid loss: 0.6930, acc: 0.5179, auc:0.4919 | Test loss: 0.6932, acc: 0.5026, auc:0.5071 
Train loss: 1.2497, acc: 0.5036 | Valid loss: 0.6919, acc: 0.5259, auc:0.5000 | Test loss: 0.6941, acc: 0.4982, auc:0.5027 
Train loss: 1.1846, acc: 0.4940 | Valid loss: 0.6926, acc: 0.5259, auc:0.4967 | Test loss: 0.6974, acc: 0.4982, auc:0.4979 
Train loss: 1.1284, acc: 0.5072 | Valid loss: 0.6921, acc: 0.5259, auc:0.5053 | Test loss: 0.6961, acc: 0.4982, auc:0.5105 
Train loss: 1.0831, acc: 0.4964 | Valid loss: 0.6918, acc: 0.5259, auc:0.5044 | Test loss: 0.6946, acc: 0.4982, auc:0.5096 
Train loss: 1.0440, acc: 0.5024 | Valid loss: 0.6926, acc: 0.5259, auc:0.4869 | Test loss: 0.6932, acc: 0.4982, auc:0.5173 
Train loss: 1.0123, acc: 0.5044 | Valid loss: 0.6919, acc: 0.5259, auc:0.5023 | Test loss: 0.6945, acc: 0.4982, auc:0.5020 
Train loss: 0.9851, acc: 0.4947 | Valid loss: 0.6920, acc: 0.5259, auc:0.4909 | Test loss: 0.6938, acc: 0.4982, auc:0.5050 
Train loss: 0.9616, acc: 0.5047 | Valid loss: 0.6921, acc: 0.5259, auc:0.4853 | Test loss: 0.6937, acc: 0.4982, auc:0.5017 
Train loss: 0.9417, acc: 0.5011 | Valid loss: 0.6924, acc: 0.5259, auc:0.4902 | Test loss: 0.6934, acc: 0.4982, auc:0.5073 
Train loss: 0.9241, acc: 0.5038 | Valid loss: 0.6920, acc: 0.5259, auc:0.4891 | Test loss: 0.6957, acc: 0.4982, auc:0.4951 
Train loss: 0.9080, acc: 0.5083 | Valid loss: 0.6928, acc: 0.5259, auc:0.4960 | Test loss: 0.6932, acc: 0.4982, auc:0.5063 
Train loss: 0.8949, acc: 0.5031 | Valid loss: 0.6921, acc: 0.5259, auc:0.4924 | Test loss: 0.6936, acc: 0.4982, auc:0.4960 
Train loss: 0.8827, acc: 0.4978 | Valid loss: 0.6931, acc: 0.5215, auc:0.5000 | Test loss: 0.6932, acc: 0.4858, auc:0.5000 
Train loss: 0.8707, acc: 0.4963 | Valid loss: 0.6922, acc: 0.5259, auc:0.4770 | Test loss: 0.6936, acc: 0.4982, auc:0.5124 
Train loss: 0.8600, acc: 0.4951 | Valid loss: 0.6922, acc: 0.5259, auc:0.5066 | Test loss: 0.6935, acc: 0.4982, auc:0.5033 
Train loss: 0.8500, acc: 0.5069 | Valid loss: 0.6928, acc: 0.5259, auc:0.5000 | Test loss: 0.6932, acc: 0.4982, auc:0.5000 
Train loss: 0.8413, acc: 0.5037 | Valid loss: 0.6923, acc: 0.5259, auc:0.5000 | Test loss: 0.6934, acc: 0.4982, auc:0.5000 
Train loss: 0.8327, acc: 0.5103 | Valid loss: 0.6923, acc: 0.5259, auc:0.5000 | Test loss: 0.6934, acc: 0.4982, auc:0.5000 
Train loss: 0.8249, acc: 0.5091 | Valid loss: 0.6926, acc: 0.5259, auc:0.5000 | Test loss: 0.6933, acc: 0.4982, auc:0.5000 
Train loss: 0.8178, acc: 0.5059 | Valid loss: 0.6931, acc: 0.5179, auc:0.5000 | Test loss: 0.6931, acc: 0.5040, auc:0.5000 
Train loss: 0.8109, acc: 0.5057 | Valid loss: 0.6927, acc: 0.5259, auc:0.5000 | Test loss: 0.6932, acc: 0.4982, auc:0.5000 
Train loss: 0.8048, acc: 0.5068 | Valid loss: 0.6927, acc: 0.5259, auc:0.5000 | Test loss: 0.6932, acc: 0.4982, auc:0.5000 
Train loss: 0.7990, acc: 0.5048 | Valid loss: 0.6919, acc: 0.5259, auc:0.5008 | Test loss: 0.6941, acc: 0.4982, auc:0.5000 
Train loss: 0.7932, acc: 0.5103 | Valid loss: 0.6925, acc: 0.5259, auc:0.5000 | Test loss: 0.6933, acc: 0.4982, auc:0.5000 
Train loss: 0.7880, acc: 0.5062 | Valid loss: 0.6924, acc: 0.5259, auc:0.5000 | Test loss: 0.6934, acc: 0.4982, auc:0.5000 
Train loss: 0.7831, acc: 0.5094 | Valid loss: 0.6924, acc: 0.5259, auc:0.5000 | Test loss: 0.6934, acc: 0.4982, auc:0.5000 
Train loss: 0.7785, acc: 0.5103 | Valid loss: 0.6924, acc: 0.5259, auc:0.5000 | Test loss: 0.6934, acc: 0.4982, auc:0.5000 
Train loss: 0.7741, acc: 0.5103 | Valid loss: 0.6922, acc: 0.5259, auc:0.5028 | Test loss: 0.6935, acc: 0.4982, auc:0.5007 
Train loss: 0.7700, acc: 0.5071 | Valid loss: 0.6926, acc: 0.5259, auc:0.5000 | Test loss: 0.6933, acc: 0.4982, auc:0.5000 
Train loss: 0.7667, acc: 0.4958 | Valid loss: 0.6923, acc: 0.5259, auc:0.5000 | Test loss: 0.6934, acc: 0.4982, auc:0.5000 
Train loss: 0.7629, acc: 0.5056 | Valid loss: 0.6922, acc: 0.5259, auc:0.4998 | Test loss: 0.6935, acc: 0.4982, auc:0.5118 
Train loss: 0.7593, acc: 0.5064 | Valid loss: 0.6919, acc: 0.5259, auc:0.4858 | Test loss: 0.6939, acc: 0.4982, auc:0.5008 
Train loss: 0.7562, acc: 0.5105 | Valid loss: 0.6935, acc: 0.4741, auc:0.5155 | Test loss: 0.6932, acc: 0.5018, auc:0.5051 
Early stopping
GNN training complete
ADJ produced
No.1 training in progress 
Train loss: 1.3176, acc: 0.5044 | Valid loss: 0.6953, acc: 0.4887, auc:0.5509 | Test loss: 0.6972, acc: 0.4763, auc:0.5516 
Train loss: 1.1577, acc: 0.5090 | Valid loss: 0.6911, acc: 0.5201, auc:0.5517 | Test loss: 0.6900, acc: 0.5274, auc:0.5519 
Train loss: 1.0642, acc: 0.5279 | Valid loss: 0.6893, acc: 0.5368, auc:0.5702 | Test loss: 0.6914, acc: 0.5317, auc:0.5552 
Train loss: 1.0047, acc: 0.5470 | Valid loss: 0.6881, acc: 0.5405, auc:0.5743 | Test loss: 0.6911, acc: 0.5303, auc:0.5602 
Train loss: 0.9643, acc: 0.5544 | Valid loss: 0.6860, acc: 0.5449, auc:0.5776 | Test loss: 0.6870, acc: 0.5441, auc:0.5594 
Train loss: 0.9313, acc: 0.5651 | Valid loss: 0.6855, acc: 0.5660, auc:0.5818 | Test loss: 0.6907, acc: 0.5368, auc:0.5603 
Train loss: 0.9028, acc: 0.5721 | Valid loss: 0.6842, acc: 0.5667, auc:0.5828 | Test loss: 0.6896, acc: 0.5470, auc:0.5612 
Train loss: 0.8805, acc: 0.5807 | Valid loss: 0.6844, acc: 0.5594, auc:0.5809 | Test loss: 0.6869, acc: 0.5522, auc:0.5632 
Train loss: 0.8611, acc: 0.5894 | Valid loss: 0.6848, acc: 0.5660, auc:0.5834 | Test loss: 0.6904, acc: 0.5412, auc:0.5653 
Train loss: 0.8466, acc: 0.5875 | Valid loss: 0.6867, acc: 0.5697, auc:0.5846 | Test loss: 0.6929, acc: 0.5383, auc:0.5664 
Train loss: 0.8296, acc: 0.6020 | Valid loss: 0.6847, acc: 0.5682, auc:0.5836 | Test loss: 0.6880, acc: 0.5529, auc:0.5682 
Train loss: 0.8182, acc: 0.5935 | Valid loss: 0.6868, acc: 0.5660, auc:0.5825 | Test loss: 0.6925, acc: 0.5346, auc:0.5680 
Train loss: 0.8064, acc: 0.6025 | Valid loss: 0.6863, acc: 0.5740, auc:0.5832 | Test loss: 0.6919, acc: 0.5383, auc:0.5665 
Train loss: 0.7964, acc: 0.6003 | Valid loss: 0.6920, acc: 0.5551, auc:0.5853 | Test loss: 0.7003, acc: 0.5346, auc:0.5659 
Train loss: 0.7875, acc: 0.6051 | Valid loss: 0.6886, acc: 0.5726, auc:0.5844 | Test loss: 0.6971, acc: 0.5434, auc:0.5637 
Train loss: 0.7784, acc: 0.6067 | Valid loss: 0.6867, acc: 0.5770, auc:0.5836 | Test loss: 0.6937, acc: 0.5419, auc:0.5644 
Train loss: 0.7701, acc: 0.6086 | Valid loss: 0.6873, acc: 0.5740, auc:0.5839 | Test loss: 0.6924, acc: 0.5441, auc:0.5685 
Train loss: 0.7635, acc: 0.6106 | Valid loss: 0.6910, acc: 0.5646, auc:0.5852 | Test loss: 0.6941, acc: 0.5573, auc:0.5688 
Train loss: 0.7565, acc: 0.6133 | Valid loss: 0.6941, acc: 0.5704, auc:0.5841 | Test loss: 0.7024, acc: 0.5383, auc:0.5661 
Train loss: 0.7493, acc: 0.6206 | Valid loss: 0.6908, acc: 0.5806, auc:0.5864 | Test loss: 0.6968, acc: 0.5492, auc:0.5693 
Train loss: 0.7471, acc: 0.6141 | Valid loss: 0.6903, acc: 0.5777, auc:0.5853 | Test loss: 0.6957, acc: 0.5434, auc:0.5702 
Train loss: 0.7401, acc: 0.6182 | Valid loss: 0.6930, acc: 0.5770, auc:0.5849 | Test loss: 0.6990, acc: 0.5485, auc:0.5692 
Train loss: 0.7335, acc: 0.6242 | Valid loss: 0.6926, acc: 0.5784, auc:0.5867 | Test loss: 0.7011, acc: 0.5368, auc:0.5664 
Train loss: 0.7288, acc: 0.6262 | Valid loss: 0.6930, acc: 0.5791, auc:0.5887 | Test loss: 0.7018, acc: 0.5470, auc:0.5681 
Train loss: 0.7249, acc: 0.6259 | Valid loss: 0.6946, acc: 0.5748, auc:0.5857 | Test loss: 0.7042, acc: 0.5368, auc:0.5641 
Train loss: 0.7185, acc: 0.6297 | Valid loss: 0.6975, acc: 0.5791, auc:0.5862 | Test loss: 0.7077, acc: 0.5339, auc:0.5644 
Train loss: 0.7139, acc: 0.6333 | Valid loss: 0.6981, acc: 0.5784, auc:0.5858 | Test loss: 0.7059, acc: 0.5449, auc:0.5674 
Train loss: 0.7104, acc: 0.6334 | Valid loss: 0.6975, acc: 0.5675, auc:0.5839 | Test loss: 0.7032, acc: 0.5522, auc:0.5662 
Train loss: 0.7044, acc: 0.6380 | Valid loss: 0.6964, acc: 0.5806, auc:0.5856 | Test loss: 0.7018, acc: 0.5492, auc:0.5674 
Train loss: 0.7014, acc: 0.6396 | Valid loss: 0.6999, acc: 0.5733, auc:0.5807 | Test loss: 0.7064, acc: 0.5456, auc:0.5624 
Train loss: 0.6959, acc: 0.6471 | Valid loss: 0.7059, acc: 0.5718, auc:0.5816 | Test loss: 0.7094, acc: 0.5543, auc:0.5681 
Train loss: 0.6906, acc: 0.6461 | Valid loss: 0.7042, acc: 0.5718, auc:0.5803 | Test loss: 0.7074, acc: 0.5492, auc:0.5690 
Train loss: 0.6890, acc: 0.6508 | Valid loss: 0.7132, acc: 0.5580, auc:0.5776 | Test loss: 0.7206, acc: 0.5171, auc:0.5618 
Train loss: 0.6868, acc: 0.6520 | Valid loss: 0.7095, acc: 0.5682, auc:0.5807 | Test loss: 0.7174, acc: 0.5419, auc:0.5629 
Train loss: 0.6802, acc: 0.6555 | Valid loss: 0.7043, acc: 0.5718, auc:0.5761 | Test loss: 0.7067, acc: 0.5434, auc:0.5625 
Train loss: 0.6764, acc: 0.6624 | Valid loss: 0.7050, acc: 0.5624, auc:0.5750 | Test loss: 0.7084, acc: 0.5441, auc:0.5615 
Early stopping
GNN training complete
ADJ produced
No.2 training in progress 
Train loss: 1.3023, acc: 0.5066 | Valid loss: 0.6915, acc: 0.5390, auc:0.5499 | Test loss: 0.6919, acc: 0.5215, auc:0.5310 
Train loss: 1.1115, acc: 0.5191 | Valid loss: 0.6933, acc: 0.5135, auc:0.5511 | Test loss: 0.6932, acc: 0.5120, auc:0.5492 
Train loss: 1.0182, acc: 0.5258 | Valid loss: 0.6887, acc: 0.5390, auc:0.5611 | Test loss: 0.6899, acc: 0.5376, auc:0.5475 
Train loss: 0.9610, acc: 0.5395 | Valid loss: 0.6892, acc: 0.5317, auc:0.5652 | Test loss: 0.6889, acc: 0.5441, auc:0.5707 
Train loss: 0.9216, acc: 0.5510 | Valid loss: 0.6857, acc: 0.5580, auc:0.5692 | Test loss: 0.6850, acc: 0.5543, auc:0.5749 
Train loss: 0.8895, acc: 0.5716 | Valid loss: 0.6857, acc: 0.5514, auc:0.5663 | Test loss: 0.6834, acc: 0.5653, auc:0.5817 
Train loss: 0.8676, acc: 0.5742 | Valid loss: 0.6862, acc: 0.5529, auc:0.5648 | Test loss: 0.6816, acc: 0.5646, auc:0.5872 
Train loss: 0.8459, acc: 0.5820 | Valid loss: 0.6871, acc: 0.5419, auc:0.5663 | Test loss: 0.6823, acc: 0.5667, auc:0.5886 
Train loss: 0.8294, acc: 0.5841 | Valid loss: 0.6875, acc: 0.5441, auc:0.5642 | Test loss: 0.6832, acc: 0.5514, auc:0.5887 
Train loss: 0.8158, acc: 0.5834 | Valid loss: 0.6872, acc: 0.5463, auc:0.5641 | Test loss: 0.6801, acc: 0.5806, auc:0.5942 
Train loss: 0.8027, acc: 0.5941 | Valid loss: 0.6891, acc: 0.5500, auc:0.5661 | Test loss: 0.6821, acc: 0.5784, auc:0.5948 
Train loss: 0.7931, acc: 0.5898 | Valid loss: 0.6911, acc: 0.5492, auc:0.5632 | Test loss: 0.6820, acc: 0.5813, auc:0.5977 
Train loss: 0.7818, acc: 0.6019 | Valid loss: 0.6880, acc: 0.5470, auc:0.5622 | Test loss: 0.6794, acc: 0.5842, auc:0.5978 
Train loss: 0.7751, acc: 0.6022 | Valid loss: 0.6893, acc: 0.5456, auc:0.5657 | Test loss: 0.6808, acc: 0.5791, auc:0.5967 
Train loss: 0.7669, acc: 0.6024 | Valid loss: 0.6922, acc: 0.5522, auc:0.5662 | Test loss: 0.6833, acc: 0.5718, auc:0.5954 
Train loss: 0.7598, acc: 0.6066 | Valid loss: 0.6900, acc: 0.5522, auc:0.5639 | Test loss: 0.6818, acc: 0.5821, auc:0.5950 
Train loss: 0.7524, acc: 0.6128 | Valid loss: 0.6919, acc: 0.5514, auc:0.5641 | Test loss: 0.6822, acc: 0.5813, auc:0.5968 
Train loss: 0.7473, acc: 0.6075 | Valid loss: 0.6890, acc: 0.5631, auc:0.5645 | Test loss: 0.6816, acc: 0.5660, auc:0.5976 
Train loss: 0.7405, acc: 0.6158 | Valid loss: 0.6899, acc: 0.5419, auc:0.5665 | Test loss: 0.6836, acc: 0.5821, auc:0.5951 
Train loss: 0.7367, acc: 0.6206 | Valid loss: 0.6925, acc: 0.5529, auc:0.5625 | Test loss: 0.6815, acc: 0.5857, auc:0.5990 
Train loss: 0.7279, acc: 0.6247 | Valid loss: 0.6989, acc: 0.5507, auc:0.5622 | Test loss: 0.6864, acc: 0.5762, auc:0.5994 
Train loss: 0.7273, acc: 0.6176 | Valid loss: 0.6985, acc: 0.5354, auc:0.5631 | Test loss: 0.6865, acc: 0.5784, auc:0.5994 
Train loss: 0.7185, acc: 0.6329 | Valid loss: 0.6952, acc: 0.5514, auc:0.5686 | Test loss: 0.6857, acc: 0.5813, auc:0.5989 
Train loss: 0.7185, acc: 0.6320 | Valid loss: 0.6984, acc: 0.5470, auc:0.5605 | Test loss: 0.6860, acc: 0.5835, auc:0.5991 
Train loss: 0.7105, acc: 0.6363 | Valid loss: 0.6993, acc: 0.5507, auc:0.5624 | Test loss: 0.6872, acc: 0.5726, auc:0.6000 
Train loss: 0.7043, acc: 0.6442 | Valid loss: 0.7064, acc: 0.5325, auc:0.5647 | Test loss: 0.6972, acc: 0.5733, auc:0.5976 
Train loss: 0.7056, acc: 0.6336 | Valid loss: 0.7001, acc: 0.5507, auc:0.5656 | Test loss: 0.6893, acc: 0.5740, auc:0.5979 
Train loss: 0.6959, acc: 0.6482 | Valid loss: 0.6981, acc: 0.5368, auc:0.5621 | Test loss: 0.6902, acc: 0.5740, auc:0.5936 
Train loss: 0.6944, acc: 0.6487 | Valid loss: 0.7009, acc: 0.5514, auc:0.5597 | Test loss: 0.6892, acc: 0.5791, auc:0.5978 
Train loss: 0.6900, acc: 0.6494 | Valid loss: 0.7087, acc: 0.5368, auc:0.5613 | Test loss: 0.6974, acc: 0.5864, auc:0.5949 
Train loss: 0.6819, acc: 0.6569 | Valid loss: 0.7090, acc: 0.5449, auc:0.5562 | Test loss: 0.6951, acc: 0.5667, auc:0.5945 
Train loss: 0.6804, acc: 0.6589 | Valid loss: 0.7114, acc: 0.5419, auc:0.5554 | Test loss: 0.6961, acc: 0.5740, auc:0.5961 
Train loss: 0.6751, acc: 0.6628 | Valid loss: 0.7121, acc: 0.5222, auc:0.5534 | Test loss: 0.6996, acc: 0.5799, auc:0.5933 
Train loss: 0.6729, acc: 0.6691 | Valid loss: 0.7143, acc: 0.5419, auc:0.5597 | Test loss: 0.7019, acc: 0.5784, auc:0.5944 
Early stopping
GNN training complete
ADJ produced
No.3 training in progress 
Train loss: 1.3074, acc: 0.4986 | Valid loss: 0.6913, acc: 0.5478, auc:0.5628 | Test loss: 0.6918, acc: 0.5288, auc:0.5520 
Train loss: 1.1107, acc: 0.5106 | Valid loss: 0.6946, acc: 0.4953, auc:0.5539 | Test loss: 0.6946, acc: 0.4923, auc:0.5707 
Train loss: 1.0129, acc: 0.5200 | Valid loss: 0.6890, acc: 0.5368, auc:0.5719 | Test loss: 0.6886, acc: 0.5449, auc:0.5730 
Train loss: 0.9555, acc: 0.5455 | Valid loss: 0.6935, acc: 0.5128, auc:0.5786 | Test loss: 0.6924, acc: 0.5135, auc:0.5817 
Train loss: 0.9209, acc: 0.5389 | Valid loss: 0.6850, acc: 0.5682, auc:0.5875 | Test loss: 0.6853, acc: 0.5594, auc:0.5858 
Train loss: 0.8869, acc: 0.5662 | Valid loss: 0.6839, acc: 0.5434, auc:0.5852 | Test loss: 0.6833, acc: 0.5609, auc:0.5872 
Train loss: 0.8663, acc: 0.5634 | Valid loss: 0.6823, acc: 0.5602, auc:0.5864 | Test loss: 0.6824, acc: 0.5711, auc:0.5876 
Train loss: 0.8473, acc: 0.5756 | Valid loss: 0.6821, acc: 0.5543, auc:0.5886 | Test loss: 0.6825, acc: 0.5500, auc:0.5868 
Train loss: 0.8332, acc: 0.5687 | Valid loss: 0.6810, acc: 0.5609, auc:0.5887 | Test loss: 0.6806, acc: 0.5653, auc:0.5905 
Train loss: 0.8156, acc: 0.5864 | Valid loss: 0.6807, acc: 0.5580, auc:0.5898 | Test loss: 0.6814, acc: 0.5653, auc:0.5910 
Train loss: 0.8041, acc: 0.5900 | Valid loss: 0.6800, acc: 0.5660, auc:0.5903 | Test loss: 0.6807, acc: 0.5631, auc:0.5899 
Train loss: 0.7947, acc: 0.5842 | Valid loss: 0.6798, acc: 0.5616, auc:0.5912 | Test loss: 0.6810, acc: 0.5609, auc:0.5904 
Train loss: 0.7860, acc: 0.5913 | Valid loss: 0.6802, acc: 0.5653, auc:0.5927 | Test loss: 0.6803, acc: 0.5675, auc:0.5925 
Train loss: 0.7776, acc: 0.5908 | Valid loss: 0.6814, acc: 0.5631, auc:0.5919 | Test loss: 0.6810, acc: 0.5660, auc:0.5925 
Train loss: 0.7700, acc: 0.5972 | Valid loss: 0.6799, acc: 0.5660, auc:0.5919 | Test loss: 0.6804, acc: 0.5624, auc:0.5911 
Train loss: 0.7635, acc: 0.5982 | Valid loss: 0.6808, acc: 0.5594, auc:0.5913 | Test loss: 0.6808, acc: 0.5638, auc:0.5919 
Train loss: 0.7561, acc: 0.5987 | Valid loss: 0.6814, acc: 0.5697, auc:0.5919 | Test loss: 0.6808, acc: 0.5616, auc:0.5923 
Train loss: 0.7500, acc: 0.6047 | Valid loss: 0.6847, acc: 0.5667, auc:0.5924 | Test loss: 0.6844, acc: 0.5507, auc:0.5902 
Train loss: 0.7477, acc: 0.6033 | Valid loss: 0.6817, acc: 0.5675, auc:0.5925 | Test loss: 0.6817, acc: 0.5689, auc:0.5915 
Train loss: 0.7395, acc: 0.6108 | Valid loss: 0.6874, acc: 0.5565, auc:0.5921 | Test loss: 0.6860, acc: 0.5667, auc:0.5922 
Train loss: 0.7347, acc: 0.6111 | Valid loss: 0.6830, acc: 0.5580, auc:0.5892 | Test loss: 0.6817, acc: 0.5748, auc:0.5926 
Train loss: 0.7328, acc: 0.6111 | Valid loss: 0.6821, acc: 0.5594, auc:0.5885 | Test loss: 0.6807, acc: 0.5675, auc:0.5941 
Train loss: 0.7269, acc: 0.6149 | Valid loss: 0.6872, acc: 0.5675, auc:0.5902 | Test loss: 0.6849, acc: 0.5755, auc:0.5929 
Train loss: 0.7245, acc: 0.6178 | Valid loss: 0.6833, acc: 0.5638, auc:0.5910 | Test loss: 0.6814, acc: 0.5755, auc:0.5946 
Train loss: 0.7206, acc: 0.6158 | Valid loss: 0.6837, acc: 0.5616, auc:0.5889 | Test loss: 0.6804, acc: 0.5704, auc:0.5960 
Train loss: 0.7173, acc: 0.6200 | Valid loss: 0.6854, acc: 0.5638, auc:0.5881 | Test loss: 0.6815, acc: 0.5748, auc:0.5960 
Train loss: 0.7113, acc: 0.6249 | Valid loss: 0.6854, acc: 0.5646, auc:0.5904 | Test loss: 0.6823, acc: 0.5646, auc:0.5969 
Train loss: 0.7085, acc: 0.6276 | Valid loss: 0.6864, acc: 0.5646, auc:0.5880 | Test loss: 0.6821, acc: 0.5740, auc:0.5976 
Train loss: 0.7036, acc: 0.6302 | Valid loss: 0.6875, acc: 0.5646, auc:0.5866 | Test loss: 0.6816, acc: 0.5748, auc:0.5997 
Train loss: 0.7018, acc: 0.6362 | Valid loss: 0.6985, acc: 0.5543, auc:0.5858 | Test loss: 0.6905, acc: 0.5602, auc:0.5959 
Train loss: 0.6984, acc: 0.6353 | Valid loss: 0.6895, acc: 0.5580, auc:0.5851 | Test loss: 0.6841, acc: 0.5660, auc:0.5929 
Train loss: 0.6945, acc: 0.6427 | Valid loss: 0.6894, acc: 0.5551, auc:0.5847 | Test loss: 0.6847, acc: 0.5646, auc:0.5942 
Train loss: 0.6892, acc: 0.6437 | Valid loss: 0.6908, acc: 0.5543, auc:0.5851 | Test loss: 0.6854, acc: 0.5675, auc:0.5940 
Train loss: 0.6861, acc: 0.6524 | Valid loss: 0.6913, acc: 0.5624, auc:0.5887 | Test loss: 0.6842, acc: 0.5697, auc:0.5985 
Train loss: 0.6808, acc: 0.6591 | Valid loss: 0.6907, acc: 0.5667, auc:0.5848 | Test loss: 0.6826, acc: 0.5740, auc:0.5993 
Train loss: 0.6789, acc: 0.6561 | Valid loss: 0.6969, acc: 0.5638, auc:0.5879 | Test loss: 0.6901, acc: 0.5689, auc:0.5957 
Train loss: 0.6746, acc: 0.6632 | Valid loss: 0.6992, acc: 0.5536, auc:0.5818 | Test loss: 0.6905, acc: 0.5646, auc:0.5946 
Train loss: 0.6704, acc: 0.6624 | Valid loss: 0.7001, acc: 0.5594, auc:0.5847 | Test loss: 0.6931, acc: 0.5631, auc:0.5954 
Train loss: 0.6665, acc: 0.6689 | Valid loss: 0.7028, acc: 0.5529, auc:0.5770 | Test loss: 0.6903, acc: 0.5624, auc:0.5957 
Train loss: 0.6632, acc: 0.6736 | Valid loss: 0.7010, acc: 0.5558, auc:0.5779 | Test loss: 0.6900, acc: 0.5740, auc:0.5952 
Train loss: 0.6567, acc: 0.6813 | Valid loss: 0.7096, acc: 0.5522, auc:0.5821 | Test loss: 0.6980, acc: 0.5704, auc:0.5954 
Early stopping
GNN training complete
ADJ produced
No.4 training in progress 
Train loss: 1.2988, acc: 0.5140 | Valid loss: 0.7030, acc: 0.4770, auc:0.5046 | Test loss: 0.6999, acc: 0.4894, auc:0.5308 
Train loss: 1.1003, acc: 0.5158 | Valid loss: 0.6921, acc: 0.5288, auc:0.5414 | Test loss: 0.6899, acc: 0.5507, auc:0.5642 
Train loss: 1.0065, acc: 0.5234 | Valid loss: 0.6915, acc: 0.5193, auc:0.5379 | Test loss: 0.6874, acc: 0.5514, auc:0.5704 
Train loss: 0.9481, acc: 0.5454 | Valid loss: 0.6915, acc: 0.5266, auc:0.5492 | Test loss: 0.6861, acc: 0.5616, auc:0.5804 
Train loss: 0.9090, acc: 0.5618 | Valid loss: 0.6897, acc: 0.5405, auc:0.5456 | Test loss: 0.6837, acc: 0.5485, auc:0.5757 
Train loss: 0.8789, acc: 0.5722 | Valid loss: 0.6910, acc: 0.5412, auc:0.5488 | Test loss: 0.6844, acc: 0.5580, auc:0.5831 
Train loss: 0.8571, acc: 0.5778 | Valid loss: 0.6911, acc: 0.5558, auc:0.5469 | Test loss: 0.6816, acc: 0.5609, auc:0.5858 
Train loss: 0.8367, acc: 0.5871 | Valid loss: 0.6932, acc: 0.5368, auc:0.5418 | Test loss: 0.6820, acc: 0.5573, auc:0.5808 
Train loss: 0.8252, acc: 0.5874 | Valid loss: 0.6996, acc: 0.5098, auc:0.5472 | Test loss: 0.6876, acc: 0.5463, auc:0.5857 
Train loss: 0.8103, acc: 0.5904 | Valid loss: 0.6909, acc: 0.5536, auc:0.5538 | Test loss: 0.6802, acc: 0.5631, auc:0.5912 
Train loss: 0.7972, acc: 0.5999 | Valid loss: 0.6937, acc: 0.5514, auc:0.5544 | Test loss: 0.6813, acc: 0.5602, auc:0.5893 
Train loss: 0.7885, acc: 0.5987 | Valid loss: 0.6950, acc: 0.5412, auc:0.5510 | Test loss: 0.6813, acc: 0.5594, auc:0.5878 
Train loss: 0.7798, acc: 0.5996 | Valid loss: 0.6934, acc: 0.5500, auc:0.5553 | Test loss: 0.6807, acc: 0.5660, auc:0.5894 
Train loss: 0.7726, acc: 0.6065 | Valid loss: 0.6972, acc: 0.5522, auc:0.5560 | Test loss: 0.6826, acc: 0.5624, auc:0.5922 
Train loss: 0.7648, acc: 0.6103 | Valid loss: 0.6978, acc: 0.5412, auc:0.5553 | Test loss: 0.6817, acc: 0.5602, auc:0.5910 
Train loss: 0.7576, acc: 0.6107 | Valid loss: 0.7014, acc: 0.5346, auc:0.5551 | Test loss: 0.6832, acc: 0.5631, auc:0.5920 
Train loss: 0.7494, acc: 0.6179 | Valid loss: 0.7018, acc: 0.5478, auc:0.5542 | Test loss: 0.6831, acc: 0.5704, auc:0.5925 
Train loss: 0.7442, acc: 0.6179 | Valid loss: 0.6996, acc: 0.5427, auc:0.5515 | Test loss: 0.6819, acc: 0.5646, auc:0.5902 
Train loss: 0.7377, acc: 0.6210 | Valid loss: 0.7054, acc: 0.5536, auc:0.5557 | Test loss: 0.6843, acc: 0.5653, auc:0.5953 
Train loss: 0.7327, acc: 0.6261 | Valid loss: 0.7068, acc: 0.5405, auc:0.5541 | Test loss: 0.6854, acc: 0.5609, auc:0.5906 
Train loss: 0.7276, acc: 0.6267 | Valid loss: 0.7037, acc: 0.5470, auc:0.5542 | Test loss: 0.6820, acc: 0.5543, auc:0.5938 
Train loss: 0.7218, acc: 0.6338 | Valid loss: 0.7031, acc: 0.5463, auc:0.5572 | Test loss: 0.6839, acc: 0.5646, auc:0.5941 
Train loss: 0.7174, acc: 0.6375 | Valid loss: 0.7078, acc: 0.5463, auc:0.5603 | Test loss: 0.6883, acc: 0.5631, auc:0.5936 
Train loss: 0.7146, acc: 0.6364 | Valid loss: 0.7090, acc: 0.5470, auc:0.5584 | Test loss: 0.6885, acc: 0.5587, auc:0.5886 
Train loss: 0.7091, acc: 0.6431 | Valid loss: 0.7075, acc: 0.5478, auc:0.5584 | Test loss: 0.6873, acc: 0.5711, auc:0.5907 
Train loss: 0.7021, acc: 0.6498 | Valid loss: 0.7091, acc: 0.5536, auc:0.5598 | Test loss: 0.6889, acc: 0.5529, auc:0.5902 
Train loss: 0.6991, acc: 0.6524 | Valid loss: 0.7064, acc: 0.5390, auc:0.5583 | Test loss: 0.6867, acc: 0.5514, auc:0.5891 
Train loss: 0.6937, acc: 0.6547 | Valid loss: 0.7123, acc: 0.5390, auc:0.5570 | Test loss: 0.6882, acc: 0.5653, auc:0.5952 
Train loss: 0.6849, acc: 0.6719 | Valid loss: 0.7181, acc: 0.5419, auc:0.5598 | Test loss: 0.6922, acc: 0.5580, auc:0.5950 
Train loss: 0.6830, acc: 0.6614 | Valid loss: 0.7196, acc: 0.5376, auc:0.5599 | Test loss: 0.6960, acc: 0.5500, auc:0.5858 
Train loss: 0.6795, acc: 0.6725 | Valid loss: 0.7263, acc: 0.5405, auc:0.5590 | Test loss: 0.7004, acc: 0.5551, auc:0.5891 
Train loss: 0.6715, acc: 0.6712 | Valid loss: 0.7231, acc: 0.5398, auc:0.5581 | Test loss: 0.6995, acc: 0.5441, auc:0.5838 
Train loss: 0.6679, acc: 0.6770 | Valid loss: 0.7213, acc: 0.5412, auc:0.5604 | Test loss: 0.6984, acc: 0.5543, auc:0.5883 
Train loss: 0.6585, acc: 0.6907 | Valid loss: 0.7302, acc: 0.5412, auc:0.5604 | Test loss: 0.7037, acc: 0.5573, auc:0.5852 
Early stopping
GNN training complete
ADJ produced
No.5 training in progress 
Train loss: 1.3112, acc: 0.5025 | Valid loss: 0.6893, acc: 0.5434, auc:0.5641 | Test loss: 0.6935, acc: 0.5106, auc:0.5177 
Train loss: 1.1010, acc: 0.5129 | Valid loss: 0.6899, acc: 0.5485, auc:0.5636 | Test loss: 0.6923, acc: 0.5215, auc:0.5233 
Train loss: 1.0074, acc: 0.5360 | Valid loss: 0.6862, acc: 0.5587, auc:0.5703 | Test loss: 0.6920, acc: 0.5128, auc:0.5374 
Train loss: 0.9500, acc: 0.5603 | Valid loss: 0.6847, acc: 0.5580, auc:0.5732 | Test loss: 0.6927, acc: 0.5303, auc:0.5392 
Train loss: 0.9151, acc: 0.5683 | Valid loss: 0.6842, acc: 0.5565, auc:0.5756 | Test loss: 0.6922, acc: 0.5419, auc:0.5437 
Train loss: 0.8892, acc: 0.5712 | Valid loss: 0.6856, acc: 0.5470, auc:0.5783 | Test loss: 0.6932, acc: 0.5456, auc:0.5476 
Train loss: 0.8666, acc: 0.5793 | Valid loss: 0.6838, acc: 0.5638, auc:0.5781 | Test loss: 0.6970, acc: 0.5244, auc:0.5459 
Train loss: 0.8498, acc: 0.5791 | Valid loss: 0.6859, acc: 0.5522, auc:0.5741 | Test loss: 0.6987, acc: 0.5157, auc:0.5456 
Train loss: 0.8325, acc: 0.5908 | Valid loss: 0.6865, acc: 0.5565, auc:0.5793 | Test loss: 0.6968, acc: 0.5463, auc:0.5459 
Train loss: 0.8187, acc: 0.6002 | Valid loss: 0.6932, acc: 0.5252, auc:0.5821 | Test loss: 0.7029, acc: 0.5230, auc:0.5435 
Train loss: 0.8117, acc: 0.5929 | Valid loss: 0.6843, acc: 0.5616, auc:0.5826 | Test loss: 0.6962, acc: 0.5507, auc:0.5451 
Train loss: 0.7994, acc: 0.6039 | Valid loss: 0.6836, acc: 0.5565, auc:0.5818 | Test loss: 0.6986, acc: 0.5252, auc:0.5454 
Train loss: 0.7907, acc: 0.6040 | Valid loss: 0.6852, acc: 0.5631, auc:0.5819 | Test loss: 0.6975, acc: 0.5529, auc:0.5463 
Train loss: 0.7830, acc: 0.6078 | Valid loss: 0.6848, acc: 0.5675, auc:0.5823 | Test loss: 0.7008, acc: 0.5354, auc:0.5465 
Train loss: 0.7750, acc: 0.6066 | Valid loss: 0.6875, acc: 0.5594, auc:0.5804 | Test loss: 0.7016, acc: 0.5412, auc:0.5490 
Train loss: 0.7689, acc: 0.6121 | Valid loss: 0.6881, acc: 0.5653, auc:0.5814 | Test loss: 0.7020, acc: 0.5470, auc:0.5477 
Train loss: 0.7660, acc: 0.6090 | Valid loss: 0.6841, acc: 0.5667, auc:0.5802 | Test loss: 0.6985, acc: 0.5171, auc:0.5491 
Train loss: 0.7572, acc: 0.6179 | Valid loss: 0.6877, acc: 0.5755, auc:0.5844 | Test loss: 0.7044, acc: 0.5390, auc:0.5481 
Train loss: 0.7514, acc: 0.6093 | Valid loss: 0.6880, acc: 0.5573, auc:0.5831 | Test loss: 0.7023, acc: 0.5405, auc:0.5475 
Train loss: 0.7465, acc: 0.6198 | Valid loss: 0.6852, acc: 0.5653, auc:0.5854 | Test loss: 0.7008, acc: 0.5405, auc:0.5484 
Train loss: 0.7400, acc: 0.6236 | Valid loss: 0.6880, acc: 0.5733, auc:0.5833 | Test loss: 0.7039, acc: 0.5354, auc:0.5488 
Train loss: 0.7373, acc: 0.6260 | Valid loss: 0.6928, acc: 0.5689, auc:0.5803 | Test loss: 0.7129, acc: 0.5150, auc:0.5472 
Train loss: 0.7346, acc: 0.6219 | Valid loss: 0.6920, acc: 0.5682, auc:0.5821 | Test loss: 0.7110, acc: 0.5354, auc:0.5474 
Train loss: 0.7284, acc: 0.6308 | Valid loss: 0.6931, acc: 0.5711, auc:0.5848 | Test loss: 0.7139, acc: 0.5325, auc:0.5487 
Train loss: 0.7266, acc: 0.6313 | Valid loss: 0.6905, acc: 0.5697, auc:0.5849 | Test loss: 0.7062, acc: 0.5412, auc:0.5488 
Train loss: 0.7216, acc: 0.6355 | Valid loss: 0.6890, acc: 0.5551, auc:0.5828 | Test loss: 0.7064, acc: 0.5339, auc:0.5472 
Train loss: 0.7199, acc: 0.6380 | Valid loss: 0.6877, acc: 0.5616, auc:0.5821 | Test loss: 0.7051, acc: 0.5259, auc:0.5434 
Train loss: 0.7141, acc: 0.6383 | Valid loss: 0.6890, acc: 0.5733, auc:0.5837 | Test loss: 0.7083, acc: 0.5295, auc:0.5457 
Train loss: 0.7075, acc: 0.6417 | Valid loss: 0.6974, acc: 0.5514, auc:0.5823 | Test loss: 0.7127, acc: 0.5281, auc:0.5429 
Train loss: 0.7047, acc: 0.6499 | Valid loss: 0.6961, acc: 0.5551, auc:0.5806 | Test loss: 0.7112, acc: 0.5259, auc:0.5441 
Train loss: 0.6990, acc: 0.6517 | Valid loss: 0.6966, acc: 0.5594, auc:0.5782 | Test loss: 0.7126, acc: 0.5339, auc:0.5489 
Train loss: 0.6969, acc: 0.6481 | Valid loss: 0.6962, acc: 0.5536, auc:0.5810 | Test loss: 0.7121, acc: 0.5346, auc:0.5447 
Train loss: 0.6918, acc: 0.6568 | Valid loss: 0.6965, acc: 0.5675, auc:0.5809 | Test loss: 0.7168, acc: 0.5339, auc:0.5496 
Train loss: 0.6888, acc: 0.6566 | Valid loss: 0.6992, acc: 0.5507, auc:0.5806 | Test loss: 0.7204, acc: 0.5310, auc:0.5450 
Train loss: 0.6830, acc: 0.6637 | Valid loss: 0.7012, acc: 0.5558, auc:0.5770 | Test loss: 0.7189, acc: 0.5208, auc:0.5433 
Train loss: 0.6786, acc: 0.6675 | Valid loss: 0.7056, acc: 0.5573, auc:0.5819 | Test loss: 0.7241, acc: 0.5193, auc:0.5438 
Train loss: 0.6753, acc: 0.6669 | Valid loss: 0.7068, acc: 0.5646, auc:0.5802 | Test loss: 0.7272, acc: 0.5230, auc:0.5412 
Train loss: 0.6677, acc: 0.6830 | Valid loss: 0.7153, acc: 0.5711, auc:0.5797 | Test loss: 0.7426, acc: 0.5186, auc:0.5463 
Train loss: 0.6669, acc: 0.6788 | Valid loss: 0.7146, acc: 0.5667, auc:0.5801 | Test loss: 0.7412, acc: 0.5252, auc:0.5452 
Train loss: 0.6629, acc: 0.6813 | Valid loss: 0.7142, acc: 0.5653, auc:0.5748 | Test loss: 0.7367, acc: 0.5222, auc:0.5427 
Train loss: 0.6552, acc: 0.6883 | Valid loss: 0.7191, acc: 0.5624, auc:0.5784 | Test loss: 0.7427, acc: 0.5317, auc:0.5475 
Early stopping
GNN training complete
ADJ produced
No.6 training in progress 
Train loss: 1.2949, acc: 0.5072 | Valid loss: 0.6920, acc: 0.5215, auc:0.5152 | Test loss: 0.6918, acc: 0.5157, auc:0.5392 
Train loss: 1.0944, acc: 0.5128 | Valid loss: 0.6906, acc: 0.5237, auc:0.5340 | Test loss: 0.6915, acc: 0.5150, auc:0.5509 
Train loss: 0.9961, acc: 0.5372 | Valid loss: 0.6968, acc: 0.5252, auc:0.5307 | Test loss: 0.6991, acc: 0.5069, auc:0.5577 
Train loss: 0.9430, acc: 0.5387 | Valid loss: 0.6898, acc: 0.5259, auc:0.5494 | Test loss: 0.6894, acc: 0.5412, auc:0.5526 
Train loss: 0.9019, acc: 0.5525 | Valid loss: 0.6911, acc: 0.5201, auc:0.5482 | Test loss: 0.6892, acc: 0.5332, auc:0.5574 
Train loss: 0.8700, acc: 0.5731 | Valid loss: 0.6896, acc: 0.5317, auc:0.5535 | Test loss: 0.6890, acc: 0.5449, auc:0.5580 
Train loss: 0.8470, acc: 0.5810 | Valid loss: 0.6883, acc: 0.5449, auc:0.5516 | Test loss: 0.6879, acc: 0.5470, auc:0.5641 
Train loss: 0.8261, acc: 0.5906 | Valid loss: 0.6908, acc: 0.5339, auc:0.5517 | Test loss: 0.6899, acc: 0.5522, auc:0.5646 
Train loss: 0.8098, acc: 0.5949 | Valid loss: 0.6922, acc: 0.5332, auc:0.5525 | Test loss: 0.6903, acc: 0.5543, auc:0.5637 
Train loss: 0.7990, acc: 0.5950 | Valid loss: 0.6919, acc: 0.5427, auc:0.5569 | Test loss: 0.6916, acc: 0.5587, auc:0.5665 
Train loss: 0.7853, acc: 0.6029 | Valid loss: 0.6909, acc: 0.5274, auc:0.5577 | Test loss: 0.6894, acc: 0.5573, auc:0.5680 
Train loss: 0.7762, acc: 0.5985 | Valid loss: 0.6927, acc: 0.5522, auc:0.5505 | Test loss: 0.6925, acc: 0.5478, auc:0.5689 
Train loss: 0.7670, acc: 0.6088 | Valid loss: 0.6905, acc: 0.5266, auc:0.5563 | Test loss: 0.6878, acc: 0.5492, auc:0.5688 
Train loss: 0.7584, acc: 0.6092 | Valid loss: 0.6935, acc: 0.5266, auc:0.5541 | Test loss: 0.6895, acc: 0.5441, auc:0.5673 
Train loss: 0.7478, acc: 0.6152 | Valid loss: 0.7007, acc: 0.5281, auc:0.5548 | Test loss: 0.6950, acc: 0.5398, auc:0.5689 
Train loss: 0.7448, acc: 0.6153 | Valid loss: 0.6941, acc: 0.5208, auc:0.5519 | Test loss: 0.6883, acc: 0.5514, auc:0.5729 
Train loss: 0.7413, acc: 0.6107 | Valid loss: 0.6934, acc: 0.5361, auc:0.5562 | Test loss: 0.6904, acc: 0.5602, auc:0.5726 
Train loss: 0.7346, acc: 0.6176 | Valid loss: 0.7004, acc: 0.5346, auc:0.5618 | Test loss: 0.6961, acc: 0.5441, auc:0.5700 
Train loss: 0.7258, acc: 0.6255 | Valid loss: 0.7038, acc: 0.5339, auc:0.5498 | Test loss: 0.6959, acc: 0.5536, auc:0.5738 
Train loss: 0.7194, acc: 0.6325 | Valid loss: 0.7034, acc: 0.5303, auc:0.5527 | Test loss: 0.6957, acc: 0.5434, auc:0.5702 
Train loss: 0.7131, acc: 0.6330 | Valid loss: 0.6999, acc: 0.5295, auc:0.5581 | Test loss: 0.6988, acc: 0.5485, auc:0.5693 
Train loss: 0.7066, acc: 0.6419 | Valid loss: 0.7051, acc: 0.5332, auc:0.5575 | Test loss: 0.7005, acc: 0.5449, auc:0.5685 
Train loss: 0.7024, acc: 0.6430 | Valid loss: 0.7033, acc: 0.5405, auc:0.5564 | Test loss: 0.6982, acc: 0.5646, auc:0.5714 
Train loss: 0.6993, acc: 0.6445 | Valid loss: 0.7100, acc: 0.5303, auc:0.5548 | Test loss: 0.7020, acc: 0.5587, auc:0.5719 
Train loss: 0.6919, acc: 0.6568 | Valid loss: 0.7075, acc: 0.5171, auc:0.5516 | Test loss: 0.6998, acc: 0.5492, auc:0.5729 
Train loss: 0.6850, acc: 0.6606 | Valid loss: 0.7052, acc: 0.5325, auc:0.5503 | Test loss: 0.6970, acc: 0.5551, auc:0.5752 
Train loss: 0.6781, acc: 0.6659 | Valid loss: 0.7098, acc: 0.5288, auc:0.5480 | Test loss: 0.7013, acc: 0.5536, auc:0.5753 
Train loss: 0.6758, acc: 0.6664 | Valid loss: 0.7139, acc: 0.5310, auc:0.5542 | Test loss: 0.7049, acc: 0.5507, auc:0.5755 
Train loss: 0.6699, acc: 0.6780 | Valid loss: 0.7147, acc: 0.5310, auc:0.5538 | Test loss: 0.7040, acc: 0.5587, auc:0.5778 
Train loss: 0.6636, acc: 0.6797 | Valid loss: 0.7153, acc: 0.5339, auc:0.5524 | Test loss: 0.7063, acc: 0.5580, auc:0.5791 
Train loss: 0.6568, acc: 0.6828 | Valid loss: 0.7246, acc: 0.5346, auc:0.5559 | Test loss: 0.7140, acc: 0.5478, auc:0.5746 
Train loss: 0.6505, acc: 0.6885 | Valid loss: 0.7222, acc: 0.5325, auc:0.5541 | Test loss: 0.7117, acc: 0.5463, auc:0.5752 
Train loss: 0.6484, acc: 0.6915 | Valid loss: 0.7222, acc: 0.5295, auc:0.5573 | Test loss: 0.7109, acc: 0.5463, auc:0.5763 
Train loss: 0.6383, acc: 0.7048 | Valid loss: 0.7271, acc: 0.5368, auc:0.5536 | Test loss: 0.7131, acc: 0.5441, auc:0.5768 
Train loss: 0.6295, acc: 0.7122 | Valid loss: 0.7274, acc: 0.5398, auc:0.5541 | Test loss: 0.7166, acc: 0.5441, auc:0.5741 
Train loss: 0.6279, acc: 0.7103 | Valid loss: 0.7348, acc: 0.5332, auc:0.5492 | Test loss: 0.7179, acc: 0.5514, auc:0.5798 
Early stopping
GNN training complete
ADJ produced
No.7 training in progress 
Train loss: 1.3259, acc: 0.5003 | Valid loss: 0.6924, acc: 0.5186, auc:0.5325 | Test loss: 0.6920, acc: 0.5303, auc:0.5409 
Train loss: 1.1084, acc: 0.5062 | Valid loss: 0.6899, acc: 0.5237, auc:0.5600 | Test loss: 0.6891, acc: 0.5419, auc:0.5750 
Train loss: 1.0163, acc: 0.5225 | Valid loss: 0.6991, acc: 0.4843, auc:0.5527 | Test loss: 0.6970, acc: 0.4916, auc:0.5666 
Train loss: 0.9659, acc: 0.5368 | Valid loss: 0.6941, acc: 0.5120, auc:0.5640 | Test loss: 0.6917, acc: 0.5179, auc:0.5802 
Train loss: 0.9280, acc: 0.5562 | Valid loss: 0.6852, acc: 0.5412, auc:0.5714 | Test loss: 0.6839, acc: 0.5558, auc:0.5794 
Train loss: 0.9005, acc: 0.5677 | Valid loss: 0.6828, acc: 0.5412, auc:0.5759 | Test loss: 0.6821, acc: 0.5514, auc:0.5842 
Train loss: 0.8789, acc: 0.5722 | Valid loss: 0.6864, acc: 0.5368, auc:0.5729 | Test loss: 0.6842, acc: 0.5536, auc:0.5820 
Train loss: 0.8617, acc: 0.5787 | Valid loss: 0.6830, acc: 0.5456, auc:0.5761 | Test loss: 0.6805, acc: 0.5602, auc:0.5877 
Train loss: 0.8435, acc: 0.5858 | Valid loss: 0.6831, acc: 0.5558, auc:0.5767 | Test loss: 0.6800, acc: 0.5646, auc:0.5890 
Train loss: 0.8327, acc: 0.5883 | Valid loss: 0.6844, acc: 0.5536, auc:0.5757 | Test loss: 0.6805, acc: 0.5602, auc:0.5891 
Train loss: 0.8220, acc: 0.5930 | Valid loss: 0.6906, acc: 0.5434, auc:0.5773 | Test loss: 0.6863, acc: 0.5485, auc:0.5866 
Train loss: 0.8109, acc: 0.5923 | Valid loss: 0.6852, acc: 0.5500, auc:0.5757 | Test loss: 0.6798, acc: 0.5697, auc:0.5913 
Train loss: 0.8038, acc: 0.5972 | Valid loss: 0.6866, acc: 0.5514, auc:0.5751 | Test loss: 0.6820, acc: 0.5594, auc:0.5865 
Train loss: 0.7932, acc: 0.6046 | Valid loss: 0.6867, acc: 0.5529, auc:0.5766 | Test loss: 0.6810, acc: 0.5616, auc:0.5907 
Train loss: 0.7877, acc: 0.6008 | Valid loss: 0.6858, acc: 0.5543, auc:0.5776 | Test loss: 0.6816, acc: 0.5573, auc:0.5877 
Train loss: 0.7796, acc: 0.6056 | Valid loss: 0.6841, acc: 0.5565, auc:0.5808 | Test loss: 0.6813, acc: 0.5638, auc:0.5883 
Train loss: 0.7752, acc: 0.6084 | Valid loss: 0.6870, acc: 0.5602, auc:0.5785 | Test loss: 0.6821, acc: 0.5609, auc:0.5900 
Train loss: 0.7684, acc: 0.6091 | Valid loss: 0.6866, acc: 0.5558, auc:0.5798 | Test loss: 0.6830, acc: 0.5594, auc:0.5890 
Train loss: 0.7650, acc: 0.6092 | Valid loss: 0.6870, acc: 0.5543, auc:0.5783 | Test loss: 0.6833, acc: 0.5602, auc:0.5858 
Train loss: 0.7580, acc: 0.6150 | Valid loss: 0.6877, acc: 0.5631, auc:0.5831 | Test loss: 0.6849, acc: 0.5646, auc:0.5885 
Train loss: 0.7517, acc: 0.6220 | Valid loss: 0.6849, acc: 0.5580, auc:0.5832 | Test loss: 0.6822, acc: 0.5587, auc:0.5880 
Train loss: 0.7482, acc: 0.6265 | Valid loss: 0.6885, acc: 0.5529, auc:0.5826 | Test loss: 0.6835, acc: 0.5660, auc:0.5926 
Train loss: 0.7452, acc: 0.6200 | Valid loss: 0.6928, acc: 0.5536, auc:0.5786 | Test loss: 0.6877, acc: 0.5463, auc:0.5862 
Train loss: 0.7417, acc: 0.6205 | Valid loss: 0.6941, acc: 0.5383, auc:0.5785 | Test loss: 0.6892, acc: 0.5536, auc:0.5874 
Train loss: 0.7343, acc: 0.6276 | Valid loss: 0.6908, acc: 0.5667, auc:0.5807 | Test loss: 0.6863, acc: 0.5573, auc:0.5876 
Train loss: 0.7313, acc: 0.6293 | Valid loss: 0.6902, acc: 0.5609, auc:0.5760 | Test loss: 0.6826, acc: 0.5551, auc:0.5922 
Train loss: 0.7259, acc: 0.6355 | Valid loss: 0.6941, acc: 0.5594, auc:0.5828 | Test loss: 0.6881, acc: 0.5522, auc:0.5916 
Train loss: 0.7224, acc: 0.6370 | Valid loss: 0.6997, acc: 0.5587, auc:0.5819 | Test loss: 0.6938, acc: 0.5485, auc:0.5898 
Train loss: 0.7182, acc: 0.6406 | Valid loss: 0.6941, acc: 0.5624, auc:0.5831 | Test loss: 0.6883, acc: 0.5624, auc:0.5903 
Train loss: 0.7108, acc: 0.6417 | Valid loss: 0.6950, acc: 0.5646, auc:0.5857 | Test loss: 0.6884, acc: 0.5631, auc:0.5929 
Train loss: 0.7077, acc: 0.6540 | Valid loss: 0.6970, acc: 0.5543, auc:0.5837 | Test loss: 0.6910, acc: 0.5514, auc:0.5892 
Train loss: 0.7010, acc: 0.6534 | Valid loss: 0.6962, acc: 0.5507, auc:0.5826 | Test loss: 0.6891, acc: 0.5609, auc:0.5912 
Train loss: 0.6985, acc: 0.6626 | Valid loss: 0.6897, acc: 0.5697, auc:0.5875 | Test loss: 0.6871, acc: 0.5529, auc:0.5846 
Train loss: 0.6967, acc: 0.6607 | Valid loss: 0.6985, acc: 0.5565, auc:0.5822 | Test loss: 0.6907, acc: 0.5638, auc:0.5894 
Train loss: 0.6875, acc: 0.6675 | Valid loss: 0.6950, acc: 0.5587, auc:0.5847 | Test loss: 0.6900, acc: 0.5543, auc:0.5857 
Early stopping
GNN training complete
ADJ produced
No.8 training in progress 
Train loss: 1.3097, acc: 0.5084 | Valid loss: 0.6929, acc: 0.5004, auc:0.5119 | Test loss: 0.6917, acc: 0.5449, auc:0.5524 
Train loss: 1.0896, acc: 0.5145 | Valid loss: 0.6971, acc: 0.4967, auc:0.5251 | Test loss: 0.6924, acc: 0.5142, auc:0.5606 
Train loss: 0.9964, acc: 0.5270 | Valid loss: 0.6914, acc: 0.5062, auc:0.5316 | Test loss: 0.6871, acc: 0.5689, auc:0.5784 
Train loss: 0.9430, acc: 0.5438 | Valid loss: 0.6951, acc: 0.5164, auc:0.5393 | Test loss: 0.6871, acc: 0.5594, auc:0.5771 
Train loss: 0.9059, acc: 0.5634 | Valid loss: 0.6898, acc: 0.5295, auc:0.5456 | Test loss: 0.6850, acc: 0.5456, auc:0.5822 
Train loss: 0.8791, acc: 0.5644 | Valid loss: 0.6907, acc: 0.5201, auc:0.5441 | Test loss: 0.6825, acc: 0.5624, auc:0.5837 
Train loss: 0.8555, acc: 0.5761 | Valid loss: 0.6944, acc: 0.5201, auc:0.5467 | Test loss: 0.6835, acc: 0.5624, auc:0.5846 
Train loss: 0.8372, acc: 0.5859 | Valid loss: 0.6917, acc: 0.5252, auc:0.5497 | Test loss: 0.6822, acc: 0.5660, auc:0.5842 
Train loss: 0.8218, acc: 0.5891 | Valid loss: 0.6926, acc: 0.5295, auc:0.5507 | Test loss: 0.6827, acc: 0.5631, auc:0.5844 
Train loss: 0.8108, acc: 0.5970 | Valid loss: 0.6939, acc: 0.5201, auc:0.5541 | Test loss: 0.6836, acc: 0.5675, auc:0.5852 
Train loss: 0.7978, acc: 0.6024 | Valid loss: 0.6977, acc: 0.5193, auc:0.5538 | Test loss: 0.6870, acc: 0.5638, auc:0.5826 
Train loss: 0.7918, acc: 0.5951 | Valid loss: 0.7020, acc: 0.5230, auc:0.5504 | Test loss: 0.6893, acc: 0.5631, auc:0.5834 
Train loss: 0.7810, acc: 0.6046 | Valid loss: 0.6954, acc: 0.5266, auc:0.5525 | Test loss: 0.6868, acc: 0.5624, auc:0.5810 
Train loss: 0.7726, acc: 0.6031 | Valid loss: 0.6955, acc: 0.5310, auc:0.5532 | Test loss: 0.6879, acc: 0.5602, auc:0.5821 
Train loss: 0.7670, acc: 0.6044 | Valid loss: 0.6960, acc: 0.5259, auc:0.5517 | Test loss: 0.6885, acc: 0.5500, auc:0.5819 
Train loss: 0.7618, acc: 0.6036 | Valid loss: 0.6949, acc: 0.5346, auc:0.5531 | Test loss: 0.6883, acc: 0.5522, auc:0.5826 
Train loss: 0.7562, acc: 0.6063 | Valid loss: 0.6977, acc: 0.5266, auc:0.5539 | Test loss: 0.6910, acc: 0.5646, auc:0.5791 
Train loss: 0.7488, acc: 0.6145 | Valid loss: 0.7022, acc: 0.5193, auc:0.5521 | Test loss: 0.6916, acc: 0.5602, auc:0.5823 
Train loss: 0.7438, acc: 0.6124 | Valid loss: 0.7001, acc: 0.5208, auc:0.5521 | Test loss: 0.6903, acc: 0.5631, auc:0.5819 
Train loss: 0.7374, acc: 0.6220 | Valid loss: 0.6963, acc: 0.5288, auc:0.5502 | Test loss: 0.6901, acc: 0.5522, auc:0.5781 
Train loss: 0.7346, acc: 0.6189 | Valid loss: 0.7046, acc: 0.5150, auc:0.5531 | Test loss: 0.6943, acc: 0.5653, auc:0.5813 
Train loss: 0.7286, acc: 0.6270 | Valid loss: 0.7097, acc: 0.5244, auc:0.5543 | Test loss: 0.7023, acc: 0.5522, auc:0.5760 
Train loss: 0.7273, acc: 0.6228 | Valid loss: 0.7019, acc: 0.5237, auc:0.5524 | Test loss: 0.6963, acc: 0.5573, auc:0.5772 
Train loss: 0.7195, acc: 0.6277 | Valid loss: 0.7067, acc: 0.5215, auc:0.5541 | Test loss: 0.7007, acc: 0.5529, auc:0.5755 
Train loss: 0.7180, acc: 0.6271 | Valid loss: 0.7002, acc: 0.5310, auc:0.5541 | Test loss: 0.6968, acc: 0.5492, auc:0.5781 
Train loss: 0.7128, acc: 0.6350 | Valid loss: 0.7010, acc: 0.5281, auc:0.5539 | Test loss: 0.6990, acc: 0.5470, auc:0.5755 
Train loss: 0.7084, acc: 0.6354 | Valid loss: 0.7068, acc: 0.5281, auc:0.5496 | Test loss: 0.6996, acc: 0.5536, auc:0.5772 
Train loss: 0.7018, acc: 0.6424 | Valid loss: 0.7055, acc: 0.5332, auc:0.5525 | Test loss: 0.7036, acc: 0.5456, auc:0.5761 
Train loss: 0.6984, acc: 0.6489 | Valid loss: 0.7094, acc: 0.5186, auc:0.5542 | Test loss: 0.7058, acc: 0.5551, auc:0.5747 
Train loss: 0.6944, acc: 0.6512 | Valid loss: 0.7025, acc: 0.5295, auc:0.5558 | Test loss: 0.7025, acc: 0.5478, auc:0.5745 
Train loss: 0.6892, acc: 0.6551 | Valid loss: 0.7127, acc: 0.5281, auc:0.5531 | Test loss: 0.7063, acc: 0.5551, auc:0.5763 
Train loss: 0.6881, acc: 0.6573 | Valid loss: 0.7117, acc: 0.5317, auc:0.5539 | Test loss: 0.7114, acc: 0.5492, auc:0.5743 
Train loss: 0.6819, acc: 0.6628 | Valid loss: 0.7115, acc: 0.5325, auc:0.5559 | Test loss: 0.7115, acc: 0.5529, auc:0.5743 
Train loss: 0.6762, acc: 0.6689 | Valid loss: 0.7105, acc: 0.5303, auc:0.5513 | Test loss: 0.7088, acc: 0.5558, auc:0.5746 
Early stopping
GNN training complete
ADJ produced
No.9 training in progress 
Train loss: 1.3020, acc: 0.5032 | Valid loss: 0.7218, acc: 0.4960, auc:0.5191 | Test loss: 0.7298, acc: 0.4792, auc:0.5353 
Train loss: 1.1072, acc: 0.5127 | Valid loss: 0.6909, acc: 0.5346, auc:0.5642 | Test loss: 0.6916, acc: 0.5317, auc:0.5598 
Train loss: 1.0094, acc: 0.5217 | Valid loss: 0.6876, acc: 0.5616, auc:0.5825 | Test loss: 0.6874, acc: 0.5536, auc:0.5813 
Train loss: 0.9520, acc: 0.5427 | Valid loss: 0.6857, acc: 0.5405, auc:0.5892 | Test loss: 0.6854, acc: 0.5514, auc:0.5720 
Train loss: 0.9161, acc: 0.5488 | Valid loss: 0.6863, acc: 0.5449, auc:0.5794 | Test loss: 0.6875, acc: 0.5500, auc:0.5774 
Train loss: 0.8849, acc: 0.5653 | Valid loss: 0.6843, acc: 0.5573, auc:0.5792 | Test loss: 0.6850, acc: 0.5522, auc:0.5803 
Train loss: 0.8630, acc: 0.5600 | Valid loss: 0.6852, acc: 0.5456, auc:0.5784 | Test loss: 0.6865, acc: 0.5441, auc:0.5827 
Train loss: 0.8409, acc: 0.5855 | Valid loss: 0.6829, acc: 0.5558, auc:0.5786 | Test loss: 0.6823, acc: 0.5565, auc:0.5817 
Train loss: 0.8261, acc: 0.5838 | Valid loss: 0.6856, acc: 0.5558, auc:0.5789 | Test loss: 0.6854, acc: 0.5543, auc:0.5849 
Train loss: 0.8130, acc: 0.5860 | Valid loss: 0.6906, acc: 0.5288, auc:0.5751 | Test loss: 0.6920, acc: 0.5346, auc:0.5822 
Train loss: 0.8035, acc: 0.5827 | Valid loss: 0.6831, acc: 0.5704, auc:0.5842 | Test loss: 0.6813, acc: 0.5536, auc:0.5820 
Train loss: 0.7908, acc: 0.5976 | Valid loss: 0.6880, acc: 0.5463, auc:0.5823 | Test loss: 0.6902, acc: 0.5470, auc:0.5820 
Train loss: 0.7817, acc: 0.5965 | Valid loss: 0.6837, acc: 0.5667, auc:0.5832 | Test loss: 0.6811, acc: 0.5558, auc:0.5844 
Train loss: 0.7722, acc: 0.6006 | Valid loss: 0.6829, acc: 0.5740, auc:0.5858 | Test loss: 0.6817, acc: 0.5573, auc:0.5842 
Train loss: 0.7678, acc: 0.6007 | Valid loss: 0.6866, acc: 0.5587, auc:0.5833 | Test loss: 0.6873, acc: 0.5624, auc:0.5847 
Train loss: 0.7609, acc: 0.6034 | Valid loss: 0.6830, acc: 0.5718, auc:0.5875 | Test loss: 0.6800, acc: 0.5543, auc:0.5876 
Train loss: 0.7517, acc: 0.6094 | Valid loss: 0.6855, acc: 0.5624, auc:0.5847 | Test loss: 0.6839, acc: 0.5616, auc:0.5878 
Train loss: 0.7467, acc: 0.6069 | Valid loss: 0.6845, acc: 0.5638, auc:0.5875 | Test loss: 0.6823, acc: 0.5485, auc:0.5859 
Train loss: 0.7406, acc: 0.6142 | Valid loss: 0.6833, acc: 0.5755, auc:0.5893 | Test loss: 0.6818, acc: 0.5616, auc:0.5877 
Train loss: 0.7362, acc: 0.6159 | Valid loss: 0.6864, acc: 0.5594, auc:0.5887 | Test loss: 0.6853, acc: 0.5573, auc:0.5861 
Train loss: 0.7327, acc: 0.6200 | Valid loss: 0.6855, acc: 0.5697, auc:0.5885 | Test loss: 0.6844, acc: 0.5543, auc:0.5867 
Train loss: 0.7265, acc: 0.6223 | Valid loss: 0.6865, acc: 0.5638, auc:0.5867 | Test loss: 0.6824, acc: 0.5514, auc:0.5845 
Train loss: 0.7224, acc: 0.6196 | Valid loss: 0.6843, acc: 0.5813, auc:0.5919 | Test loss: 0.6845, acc: 0.5551, auc:0.5836 
Train loss: 0.7184, acc: 0.6243 | Valid loss: 0.6896, acc: 0.5624, auc:0.5870 | Test loss: 0.6898, acc: 0.5485, auc:0.5837 
Train loss: 0.7134, acc: 0.6308 | Valid loss: 0.6867, acc: 0.5667, auc:0.5887 | Test loss: 0.6845, acc: 0.5602, auc:0.5872 
Train loss: 0.7082, acc: 0.6289 | Valid loss: 0.6854, acc: 0.5660, auc:0.5920 | Test loss: 0.6828, acc: 0.5500, auc:0.5852 
Train loss: 0.7044, acc: 0.6345 | Valid loss: 0.6877, acc: 0.5558, auc:0.5880 | Test loss: 0.6828, acc: 0.5624, auc:0.5878 
Train loss: 0.7031, acc: 0.6342 | Valid loss: 0.6888, acc: 0.5718, auc:0.5888 | Test loss: 0.6868, acc: 0.5602, auc:0.5860 
Train loss: 0.6980, acc: 0.6432 | Valid loss: 0.6894, acc: 0.5733, auc:0.5899 | Test loss: 0.6902, acc: 0.5573, auc:0.5829 
Train loss: 0.6968, acc: 0.6427 | Valid loss: 0.6893, acc: 0.5697, auc:0.5894 | Test loss: 0.6878, acc: 0.5558, auc:0.5851 
Train loss: 0.6883, acc: 0.6485 | Valid loss: 0.6915, acc: 0.5740, auc:0.5889 | Test loss: 0.6918, acc: 0.5543, auc:0.5812 
Train loss: 0.6861, acc: 0.6513 | Valid loss: 0.6918, acc: 0.5689, auc:0.5895 | Test loss: 0.6910, acc: 0.5543, auc:0.5841 
Train loss: 0.6817, acc: 0.6538 | Valid loss: 0.6904, acc: 0.5704, auc:0.5879 | Test loss: 0.6927, acc: 0.5456, auc:0.5773 
Train loss: 0.6768, acc: 0.6620 | Valid loss: 0.6951, acc: 0.5697, auc:0.5889 | Test loss: 0.6963, acc: 0.5339, auc:0.5793 
Train loss: 0.6698, acc: 0.6637 | Valid loss: 0.6947, acc: 0.5711, auc:0.5903 | Test loss: 0.6976, acc: 0.5485, auc:0.5789 
Train loss: 0.6692, acc: 0.6680 | Valid loss: 0.6970, acc: 0.5704, auc:0.5885 | Test loss: 0.6997, acc: 0.5507, auc:0.5789 
Train loss: 0.6621, acc: 0.6692 | Valid loss: 0.6945, acc: 0.5631, auc:0.5876 | Test loss: 0.6941, acc: 0.5492, auc:0.5806 
Early stopping
GNN training complete
ADJ produced
