No.0 training in progress 
Train loss: 3.2673, acc: 0.5266 | Valid loss: 0.6865, acc: 0.5574, auc:0.5463 | Test loss: 0.6648, acc: 0.7377, auc:0.4250 
Train loss: 3.2133, acc: 0.6127 | Valid loss: 0.6849, acc: 0.5574, auc:0.5528 | Test loss: 0.6480, acc: 0.7377, auc:0.4313 
Train loss: 3.1630, acc: 0.6352 | Valid loss: 0.6847, acc: 0.5574, auc:0.5953 | Test loss: 0.6324, acc: 0.7377, auc:0.4382 
Train loss: 3.1179, acc: 0.6209 | Valid loss: 0.6865, acc: 0.5574, auc:0.6057 | Test loss: 0.6199, acc: 0.7377, auc:0.4694 
Train loss: 3.0704, acc: 0.6496 | Valid loss: 0.6899, acc: 0.5574, auc:0.5768 | Test loss: 0.6101, acc: 0.7377, auc:0.4715 
Train loss: 3.0241, acc: 0.6373 | Valid loss: 0.6926, acc: 0.5574, auc:0.5763 | Test loss: 0.6034, acc: 0.7377, auc:0.4903 
Train loss: 2.9843, acc: 0.6352 | Valid loss: 0.6939, acc: 0.5574, auc:0.5708 | Test loss: 0.5990, acc: 0.7377, auc:0.5069 
Train loss: 2.9398, acc: 0.6393 | Valid loss: 0.6942, acc: 0.5574, auc:0.5675 | Test loss: 0.5957, acc: 0.7377, auc:0.5146 
Train loss: 2.8876, acc: 0.6516 | Valid loss: 0.6949, acc: 0.5410, auc:0.5621 | Test loss: 0.5923, acc: 0.7377, auc:0.5243 
Train loss: 2.8459, acc: 0.6598 | Valid loss: 0.6952, acc: 0.5574, auc:0.5594 | Test loss: 0.5888, acc: 0.7377, auc:0.5347 
Train loss: 2.8031, acc: 0.6516 | Valid loss: 0.6962, acc: 0.5738, auc:0.5566 | Test loss: 0.5849, acc: 0.7541, auc:0.5396 
Train loss: 2.7614, acc: 0.6619 | Valid loss: 0.6969, acc: 0.5738, auc:0.5550 | Test loss: 0.5818, acc: 0.7705, auc:0.5389 
Train loss: 2.7277, acc: 0.6516 | Valid loss: 0.6956, acc: 0.5738, auc:0.5654 | Test loss: 0.5803, acc: 0.7705, auc:0.5472 
Train loss: 2.6872, acc: 0.6496 | Valid loss: 0.6927, acc: 0.5738, auc:0.5670 | Test loss: 0.5803, acc: 0.7705, auc:0.5542 
Train loss: 2.6443, acc: 0.6639 | Valid loss: 0.6908, acc: 0.5738, auc:0.5746 | Test loss: 0.5797, acc: 0.7705, auc:0.5556 
Train loss: 2.6028, acc: 0.6721 | Valid loss: 0.6901, acc: 0.5738, auc:0.5670 | Test loss: 0.5785, acc: 0.7705, auc:0.5674 
Train loss: 2.5632, acc: 0.6578 | Valid loss: 0.6881, acc: 0.5738, auc:0.5746 | Test loss: 0.5788, acc: 0.7705, auc:0.5653 
Train loss: 2.5355, acc: 0.6578 | Valid loss: 0.6866, acc: 0.5738, auc:0.5752 | Test loss: 0.5795, acc: 0.7705, auc:0.5660 
Train loss: 2.4908, acc: 0.6721 | Valid loss: 0.6852, acc: 0.5738, auc:0.5757 | Test loss: 0.5796, acc: 0.7705, auc:0.5688 
Train loss: 2.4635, acc: 0.6557 | Valid loss: 0.6845, acc: 0.5410, auc:0.5839 | Test loss: 0.5803, acc: 0.7705, auc:0.5799 
Train loss: 2.4173, acc: 0.6844 | Valid loss: 0.6838, acc: 0.5574, auc:0.5871 | Test loss: 0.5792, acc: 0.7705, auc:0.5792 
Train loss: 2.3829, acc: 0.6803 | Valid loss: 0.6849, acc: 0.5574, auc:0.5850 | Test loss: 0.5777, acc: 0.7705, auc:0.5785 
Train loss: 2.3582, acc: 0.6619 | Valid loss: 0.6855, acc: 0.5738, auc:0.5942 | Test loss: 0.5766, acc: 0.7705, auc:0.5778 
Train loss: 2.3068, acc: 0.6742 | Valid loss: 0.6893, acc: 0.5574, auc:0.5866 | Test loss: 0.5733, acc: 0.7705, auc:0.5819 
Train loss: 2.2835, acc: 0.6639 | Valid loss: 0.6918, acc: 0.5574, auc:0.5817 | Test loss: 0.5714, acc: 0.7705, auc:0.5931 
Train loss: 2.2494, acc: 0.6721 | Valid loss: 0.6937, acc: 0.5574, auc:0.5833 | Test loss: 0.5704, acc: 0.7705, auc:0.6014 
Train loss: 2.2259, acc: 0.6783 | Valid loss: 0.6925, acc: 0.5574, auc:0.5882 | Test loss: 0.5700, acc: 0.7705, auc:0.5993 
Train loss: 2.1867, acc: 0.6926 | Valid loss: 0.6921, acc: 0.5574, auc:0.5910 | Test loss: 0.5696, acc: 0.7705, auc:0.5986 
Train loss: 2.1557, acc: 0.6824 | Valid loss: 0.6901, acc: 0.5738, auc:0.6019 | Test loss: 0.5703, acc: 0.7705, auc:0.5931 
Train loss: 2.1304, acc: 0.6783 | Valid loss: 0.6885, acc: 0.5902, auc:0.6100 | Test loss: 0.5714, acc: 0.7541, auc:0.5910 
Train loss: 2.0987, acc: 0.6885 | Valid loss: 0.6898, acc: 0.5738, auc:0.5942 | Test loss: 0.5717, acc: 0.7377, auc:0.5958 
Train loss: 2.0682, acc: 0.6906 | Valid loss: 0.6923, acc: 0.5738, auc:0.5959 | Test loss: 0.5720, acc: 0.7213, auc:0.5972 
Train loss: 2.0436, acc: 0.6967 | Valid loss: 0.6925, acc: 0.5738, auc:0.5899 | Test loss: 0.5732, acc: 0.7213, auc:0.5938 
Train loss: 2.0216, acc: 0.6947 | Valid loss: 0.6856, acc: 0.5738, auc:0.6019 | Test loss: 0.5766, acc: 0.7377, auc:0.5917 
Train loss: 1.9830, acc: 0.7049 | Valid loss: 0.6841, acc: 0.5902, auc:0.6062 | Test loss: 0.5779, acc: 0.7213, auc:0.5826 
Train loss: 1.9572, acc: 0.7152 | Valid loss: 0.6899, acc: 0.5738, auc:0.6029 | Test loss: 0.5750, acc: 0.7213, auc:0.5847 
Train loss: 1.9382, acc: 0.7275 | Valid loss: 0.6954, acc: 0.5738, auc:0.5991 | Test loss: 0.5746, acc: 0.7049, auc:0.5819 
Train loss: 1.9012, acc: 0.7172 | Valid loss: 0.6992, acc: 0.5738, auc:0.5964 | Test loss: 0.5752, acc: 0.7049, auc:0.5826 
Train loss: 1.8881, acc: 0.6947 | Valid loss: 0.7008, acc: 0.5738, auc:0.5991 | Test loss: 0.5754, acc: 0.7049, auc:0.5799 
Train loss: 1.8594, acc: 0.7029 | Valid loss: 0.6994, acc: 0.5738, auc:0.5980 | Test loss: 0.5766, acc: 0.7049, auc:0.5771 
Train loss: 1.8315, acc: 0.6988 | Valid loss: 0.6961, acc: 0.5738, auc:0.5980 | Test loss: 0.5786, acc: 0.6885, auc:0.5701 
Train loss: 1.8273, acc: 0.6865 | Valid loss: 0.6886, acc: 0.5902, auc:0.6046 | Test loss: 0.5828, acc: 0.6885, auc:0.5708 
Train loss: 1.7869, acc: 0.7029 | Valid loss: 0.6860, acc: 0.6066, auc:0.6029 | Test loss: 0.5851, acc: 0.7049, auc:0.5715 
Train loss: 1.7697, acc: 0.7275 | Valid loss: 0.6901, acc: 0.6066, auc:0.5997 | Test loss: 0.5846, acc: 0.7049, auc:0.5806 
Train loss: 1.7485, acc: 0.7295 | Valid loss: 0.6937, acc: 0.6066, auc:0.5997 | Test loss: 0.5828, acc: 0.7213, auc:0.5799 
Train loss: 1.7226, acc: 0.7234 | Valid loss: 0.7002, acc: 0.5738, auc:0.5969 | Test loss: 0.5807, acc: 0.7213, auc:0.5764 
Train loss: 1.6858, acc: 0.7275 | Valid loss: 0.7058, acc: 0.5574, auc:0.5926 | Test loss: 0.5816, acc: 0.7049, auc:0.5771 
Train loss: 1.6770, acc: 0.7090 | Valid loss: 0.7104, acc: 0.5574, auc:0.5926 | Test loss: 0.5826, acc: 0.7049, auc:0.5812 
Train loss: 1.6587, acc: 0.7295 | Valid loss: 0.7081, acc: 0.5574, auc:0.5964 | Test loss: 0.5826, acc: 0.7049, auc:0.5736 
GNN training complete
ADJ produced
No.1 training in progress 
Train loss: 3.2651, acc: 0.5799 | Valid loss: 0.6842, acc: 0.6066, auc:0.5267 | Test loss: 0.6691, acc: 0.6721, auc:0.5982 
Train loss: 3.1965, acc: 0.6393 | Valid loss: 0.6846, acc: 0.5902, auc:0.4750 | Test loss: 0.6469, acc: 0.6721, auc:0.6268 
Train loss: 3.1167, acc: 0.6475 | Valid loss: 0.6849, acc: 0.5902, auc:0.4806 | Test loss: 0.6337, acc: 0.6721, auc:0.6146 
Train loss: 3.0234, acc: 0.6434 | Valid loss: 0.6844, acc: 0.5902, auc:0.4883 | Test loss: 0.6243, acc: 0.6721, auc:0.6293 
Train loss: 2.9351, acc: 0.6455 | Valid loss: 0.6844, acc: 0.5902, auc:0.4933 | Test loss: 0.6200, acc: 0.6885, auc:0.6171 
Train loss: 2.8464, acc: 0.6537 | Valid loss: 0.6841, acc: 0.5738, auc:0.5144 | Test loss: 0.6161, acc: 0.6721, auc:0.6256 
Train loss: 2.7618, acc: 0.6311 | Valid loss: 0.6818, acc: 0.5902, auc:0.5261 | Test loss: 0.6139, acc: 0.6721, auc:0.6323 
Train loss: 2.6712, acc: 0.6496 | Valid loss: 0.6773, acc: 0.6066, auc:0.5411 | Test loss: 0.6122, acc: 0.6721, auc:0.6409 
Train loss: 2.5894, acc: 0.6496 | Valid loss: 0.6753, acc: 0.6066, auc:0.5456 | Test loss: 0.6076, acc: 0.7213, auc:0.6524 
Train loss: 2.5098, acc: 0.6721 | Valid loss: 0.6720, acc: 0.6066, auc:0.5656 | Test loss: 0.6048, acc: 0.7213, auc:0.6518 
Train loss: 2.4309, acc: 0.6701 | Valid loss: 0.6688, acc: 0.6393, auc:0.5739 | Test loss: 0.6017, acc: 0.7213, auc:0.6598 
Train loss: 2.3620, acc: 0.6496 | Valid loss: 0.6648, acc: 0.6557, auc:0.5928 | Test loss: 0.5994, acc: 0.7213, auc:0.6659 
Train loss: 2.3007, acc: 0.6660 | Valid loss: 0.6597, acc: 0.6557, auc:0.6044 | Test loss: 0.5983, acc: 0.7213, auc:0.6811 
Train loss: 2.2285, acc: 0.6680 | Valid loss: 0.6559, acc: 0.6393, auc:0.6183 | Test loss: 0.5973, acc: 0.7213, auc:0.6951 
Train loss: 2.1701, acc: 0.6639 | Valid loss: 0.6533, acc: 0.6721, auc:0.6278 | Test loss: 0.5994, acc: 0.7541, auc:0.6957 
Train loss: 2.1159, acc: 0.6414 | Valid loss: 0.6512, acc: 0.7049, auc:0.6361 | Test loss: 0.5999, acc: 0.7377, auc:0.6921 
Train loss: 2.0597, acc: 0.6557 | Valid loss: 0.6507, acc: 0.6885, auc:0.6422 | Test loss: 0.5979, acc: 0.7213, auc:0.6921 
Train loss: 1.9998, acc: 0.6680 | Valid loss: 0.6553, acc: 0.6557, auc:0.6261 | Test loss: 0.5960, acc: 0.7213, auc:0.6835 
Train loss: 1.9380, acc: 0.6844 | Valid loss: 0.6586, acc: 0.6393, auc:0.6167 | Test loss: 0.5968, acc: 0.7213, auc:0.6732 
Train loss: 1.9032, acc: 0.6742 | Valid loss: 0.6581, acc: 0.6066, auc:0.6178 | Test loss: 0.5987, acc: 0.7213, auc:0.6695 
Train loss: 1.8585, acc: 0.6578 | Valid loss: 0.6532, acc: 0.6721, auc:0.6383 | Test loss: 0.6000, acc: 0.7213, auc:0.6756 
Train loss: 1.8055, acc: 0.6783 | Valid loss: 0.6484, acc: 0.6721, auc:0.6456 | Test loss: 0.6034, acc: 0.7049, auc:0.6701 
Train loss: 1.7595, acc: 0.6803 | Valid loss: 0.6471, acc: 0.6557, auc:0.6522 | Test loss: 0.6032, acc: 0.7049, auc:0.6695 
Train loss: 1.7179, acc: 0.6885 | Valid loss: 0.6510, acc: 0.6393, auc:0.6439 | Test loss: 0.6011, acc: 0.6885, auc:0.6616 
Train loss: 1.6902, acc: 0.6926 | Valid loss: 0.6557, acc: 0.6230, auc:0.6389 | Test loss: 0.6010, acc: 0.7049, auc:0.6579 
Train loss: 1.6511, acc: 0.6926 | Valid loss: 0.6613, acc: 0.5902, auc:0.6244 | Test loss: 0.6028, acc: 0.7049, auc:0.6537 
Train loss: 1.6009, acc: 0.7172 | Valid loss: 0.6587, acc: 0.5902, auc:0.6283 | Test loss: 0.6061, acc: 0.6885, auc:0.6555 
Train loss: 1.5890, acc: 0.6947 | Valid loss: 0.6572, acc: 0.6066, auc:0.6344 | Test loss: 0.6069, acc: 0.7213, auc:0.6506 
Train loss: 1.5366, acc: 0.7213 | Valid loss: 0.6568, acc: 0.6557, auc:0.6433 | Test loss: 0.6065, acc: 0.6885, auc:0.6470 
Train loss: 1.5182, acc: 0.7070 | Valid loss: 0.6576, acc: 0.6557, auc:0.6444 | Test loss: 0.6056, acc: 0.6885, auc:0.6476 
Train loss: 1.4770, acc: 0.6926 | Valid loss: 0.6571, acc: 0.6393, auc:0.6378 | Test loss: 0.6061, acc: 0.7049, auc:0.6512 
Train loss: 1.4536, acc: 0.7172 | Valid loss: 0.6574, acc: 0.6066, auc:0.6433 | Test loss: 0.6047, acc: 0.7213, auc:0.6530 
Train loss: 1.4359, acc: 0.7070 | Valid loss: 0.6617, acc: 0.5902, auc:0.6383 | Test loss: 0.6045, acc: 0.7377, auc:0.6573 
Train loss: 1.3982, acc: 0.7213 | Valid loss: 0.6652, acc: 0.5902, auc:0.6339 | Test loss: 0.5997, acc: 0.7213, auc:0.6622 
Train loss: 1.3746, acc: 0.7275 | Valid loss: 0.6679, acc: 0.5738, auc:0.6367 | Test loss: 0.5969, acc: 0.7213, auc:0.6610 
Train loss: 1.3541, acc: 0.7213 | Valid loss: 0.6665, acc: 0.5902, auc:0.6422 | Test loss: 0.5986, acc: 0.7213, auc:0.6549 
Train loss: 1.3469, acc: 0.7295 | Valid loss: 0.6556, acc: 0.6066, auc:0.6456 | Test loss: 0.6018, acc: 0.7213, auc:0.6561 
Train loss: 1.3155, acc: 0.7275 | Valid loss: 0.6498, acc: 0.6230, auc:0.6550 | Test loss: 0.6084, acc: 0.7377, auc:0.6518 
Train loss: 1.2844, acc: 0.7398 | Valid loss: 0.6518, acc: 0.6557, auc:0.6572 | Test loss: 0.6099, acc: 0.7213, auc:0.6457 
Train loss: 1.2548, acc: 0.7561 | Valid loss: 0.6631, acc: 0.6230, auc:0.6444 | Test loss: 0.6099, acc: 0.7213, auc:0.6470 
Train loss: 1.2418, acc: 0.7439 | Valid loss: 0.6659, acc: 0.6066, auc:0.6478 | Test loss: 0.6061, acc: 0.7213, auc:0.6506 
Train loss: 1.2318, acc: 0.7213 | Valid loss: 0.6576, acc: 0.6393, auc:0.6522 | Test loss: 0.6075, acc: 0.7049, auc:0.6463 
Train loss: 1.2105, acc: 0.7520 | Valid loss: 0.6533, acc: 0.6393, auc:0.6556 | Test loss: 0.6103, acc: 0.7049, auc:0.6506 
Train loss: 1.1953, acc: 0.7500 | Valid loss: 0.6559, acc: 0.6393, auc:0.6583 | Test loss: 0.6117, acc: 0.7541, auc:0.6567 
Train loss: 1.1741, acc: 0.7582 | Valid loss: 0.6660, acc: 0.6066, auc:0.6367 | Test loss: 0.6076, acc: 0.7377, auc:0.6604 
Train loss: 1.1676, acc: 0.7377 | Valid loss: 0.6647, acc: 0.6230, auc:0.6439 | Test loss: 0.6045, acc: 0.7213, auc:0.6500 
Train loss: 1.1435, acc: 0.7316 | Valid loss: 0.6581, acc: 0.6557, auc:0.6483 | Test loss: 0.6099, acc: 0.7049, auc:0.6518 
Train loss: 1.1244, acc: 0.7664 | Valid loss: 0.6637, acc: 0.6230, auc:0.6433 | Test loss: 0.6137, acc: 0.7377, auc:0.6488 
Train loss: 1.0995, acc: 0.7643 | Valid loss: 0.6622, acc: 0.6230, auc:0.6489 | Test loss: 0.6153, acc: 0.7213, auc:0.6488 
GNN training complete
ADJ produced
No.2 training in progress 
Train loss: 3.2972, acc: 0.3770 | Valid loss: 0.6975, acc: 0.4918, auc:0.4171 | Test loss: 0.6959, acc: 0.4262, auc:0.5089 
Train loss: 3.1947, acc: 0.4877 | Valid loss: 0.6810, acc: 0.6393, auc:0.5402 | Test loss: 0.6808, acc: 0.6393, auc:0.5685 
Train loss: 3.0907, acc: 0.5451 | Valid loss: 0.6672, acc: 0.6721, auc:0.5976 | Test loss: 0.6680, acc: 0.6557, auc:0.6113 
Train loss: 2.9700, acc: 0.6045 | Valid loss: 0.6539, acc: 0.6721, auc:0.5994 | Test loss: 0.6544, acc: 0.6557, auc:0.6440 
Train loss: 2.8478, acc: 0.6148 | Valid loss: 0.6413, acc: 0.6721, auc:0.5909 | Test loss: 0.6430, acc: 0.6557, auc:0.6476 
Train loss: 2.7327, acc: 0.6291 | Valid loss: 0.6339, acc: 0.6721, auc:0.5921 | Test loss: 0.6331, acc: 0.6557, auc:0.6685 
Train loss: 2.6147, acc: 0.6270 | Valid loss: 0.6271, acc: 0.6721, auc:0.6091 | Test loss: 0.6236, acc: 0.6557, auc:0.6970 
Train loss: 2.5073, acc: 0.6393 | Valid loss: 0.6216, acc: 0.6721, auc:0.6341 | Test loss: 0.6120, acc: 0.6557, auc:0.7256 
Train loss: 2.4014, acc: 0.6352 | Valid loss: 0.6188, acc: 0.6557, auc:0.6439 | Test loss: 0.6032, acc: 0.6557, auc:0.7423 
Train loss: 2.3052, acc: 0.6373 | Valid loss: 0.6175, acc: 0.6721, auc:0.6500 | Test loss: 0.6001, acc: 0.6557, auc:0.7530 
Train loss: 2.2156, acc: 0.6209 | Valid loss: 0.6158, acc: 0.6721, auc:0.6567 | Test loss: 0.5983, acc: 0.6557, auc:0.7667 
Train loss: 2.1231, acc: 0.6434 | Valid loss: 0.6148, acc: 0.6721, auc:0.6610 | Test loss: 0.5985, acc: 0.6557, auc:0.7649 
Train loss: 2.0369, acc: 0.6414 | Valid loss: 0.6126, acc: 0.6721, auc:0.6604 | Test loss: 0.5989, acc: 0.6557, auc:0.7512 
Train loss: 1.9642, acc: 0.6352 | Valid loss: 0.6106, acc: 0.6721, auc:0.6744 | Test loss: 0.5972, acc: 0.6557, auc:0.7506 
Train loss: 1.8924, acc: 0.6660 | Valid loss: 0.6077, acc: 0.6557, auc:0.6701 | Test loss: 0.5882, acc: 0.7213, auc:0.7589 
Train loss: 1.8248, acc: 0.6414 | Valid loss: 0.6056, acc: 0.6721, auc:0.6750 | Test loss: 0.5815, acc: 0.7541, auc:0.7595 
Train loss: 1.7679, acc: 0.6721 | Valid loss: 0.6063, acc: 0.7049, auc:0.6707 | Test loss: 0.5744, acc: 0.7541, auc:0.7631 
Train loss: 1.7098, acc: 0.6680 | Valid loss: 0.6038, acc: 0.7049, auc:0.6732 | Test loss: 0.5704, acc: 0.7541, auc:0.7679 
Train loss: 1.6567, acc: 0.6557 | Valid loss: 0.6019, acc: 0.6557, auc:0.6707 | Test loss: 0.5773, acc: 0.7377, auc:0.7565 
Train loss: 1.6030, acc: 0.6701 | Valid loss: 0.6003, acc: 0.6721, auc:0.6720 | Test loss: 0.5755, acc: 0.7705, auc:0.7548 
Train loss: 1.5595, acc: 0.6598 | Valid loss: 0.5971, acc: 0.7049, auc:0.6921 | Test loss: 0.5629, acc: 0.7869, auc:0.7714 
Train loss: 1.5099, acc: 0.6496 | Valid loss: 0.6013, acc: 0.7213, auc:0.6890 | Test loss: 0.5584, acc: 0.7541, auc:0.7732 
Train loss: 1.4748, acc: 0.6619 | Valid loss: 0.5960, acc: 0.7213, auc:0.6896 | Test loss: 0.5599, acc: 0.7705, auc:0.7696 
Train loss: 1.4318, acc: 0.6906 | Valid loss: 0.5936, acc: 0.6885, auc:0.6957 | Test loss: 0.5658, acc: 0.8197, auc:0.7661 
Train loss: 1.3970, acc: 0.6557 | Valid loss: 0.5967, acc: 0.7049, auc:0.6848 | Test loss: 0.5774, acc: 0.7541, auc:0.7452 
Train loss: 1.3693, acc: 0.6496 | Valid loss: 0.5990, acc: 0.6885, auc:0.6738 | Test loss: 0.5847, acc: 0.7049, auc:0.7256 
Train loss: 1.3254, acc: 0.6803 | Valid loss: 0.6001, acc: 0.7049, auc:0.6774 | Test loss: 0.5781, acc: 0.7705, auc:0.7458 
Train loss: 1.3029, acc: 0.6967 | Valid loss: 0.6039, acc: 0.7049, auc:0.6823 | Test loss: 0.5685, acc: 0.7705, auc:0.7560 
Train loss: 1.2607, acc: 0.6926 | Valid loss: 0.6023, acc: 0.7049, auc:0.6811 | Test loss: 0.5612, acc: 0.7541, auc:0.7589 
Train loss: 1.2425, acc: 0.6783 | Valid loss: 0.5949, acc: 0.7049, auc:0.6848 | Test loss: 0.5619, acc: 0.8033, auc:0.7560 
Train loss: 1.2135, acc: 0.6844 | Valid loss: 0.5961, acc: 0.7049, auc:0.6634 | Test loss: 0.5756, acc: 0.7541, auc:0.7202 
Train loss: 1.1772, acc: 0.7049 | Valid loss: 0.6010, acc: 0.6885, auc:0.6445 | Test loss: 0.5913, acc: 0.6885, auc:0.6899 
Train loss: 1.1591, acc: 0.7070 | Valid loss: 0.5998, acc: 0.7049, auc:0.6579 | Test loss: 0.5792, acc: 0.7541, auc:0.7137 
Train loss: 1.1351, acc: 0.7172 | Valid loss: 0.6012, acc: 0.6393, auc:0.6738 | Test loss: 0.5711, acc: 0.7869, auc:0.7411 
Train loss: 1.1192, acc: 0.7049 | Valid loss: 0.6015, acc: 0.7049, auc:0.6707 | Test loss: 0.5661, acc: 0.7705, auc:0.7458 
Train loss: 1.1006, acc: 0.7213 | Valid loss: 0.6001, acc: 0.6557, auc:0.6671 | Test loss: 0.5680, acc: 0.8197, auc:0.7399 
Train loss: 1.0748, acc: 0.7275 | Valid loss: 0.6001, acc: 0.6721, auc:0.6598 | Test loss: 0.5703, acc: 0.7705, auc:0.7339 
Train loss: 1.0641, acc: 0.7008 | Valid loss: 0.6029, acc: 0.6885, auc:0.6421 | Test loss: 0.5811, acc: 0.7377, auc:0.7000 
Train loss: 1.0374, acc: 0.7029 | Valid loss: 0.6081, acc: 0.6885, auc:0.6256 | Test loss: 0.5954, acc: 0.7213, auc:0.6756 
Train loss: 1.0342, acc: 0.7131 | Valid loss: 0.6114, acc: 0.7049, auc:0.6232 | Test loss: 0.5931, acc: 0.7213, auc:0.6815 
Train loss: 1.0093, acc: 0.7398 | Valid loss: 0.6113, acc: 0.6393, auc:0.6335 | Test loss: 0.5739, acc: 0.7705, auc:0.7185 
Train loss: 0.9866, acc: 0.7336 | Valid loss: 0.6074, acc: 0.6721, auc:0.6372 | Test loss: 0.5700, acc: 0.7869, auc:0.7173 
Train loss: 0.9763, acc: 0.7357 | Valid loss: 0.6065, acc: 0.6557, auc:0.6421 | Test loss: 0.5701, acc: 0.7869, auc:0.7196 
Train loss: 0.9659, acc: 0.7418 | Valid loss: 0.6122, acc: 0.6557, auc:0.6274 | Test loss: 0.5745, acc: 0.7541, auc:0.7107 
Train loss: 0.9418, acc: 0.7561 | Valid loss: 0.6171, acc: 0.6885, auc:0.6274 | Test loss: 0.5843, acc: 0.7705, auc:0.6923 
Train loss: 0.9378, acc: 0.7439 | Valid loss: 0.6172, acc: 0.6885, auc:0.6262 | Test loss: 0.5816, acc: 0.7541, auc:0.6958 
Train loss: 0.9279, acc: 0.7275 | Valid loss: 0.6168, acc: 0.6885, auc:0.6232 | Test loss: 0.5777, acc: 0.7377, auc:0.7012 
Train loss: 0.9018, acc: 0.7520 | Valid loss: 0.6144, acc: 0.6885, auc:0.6293 | Test loss: 0.5795, acc: 0.7377, auc:0.7018 
Train loss: 0.9008, acc: 0.7295 | Valid loss: 0.6182, acc: 0.6557, auc:0.6372 | Test loss: 0.5790, acc: 0.7213, auc:0.7107 
GNN training complete
ADJ produced
No.3 training in progress 
Train loss: 3.2701, acc: 0.4734 | Valid loss: 0.6795, acc: 0.6230, auc:0.4697 | Test loss: 0.6774, acc: 0.6557, auc:0.4376 
Train loss: 3.1574, acc: 0.6025 | Valid loss: 0.6761, acc: 0.6066, auc:0.4336 | Test loss: 0.6648, acc: 0.6393, auc:0.4417 
Train loss: 3.0276, acc: 0.6352 | Valid loss: 0.6726, acc: 0.6230, auc:0.4272 | Test loss: 0.6630, acc: 0.6393, auc:0.4400 
Train loss: 2.8928, acc: 0.6537 | Valid loss: 0.6830, acc: 0.6066, auc:0.4452 | Test loss: 0.6648, acc: 0.6393, auc:0.4656 
Train loss: 2.7604, acc: 0.6414 | Valid loss: 0.6922, acc: 0.5246, auc:0.4913 | Test loss: 0.6681, acc: 0.6393, auc:0.4784 
Train loss: 2.6262, acc: 0.6578 | Valid loss: 0.6914, acc: 0.5082, auc:0.5128 | Test loss: 0.6673, acc: 0.6393, auc:0.4988 
Train loss: 2.4916, acc: 0.6578 | Valid loss: 0.6819, acc: 0.5410, auc:0.5210 | Test loss: 0.6635, acc: 0.6393, auc:0.5058 
Train loss: 2.3689, acc: 0.6680 | Valid loss: 0.6653, acc: 0.6066, auc:0.5361 | Test loss: 0.6597, acc: 0.6230, auc:0.5198 
Train loss: 2.2490, acc: 0.6721 | Valid loss: 0.6583, acc: 0.6066, auc:0.5618 | Test loss: 0.6570, acc: 0.6230, auc:0.5425 
Train loss: 2.1391, acc: 0.6844 | Valid loss: 0.6643, acc: 0.6066, auc:0.5478 | Test loss: 0.6562, acc: 0.6066, auc:0.5455 
Train loss: 2.0444, acc: 0.6721 | Valid loss: 0.6656, acc: 0.5902, auc:0.5565 | Test loss: 0.6580, acc: 0.5902, auc:0.5495 
Train loss: 1.9460, acc: 0.7029 | Valid loss: 0.6574, acc: 0.6230, auc:0.5699 | Test loss: 0.6620, acc: 0.5902, auc:0.5437 
Train loss: 1.8743, acc: 0.6865 | Valid loss: 0.6495, acc: 0.6230, auc:0.5921 | Test loss: 0.6674, acc: 0.5902, auc:0.5396 
Train loss: 1.7870, acc: 0.7029 | Valid loss: 0.6552, acc: 0.6066, auc:0.5868 | Test loss: 0.6691, acc: 0.6066, auc:0.5402 
Train loss: 1.7229, acc: 0.6680 | Valid loss: 0.6705, acc: 0.5738, auc:0.5752 | Test loss: 0.6622, acc: 0.5738, auc:0.5577 
Train loss: 1.6531, acc: 0.6824 | Valid loss: 0.6567, acc: 0.5902, auc:0.5880 | Test loss: 0.6585, acc: 0.5902, auc:0.5524 
Train loss: 1.5849, acc: 0.7152 | Valid loss: 0.6479, acc: 0.6066, auc:0.5985 | Test loss: 0.6581, acc: 0.6066, auc:0.5583 
Train loss: 1.5316, acc: 0.6926 | Valid loss: 0.6524, acc: 0.5902, auc:0.5967 | Test loss: 0.6572, acc: 0.6066, auc:0.5571 
Train loss: 1.4839, acc: 0.7008 | Valid loss: 0.6515, acc: 0.6066, auc:0.5997 | Test loss: 0.6555, acc: 0.6066, auc:0.5699 
Train loss: 1.4393, acc: 0.7213 | Valid loss: 0.6620, acc: 0.5902, auc:0.5927 | Test loss: 0.6536, acc: 0.5902, auc:0.5705 
Train loss: 1.3905, acc: 0.6967 | Valid loss: 0.6860, acc: 0.5410, auc:0.5752 | Test loss: 0.6544, acc: 0.5738, auc:0.5804 
Train loss: 1.3308, acc: 0.7254 | Valid loss: 0.6574, acc: 0.6066, auc:0.5997 | Test loss: 0.6591, acc: 0.6066, auc:0.5676 
Train loss: 1.2991, acc: 0.7234 | Valid loss: 0.6451, acc: 0.6230, auc:0.6230 | Test loss: 0.6634, acc: 0.6066, auc:0.5641 
Train loss: 1.2582, acc: 0.7295 | Valid loss: 0.6475, acc: 0.6230, auc:0.6230 | Test loss: 0.6621, acc: 0.5738, auc:0.5693 
Train loss: 1.2313, acc: 0.7213 | Valid loss: 0.6704, acc: 0.5738, auc:0.6031 | Test loss: 0.6542, acc: 0.5410, auc:0.5845 
Train loss: 1.2007, acc: 0.7234 | Valid loss: 0.6633, acc: 0.5902, auc:0.6020 | Test loss: 0.6567, acc: 0.5410, auc:0.5810 
Train loss: 1.1652, acc: 0.7295 | Valid loss: 0.6444, acc: 0.6230, auc:0.6230 | Test loss: 0.6655, acc: 0.5902, auc:0.5746 
Train loss: 1.1393, acc: 0.7295 | Valid loss: 0.6512, acc: 0.6066, auc:0.6212 | Test loss: 0.6618, acc: 0.5738, auc:0.5758 
Train loss: 1.1098, acc: 0.7254 | Valid loss: 0.6602, acc: 0.6066, auc:0.6171 | Test loss: 0.6611, acc: 0.5410, auc:0.5746 
Train loss: 1.0891, acc: 0.7500 | Valid loss: 0.6664, acc: 0.5902, auc:0.6166 | Test loss: 0.6599, acc: 0.5410, auc:0.5758 
Train loss: 1.0636, acc: 0.7500 | Valid loss: 0.6515, acc: 0.5902, auc:0.6259 | Test loss: 0.6630, acc: 0.5738, auc:0.5728 
Train loss: 1.0460, acc: 0.7480 | Valid loss: 0.6576, acc: 0.5902, auc:0.6265 | Test loss: 0.6653, acc: 0.5738, auc:0.5746 
Train loss: 1.0151, acc: 0.7684 | Valid loss: 0.6884, acc: 0.5738, auc:0.6078 | Test loss: 0.6651, acc: 0.5410, auc:0.5822 
Train loss: 1.0037, acc: 0.7684 | Valid loss: 0.6759, acc: 0.5902, auc:0.6090 | Test loss: 0.6750, acc: 0.5410, auc:0.5676 
Train loss: 0.9706, acc: 0.7500 | Valid loss: 0.6617, acc: 0.6066, auc:0.6171 | Test loss: 0.6871, acc: 0.5738, auc:0.5548 
Train loss: 0.9542, acc: 0.7480 | Valid loss: 0.6746, acc: 0.5902, auc:0.6206 | Test loss: 0.6842, acc: 0.5574, auc:0.5653 
Train loss: 0.9300, acc: 0.7828 | Valid loss: 0.6815, acc: 0.5902, auc:0.6241 | Test loss: 0.6758, acc: 0.5410, auc:0.5659 
Train loss: 0.9148, acc: 0.7746 | Valid loss: 0.6596, acc: 0.6230, auc:0.6369 | Test loss: 0.6754, acc: 0.5738, auc:0.5693 
Train loss: 0.9017, acc: 0.7807 | Valid loss: 0.6611, acc: 0.6393, auc:0.6393 | Test loss: 0.6802, acc: 0.5738, auc:0.5647 
Train loss: 0.8926, acc: 0.7705 | Valid loss: 0.6985, acc: 0.6230, auc:0.6218 | Test loss: 0.6818, acc: 0.5410, auc:0.5635 
Train loss: 0.8845, acc: 0.7664 | Valid loss: 0.6838, acc: 0.6230, auc:0.6218 | Test loss: 0.6913, acc: 0.5246, auc:0.5618 
Train loss: 0.8573, acc: 0.7930 | Valid loss: 0.6739, acc: 0.6230, auc:0.6340 | Test loss: 0.6902, acc: 0.5738, auc:0.5565 
Train loss: 0.8422, acc: 0.7971 | Valid loss: 0.6800, acc: 0.5902, auc:0.6282 | Test loss: 0.6830, acc: 0.5902, auc:0.5647 
Train loss: 0.8324, acc: 0.8033 | Valid loss: 0.6828, acc: 0.6066, auc:0.6270 | Test loss: 0.6854, acc: 0.5738, auc:0.5612 
Train loss: 0.8163, acc: 0.7992 | Valid loss: 0.6865, acc: 0.5902, auc:0.6212 | Test loss: 0.6989, acc: 0.5738, auc:0.5530 
Train loss: 0.8206, acc: 0.7930 | Valid loss: 0.7012, acc: 0.6066, auc:0.6235 | Test loss: 0.7049, acc: 0.5574, auc:0.5513 
Train loss: 0.7970, acc: 0.8074 | Valid loss: 0.7180, acc: 0.5902, auc:0.6183 | Test loss: 0.6966, acc: 0.5738, auc:0.5594 
Train loss: 0.7947, acc: 0.8033 | Valid loss: 0.6748, acc: 0.6066, auc:0.6329 | Test loss: 0.7038, acc: 0.5902, auc:0.5484 
Train loss: 0.7862, acc: 0.7930 | Valid loss: 0.6942, acc: 0.6066, auc:0.6154 | Test loss: 0.7093, acc: 0.5574, auc:0.5507 
GNN training complete
ADJ produced
No.4 training in progress 
Train loss: 3.2569, acc: 0.5861 | Valid loss: 0.6577, acc: 0.6721, auc:0.4724 | Test loss: 0.6412, acc: 0.7213, auc:0.5294 
Train loss: 3.1424, acc: 0.6311 | Valid loss: 0.6373, acc: 0.6885, auc:0.5664 | Test loss: 0.6227, acc: 0.6885, auc:0.5154 
Train loss: 3.0098, acc: 0.6373 | Valid loss: 0.6301, acc: 0.6230, auc:0.6228 | Test loss: 0.6275, acc: 0.7049, auc:0.4993 
Train loss: 2.8624, acc: 0.6414 | Valid loss: 0.6202, acc: 0.6885, auc:0.6385 | Test loss: 0.6399, acc: 0.6721, auc:0.4525 
Train loss: 2.7083, acc: 0.6721 | Valid loss: 0.6124, acc: 0.6885, auc:0.6441 | Test loss: 0.6523, acc: 0.6393, auc:0.3957 
Train loss: 2.5775, acc: 0.6598 | Valid loss: 0.6119, acc: 0.6885, auc:0.6485 | Test loss: 0.6658, acc: 0.6066, auc:0.3910 
Train loss: 2.4419, acc: 0.6598 | Valid loss: 0.6133, acc: 0.6721, auc:0.6416 | Test loss: 0.6723, acc: 0.6066, auc:0.4037 
Train loss: 2.3282, acc: 0.6516 | Valid loss: 0.5990, acc: 0.6721, auc:0.6466 | Test loss: 0.6688, acc: 0.6393, auc:0.3603 
Train loss: 2.2091, acc: 0.6742 | Valid loss: 0.6030, acc: 0.6557, auc:0.6497 | Test loss: 0.6802, acc: 0.6066, auc:0.3676 
Train loss: 2.0857, acc: 0.6865 | Valid loss: 0.6108, acc: 0.6557, auc:0.6404 | Test loss: 0.6822, acc: 0.6066, auc:0.3924 
Train loss: 1.9904, acc: 0.6680 | Valid loss: 0.6119, acc: 0.6393, auc:0.6360 | Test loss: 0.6772, acc: 0.6230, auc:0.4057 
Train loss: 1.8991, acc: 0.6906 | Valid loss: 0.6034, acc: 0.6721, auc:0.6372 | Test loss: 0.6732, acc: 0.6393, auc:0.3890 
Train loss: 1.8262, acc: 0.6803 | Valid loss: 0.6102, acc: 0.6721, auc:0.6341 | Test loss: 0.6805, acc: 0.6393, auc:0.3890 
Train loss: 1.7376, acc: 0.6988 | Valid loss: 0.6286, acc: 0.6557, auc:0.6222 | Test loss: 0.6943, acc: 0.6066, auc:0.4004 
Train loss: 1.6582, acc: 0.7172 | Valid loss: 0.6306, acc: 0.6393, auc:0.6096 | Test loss: 0.6970, acc: 0.6066, auc:0.4104 
Train loss: 1.5943, acc: 0.7008 | Valid loss: 0.6152, acc: 0.6557, auc:0.6165 | Test loss: 0.6900, acc: 0.6557, auc:0.4037 
Train loss: 1.5325, acc: 0.7213 | Valid loss: 0.6153, acc: 0.6393, auc:0.6172 | Test loss: 0.6895, acc: 0.6721, auc:0.4051 
Train loss: 1.4725, acc: 0.7213 | Valid loss: 0.6370, acc: 0.6393, auc:0.6065 | Test loss: 0.6934, acc: 0.6230, auc:0.4352 
Train loss: 1.4294, acc: 0.7193 | Valid loss: 0.6560, acc: 0.6393, auc:0.6046 | Test loss: 0.7003, acc: 0.6066, auc:0.4445 
Train loss: 1.3909, acc: 0.7029 | Valid loss: 0.6238, acc: 0.6557, auc:0.6090 | Test loss: 0.6878, acc: 0.6230, auc:0.4318 
Train loss: 1.3319, acc: 0.7377 | Valid loss: 0.6223, acc: 0.6230, auc:0.6184 | Test loss: 0.6918, acc: 0.5738, auc:0.4265 
Train loss: 1.2889, acc: 0.7459 | Valid loss: 0.6269, acc: 0.6230, auc:0.6140 | Test loss: 0.6900, acc: 0.5410, auc:0.4325 
Train loss: 1.2442, acc: 0.7602 | Valid loss: 0.6367, acc: 0.6066, auc:0.6046 | Test loss: 0.6881, acc: 0.5410, auc:0.4512 
Train loss: 1.2116, acc: 0.7520 | Valid loss: 0.6368, acc: 0.5902, auc:0.6153 | Test loss: 0.6891, acc: 0.5574, auc:0.4425 
Train loss: 1.1822, acc: 0.7459 | Valid loss: 0.6294, acc: 0.6066, auc:0.6184 | Test loss: 0.6948, acc: 0.6230, auc:0.4178 
Train loss: 1.1515, acc: 0.7520 | Valid loss: 0.6435, acc: 0.6066, auc:0.6140 | Test loss: 0.7048, acc: 0.5574, auc:0.4245 
Train loss: 1.1204, acc: 0.7807 | Valid loss: 0.6488, acc: 0.5902, auc:0.6109 | Test loss: 0.7075, acc: 0.5410, auc:0.4298 
Train loss: 1.0925, acc: 0.7541 | Valid loss: 0.6471, acc: 0.6066, auc:0.6122 | Test loss: 0.7010, acc: 0.6393, auc:0.4332 
Train loss: 1.0682, acc: 0.7541 | Valid loss: 0.6412, acc: 0.6393, auc:0.6203 | Test loss: 0.6997, acc: 0.6230, auc:0.4385 
Train loss: 1.0386, acc: 0.7889 | Valid loss: 0.6535, acc: 0.5574, auc:0.6065 | Test loss: 0.7038, acc: 0.5246, auc:0.4439 
Train loss: 1.0228, acc: 0.7664 | Valid loss: 0.6540, acc: 0.5574, auc:0.6084 | Test loss: 0.7096, acc: 0.5246, auc:0.4459 
Train loss: 0.9902, acc: 0.8094 | Valid loss: 0.6413, acc: 0.6066, auc:0.6297 | Test loss: 0.7087, acc: 0.5738, auc:0.4358 
Train loss: 0.9767, acc: 0.7807 | Valid loss: 0.6453, acc: 0.6721, auc:0.6322 | Test loss: 0.7159, acc: 0.5738, auc:0.4385 
Train loss: 0.9482, acc: 0.7848 | Valid loss: 0.6557, acc: 0.5902, auc:0.6266 | Test loss: 0.7258, acc: 0.5410, auc:0.4405 
Train loss: 0.9302, acc: 0.7951 | Valid loss: 0.6546, acc: 0.5738, auc:0.6209 | Test loss: 0.7268, acc: 0.5410, auc:0.4358 
Train loss: 0.9123, acc: 0.8094 | Valid loss: 0.6525, acc: 0.5902, auc:0.6209 | Test loss: 0.7280, acc: 0.5574, auc:0.4412 
Train loss: 0.9027, acc: 0.7828 | Valid loss: 0.6699, acc: 0.5738, auc:0.6147 | Test loss: 0.7205, acc: 0.5574, auc:0.4472 
Early stopping
GNN training complete
ADJ produced
No.5 training in progress 
Train loss: 3.2690, acc: 0.4611 | Valid loss: 0.6753, acc: 0.7213, auc:0.5590 | Test loss: 0.6746, acc: 0.6721, auc:0.6286 
Train loss: 3.1411, acc: 0.5984 | Valid loss: 0.6474, acc: 0.7541, auc:0.5750 | Test loss: 0.6459, acc: 0.7049, auc:0.6202 
Train loss: 2.9842, acc: 0.6148 | Valid loss: 0.6211, acc: 0.7213, auc:0.5556 | Test loss: 0.6196, acc: 0.7213, auc:0.6118 
Train loss: 2.8224, acc: 0.6373 | Valid loss: 0.5980, acc: 0.7377, auc:0.5618 | Test loss: 0.6024, acc: 0.7213, auc:0.5859 
Train loss: 2.6645, acc: 0.6291 | Valid loss: 0.5931, acc: 0.7377, auc:0.5611 | Test loss: 0.5945, acc: 0.7213, auc:0.6150 
Train loss: 2.5203, acc: 0.6373 | Valid loss: 0.5928, acc: 0.7213, auc:0.5590 | Test loss: 0.5900, acc: 0.7213, auc:0.6279 
Train loss: 2.3730, acc: 0.6311 | Valid loss: 0.5987, acc: 0.7541, auc:0.5535 | Test loss: 0.5904, acc: 0.7213, auc:0.6408 
Train loss: 2.2214, acc: 0.6455 | Valid loss: 0.6030, acc: 0.7377, auc:0.5340 | Test loss: 0.5955, acc: 0.7049, auc:0.6376 
Train loss: 2.0982, acc: 0.6475 | Valid loss: 0.6180, acc: 0.7213, auc:0.5472 | Test loss: 0.5975, acc: 0.6721, auc:0.6402 
Train loss: 1.9808, acc: 0.6557 | Valid loss: 0.6262, acc: 0.6230, auc:0.5417 | Test loss: 0.5957, acc: 0.7049, auc:0.6518 
Train loss: 1.8730, acc: 0.6332 | Valid loss: 0.6304, acc: 0.5902, auc:0.5299 | Test loss: 0.5895, acc: 0.6885, auc:0.6609 
Train loss: 1.7788, acc: 0.6352 | Valid loss: 0.6181, acc: 0.6393, auc:0.5472 | Test loss: 0.5810, acc: 0.6885, auc:0.6609 
Train loss: 1.6760, acc: 0.6680 | Valid loss: 0.6170, acc: 0.6393, auc:0.5417 | Test loss: 0.5755, acc: 0.6885, auc:0.6744 
Train loss: 1.5957, acc: 0.6393 | Valid loss: 0.6206, acc: 0.6393, auc:0.5354 | Test loss: 0.5732, acc: 0.7049, auc:0.6770 
Train loss: 1.5280, acc: 0.6619 | Valid loss: 0.6224, acc: 0.6393, auc:0.5354 | Test loss: 0.5726, acc: 0.7213, auc:0.6770 
Train loss: 1.4591, acc: 0.6783 | Valid loss: 0.6182, acc: 0.6393, auc:0.5507 | Test loss: 0.5714, acc: 0.7049, auc:0.6686 
Train loss: 1.4015, acc: 0.6721 | Valid loss: 0.6174, acc: 0.6393, auc:0.5556 | Test loss: 0.5680, acc: 0.6885, auc:0.6776 
Train loss: 1.3445, acc: 0.6865 | Valid loss: 0.6246, acc: 0.6230, auc:0.5410 | Test loss: 0.5666, acc: 0.7049, auc:0.6880 
Train loss: 1.2857, acc: 0.6906 | Valid loss: 0.6293, acc: 0.6066, auc:0.5438 | Test loss: 0.5656, acc: 0.6721, auc:0.6848 
Train loss: 1.2410, acc: 0.6762 | Valid loss: 0.6174, acc: 0.6557, auc:0.5632 | Test loss: 0.5646, acc: 0.6557, auc:0.6738 
Train loss: 1.1956, acc: 0.6844 | Valid loss: 0.6154, acc: 0.6721, auc:0.5563 | Test loss: 0.5663, acc: 0.7049, auc:0.6699 
Train loss: 1.1656, acc: 0.6803 | Valid loss: 0.6384, acc: 0.5738, auc:0.5549 | Test loss: 0.5663, acc: 0.7049, auc:0.6809 
Train loss: 1.1263, acc: 0.6947 | Valid loss: 0.6374, acc: 0.5902, auc:0.5618 | Test loss: 0.5651, acc: 0.7049, auc:0.6835 
Train loss: 1.0805, acc: 0.6988 | Valid loss: 0.6172, acc: 0.6721, auc:0.5500 | Test loss: 0.5612, acc: 0.7049, auc:0.6860 
Train loss: 1.0715, acc: 0.6906 | Valid loss: 0.6172, acc: 0.6557, auc:0.5486 | Test loss: 0.5626, acc: 0.7049, auc:0.6828 
Train loss: 1.0363, acc: 0.7029 | Valid loss: 0.6342, acc: 0.6393, auc:0.5528 | Test loss: 0.5619, acc: 0.7049, auc:0.6983 
Train loss: 1.0105, acc: 0.7172 | Valid loss: 0.6562, acc: 0.6066, auc:0.5590 | Test loss: 0.5713, acc: 0.7213, auc:0.6944 
Train loss: 0.9852, acc: 0.7254 | Valid loss: 0.6329, acc: 0.6557, auc:0.5486 | Test loss: 0.5670, acc: 0.7049, auc:0.6932 
Train loss: 0.9657, acc: 0.7049 | Valid loss: 0.6311, acc: 0.6721, auc:0.5569 | Test loss: 0.5669, acc: 0.7377, auc:0.6841 
Train loss: 0.9508, acc: 0.7070 | Valid loss: 0.6428, acc: 0.6393, auc:0.5521 | Test loss: 0.5649, acc: 0.7213, auc:0.6912 
Train loss: 0.9169, acc: 0.7090 | Valid loss: 0.6441, acc: 0.6230, auc:0.5535 | Test loss: 0.5623, acc: 0.7213, auc:0.6964 
Train loss: 0.9017, acc: 0.7234 | Valid loss: 0.6440, acc: 0.6393, auc:0.5458 | Test loss: 0.5618, acc: 0.7049, auc:0.6957 
Train loss: 0.8873, acc: 0.7357 | Valid loss: 0.6519, acc: 0.6393, auc:0.5451 | Test loss: 0.5645, acc: 0.6885, auc:0.6912 
Train loss: 0.8633, acc: 0.7439 | Valid loss: 0.6519, acc: 0.6393, auc:0.5472 | Test loss: 0.5696, acc: 0.6885, auc:0.6860 
Train loss: 0.8629, acc: 0.7418 | Valid loss: 0.6662, acc: 0.6230, auc:0.5389 | Test loss: 0.5699, acc: 0.6885, auc:0.6912 
Early stopping
GNN training complete
ADJ produced
No.6 training in progress 
Train loss: 3.2498, acc: 0.5840 | Valid loss: 0.6626, acc: 0.6721, auc:0.5573 | Test loss: 0.6502, acc: 0.7377, auc:0.4833 
Train loss: 3.1181, acc: 0.6148 | Valid loss: 0.6464, acc: 0.6721, auc:0.5744 | Test loss: 0.6299, acc: 0.7377, auc:0.5403 
Train loss: 2.9649, acc: 0.6230 | Valid loss: 0.6354, acc: 0.6721, auc:0.6079 | Test loss: 0.6126, acc: 0.7377, auc:0.5569 
Train loss: 2.8026, acc: 0.6168 | Valid loss: 0.6313, acc: 0.6721, auc:0.5768 | Test loss: 0.6034, acc: 0.7377, auc:0.5813 
Train loss: 2.6247, acc: 0.6311 | Valid loss: 0.6295, acc: 0.6721, auc:0.5823 | Test loss: 0.5992, acc: 0.7213, auc:0.5819 
Train loss: 2.4622, acc: 0.6311 | Valid loss: 0.6294, acc: 0.6885, auc:0.5860 | Test loss: 0.6027, acc: 0.6721, auc:0.5972 
Train loss: 2.3244, acc: 0.6189 | Valid loss: 0.6362, acc: 0.6721, auc:0.5750 | Test loss: 0.6071, acc: 0.7049, auc:0.5958 
Train loss: 2.1733, acc: 0.6742 | Valid loss: 0.6353, acc: 0.6721, auc:0.5671 | Test loss: 0.6051, acc: 0.7213, auc:0.5764 
Train loss: 2.0439, acc: 0.6578 | Valid loss: 0.6345, acc: 0.6557, auc:0.5500 | Test loss: 0.6077, acc: 0.6885, auc:0.5681 
Train loss: 1.9295, acc: 0.6639 | Valid loss: 0.6334, acc: 0.6721, auc:0.5494 | Test loss: 0.6076, acc: 0.6885, auc:0.5653 
Train loss: 1.8086, acc: 0.6865 | Valid loss: 0.6376, acc: 0.6393, auc:0.5439 | Test loss: 0.6081, acc: 0.6557, auc:0.5715 
Train loss: 1.7138, acc: 0.6988 | Valid loss: 0.6445, acc: 0.6230, auc:0.5402 | Test loss: 0.6104, acc: 0.6885, auc:0.5569 
Train loss: 1.6244, acc: 0.6947 | Valid loss: 0.6477, acc: 0.6230, auc:0.5439 | Test loss: 0.6161, acc: 0.6721, auc:0.5597 
Train loss: 1.5474, acc: 0.6988 | Valid loss: 0.6472, acc: 0.6230, auc:0.5335 | Test loss: 0.6196, acc: 0.6393, auc:0.5535 
Train loss: 1.4673, acc: 0.7070 | Valid loss: 0.6502, acc: 0.6393, auc:0.5134 | Test loss: 0.6088, acc: 0.6393, auc:0.5465 
Train loss: 1.4013, acc: 0.6865 | Valid loss: 0.6631, acc: 0.5902, auc:0.4878 | Test loss: 0.6137, acc: 0.6721, auc:0.5361 
Train loss: 1.3406, acc: 0.6967 | Valid loss: 0.6692, acc: 0.6393, auc:0.5244 | Test loss: 0.6364, acc: 0.6393, auc:0.5382 
Train loss: 1.2803, acc: 0.7152 | Valid loss: 0.6734, acc: 0.6066, auc:0.5256 | Test loss: 0.6479, acc: 0.6066, auc:0.5340 
Train loss: 1.2360, acc: 0.7193 | Valid loss: 0.6662, acc: 0.5902, auc:0.5323 | Test loss: 0.6383, acc: 0.6393, auc:0.5222 
Train loss: 1.1886, acc: 0.7070 | Valid loss: 0.6583, acc: 0.6230, auc:0.5439 | Test loss: 0.6283, acc: 0.6721, auc:0.5222 
Train loss: 1.1517, acc: 0.7336 | Valid loss: 0.6661, acc: 0.6066, auc:0.5329 | Test loss: 0.6366, acc: 0.6557, auc:0.5194 
Train loss: 1.0916, acc: 0.7418 | Valid loss: 0.6745, acc: 0.6230, auc:0.5445 | Test loss: 0.6584, acc: 0.6230, auc:0.5257 
Train loss: 1.0734, acc: 0.7316 | Valid loss: 0.6727, acc: 0.5902, auc:0.5457 | Test loss: 0.6601, acc: 0.6230, auc:0.5292 
Train loss: 1.0327, acc: 0.7848 | Valid loss: 0.6616, acc: 0.6557, auc:0.5457 | Test loss: 0.6388, acc: 0.6721, auc:0.5278 
Train loss: 1.0130, acc: 0.7582 | Valid loss: 0.6680, acc: 0.6557, auc:0.5348 | Test loss: 0.6367, acc: 0.6557, auc:0.5181 
Train loss: 0.9944, acc: 0.7500 | Valid loss: 0.6814, acc: 0.6066, auc:0.5262 | Test loss: 0.6559, acc: 0.6230, auc:0.5194 
Train loss: 0.9708, acc: 0.7377 | Valid loss: 0.6916, acc: 0.5902, auc:0.5305 | Test loss: 0.6654, acc: 0.6230, auc:0.5181 
Train loss: 0.9322, acc: 0.7459 | Valid loss: 0.6784, acc: 0.6066, auc:0.5323 | Test loss: 0.6402, acc: 0.6230, auc:0.5236 
Train loss: 0.9085, acc: 0.7561 | Valid loss: 0.6706, acc: 0.6066, auc:0.5427 | Test loss: 0.6392, acc: 0.6393, auc:0.5264 
Train loss: 0.8919, acc: 0.7439 | Valid loss: 0.6707, acc: 0.6557, auc:0.5524 | Test loss: 0.6495, acc: 0.6393, auc:0.5368 
Train loss: 0.8913, acc: 0.7418 | Valid loss: 0.6933, acc: 0.5902, auc:0.5457 | Test loss: 0.6721, acc: 0.6066, auc:0.5333 
Train loss: 0.8675, acc: 0.7500 | Valid loss: 0.6836, acc: 0.6230, auc:0.5341 | Test loss: 0.6584, acc: 0.6230, auc:0.5250 
Train loss: 0.8301, acc: 0.7930 | Valid loss: 0.6740, acc: 0.6230, auc:0.5524 | Test loss: 0.6649, acc: 0.6393, auc:0.5389 
Train loss: 0.8159, acc: 0.7930 | Valid loss: 0.6721, acc: 0.6393, auc:0.5500 | Test loss: 0.6686, acc: 0.6393, auc:0.5306 
Train loss: 0.8066, acc: 0.7910 | Valid loss: 0.6788, acc: 0.6230, auc:0.5463 | Test loss: 0.6733, acc: 0.6393, auc:0.5222 
Early stopping
GNN training complete
ADJ produced
No.7 training in progress 
Train loss: 3.2863, acc: 0.3791 | Valid loss: 0.6909, acc: 0.5738, auc:0.3183 | Test loss: 0.6856, acc: 0.6885, auc:0.6098 
Train loss: 3.1357, acc: 0.5246 | Valid loss: 0.6724, acc: 0.6885, auc:0.3484 | Test loss: 0.6657, acc: 0.6885, auc:0.5879 
Train loss: 2.9638, acc: 0.6148 | Valid loss: 0.6556, acc: 0.6885, auc:0.3340 | Test loss: 0.6398, acc: 0.7049, auc:0.6182 
Train loss: 2.7825, acc: 0.6352 | Valid loss: 0.6473, acc: 0.6885, auc:0.3377 | Test loss: 0.6220, acc: 0.7049, auc:0.5866 
Train loss: 2.6023, acc: 0.6270 | Valid loss: 0.6442, acc: 0.6885, auc:0.3979 | Test loss: 0.6196, acc: 0.6885, auc:0.5413 
Train loss: 2.4269, acc: 0.6230 | Valid loss: 0.6434, acc: 0.6885, auc:0.4236 | Test loss: 0.6210, acc: 0.7049, auc:0.5323 
Train loss: 2.2699, acc: 0.6373 | Valid loss: 0.6390, acc: 0.6885, auc:0.4505 | Test loss: 0.6208, acc: 0.7213, auc:0.5258 
Train loss: 2.1144, acc: 0.6352 | Valid loss: 0.6358, acc: 0.6557, auc:0.4806 | Test loss: 0.6250, acc: 0.6721, auc:0.5252 
Train loss: 1.9977, acc: 0.6373 | Valid loss: 0.6315, acc: 0.6557, auc:0.4975 | Test loss: 0.6269, acc: 0.6721, auc:0.5258 
Train loss: 1.8567, acc: 0.6516 | Valid loss: 0.6289, acc: 0.6721, auc:0.5370 | Test loss: 0.6312, acc: 0.6557, auc:0.5349 
Train loss: 1.7375, acc: 0.6455 | Valid loss: 0.6254, acc: 0.6885, auc:0.5683 | Test loss: 0.6285, acc: 0.6885, auc:0.5375 
Train loss: 1.6409, acc: 0.6639 | Valid loss: 0.6215, acc: 0.6885, auc:0.5708 | Test loss: 0.6178, acc: 0.6557, auc:0.5627 
Train loss: 1.5475, acc: 0.6516 | Valid loss: 0.6191, acc: 0.6885, auc:0.5821 | Test loss: 0.6154, acc: 0.6393, auc:0.5698 
Train loss: 1.4689, acc: 0.6475 | Valid loss: 0.6175, acc: 0.6721, auc:0.5702 | Test loss: 0.6205, acc: 0.6230, auc:0.5517 
Train loss: 1.3844, acc: 0.6598 | Valid loss: 0.6180, acc: 0.6557, auc:0.5595 | Test loss: 0.6248, acc: 0.5738, auc:0.5575 
Train loss: 1.3327, acc: 0.6496 | Valid loss: 0.6156, acc: 0.6721, auc:0.5551 | Test loss: 0.6165, acc: 0.6393, auc:0.5672 
Train loss: 1.2593, acc: 0.6619 | Valid loss: 0.6130, acc: 0.6721, auc:0.5645 | Test loss: 0.6084, acc: 0.6393, auc:0.5827 
Train loss: 1.2103, acc: 0.6619 | Valid loss: 0.6111, acc: 0.6885, auc:0.5840 | Test loss: 0.6101, acc: 0.6230, auc:0.5775 
Train loss: 1.1620, acc: 0.6660 | Valid loss: 0.6103, acc: 0.6885, auc:0.5909 | Test loss: 0.6074, acc: 0.6230, auc:0.5917 
Train loss: 1.1211, acc: 0.6578 | Valid loss: 0.6120, acc: 0.6721, auc:0.5959 | Test loss: 0.6168, acc: 0.5738, auc:0.5866 
Train loss: 1.0700, acc: 0.6680 | Valid loss: 0.6118, acc: 0.6721, auc:0.5921 | Test loss: 0.6148, acc: 0.5738, auc:0.5924 
Train loss: 1.0446, acc: 0.6824 | Valid loss: 0.6095, acc: 0.6557, auc:0.5871 | Test loss: 0.6119, acc: 0.5902, auc:0.5937 
Train loss: 1.0214, acc: 0.6721 | Valid loss: 0.6107, acc: 0.6721, auc:0.5827 | Test loss: 0.6151, acc: 0.5902, auc:0.5943 
Train loss: 0.9816, acc: 0.6701 | Valid loss: 0.6091, acc: 0.6557, auc:0.5902 | Test loss: 0.6118, acc: 0.5902, auc:0.5943 
Train loss: 0.9617, acc: 0.6762 | Valid loss: 0.6103, acc: 0.6393, auc:0.5858 | Test loss: 0.6137, acc: 0.5902, auc:0.5943 
Train loss: 0.9356, acc: 0.6721 | Valid loss: 0.6135, acc: 0.6721, auc:0.5971 | Test loss: 0.6213, acc: 0.5574, auc:0.5950 
Train loss: 0.9088, acc: 0.6844 | Valid loss: 0.6094, acc: 0.6885, auc:0.5977 | Test loss: 0.6141, acc: 0.5902, auc:0.6130 
Train loss: 0.8936, acc: 0.6803 | Valid loss: 0.6041, acc: 0.6885, auc:0.6021 | Test loss: 0.6007, acc: 0.6066, auc:0.6234 
Train loss: 0.8728, acc: 0.6865 | Valid loss: 0.6087, acc: 0.6721, auc:0.6003 | Test loss: 0.6117, acc: 0.5902, auc:0.6085 
Train loss: 0.8550, acc: 0.6803 | Valid loss: 0.6087, acc: 0.6721, auc:0.5984 | Test loss: 0.6115, acc: 0.5902, auc:0.6098 
Train loss: 0.8385, acc: 0.6906 | Valid loss: 0.6059, acc: 0.6721, auc:0.5877 | Test loss: 0.6025, acc: 0.5902, auc:0.6143 
Train loss: 0.8365, acc: 0.6701 | Valid loss: 0.6079, acc: 0.6885, auc:0.5570 | Test loss: 0.5917, acc: 0.6393, auc:0.6292 
Train loss: 0.8259, acc: 0.6967 | Valid loss: 0.6068, acc: 0.6885, auc:0.5959 | Test loss: 0.6077, acc: 0.6066, auc:0.6156 
Train loss: 0.8023, acc: 0.7049 | Valid loss: 0.6178, acc: 0.6393, auc:0.6078 | Test loss: 0.6311, acc: 0.5738, auc:0.5975 
Train loss: 0.7927, acc: 0.6926 | Valid loss: 0.6072, acc: 0.6721, auc:0.6003 | Test loss: 0.6142, acc: 0.6066, auc:0.6130 
Train loss: 0.7851, acc: 0.6906 | Valid loss: 0.6023, acc: 0.7049, auc:0.5921 | Test loss: 0.5971, acc: 0.6230, auc:0.6247 
Train loss: 0.7869, acc: 0.6803 | Valid loss: 0.6029, acc: 0.7213, auc:0.6090 | Test loss: 0.6097, acc: 0.6066, auc:0.6098 
Train loss: 0.7717, acc: 0.6967 | Valid loss: 0.6124, acc: 0.6721, auc:0.6096 | Test loss: 0.6339, acc: 0.5574, auc:0.5795 
Train loss: 0.7516, acc: 0.7008 | Valid loss: 0.6121, acc: 0.6557, auc:0.6109 | Test loss: 0.6334, acc: 0.5574, auc:0.5769 
Train loss: 0.7415, acc: 0.7090 | Valid loss: 0.6099, acc: 0.6721, auc:0.5952 | Test loss: 0.6245, acc: 0.6066, auc:0.5736 
Train loss: 0.7389, acc: 0.7070 | Valid loss: 0.6103, acc: 0.6721, auc:0.5808 | Test loss: 0.6177, acc: 0.6066, auc:0.5775 
Train loss: 0.7390, acc: 0.6967 | Valid loss: 0.6155, acc: 0.6721, auc:0.5902 | Test loss: 0.6310, acc: 0.5902, auc:0.5691 
Train loss: 0.7241, acc: 0.7029 | Valid loss: 0.6150, acc: 0.6885, auc:0.5896 | Test loss: 0.6229, acc: 0.6066, auc:0.5717 
Train loss: 0.7207, acc: 0.7090 | Valid loss: 0.6146, acc: 0.7213, auc:0.5865 | Test loss: 0.6151, acc: 0.6066, auc:0.5911 
Train loss: 0.7194, acc: 0.7152 | Valid loss: 0.6193, acc: 0.7213, auc:0.5783 | Test loss: 0.6087, acc: 0.6230, auc:0.5891 
Train loss: 0.7093, acc: 0.7213 | Valid loss: 0.6209, acc: 0.6721, auc:0.5802 | Test loss: 0.6195, acc: 0.6066, auc:0.5885 
Train loss: 0.7093, acc: 0.7111 | Valid loss: 0.6265, acc: 0.6721, auc:0.5858 | Test loss: 0.6318, acc: 0.6230, auc:0.5879 
Train loss: 0.6973, acc: 0.7377 | Valid loss: 0.6237, acc: 0.6885, auc:0.5677 | Test loss: 0.6138, acc: 0.6230, auc:0.5879 
Train loss: 0.6869, acc: 0.7500 | Valid loss: 0.6261, acc: 0.6885, auc:0.5608 | Test loss: 0.6119, acc: 0.6230, auc:0.5930 
GNN training complete
ADJ produced
No.8 training in progress 
Train loss: 3.2590, acc: 0.4467 | Valid loss: 0.6886, acc: 0.5410, auc:0.5267 | Test loss: 0.6943, acc: 0.4918, auc:0.5151 
Train loss: 3.1043, acc: 0.6025 | Valid loss: 0.6824, acc: 0.5902, auc:0.5050 | Test loss: 0.7006, acc: 0.4754, auc:0.4650 
Train loss: 2.9092, acc: 0.6619 | Valid loss: 0.6793, acc: 0.5902, auc:0.5061 | Test loss: 0.7104, acc: 0.4754, auc:0.4591 
Train loss: 2.7089, acc: 0.6557 | Valid loss: 0.6810, acc: 0.5902, auc:0.5017 | Test loss: 0.7267, acc: 0.4754, auc:0.4558 
Train loss: 2.5049, acc: 0.6680 | Valid loss: 0.6903, acc: 0.5902, auc:0.4989 | Test loss: 0.7513, acc: 0.4754, auc:0.4580 
Train loss: 2.3219, acc: 0.6701 | Valid loss: 0.6981, acc: 0.5902, auc:0.5189 | Test loss: 0.7701, acc: 0.5082, auc:0.4671 
Train loss: 2.1448, acc: 0.6721 | Valid loss: 0.7078, acc: 0.5574, auc:0.5317 | Test loss: 0.7873, acc: 0.5246, auc:0.4784 
Train loss: 1.9855, acc: 0.6885 | Valid loss: 0.7064, acc: 0.5574, auc:0.5411 | Test loss: 0.7936, acc: 0.5246, auc:0.4903 
Train loss: 1.8379, acc: 0.6824 | Valid loss: 0.6995, acc: 0.5574, auc:0.5611 | Test loss: 0.7843, acc: 0.5246, auc:0.5194 
Train loss: 1.7193, acc: 0.6762 | Valid loss: 0.6864, acc: 0.5738, auc:0.5833 | Test loss: 0.7728, acc: 0.5246, auc:0.5469 
Train loss: 1.5972, acc: 0.6865 | Valid loss: 0.6760, acc: 0.6066, auc:0.6011 | Test loss: 0.7548, acc: 0.5246, auc:0.5970 
Train loss: 1.5005, acc: 0.6721 | Valid loss: 0.6641, acc: 0.5738, auc:0.6244 | Test loss: 0.7419, acc: 0.4918, auc:0.6352 
Train loss: 1.4011, acc: 0.6824 | Valid loss: 0.6579, acc: 0.5738, auc:0.6533 | Test loss: 0.7377, acc: 0.4918, auc:0.6460 
Train loss: 1.3222, acc: 0.6824 | Valid loss: 0.6566, acc: 0.5738, auc:0.6672 | Test loss: 0.7440, acc: 0.4918, auc:0.6595 
Train loss: 1.2524, acc: 0.6885 | Valid loss: 0.6588, acc: 0.6066, auc:0.6606 | Test loss: 0.7487, acc: 0.4918, auc:0.6557 
Train loss: 1.1871, acc: 0.6947 | Valid loss: 0.6654, acc: 0.5902, auc:0.6400 | Test loss: 0.7453, acc: 0.5082, auc:0.6562 
Train loss: 1.1353, acc: 0.6639 | Valid loss: 0.6605, acc: 0.6066, auc:0.6517 | Test loss: 0.7527, acc: 0.5246, auc:0.6573 
Train loss: 1.0816, acc: 0.6762 | Valid loss: 0.6616, acc: 0.5902, auc:0.6717 | Test loss: 0.7734, acc: 0.4918, auc:0.6525 
Train loss: 1.0420, acc: 0.6824 | Valid loss: 0.6597, acc: 0.5902, auc:0.6700 | Test loss: 0.7651, acc: 0.4918, auc:0.6536 
Train loss: 0.9996, acc: 0.6660 | Valid loss: 0.6574, acc: 0.6230, auc:0.6494 | Test loss: 0.7461, acc: 0.4918, auc:0.6482 
Train loss: 0.9682, acc: 0.6824 | Valid loss: 0.6503, acc: 0.6557, auc:0.6722 | Test loss: 0.7459, acc: 0.4754, auc:0.6514 
Train loss: 0.9264, acc: 0.6865 | Valid loss: 0.6526, acc: 0.6393, auc:0.6639 | Test loss: 0.7495, acc: 0.4754, auc:0.6401 
Train loss: 0.9027, acc: 0.6947 | Valid loss: 0.6522, acc: 0.6393, auc:0.6678 | Test loss: 0.7575, acc: 0.4754, auc:0.6433 
Train loss: 0.8808, acc: 0.6967 | Valid loss: 0.6537, acc: 0.6066, auc:0.6644 | Test loss: 0.7613, acc: 0.4590, auc:0.6390 
Train loss: 0.8662, acc: 0.7111 | Valid loss: 0.6599, acc: 0.6066, auc:0.6406 | Test loss: 0.7526, acc: 0.4590, auc:0.6401 
Train loss: 0.8540, acc: 0.7070 | Valid loss: 0.6514, acc: 0.6066, auc:0.6594 | Test loss: 0.7474, acc: 0.4590, auc:0.6498 
Train loss: 0.8260, acc: 0.7049 | Valid loss: 0.6470, acc: 0.5902, auc:0.6789 | Test loss: 0.7408, acc: 0.4590, auc:0.6703 
Train loss: 0.8108, acc: 0.6906 | Valid loss: 0.6558, acc: 0.6393, auc:0.6439 | Test loss: 0.7386, acc: 0.4426, auc:0.6444 
Train loss: 0.7844, acc: 0.7193 | Valid loss: 0.6647, acc: 0.5902, auc:0.6356 | Test loss: 0.7524, acc: 0.4426, auc:0.6439 
Train loss: 0.7720, acc: 0.7152 | Valid loss: 0.6630, acc: 0.6230, auc:0.6461 | Test loss: 0.7636, acc: 0.4426, auc:0.6422 
Train loss: 0.7591, acc: 0.7193 | Valid loss: 0.6615, acc: 0.6066, auc:0.6517 | Test loss: 0.7787, acc: 0.4590, auc:0.6304 
Train loss: 0.7515, acc: 0.7275 | Valid loss: 0.6599, acc: 0.6230, auc:0.6639 | Test loss: 0.7894, acc: 0.4426, auc:0.6234 
Train loss: 0.7295, acc: 0.7131 | Valid loss: 0.6523, acc: 0.5902, auc:0.6578 | Test loss: 0.7546, acc: 0.4918, auc:0.6309 
Train loss: 0.7258, acc: 0.7316 | Valid loss: 0.6426, acc: 0.6393, auc:0.6739 | Test loss: 0.7465, acc: 0.4918, auc:0.6358 
Train loss: 0.7130, acc: 0.7234 | Valid loss: 0.6513, acc: 0.6066, auc:0.6722 | Test loss: 0.7840, acc: 0.4590, auc:0.6298 
Train loss: 0.7081, acc: 0.7152 | Valid loss: 0.6581, acc: 0.5738, auc:0.6689 | Test loss: 0.7851, acc: 0.4754, auc:0.6196 
Train loss: 0.6926, acc: 0.7336 | Valid loss: 0.6653, acc: 0.5738, auc:0.6628 | Test loss: 0.7856, acc: 0.4754, auc:0.6175 
Train loss: 0.6928, acc: 0.7316 | Valid loss: 0.6612, acc: 0.6066, auc:0.6628 | Test loss: 0.7609, acc: 0.4918, auc:0.6175 
Train loss: 0.6730, acc: 0.7480 | Valid loss: 0.6538, acc: 0.6393, auc:0.6672 | Test loss: 0.7651, acc: 0.5082, auc:0.6239 
Train loss: 0.6723, acc: 0.7623 | Valid loss: 0.6679, acc: 0.5902, auc:0.6667 | Test loss: 0.7983, acc: 0.4918, auc:0.6175 
Train loss: 0.6693, acc: 0.7316 | Valid loss: 0.6720, acc: 0.5902, auc:0.6656 | Test loss: 0.8073, acc: 0.4918, auc:0.6164 
Train loss: 0.6648, acc: 0.7459 | Valid loss: 0.6659, acc: 0.5902, auc:0.6661 | Test loss: 0.7882, acc: 0.5082, auc:0.6277 
Train loss: 0.6629, acc: 0.7480 | Valid loss: 0.6627, acc: 0.6230, auc:0.6650 | Test loss: 0.7725, acc: 0.5082, auc:0.6277 
Train loss: 0.6453, acc: 0.7746 | Valid loss: 0.6809, acc: 0.5902, auc:0.6606 | Test loss: 0.8335, acc: 0.4590, auc:0.6051 
Train loss: 0.6545, acc: 0.7582 | Valid loss: 0.6802, acc: 0.5738, auc:0.6533 | Test loss: 0.8130, acc: 0.4918, auc:0.6045 
Train loss: 0.6461, acc: 0.7480 | Valid loss: 0.6683, acc: 0.6066, auc:0.6594 | Test loss: 0.7896, acc: 0.5082, auc:0.6137 
Train loss: 0.6348, acc: 0.7623 | Valid loss: 0.6576, acc: 0.6066, auc:0.6694 | Test loss: 0.7984, acc: 0.4918, auc:0.6320 
Train loss: 0.6337, acc: 0.7684 | Valid loss: 0.6632, acc: 0.6230, auc:0.6533 | Test loss: 0.7937, acc: 0.5246, auc:0.6169 
Train loss: 0.6160, acc: 0.7869 | Valid loss: 0.6831, acc: 0.5902, auc:0.6511 | Test loss: 0.8345, acc: 0.5082, auc:0.5916 
GNN training complete
ADJ produced
No.9 training in progress 
Train loss: 3.2617, acc: 0.4918 | Valid loss: 0.6904, acc: 0.5410, auc:0.4903 | Test loss: 0.6639, acc: 0.7377, auc:0.4549 
Train loss: 3.1073, acc: 0.6455 | Valid loss: 0.6976, acc: 0.5410, auc:0.4286 | Test loss: 0.6355, acc: 0.7377, auc:0.5896 
Train loss: 2.9189, acc: 0.6475 | Valid loss: 0.7072, acc: 0.5410, auc:0.4253 | Test loss: 0.6150, acc: 0.7705, auc:0.5889 
Train loss: 2.7237, acc: 0.6393 | Valid loss: 0.7208, acc: 0.5082, auc:0.4302 | Test loss: 0.5990, acc: 0.7705, auc:0.5896 
Train loss: 2.5312, acc: 0.6496 | Valid loss: 0.7262, acc: 0.5082, auc:0.4535 | Test loss: 0.5884, acc: 0.7705, auc:0.6083 
Train loss: 2.3526, acc: 0.6516 | Valid loss: 0.7162, acc: 0.5246, auc:0.4838 | Test loss: 0.5900, acc: 0.7213, auc:0.6340 
Train loss: 2.1804, acc: 0.6475 | Valid loss: 0.7033, acc: 0.5410, auc:0.5211 | Test loss: 0.5974, acc: 0.7213, auc:0.6507 
Train loss: 2.0187, acc: 0.6434 | Valid loss: 0.6953, acc: 0.5410, auc:0.5244 | Test loss: 0.6053, acc: 0.7049, auc:0.6521 
Train loss: 1.8773, acc: 0.6475 | Valid loss: 0.6924, acc: 0.5246, auc:0.5379 | Test loss: 0.6009, acc: 0.8033, auc:0.6611 
Train loss: 1.7470, acc: 0.6373 | Valid loss: 0.6950, acc: 0.5574, auc:0.5325 | Test loss: 0.5880, acc: 0.7377, auc:0.6639 
Train loss: 1.6316, acc: 0.6537 | Valid loss: 0.6976, acc: 0.5574, auc:0.5584 | Test loss: 0.5792, acc: 0.7377, auc:0.6688 
Train loss: 1.5225, acc: 0.6619 | Valid loss: 0.7026, acc: 0.5574, auc:0.5633 | Test loss: 0.5695, acc: 0.7705, auc:0.6687 
Train loss: 1.4454, acc: 0.6598 | Valid loss: 0.7047, acc: 0.5410, auc:0.5709 | Test loss: 0.5634, acc: 0.7869, auc:0.6757 
Train loss: 1.3625, acc: 0.6598 | Valid loss: 0.6976, acc: 0.5246, auc:0.5790 | Test loss: 0.5704, acc: 0.7705, auc:0.6833 
Train loss: 1.2836, acc: 0.6660 | Valid loss: 0.6910, acc: 0.5410, auc:0.5817 | Test loss: 0.5767, acc: 0.7541, auc:0.6868 
Train loss: 1.2048, acc: 0.6639 | Valid loss: 0.6924, acc: 0.5082, auc:0.5801 | Test loss: 0.5707, acc: 0.7541, auc:0.6979 
Train loss: 1.1517, acc: 0.6598 | Valid loss: 0.6992, acc: 0.5246, auc:0.5703 | Test loss: 0.5568, acc: 0.7541, auc:0.7222 
Train loss: 1.1095, acc: 0.6701 | Valid loss: 0.7057, acc: 0.5246, auc:0.5568 | Test loss: 0.5482, acc: 0.7377, auc:0.7312 
Train loss: 1.0609, acc: 0.6578 | Valid loss: 0.7047, acc: 0.5082, auc:0.5649 | Test loss: 0.5512, acc: 0.7377, auc:0.7194 
Train loss: 1.0228, acc: 0.6496 | Valid loss: 0.7012, acc: 0.5246, auc:0.5774 | Test loss: 0.5634, acc: 0.6885, auc:0.7139 
Train loss: 0.9888, acc: 0.6393 | Valid loss: 0.7013, acc: 0.5082, auc:0.5682 | Test loss: 0.5517, acc: 0.7541, auc:0.7257 
Train loss: 0.9580, acc: 0.6721 | Valid loss: 0.7066, acc: 0.5410, auc:0.5606 | Test loss: 0.5406, acc: 0.7705, auc:0.7486 
Train loss: 0.9202, acc: 0.6639 | Valid loss: 0.7170, acc: 0.5246, auc:0.5601 | Test loss: 0.5338, acc: 0.7705, auc:0.7472 
Train loss: 0.8934, acc: 0.6578 | Valid loss: 0.7167, acc: 0.4918, auc:0.5595 | Test loss: 0.5429, acc: 0.7377, auc:0.7243 
Train loss: 0.8921, acc: 0.6598 | Valid loss: 0.7064, acc: 0.5410, auc:0.5747 | Test loss: 0.5574, acc: 0.7213, auc:0.7125 
Train loss: 0.8664, acc: 0.6680 | Valid loss: 0.7079, acc: 0.5082, auc:0.5714 | Test loss: 0.5500, acc: 0.7377, auc:0.7187 
Train loss: 0.8364, acc: 0.6865 | Valid loss: 0.7173, acc: 0.5246, auc:0.5514 | Test loss: 0.5358, acc: 0.7869, auc:0.7340 
Train loss: 0.8106, acc: 0.6803 | Valid loss: 0.7185, acc: 0.5246, auc:0.5536 | Test loss: 0.5338, acc: 0.7869, auc:0.7431 
Train loss: 0.8056, acc: 0.6906 | Valid loss: 0.7164, acc: 0.5082, auc:0.5622 | Test loss: 0.5394, acc: 0.7541, auc:0.7312 
Train loss: 0.7941, acc: 0.6762 | Valid loss: 0.7226, acc: 0.5082, auc:0.5660 | Test loss: 0.5368, acc: 0.7377, auc:0.7306 
Early stopping
GNN training complete
ADJ produced
