No.0 training in progress 
Train loss: 2.1899, acc: 0.2200 | Valid loss: 2.0846, acc: 0.2118 | Test loss: 2.0859, acc: 0.2072
Train loss: 2.0202, acc: 0.2476 | Valid loss: 1.8746, acc: 0.2840 | Test loss: 1.8785, acc: 0.2847
Train loss: 1.9046, acc: 0.2811 | Valid loss: 1.9305, acc: 0.2813 | Test loss: 1.8785, acc: 0.2847
Train loss: 1.8639, acc: 0.2953 | Valid loss: 1.8322, acc: 0.3016 | Test loss: 1.8290, acc: 0.3066
Train loss: 1.8376, acc: 0.3023 | Valid loss: 1.8168, acc: 0.3039 | Test loss: 1.8200, acc: 0.3037
Train loss: 1.8257, acc: 0.3099 | Valid loss: 1.7918, acc: 0.3104 | Test loss: 1.7951, acc: 0.3071
Train loss: 1.8146, acc: 0.3133 | Valid loss: 1.7804, acc: 0.3196 | Test loss: 1.7777, acc: 0.3181
Train loss: 1.8137, acc: 0.3152 | Valid loss: 1.7765, acc: 0.3160 | Test loss: 1.7719, acc: 0.3195
Train loss: 1.8063, acc: 0.3165 | Valid loss: 1.7816, acc: 0.3170 | Test loss: 1.7719, acc: 0.3195
Train loss: 1.8070, acc: 0.3154 | Valid loss: 1.8124, acc: 0.3100 | Test loss: 1.7719, acc: 0.3195
Train loss: 1.8013, acc: 0.3159 | Valid loss: 1.7804, acc: 0.3221 | Test loss: 1.7719, acc: 0.3195
Train loss: 1.8008, acc: 0.3178 | Valid loss: 1.7707, acc: 0.3221 | Test loss: 1.7717, acc: 0.3197
Train loss: 1.7986, acc: 0.3182 | Valid loss: 1.7814, acc: 0.3184 | Test loss: 1.7717, acc: 0.3197
Train loss: 1.7974, acc: 0.3169 | Valid loss: 1.7981, acc: 0.3147 | Test loss: 1.7717, acc: 0.3197
Train loss: 1.7905, acc: 0.3205 | Valid loss: 1.7808, acc: 0.3188 | Test loss: 1.7717, acc: 0.3197
Train loss: 1.7932, acc: 0.3214 | Valid loss: 1.7655, acc: 0.3226 | Test loss: 1.7672, acc: 0.3246
Train loss: 1.7907, acc: 0.3205 | Valid loss: 1.7694, acc: 0.3181 | Test loss: 1.7672, acc: 0.3246
Train loss: 1.7906, acc: 0.3191 | Valid loss: 1.7703, acc: 0.3195 | Test loss: 1.7672, acc: 0.3246
Train loss: 1.7856, acc: 0.3223 | Valid loss: 1.7684, acc: 0.3236 | Test loss: 1.7672, acc: 0.3246
Train loss: 1.7924, acc: 0.3200 | Valid loss: 1.7758, acc: 0.3150 | Test loss: 1.7672, acc: 0.3246
Train loss: 1.7892, acc: 0.3213 | Valid loss: 1.7702, acc: 0.3216 | Test loss: 1.7672, acc: 0.3246
Train loss: 1.7861, acc: 0.3210 | Valid loss: 1.7877, acc: 0.3182 | Test loss: 1.7672, acc: 0.3246
Train loss: 1.7908, acc: 0.3194 | Valid loss: 1.7581, acc: 0.3249 | Test loss: 1.7596, acc: 0.3214
Train loss: 1.7885, acc: 0.3206 | Valid loss: 1.7719, acc: 0.3224 | Test loss: 1.7596, acc: 0.3214
Train loss: 1.7843, acc: 0.3219 | Valid loss: 1.7733, acc: 0.3231 | Test loss: 1.7596, acc: 0.3214
Train loss: 1.7873, acc: 0.3219 | Valid loss: 1.7585, acc: 0.3277 | Test loss: 1.7596, acc: 0.3214
Train loss: 1.7865, acc: 0.3212 | Valid loss: 1.8008, acc: 0.3151 | Test loss: 1.7596, acc: 0.3214
Train loss: 1.7866, acc: 0.3204 | Valid loss: 1.7659, acc: 0.3241 | Test loss: 1.7596, acc: 0.3214
Train loss: 1.7852, acc: 0.3203 | Valid loss: 1.7747, acc: 0.3199 | Test loss: 1.7596, acc: 0.3214
GNN training complete
ADJ produced
No.1 training in progress 
Train loss: 1.9081, acc: 0.3122 | Valid loss: 1.8145, acc: 0.3060 | Test loss: 1.7982, acc: 0.3083
Train loss: 1.7971, acc: 0.3315 | Valid loss: 1.7789, acc: 0.3411 | Test loss: 1.7416, acc: 0.3584
Train loss: 1.7878, acc: 0.3361 | Valid loss: 1.7700, acc: 0.3269 | Test loss: 1.7382, acc: 0.3351
Train loss: 1.7856, acc: 0.3400 | Valid loss: 1.7618, acc: 0.3463 | Test loss: 1.7307, acc: 0.3605
Train loss: 1.7828, acc: 0.3402 | Valid loss: 1.7583, acc: 0.3436 | Test loss: 1.7275, acc: 0.3576
Train loss: 1.7813, acc: 0.3380 | Valid loss: 1.7684, acc: 0.3404 | Test loss: 1.7275, acc: 0.3576
Train loss: 1.7789, acc: 0.3407 | Valid loss: 1.7626, acc: 0.3421 | Test loss: 1.7275, acc: 0.3576
Train loss: 1.7773, acc: 0.3421 | Valid loss: 1.7743, acc: 0.3393 | Test loss: 1.7275, acc: 0.3576
Train loss: 1.7745, acc: 0.3422 | Valid loss: 1.7602, acc: 0.3497 | Test loss: 1.7275, acc: 0.3576
Train loss: 1.7728, acc: 0.3453 | Valid loss: 1.7615, acc: 0.3478 | Test loss: 1.7275, acc: 0.3576
Train loss: 1.7704, acc: 0.3460 | Valid loss: 1.7552, acc: 0.3458 | Test loss: 1.7307, acc: 0.3660
Train loss: 1.7684, acc: 0.3479 | Valid loss: 1.7468, acc: 0.3480 | Test loss: 1.7191, acc: 0.3653
Train loss: 1.7675, acc: 0.3462 | Valid loss: 1.7567, acc: 0.3540 | Test loss: 1.7191, acc: 0.3653
Train loss: 1.7651, acc: 0.3481 | Valid loss: 1.7584, acc: 0.3477 | Test loss: 1.7191, acc: 0.3653
Train loss: 1.7659, acc: 0.3476 | Valid loss: 1.7544, acc: 0.3442 | Test loss: 1.7191, acc: 0.3653
Train loss: 1.7634, acc: 0.3480 | Valid loss: 1.7596, acc: 0.3480 | Test loss: 1.7191, acc: 0.3653
Train loss: 1.7616, acc: 0.3478 | Valid loss: 1.7397, acc: 0.3522 | Test loss: 1.7206, acc: 0.3642
Train loss: 1.7613, acc: 0.3481 | Valid loss: 1.7454, acc: 0.3502 | Test loss: 1.7206, acc: 0.3642
Train loss: 1.7599, acc: 0.3491 | Valid loss: 1.7500, acc: 0.3489 | Test loss: 1.7206, acc: 0.3642
Train loss: 1.7589, acc: 0.3508 | Valid loss: 1.7386, acc: 0.3510 | Test loss: 1.7082, acc: 0.3694
Train loss: 1.7564, acc: 0.3514 | Valid loss: 1.7400, acc: 0.3519 | Test loss: 1.7082, acc: 0.3694
Train loss: 1.7528, acc: 0.3547 | Valid loss: 1.7260, acc: 0.3591 | Test loss: 1.6999, acc: 0.3764
Train loss: 1.7481, acc: 0.3534 | Valid loss: 1.7126, acc: 0.3705 | Test loss: 1.6849, acc: 0.3802
Train loss: 1.7369, acc: 0.3612 | Valid loss: 1.7110, acc: 0.3658 | Test loss: 1.6828, acc: 0.3841
Train loss: 1.7183, acc: 0.3687 | Valid loss: 1.6995, acc: 0.3732 | Test loss: 1.6765, acc: 0.3828
Train loss: 1.7138, acc: 0.3717 | Valid loss: 1.6745, acc: 0.3839 | Test loss: 1.6475, acc: 0.3949
Train loss: 1.6964, acc: 0.3781 | Valid loss: 1.6890, acc: 0.3797 | Test loss: 1.6475, acc: 0.3949
Train loss: 1.6940, acc: 0.3818 | Valid loss: 1.6533, acc: 0.3979 | Test loss: 1.6207, acc: 0.4060
Train loss: 1.6873, acc: 0.3828 | Valid loss: 1.6889, acc: 0.3814 | Test loss: 1.6207, acc: 0.4060
GNN training complete
ADJ produced
No.2 training in progress 
Train loss: 1.9185, acc: 0.2966 | Valid loss: 1.8543, acc: 0.3194 | Test loss: 1.8240, acc: 0.3276
Train loss: 1.8606, acc: 0.3192 | Valid loss: 1.8548, acc: 0.3238 | Test loss: 1.8240, acc: 0.3276
Train loss: 1.8466, acc: 0.3256 | Valid loss: 1.8532, acc: 0.3064 | Test loss: 1.8191, acc: 0.3212
Train loss: 1.8318, acc: 0.3308 | Valid loss: 1.8257, acc: 0.3331 | Test loss: 1.7924, acc: 0.3424
Train loss: 1.8365, acc: 0.3285 | Valid loss: 1.8167, acc: 0.3368 | Test loss: 1.7842, acc: 0.3439
Train loss: 1.8249, acc: 0.3328 | Valid loss: 1.9475, acc: 0.2997 | Test loss: 1.7842, acc: 0.3439
Train loss: 1.8216, acc: 0.3341 | Valid loss: 1.7905, acc: 0.3428 | Test loss: 1.7555, acc: 0.3572
Train loss: 1.8096, acc: 0.3373 | Valid loss: 1.8247, acc: 0.3339 | Test loss: 1.7555, acc: 0.3572
Train loss: 1.8070, acc: 0.3410 | Valid loss: 1.8121, acc: 0.3413 | Test loss: 1.7555, acc: 0.3572
Train loss: 1.8101, acc: 0.3385 | Valid loss: 1.8077, acc: 0.3246 | Test loss: 1.7555, acc: 0.3572
Train loss: 1.8031, acc: 0.3399 | Valid loss: 1.7795, acc: 0.3570 | Test loss: 1.7478, acc: 0.3609
Train loss: 1.8056, acc: 0.3387 | Valid loss: 1.9629, acc: 0.2763 | Test loss: 1.7478, acc: 0.3609
Train loss: 1.8043, acc: 0.3389 | Valid loss: 1.7782, acc: 0.3480 | Test loss: 1.7448, acc: 0.3570
Train loss: 1.7974, acc: 0.3432 | Valid loss: 1.8372, acc: 0.3250 | Test loss: 1.7448, acc: 0.3570
Train loss: 1.7958, acc: 0.3430 | Valid loss: 1.7701, acc: 0.3519 | Test loss: 1.7320, acc: 0.3660
Train loss: 1.7884, acc: 0.3479 | Valid loss: 1.7873, acc: 0.3414 | Test loss: 1.7320, acc: 0.3660
Train loss: 1.7987, acc: 0.3439 | Valid loss: 1.7926, acc: 0.3559 | Test loss: 1.7320, acc: 0.3660
Train loss: 1.7873, acc: 0.3484 | Valid loss: 1.7938, acc: 0.3360 | Test loss: 1.7320, acc: 0.3660
Train loss: 1.7906, acc: 0.3469 | Valid loss: 1.9603, acc: 0.2991 | Test loss: 1.7320, acc: 0.3660
Train loss: 1.7822, acc: 0.3487 | Valid loss: 1.8147, acc: 0.3427 | Test loss: 1.7320, acc: 0.3660
Train loss: 1.7790, acc: 0.3516 | Valid loss: 1.7822, acc: 0.3545 | Test loss: 1.7320, acc: 0.3660
Train loss: 1.7760, acc: 0.3522 | Valid loss: 1.8488, acc: 0.3245 | Test loss: 1.7320, acc: 0.3660
Train loss: 1.7819, acc: 0.3519 | Valid loss: 1.7480, acc: 0.3596 | Test loss: 1.7149, acc: 0.3745
Train loss: 1.7768, acc: 0.3518 | Valid loss: 1.7544, acc: 0.3660 | Test loss: 1.7149, acc: 0.3745
Train loss: 1.7801, acc: 0.3493 | Valid loss: 1.7433, acc: 0.3619 | Test loss: 1.7135, acc: 0.3722
Train loss: 1.7795, acc: 0.3525 | Valid loss: 1.7398, acc: 0.3650 | Test loss: 1.7084, acc: 0.3685
Train loss: 1.7705, acc: 0.3517 | Valid loss: 1.8992, acc: 0.2916 | Test loss: 1.7084, acc: 0.3685
Train loss: 1.7688, acc: 0.3541 | Valid loss: 1.7417, acc: 0.3642 | Test loss: 1.7084, acc: 0.3685
Train loss: 1.7677, acc: 0.3556 | Valid loss: 1.8841, acc: 0.3056 | Test loss: 1.7084, acc: 0.3685
GNN training complete
ADJ produced
No.3 training in progress 
Train loss: 1.8298, acc: 0.3325 | Valid loss: 1.8035, acc: 0.3332 | Test loss: 1.7923, acc: 0.3308
Train loss: 1.7959, acc: 0.3382 | Valid loss: 1.7738, acc: 0.3506 | Test loss: 1.7460, acc: 0.3539
Train loss: 1.7856, acc: 0.3445 | Valid loss: 1.7776, acc: 0.3353 | Test loss: 1.7460, acc: 0.3539
Train loss: 1.7776, acc: 0.3458 | Valid loss: 1.7538, acc: 0.3514 | Test loss: 1.7231, acc: 0.3633
Train loss: 1.7756, acc: 0.3431 | Valid loss: 1.7600, acc: 0.3497 | Test loss: 1.7231, acc: 0.3633
Train loss: 1.7747, acc: 0.3460 | Valid loss: 1.7467, acc: 0.3479 | Test loss: 1.7241, acc: 0.3607
Train loss: 1.7737, acc: 0.3463 | Valid loss: 1.7815, acc: 0.3434 | Test loss: 1.7241, acc: 0.3607
Train loss: 1.7758, acc: 0.3444 | Valid loss: 1.7824, acc: 0.3234 | Test loss: 1.7241, acc: 0.3607
Train loss: 1.7732, acc: 0.3445 | Valid loss: 1.7410, acc: 0.3530 | Test loss: 1.7186, acc: 0.3646
Train loss: 1.7704, acc: 0.3460 | Valid loss: 2.0642, acc: 0.2678 | Test loss: 1.7186, acc: 0.3646
Train loss: 1.7715, acc: 0.3449 | Valid loss: 1.7342, acc: 0.3583 | Test loss: 1.7143, acc: 0.3638
Train loss: 1.7687, acc: 0.3478 | Valid loss: 1.8104, acc: 0.3345 | Test loss: 1.7143, acc: 0.3638
Train loss: 1.7667, acc: 0.3472 | Valid loss: 1.7398, acc: 0.3515 | Test loss: 1.7143, acc: 0.3638
Train loss: 1.7692, acc: 0.3483 | Valid loss: 1.7796, acc: 0.3359 | Test loss: 1.7143, acc: 0.3638
Train loss: 1.7653, acc: 0.3507 | Valid loss: 1.7327, acc: 0.3563 | Test loss: 1.7104, acc: 0.3600
Train loss: 1.7618, acc: 0.3490 | Valid loss: 1.7232, acc: 0.3586 | Test loss: 1.7057, acc: 0.3654
Train loss: 1.7607, acc: 0.3508 | Valid loss: 1.7362, acc: 0.3605 | Test loss: 1.7057, acc: 0.3654
Train loss: 1.7589, acc: 0.3513 | Valid loss: 1.7297, acc: 0.3535 | Test loss: 1.7057, acc: 0.3654
Train loss: 1.7574, acc: 0.3528 | Valid loss: 1.7447, acc: 0.3553 | Test loss: 1.7057, acc: 0.3654
Train loss: 1.7551, acc: 0.3524 | Valid loss: 1.7506, acc: 0.3512 | Test loss: 1.7057, acc: 0.3654
Train loss: 1.7585, acc: 0.3519 | Valid loss: 1.7602, acc: 0.3436 | Test loss: 1.7057, acc: 0.3654
Train loss: 1.7524, acc: 0.3560 | Valid loss: 1.7327, acc: 0.3580 | Test loss: 1.7057, acc: 0.3654
Train loss: 1.7600, acc: 0.3510 | Valid loss: 1.7428, acc: 0.3477 | Test loss: 1.7057, acc: 0.3654
Train loss: 1.7547, acc: 0.3532 | Valid loss: 1.7293, acc: 0.3617 | Test loss: 1.7057, acc: 0.3654
Train loss: 1.7505, acc: 0.3573 | Valid loss: 1.7254, acc: 0.3594 | Test loss: 1.7057, acc: 0.3654
Early stopping
GNN training complete
ADJ produced
No.4 training in progress 
Train loss: 1.7448, acc: 0.3654 | Valid loss: 1.7252, acc: 0.3712 | Test loss: 1.6960, acc: 0.3790
Train loss: 1.7247, acc: 0.3743 | Valid loss: 1.7017, acc: 0.3810 | Test loss: 1.6694, acc: 0.3864
Train loss: 1.7241, acc: 0.3726 | Valid loss: 1.6873, acc: 0.3781 | Test loss: 1.6547, acc: 0.3915
Train loss: 1.7238, acc: 0.3754 | Valid loss: 1.7072, acc: 0.3730 | Test loss: 1.6547, acc: 0.3915
Train loss: 1.7159, acc: 0.3790 | Valid loss: 1.7698, acc: 0.3452 | Test loss: 1.6547, acc: 0.3915
Train loss: 1.7155, acc: 0.3776 | Valid loss: 1.7181, acc: 0.3689 | Test loss: 1.6547, acc: 0.3915
Train loss: 1.7139, acc: 0.3793 | Valid loss: 1.7564, acc: 0.3549 | Test loss: 1.6547, acc: 0.3915
Train loss: 1.7138, acc: 0.3780 | Valid loss: 1.6919, acc: 0.3787 | Test loss: 1.6547, acc: 0.3915
Train loss: 1.7149, acc: 0.3762 | Valid loss: 1.6967, acc: 0.3830 | Test loss: 1.6547, acc: 0.3915
Train loss: 1.7036, acc: 0.3840 | Valid loss: 1.6887, acc: 0.3777 | Test loss: 1.6547, acc: 0.3915
Train loss: 1.7165, acc: 0.3769 | Valid loss: 1.7164, acc: 0.3721 | Test loss: 1.6547, acc: 0.3915
Train loss: 1.7064, acc: 0.3805 | Valid loss: 1.6694, acc: 0.3880 | Test loss: 1.6415, acc: 0.3894
Train loss: 1.7072, acc: 0.3814 | Valid loss: 1.7415, acc: 0.3504 | Test loss: 1.6415, acc: 0.3894
Train loss: 1.7060, acc: 0.3807 | Valid loss: 1.6712, acc: 0.3902 | Test loss: 1.6415, acc: 0.3894
Train loss: 1.7058, acc: 0.3781 | Valid loss: 1.7019, acc: 0.3733 | Test loss: 1.6415, acc: 0.3894
Train loss: 1.7071, acc: 0.3794 | Valid loss: 1.7247, acc: 0.3592 | Test loss: 1.6415, acc: 0.3894
Train loss: 1.7015, acc: 0.3825 | Valid loss: 1.6809, acc: 0.3831 | Test loss: 1.6415, acc: 0.3894
Train loss: 1.7048, acc: 0.3819 | Valid loss: 1.6836, acc: 0.3802 | Test loss: 1.6415, acc: 0.3894
Train loss: 1.7000, acc: 0.3815 | Valid loss: 1.7058, acc: 0.3716 | Test loss: 1.6415, acc: 0.3894
Train loss: 1.7054, acc: 0.3803 | Valid loss: 1.6747, acc: 0.3820 | Test loss: 1.6415, acc: 0.3894
Train loss: 1.7028, acc: 0.3822 | Valid loss: 1.6787, acc: 0.3862 | Test loss: 1.6415, acc: 0.3894
Early stopping
GNN training complete
ADJ produced
No.5 training in progress 
Train loss: 1.8155, acc: 0.3402 | Valid loss: 1.7420, acc: 0.3573 | Test loss: 1.7344, acc: 0.3552
Train loss: 1.7686, acc: 0.3552 | Valid loss: 1.7329, acc: 0.3738 | Test loss: 1.7257, acc: 0.3617
Train loss: 1.7543, acc: 0.3598 | Valid loss: 1.7448, acc: 0.3553 | Test loss: 1.7257, acc: 0.3617
Train loss: 1.7496, acc: 0.3587 | Valid loss: 1.7168, acc: 0.3757 | Test loss: 1.7074, acc: 0.3725
Train loss: 1.7460, acc: 0.3623 | Valid loss: 1.7104, acc: 0.3739 | Test loss: 1.7023, acc: 0.3731
Train loss: 1.7411, acc: 0.3622 | Valid loss: 1.7009, acc: 0.3743 | Test loss: 1.6946, acc: 0.3663
Train loss: 1.7456, acc: 0.3599 | Valid loss: 1.7182, acc: 0.3713 | Test loss: 1.6946, acc: 0.3663
Train loss: 1.7410, acc: 0.3629 | Valid loss: 1.6991, acc: 0.3856 | Test loss: 1.6892, acc: 0.3773
Train loss: 1.7458, acc: 0.3600 | Valid loss: 1.6957, acc: 0.3757 | Test loss: 1.6895, acc: 0.3718
Train loss: 1.7368, acc: 0.3638 | Valid loss: 1.6992, acc: 0.3842 | Test loss: 1.6895, acc: 0.3718
Train loss: 1.7350, acc: 0.3655 | Valid loss: 1.7430, acc: 0.3566 | Test loss: 1.6895, acc: 0.3718
Train loss: 1.7341, acc: 0.3662 | Valid loss: 1.7406, acc: 0.3609 | Test loss: 1.6895, acc: 0.3718
Train loss: 1.7329, acc: 0.3660 | Valid loss: 1.7108, acc: 0.3738 | Test loss: 1.6895, acc: 0.3718
Train loss: 1.7313, acc: 0.3629 | Valid loss: 1.6911, acc: 0.3849 | Test loss: 1.6858, acc: 0.3781
Train loss: 1.7331, acc: 0.3655 | Valid loss: 1.7062, acc: 0.3674 | Test loss: 1.6858, acc: 0.3781
Train loss: 1.7315, acc: 0.3670 | Valid loss: 1.7489, acc: 0.3521 | Test loss: 1.6858, acc: 0.3781
Train loss: 1.7292, acc: 0.3663 | Valid loss: 1.6894, acc: 0.3830 | Test loss: 1.6868, acc: 0.3804
Train loss: 1.7279, acc: 0.3656 | Valid loss: 1.6717, acc: 0.3879 | Test loss: 1.6684, acc: 0.3797
Train loss: 1.7328, acc: 0.3659 | Valid loss: 1.6858, acc: 0.3844 | Test loss: 1.6684, acc: 0.3797
Train loss: 1.7284, acc: 0.3699 | Valid loss: 1.6826, acc: 0.3806 | Test loss: 1.6684, acc: 0.3797
Train loss: 1.7302, acc: 0.3682 | Valid loss: 1.7013, acc: 0.3842 | Test loss: 1.6684, acc: 0.3797
Train loss: 1.7294, acc: 0.3666 | Valid loss: 1.6924, acc: 0.3832 | Test loss: 1.6684, acc: 0.3797
Train loss: 1.7242, acc: 0.3703 | Valid loss: 1.7221, acc: 0.3699 | Test loss: 1.6684, acc: 0.3797
Train loss: 1.7312, acc: 0.3647 | Valid loss: 1.6777, acc: 0.3867 | Test loss: 1.6684, acc: 0.3797
Train loss: 1.7295, acc: 0.3659 | Valid loss: 1.6970, acc: 0.3789 | Test loss: 1.6684, acc: 0.3797
Train loss: 1.7296, acc: 0.3653 | Valid loss: 1.7163, acc: 0.3793 | Test loss: 1.6684, acc: 0.3797
Train loss: 1.7277, acc: 0.3676 | Valid loss: 1.7201, acc: 0.3754 | Test loss: 1.6684, acc: 0.3797
Early stopping
GNN training complete
ADJ produced
No.6 training in progress 
Train loss: 1.7588, acc: 0.3515 | Valid loss: 1.7013, acc: 0.3683 | Test loss: 1.6678, acc: 0.3810
Train loss: 1.7155, acc: 0.3652 | Valid loss: 1.7219, acc: 0.3594 | Test loss: 1.6678, acc: 0.3810
Train loss: 1.7083, acc: 0.3680 | Valid loss: 1.6695, acc: 0.3819 | Test loss: 1.6424, acc: 0.3860
Train loss: 1.7035, acc: 0.3726 | Valid loss: 1.7087, acc: 0.3765 | Test loss: 1.6424, acc: 0.3860
Train loss: 1.6977, acc: 0.3723 | Valid loss: 1.6869, acc: 0.3688 | Test loss: 1.6424, acc: 0.3860
Train loss: 1.6955, acc: 0.3731 | Valid loss: 1.6679, acc: 0.3860 | Test loss: 1.6458, acc: 0.3840
Train loss: 1.6903, acc: 0.3790 | Valid loss: 1.6961, acc: 0.3754 | Test loss: 1.6458, acc: 0.3840
Train loss: 1.6832, acc: 0.3792 | Valid loss: 1.6630, acc: 0.3895 | Test loss: 1.6310, acc: 0.3949
Train loss: 1.6870, acc: 0.3808 | Valid loss: 1.7354, acc: 0.3491 | Test loss: 1.6310, acc: 0.3949
Train loss: 1.6889, acc: 0.3780 | Valid loss: 1.6663, acc: 0.3871 | Test loss: 1.6310, acc: 0.3949
Train loss: 1.6839, acc: 0.3792 | Valid loss: 1.7046, acc: 0.3667 | Test loss: 1.6310, acc: 0.3949
Train loss: 1.6850, acc: 0.3796 | Valid loss: 1.6622, acc: 0.3901 | Test loss: 1.6370, acc: 0.3940
Train loss: 1.6793, acc: 0.3811 | Valid loss: 1.7089, acc: 0.3600 | Test loss: 1.6370, acc: 0.3940
Train loss: 1.6762, acc: 0.3819 | Valid loss: 1.6557, acc: 0.3872 | Test loss: 1.6250, acc: 0.3918
Train loss: 1.6823, acc: 0.3807 | Valid loss: 1.6514, acc: 0.3916 | Test loss: 1.6271, acc: 0.3945
Train loss: 1.6757, acc: 0.3845 | Valid loss: 1.6510, acc: 0.3881 | Test loss: 1.6268, acc: 0.3907
Train loss: 1.6791, acc: 0.3835 | Valid loss: 1.6804, acc: 0.3746 | Test loss: 1.6268, acc: 0.3907
Train loss: 1.6797, acc: 0.3822 | Valid loss: 1.6541, acc: 0.3931 | Test loss: 1.6268, acc: 0.3907
Train loss: 1.6761, acc: 0.3824 | Valid loss: 1.6507, acc: 0.3895 | Test loss: 1.6286, acc: 0.3949
Train loss: 1.6825, acc: 0.3804 | Valid loss: 1.6515, acc: 0.3895 | Test loss: 1.6286, acc: 0.3949
Train loss: 1.6752, acc: 0.3837 | Valid loss: 1.6742, acc: 0.3874 | Test loss: 1.6286, acc: 0.3949
Train loss: 1.6794, acc: 0.3848 | Valid loss: 1.6406, acc: 0.3953 | Test loss: 1.6127, acc: 0.4037
Train loss: 1.6744, acc: 0.3841 | Valid loss: 1.6576, acc: 0.3840 | Test loss: 1.6127, acc: 0.4037
Train loss: 1.6762, acc: 0.3840 | Valid loss: 1.6547, acc: 0.3887 | Test loss: 1.6127, acc: 0.4037
Train loss: 1.6738, acc: 0.3837 | Valid loss: 1.6651, acc: 0.3792 | Test loss: 1.6127, acc: 0.4037
Train loss: 1.6754, acc: 0.3829 | Valid loss: 1.6630, acc: 0.3880 | Test loss: 1.6127, acc: 0.4037
Train loss: 1.6698, acc: 0.3889 | Valid loss: 1.6569, acc: 0.3831 | Test loss: 1.6127, acc: 0.4037
Train loss: 1.6786, acc: 0.3823 | Valid loss: 1.6477, acc: 0.3910 | Test loss: 1.6127, acc: 0.4037
Train loss: 1.6790, acc: 0.3818 | Valid loss: 1.6586, acc: 0.3859 | Test loss: 1.6127, acc: 0.4037
GNN training complete
ADJ produced
No.7 training in progress 
Train loss: 1.8622, acc: 0.3245 | Valid loss: 1.8362, acc: 0.3222 | Test loss: 1.8121, acc: 0.3298
Train loss: 1.8091, acc: 0.3440 | Valid loss: 1.7747, acc: 0.3521 | Test loss: 1.7537, acc: 0.3586
Train loss: 1.8046, acc: 0.3452 | Valid loss: 1.8486, acc: 0.3199 | Test loss: 1.7537, acc: 0.3586
Train loss: 1.7991, acc: 0.3450 | Valid loss: 1.7705, acc: 0.3485 | Test loss: 1.7446, acc: 0.3554
Train loss: 1.7955, acc: 0.3499 | Valid loss: 1.7947, acc: 0.3500 | Test loss: 1.7446, acc: 0.3554
Train loss: 1.7951, acc: 0.3514 | Valid loss: 1.8254, acc: 0.3331 | Test loss: 1.7446, acc: 0.3554
Train loss: 1.7932, acc: 0.3511 | Valid loss: 1.7712, acc: 0.3574 | Test loss: 1.7446, acc: 0.3554
Train loss: 1.7852, acc: 0.3552 | Valid loss: 1.7534, acc: 0.3599 | Test loss: 1.7323, acc: 0.3615
Train loss: 1.7785, acc: 0.3570 | Valid loss: 1.8150, acc: 0.3429 | Test loss: 1.7323, acc: 0.3615
Train loss: 1.7792, acc: 0.3598 | Valid loss: 1.7569, acc: 0.3617 | Test loss: 1.7323, acc: 0.3615
Train loss: 1.7709, acc: 0.3632 | Valid loss: 1.8118, acc: 0.3345 | Test loss: 1.7323, acc: 0.3615
Train loss: 1.7653, acc: 0.3666 | Valid loss: 1.7613, acc: 0.3639 | Test loss: 1.7323, acc: 0.3615
Train loss: 1.7662, acc: 0.3663 | Valid loss: 1.7320, acc: 0.3746 | Test loss: 1.7023, acc: 0.3891
Train loss: 1.7561, acc: 0.3708 | Valid loss: 1.7721, acc: 0.3548 | Test loss: 1.7023, acc: 0.3891
Train loss: 1.7482, acc: 0.3739 | Valid loss: 1.7248, acc: 0.3764 | Test loss: 1.6983, acc: 0.3817
Train loss: 1.7432, acc: 0.3773 | Valid loss: 1.7077, acc: 0.3802 | Test loss: 1.6850, acc: 0.3994
Train loss: 1.7407, acc: 0.3783 | Valid loss: 1.7080, acc: 0.3918 | Test loss: 1.6850, acc: 0.3994
Train loss: 1.7354, acc: 0.3812 | Valid loss: 1.7289, acc: 0.3700 | Test loss: 1.6850, acc: 0.3994
Train loss: 1.7305, acc: 0.3831 | Valid loss: 1.6870, acc: 0.3954 | Test loss: 1.6649, acc: 0.4055
Train loss: 1.7246, acc: 0.3849 | Valid loss: 1.7756, acc: 0.3581 | Test loss: 1.6649, acc: 0.4055
Train loss: 1.7253, acc: 0.3815 | Valid loss: 1.7078, acc: 0.3860 | Test loss: 1.6649, acc: 0.4055
Train loss: 1.7215, acc: 0.3839 | Valid loss: 1.6712, acc: 0.4003 | Test loss: 1.6467, acc: 0.4120
Train loss: 1.7204, acc: 0.3845 | Valid loss: 1.6732, acc: 0.3923 | Test loss: 1.6467, acc: 0.4120
Train loss: 1.7142, acc: 0.3886 | Valid loss: 1.6766, acc: 0.3879 | Test loss: 1.6467, acc: 0.4120
Train loss: 1.7117, acc: 0.3895 | Valid loss: 1.6596, acc: 0.4035 | Test loss: 1.6306, acc: 0.4188
Train loss: 1.7068, acc: 0.3880 | Valid loss: 1.6915, acc: 0.3868 | Test loss: 1.6306, acc: 0.4188
Train loss: 1.7101, acc: 0.3866 | Valid loss: 1.6961, acc: 0.3861 | Test loss: 1.6306, acc: 0.4188
Train loss: 1.7055, acc: 0.3914 | Valid loss: 1.7288, acc: 0.3743 | Test loss: 1.6306, acc: 0.4188
Train loss: 1.7057, acc: 0.3894 | Valid loss: 1.6495, acc: 0.4052 | Test loss: 1.6206, acc: 0.4142
GNN training complete
ADJ produced
No.8 training in progress 
Train loss: 1.8128, acc: 0.3521 | Valid loss: 1.7332, acc: 0.3752 | Test loss: 1.6936, acc: 0.3823
Train loss: 1.7500, acc: 0.3696 | Valid loss: 1.7266, acc: 0.3775 | Test loss: 1.6830, acc: 0.3873
Train loss: 1.7297, acc: 0.3778 | Valid loss: 1.7142, acc: 0.3877 | Test loss: 1.6726, acc: 0.3919
Train loss: 1.7244, acc: 0.3795 | Valid loss: 1.7366, acc: 0.3719 | Test loss: 1.6726, acc: 0.3919
Train loss: 1.7182, acc: 0.3816 | Valid loss: 1.7616, acc: 0.3614 | Test loss: 1.6726, acc: 0.3919
Train loss: 1.7141, acc: 0.3856 | Valid loss: 1.6825, acc: 0.3977 | Test loss: 1.6385, acc: 0.4076
Train loss: 1.7075, acc: 0.3877 | Valid loss: 1.7228, acc: 0.3731 | Test loss: 1.6385, acc: 0.4076
Train loss: 1.7143, acc: 0.3855 | Valid loss: 1.7388, acc: 0.3667 | Test loss: 1.6385, acc: 0.4076
Train loss: 1.7009, acc: 0.3926 | Valid loss: 1.6743, acc: 0.3992 | Test loss: 1.6303, acc: 0.4116
Train loss: 1.7065, acc: 0.3904 | Valid loss: 1.7468, acc: 0.3805 | Test loss: 1.6303, acc: 0.4116
Train loss: 1.6977, acc: 0.3930 | Valid loss: 1.6643, acc: 0.4039 | Test loss: 1.6182, acc: 0.4187
Train loss: 1.6983, acc: 0.3934 | Valid loss: 1.6633, acc: 0.4092 | Test loss: 1.6183, acc: 0.4216
Train loss: 1.6954, acc: 0.3939 | Valid loss: 1.6718, acc: 0.4034 | Test loss: 1.6183, acc: 0.4216
Train loss: 1.6927, acc: 0.3945 | Valid loss: 1.6720, acc: 0.4023 | Test loss: 1.6183, acc: 0.4216
Train loss: 1.6956, acc: 0.3947 | Valid loss: 1.6849, acc: 0.3985 | Test loss: 1.6183, acc: 0.4216
Train loss: 1.6914, acc: 0.3980 | Valid loss: 1.6589, acc: 0.4076 | Test loss: 1.6204, acc: 0.4140
Train loss: 1.6882, acc: 0.3985 | Valid loss: 1.6650, acc: 0.4078 | Test loss: 1.6204, acc: 0.4140
Train loss: 1.6884, acc: 0.3980 | Valid loss: 1.6875, acc: 0.3886 | Test loss: 1.6204, acc: 0.4140
Train loss: 1.6808, acc: 0.4005 | Valid loss: 1.6627, acc: 0.4047 | Test loss: 1.6204, acc: 0.4140
Train loss: 1.6841, acc: 0.4014 | Valid loss: 1.6431, acc: 0.4213 | Test loss: 1.6021, acc: 0.4307
Train loss: 1.6832, acc: 0.4010 | Valid loss: 1.6774, acc: 0.4037 | Test loss: 1.6021, acc: 0.4307
Train loss: 1.6845, acc: 0.4013 | Valid loss: 1.6489, acc: 0.4180 | Test loss: 1.6021, acc: 0.4307
Train loss: 1.6841, acc: 0.3991 | Valid loss: 1.6582, acc: 0.4105 | Test loss: 1.6021, acc: 0.4307
Train loss: 1.6769, acc: 0.4015 | Valid loss: 1.6690, acc: 0.4092 | Test loss: 1.6021, acc: 0.4307
Train loss: 1.6804, acc: 0.4020 | Valid loss: 1.7117, acc: 0.3838 | Test loss: 1.6021, acc: 0.4307
Train loss: 1.6775, acc: 0.4059 | Valid loss: 1.7075, acc: 0.3822 | Test loss: 1.6021, acc: 0.4307
Train loss: 1.6776, acc: 0.4034 | Valid loss: 1.6371, acc: 0.4248 | Test loss: 1.5929, acc: 0.4359
Train loss: 1.6785, acc: 0.4052 | Valid loss: 1.6729, acc: 0.3980 | Test loss: 1.5929, acc: 0.4359
Train loss: 1.6732, acc: 0.4052 | Valid loss: 1.6672, acc: 0.4055 | Test loss: 1.5929, acc: 0.4359
GNN training complete
ADJ produced
No.9 training in progress 
Train loss: 1.9797, acc: 0.2927 | Valid loss: 1.8576, acc: 0.3149 | Test loss: 1.8325, acc: 0.3225
Train loss: 1.8088, acc: 0.3424 | Valid loss: 1.7109, acc: 0.3771 | Test loss: 1.6848, acc: 0.3865
Train loss: 1.7369, acc: 0.3739 | Valid loss: 1.6988, acc: 0.3803 | Test loss: 1.6716, acc: 0.3855
Train loss: 1.7162, acc: 0.3784 | Valid loss: 1.7903, acc: 0.3437 | Test loss: 1.6716, acc: 0.3855
Train loss: 1.7102, acc: 0.3832 | Valid loss: 1.6747, acc: 0.3858 | Test loss: 1.6409, acc: 0.3905
Train loss: 1.7033, acc: 0.3843 | Valid loss: 1.7192, acc: 0.3730 | Test loss: 1.6409, acc: 0.3905
Train loss: 1.6922, acc: 0.3891 | Valid loss: 1.6592, acc: 0.3859 | Test loss: 1.6271, acc: 0.3948
Train loss: 1.6889, acc: 0.3877 | Valid loss: 1.6473, acc: 0.3970 | Test loss: 1.6213, acc: 0.3957
Train loss: 1.6873, acc: 0.3886 | Valid loss: 1.6665, acc: 0.3866 | Test loss: 1.6213, acc: 0.3957
Train loss: 1.6735, acc: 0.3931 | Valid loss: 1.6724, acc: 0.3879 | Test loss: 1.6213, acc: 0.3957
Train loss: 1.6735, acc: 0.3955 | Valid loss: 1.6557, acc: 0.3934 | Test loss: 1.6213, acc: 0.3957
Train loss: 1.6790, acc: 0.3926 | Valid loss: 1.6672, acc: 0.3939 | Test loss: 1.6213, acc: 0.3957
Train loss: 1.6708, acc: 0.3949 | Valid loss: 1.6333, acc: 0.4003 | Test loss: 1.6138, acc: 0.4001
Train loss: 1.6679, acc: 0.3976 | Valid loss: 1.6849, acc: 0.3819 | Test loss: 1.6138, acc: 0.4001
Train loss: 1.6695, acc: 0.3965 | Valid loss: 1.6533, acc: 0.3876 | Test loss: 1.6138, acc: 0.4001
Train loss: 1.6713, acc: 0.3970 | Valid loss: 1.6558, acc: 0.3953 | Test loss: 1.6138, acc: 0.4001
Train loss: 1.6679, acc: 0.3987 | Valid loss: 1.6312, acc: 0.4014 | Test loss: 1.6199, acc: 0.4025
Train loss: 1.6629, acc: 0.3990 | Valid loss: 1.6487, acc: 0.3953 | Test loss: 1.6199, acc: 0.4025
Train loss: 1.6640, acc: 0.3988 | Valid loss: 1.6798, acc: 0.3773 | Test loss: 1.6199, acc: 0.4025
Train loss: 1.6627, acc: 0.4010 | Valid loss: 1.6337, acc: 0.3959 | Test loss: 1.6199, acc: 0.4025
Train loss: 1.6724, acc: 0.3959 | Valid loss: 1.6870, acc: 0.3768 | Test loss: 1.6199, acc: 0.4025
Train loss: 1.6624, acc: 0.4015 | Valid loss: 1.6504, acc: 0.3972 | Test loss: 1.6199, acc: 0.4025
Train loss: 1.6616, acc: 0.3984 | Valid loss: 1.6429, acc: 0.3981 | Test loss: 1.6199, acc: 0.4025
Train loss: 1.6581, acc: 0.4004 | Valid loss: 1.6455, acc: 0.3979 | Test loss: 1.6199, acc: 0.4025
Train loss: 1.6600, acc: 0.4025 | Valid loss: 1.6862, acc: 0.3822 | Test loss: 1.6199, acc: 0.4025
Train loss: 1.6646, acc: 0.3996 | Valid loss: 1.6410, acc: 0.4030 | Test loss: 1.6199, acc: 0.4025
Early stopping
GNN training complete
ADJ produced

