\BOOKMARK [0][]{mulu.0}{\376\377\166\356\000\040\000\040\000\040\000\040\137\125}{}% 1
\BOOKMARK [0][]{section*.5}{\376\377\0001\000\040\000\040\176\352\213\272}{}% 2
\BOOKMARK [1][]{section*.6}{\376\377\0001\000.\0001\000\040\170\024\172\166\200\314\146\157\116\016\141\017\116\111}{section*.5}% 3
\BOOKMARK [1][]{section*.7}{\376\377\0001\000.\0002\000\040\163\260\162\266\170\024\172\166\176\374\217\360}{section*.5}% 4
\BOOKMARK [2][]{section*.8}{\376\377\0001\000.\0002\000.\0001\000\040\232\250\121\163\202\202\160\216\116\016\230\316\226\151\230\204\155\113\152\041\127\213}{section*.7}% 5
\BOOKMARK [2][]{section*.9}{\376\377\0001\000.\0002\000.\0002\000\040\126\376\171\136\176\317\177\121\176\334}{section*.7}% 6
\BOOKMARK [1][]{section*.10}{\376\377\0001\000.\0003\000\040\147\054\145\207\170\024\172\166\121\205\133\271}{section*.5}% 7
\BOOKMARK [0][]{section*.12}{\376\377\0002\000\040\000\040\145\160\143\156\230\204\131\004\164\006}{}% 8
\BOOKMARK [1][]{section*.13}{\376\377\0002\000.\0001\000\040\145\160\143\156\147\145\156\220}{section*.12}% 9
\BOOKMARK [1][]{section*.14}{\376\377\0002\000.\0002\000\040\150\067\147\054\150\007\154\350}{section*.12}% 10
\BOOKMARK [1][]{section*.17}{\376\377\0002\000.\0003\000\040\127\372\126\340\127\213\117\115\160\271\215\050\143\247}{section*.12}% 11
\BOOKMARK [1][]{section*.20}{\376\377\0002\000.\0004\000\040\162\171\137\201\173\133\220\011}{section*.12}% 12
\BOOKMARK [2][]{section*.21}{\376\377\0002\000.\0004\000.\0001\000\040\127\372\116\216\123\141\145\271\166\204\162\171\137\201\173\133\220\011}{section*.20}% 13
\BOOKMARK [2][]{section*.22}{\376\377\0002\000.\0004\000.\0002\000\040\127\372\116\216\145\057\143\001\124\021\221\317\147\072\166\204\162\171\137\201\173\133\220\011}{section*.20}% 14
\BOOKMARK [1][]{section*.23}{\376\377\0002\000.\0005\000\040\145\160\143\156\226\306\143\317\217\360}{section*.12}% 15
\BOOKMARK [1][]{section*.26}{\376\377\0002\000.\0006\000\040\147\054\172\340\134\017\176\323}{section*.12}% 16
\BOOKMARK [0][]{section*.27}{\376\377\0003\000\040\000\040\232\250\121\163\202\202\160\216\230\316\226\151\230\204\155\113\152\041\127\213\147\204\136\372}{}% 17
\BOOKMARK [1][]{section*.28}{\376\377\0003\000.\0001\000\040\126\376\117\060\213\241\126\150}{section*.27}% 18
\BOOKMARK [2][]{section*.29}{\376\377\0003\000.\0001\000.\0001\000\040\126\376\171\136\176\317\177\121\176\334\116\055\145\340\176\323\147\204\145\160\143\156\166\204\131\004\164\006\145\271\154\325}{section*.28}% 19
\BOOKMARK [2][]{section*.30}{\376\377\0003\000.\0001\000.\0002\000\040\225\356\230\230\143\317\217\360}{section*.28}% 20
\BOOKMARK [2][]{section*.35}{\376\377\0003\000.\0001\000.\0003\000\040\127\372\116\216\123\330\122\006\147\037\147\033\147\000\131\047\123\026\166\204\126\376\117\060\213\241}{section*.28}% 21
\BOOKMARK [1][]{section*.46}{\376\377\0003\000.\0002\000\040\126\376\171\136\176\317\177\121\176\334}{section*.27}% 22
\BOOKMARK [2][]{section*.47}{\376\377\0003\000.\0002\000.\0001\000\040\127\372\147\054\133\232\116\111}{section*.46}% 23
\BOOKMARK [2][]{section*.48}{\376\377\0003\000.\0002\000.\0002\000\040\122\007\153\324\226\352\131\053\134\102}{section*.46}% 24
\BOOKMARK [2][]{section*.49}{\376\377\0003\000.\0002\000.\0003\000\040\176\323\147\204\213\276\213\241}{section*.46}% 25
\BOOKMARK [1][]{section*.53}{\376\377\0003\000.\0003\000\040\210\150\127\213\207\215\124\010}{section*.27}% 26
\BOOKMARK [1][]{section*.55}{\376\377\0003\000.\0004\000\040\126\376\211\343\221\312\126\150}{section*.27}% 27
\BOOKMARK [1][]{section*.56}{\376\377\0003\000.\0005\000\040\147\054\172\340\134\017\176\323}{section*.27}% 28
\BOOKMARK [0][]{section*.57}{\376\377\0004\000\040\000\040\176\323\147\234\213\250\213\272\116\016\122\006\147\220}{}% 29
\BOOKMARK [1][]{section*.58}{\376\377\0004\000.\0001\000\040\213\304\117\060\143\007\150\007}{section*.57}% 30
\BOOKMARK [1][]{section*.61}{\376\377\0004\000.\0002\000\040\152\041\127\213\230\204\155\113\145\110\147\234\213\304\116\367}{section*.57}% 31
\BOOKMARK [2][]{section*.62}{\376\377\0004\000.\0002\000.\0001\000\040\127\372\121\306\213\241\173\227}{section*.61}% 32
\BOOKMARK [2][]{section*.67}{\376\377\0004\000.\0002\000.\0002\000\040\162\171\137\201\173\133\220\011\145\271\154\325\133\371\153\324}{section*.61}% 33
\BOOKMARK [2][]{section*.74}{\376\377\0004\000.\0002\000.\0003\000\040\126\376\171\136\176\317\177\121\176\334\131\004\164\006}{section*.61}% 34
\BOOKMARK [2][]{section*.81}{\376\377\0004\000.\0002\000.\0004\000\040\210\150\127\213\207\215\124\010}{section*.61}% 35
\BOOKMARK [1][]{section*.92}{\376\377\0004\000.\0003\000\040\126\376\117\060\213\241\145\110\147\234}{section*.57}% 36
\BOOKMARK [2][]{section*.93}{\376\377\0004\000.\0003\000.\0001\000\040\117\060\213\241\126\150\127\050\213\255\176\303\217\307\172\013\116\055\166\204\145\110\147\234}{section*.92}% 37
\BOOKMARK [2][]{section*.108}{\376\377\0004\000.\0003\000.\0002\000\040\126\376\117\060\213\241\126\150\135\345\117\134\217\307\172\013\122\006\147\220}{section*.92}% 38
\BOOKMARK [1][]{section*.134}{\376\377\0004\000.\0004\000\040\126\376\211\343\221\312\126\150\176\323\147\234\150\110\117\213\122\006\147\220}{section*.57}% 39
\BOOKMARK [1][]{section*.142}{\376\377\0004\000.\0005\000\040\147\054\172\340\134\017\176\323}{section*.57}% 40
\BOOKMARK [0][]{section*.143}{\376\377\0005\000\040\000\040\140\073\176\323\116\016\134\125\147\033}{}% 41
\BOOKMARK [1][]{section*.144}{\376\377\0005\000.\0001\000\040\135\345\117\134\140\073\176\323}{section*.143}% 42
\BOOKMARK [1][]{section*.145}{\376\377\0005\000.\0002\000\040\134\125\147\033}{section*.143}% 43
\BOOKMARK [0][]{section*.146}{\376\377\123\302\200\003\145\207\163\056}{}% 44
\BOOKMARK [0][]{section*.150}{\376\377\226\104\137\125\000A\000\040\000\040\123\237\131\313\116\343\170\001}{}% 45
\BOOKMARK [0][]{section*.154}{\376\377\226\104\137\125\000B\000\040\000\040\131\026\145\207\145\207\163\056\123\237\145\207}{}% 46
\BOOKMARK [0][]{section*.157}{\376\377\226\104\137\125\000C\000\040\000\040\131\026\145\207\145\207\163\056\213\321\145\207}{}% 47
\BOOKMARK [0][]{section*.163}{\376\377\201\364\000\040\214\042}{}% 48
